[focus] FOCUS_LOST (code=0, x=0, y=0, time=1763080449297, student=asd, exam=asd)
[mouse] MOUSE (code=0, x=612, y=213, time=1763080449585, student=asd, exam=asd)
[mouse] MOUSE (code=0, x=611, y=214, time=1763080449680, student=asd, exam=asd)
[mouse] MOUSE (code=0, x=620, y=210, time=1763080449301, student=asd, exam=asd)
[mouse] MOUSE (code=0, x=611, y=214, time=1763080449823, student=asd, exam=asd)
[mouse] MOUSE (code=0, x=610, y=214, time=1763080449882, student=asd, exam=asd)
[mouse] MOUSE (code=0, x=610, y=214, time=1763080450010, student=asd, exam=asd)
[mouse] MOUSE (code=0, x=610, y=214, time=1763080450062, student=asd, exam=asd)
[mouse] MOUSE (code=0, x=610, y=214, time=1763080450199, student=asd, exam=asd)
[mouse] MOUSE (code=0, x=610, y=214, time=1763080450260, student=asd, exam=asd)
[mouse] MOUSE (code=0, x=610, y=214, time=1763080450395, student=asd, exam=asd)
[mouse] MOUSE (code=0, x=610, y=214, time=1763080450446, student=asd, exam=asd)
[mouse] MOUSE (code=0, x=610, y=214, time=1763080450594, student=asd, exam=asd)
[mouse] MOUSE (code=0, x=610, y=214, time=1763080450644, student=asd, exam=asd)
[mouse] MOUSE (code=0, x=536, y=222, time=1763080451664, student=asd, exam=asd)
[keyboard] ALT (code=65536, x=0, y=0, time=1763080452748, student=asd, exam=asd)
[focus] FOCUS_LOST (code=0, x=0, y=0, time=1763080452837, student=asd, exam=asd)
[focus] FOCUS_GAINED (code=0, x=0, y=0, time=1763080460804, student=asd, exam=asd)
[focus] FOCUS_GAINED (code=0, x=0, y=0, time=1763080460805, student=asd, exam=asd)
[focus] FOCUS_GAINED (code=0, x=0, y=0, time=1763080460805, student=asd, exam=asd)
[focus] FOCUS_GAINED (code=0, x=0, y=0, time=1763080460806, student=asd, exam=asd)
[focus] FOCUS_GAINED (code=0, x=0, y=0, time=1763080460806, student=asd, exam=asd)
[focus] FOCUS_GAINED (code=0, x=0, y=0, time=1763080460803, student=asd, exam=asd)
[focus] FOCUS_GAINED (code=0, x=0, y=0, time=1763080460808, student=asd, exam=asd)
[focus] FOCUS_GAINED (code=0, x=0, y=0, time=1763080460826, student=asd, exam=asd)
[focus] FOCUS_GAINED (code=0, x=0, y=0, time=1763080460807, student=asd, exam=asd)
[focus] FOCUS_LOST (code=0, x=0, y=0, time=1763080460835, student=asd, exam=asd)
[focus] FOCUS_GAINED (code=0, x=0, y=0, time=1763080460808, student=asd, exam=asd)
[keyboard]   (code=32, x=0, y=0, time=1763080461039, student=asd, exam=asd)
[mouse] MOUSE (code=0, x=527, y=198, time=1763080460846, student=asd, exam=asd)
[keyboard] a (code=97, x=0, y=0, time=1763080461939, student=asd, exam=asd)
[keyboard] s (code=115, x=0, y=0, time=1763080462200, student=asd, exam=asd)
[keyboard] d (code=100, x=0, y=0, time=1763080462428, student=asd, exam=asd)
[keyboard] a (code=97, x=0, y=0, time=1763080462620, student=asd, exam=asd)
[keyboard] s (code=115, x=0, y=0, time=1763080462700, student=asd, exam=asd)
[keyboard] d (code=100, x=0, y=0, time=1763080462825, student=asd, exam=asd)
[keyboard] a (code=97, x=0, y=0, time=1763080462957, student=asd, exam=asd)
[keyboard] s (code=115, x=0, y=0, time=1763080462967, student=asd, exam=asd)
[keyboard] d (code=100, x=0, y=0, time=1763080463072, student=asd, exam=asd)
[keyboard] a (code=97, x=0, y=0, time=1763080463183, student=asd, exam=asd)
[keyboard] s (code=115, x=0, y=0, time=1763080463198, student=asd, exam=asd)
[keyboard] d (code=100, x=0, y=0, time=1763080463307, student=asd, exam=asd)
[keyboard] a (code=97, x=0, y=0, time=1763080463446, student=asd, exam=asd)
[keyboard] s (code=115, x=0, y=0, time=1763080463461, student=asd, exam=asd)
[keyboard] d (code=100, x=0, y=0, time=1763080463570, student=asd, exam=asd)
[focus] FOCUS_LOST (code=0, x=0, y=0, time=1763080463622, student=asd, exam=asd)
[mouse] MOUSE (code=0, x=242, y=245, time=1763080463625, student=asd, exam=asd)
[mouse] MOUSE (code=0, x=242, y=245, time=1763080463811, student=asd, exam=asd)
[mouse] MOUSE (code=0, x=242, y=245, time=1763080463863, student=asd, exam=asd)
[keyboard] d (code=100, x=0, y=0, time=1763080463957, student=asd, exam=asd)
[keyboard] a (code=97, x=0, y=0, time=1763080464083, student=asd, exam=asd)
[keyboard] s (code=115, x=0, y=0, time=1763080464110, student=asd, exam=asd)
[keyboard] d (code=100, x=0, y=0, time=1763080464225, student=asd, exam=asd)
[focus] FOCUS_LOST (code=0, x=0, y=0, time=1763080464770, student=asd, exam=asd)
[focus] FOCUS_GAINED (code=0, x=0, y=0, time=1763080467047, student=asd, exam=asd)
[focus] FOCUS_GAINED (code=0, x=0, y=0, time=1763080467045, student=asd, exam=asd)
[focus] FOCUS_GAINED (code=0, x=0, y=0, time=1763080467040, student=asd, exam=asd)
[focus] FOCUS_GAINED (code=0, x=0, y=0, time=1763080467045, student=asd, exam=asd)
[focus] FOCUS_GAINED (code=0, x=0, y=0, time=1763080467042, student=asd, exam=asd)
[focus] FOCUS_GAINED (code=0, x=0, y=0, time=1763080467048, student=asd, exam=asd)
[focus] FOCUS_GAINED (code=0, x=0, y=0, time=1763080467049, student=asd, exam=asd)
[focus] FOCUS_GAINED (code=0, x=0, y=0, time=1763080467048, student=asd, exam=asd)
[focus] FOCUS_LOST (code=0, x=0, y=0, time=1763080467070, student=asd, exam=asd)
[focus] FOCUS_GAINED (code=0, x=0, y=0, time=1763080467049, student=asd, exam=asd)
[focus] FOCUS_GAINED (code=0, x=0, y=0, time=1763080467062, student=asd, exam=asd)
[mouse] MOUSE (code=0, x=505, y=308, time=1763080467082, student=asd, exam=asd)
[keyboard]   (code=32, x=0, y=0, time=1763080467454, student=asd, exam=asd)
[keyboard] s (code=115, x=0, y=0, time=1763080467661, student=asd, exam=asd)
[keyboard] d (code=100, x=0, y=0, time=1763080467736, student=asd, exam=asd)
[keyboard] a (code=97, x=0, y=0, time=1763080467846, student=asd, exam=asd)
[keyboard] d (code=100, x=0, y=0, time=1763080468047, student=asd, exam=asd)
[keyboard] a (code=97, x=0, y=0, time=1763080468193, student=asd, exam=asd)
[keyboard] s (code=115, x=0, y=0, time=1763080468278, student=asd, exam=asd)
[focus] FOCUS_LOST (code=0, x=0, y=0, time=1763080468307, student=asd, exam=asd)
[mouse] MOUSE (code=0, x=486, y=302, time=1763080468327, student=asd, exam=asd)
[keyboard] d (code=100, x=0, y=0, time=1763080468395, student=asd, exam=asd)
[keyboard] a (code=97, x=0, y=0, time=1763080468521, student=asd, exam=asd)
[mouse] MOUSE (code=0, x=486, y=302, time=1763080468605, student=asd, exam=asd)
[keyboard] s (code=115, x=0, y=0, time=1763080468610, student=asd, exam=asd)
[mouse] MOUSE (code=0, x=486, y=302, time=1763080468638, student=asd, exam=asd)
[keyboard] d (code=100, x=0, y=0, time=1763080468648, student=asd, exam=asd)
[keyboard] a (code=97, x=0, y=0, time=1763080469119, student=asd, exam=asd)
[keyboard] d (code=100, x=0, y=0, time=1763080471215, student=asd, exam=asd)
[keyboard] f (code=102, x=0, y=0, time=1763080471499, student=asd, exam=asd)
[mouse] MOUSE (code=0, x=486, y=302, time=1763080471691, student=asd, exam=asd)
[keyboard] s (code=115, x=0, y=0, time=1763080471745, student=asd, exam=asd)
[keyboard] d (code=100, x=0, y=0, time=1763080471762, student=asd, exam=asd)
[keyboard] f (code=102, x=0, y=0, time=1763080471833, student=asd, exam=asd)
[mouse] MOUSE (code=0, x=486, y=302, time=1763080472269, student=asd, exam=asd)
[mouse] MOUSE (code=0, x=486, y=302, time=1763080472316, student=asd, exam=asd)
[focus] FOCUS_LOST (code=0, x=0, y=0, time=1763080472903, student=asd, exam=asd)
[focus] FOCUS_GAINED (code=0, x=0, y=0, time=1763080473709, student=asd, exam=asd)
[focus] FOCUS_GAINED (code=0, x=0, y=0, time=1763080473699, student=asd, exam=asd)
[focus] FOCUS_GAINED (code=0, x=0, y=0, time=1763080473710, student=asd, exam=asd)
[focus] FOCUS_GAINED (code=0, x=0, y=0, time=1763080473712, student=asd, exam=asd)
[focus] FOCUS_GAINED (code=0, x=0, y=0, time=1763080473715, student=asd, exam=asd)
[focus] FOCUS_GAINED (code=0, x=0, y=0, time=1763080473718, student=asd, exam=asd)
[focus] FOCUS_GAINED (code=0, x=0, y=0, time=1763080473719, student=asd, exam=asd)
[focus] FOCUS_GAINED (code=0, x=0, y=0, time=1763080473720, student=asd, exam=asd)
[focus] FOCUS_GAINED (code=0, x=0, y=0, time=1763080473720, student=asd, exam=asd)
[focus] FOCUS_GAINED (code=0, x=0, y=0, time=1763080473720, student=asd, exam=asd)
[focus] FOCUS_GAINED (code=0, x=0, y=0, time=1763080473721, student=asd, exam=asd)
[focus] FOCUS_GAINED (code=0, x=0, y=0, time=1763080473721, student=asd, exam=asd)
[focus] FOCUS_LOST (code=0, x=0, y=0, time=1763080476210, student=asd, exam=asd)
[focus] FOCUS_GAINED (code=0, x=0, y=0, time=1763080534633, student=asd, exam=asd)
[focus] FOCUS_GAINED (code=0, x=0, y=0, time=1763080534653, student=asd, exam=asd)
[focus] FOCUS_GAINED (code=0, x=0, y=0, time=1763080534655, student=asd, exam=asd)
[focus] FOCUS_GAINED (code=0, x=0, y=0, time=1763080534656, student=asd, exam=asd)
[focus] FOCUS_GAINED (code=0, x=0, y=0, time=1763080534659, student=asd, exam=asd)
[focus] FOCUS_GAINED (code=0, x=0, y=0, time=1763080534678, student=asd, exam=asd)
[focus] FOCUS_GAINED (code=0, x=0, y=0, time=1763080534679, student=asd, exam=asd)
[focus] FOCUS_GAINED (code=0, x=0, y=0, time=1763080534680, student=asd, exam=asd)
[focus] FOCUS_GAINED (code=0, x=0, y=0, time=1763080534682, student=asd, exam=asd)
[focus] FOCUS_GAINED (code=0, x=0, y=0, time=1763080534680, student=asd, exam=asd)
[focus] FOCUS_GAINED (code=0, x=0, y=0, time=1763080534683, student=asd, exam=asd)
[focus] FOCUS_GAINED (code=0, x=0, y=0, time=1763080534683, student=asd, exam=asd)
[keyboard] ALT (code=65536, x=0, y=0, time=1763080535053, student=asd, exam=asd)
[focus] FOCUS_LOST (code=0, x=0, y=0, time=1763080535135, student=asd, exam=asd)
[focus] FOCUS_GAINED (code=0, x=0, y=0, time=1763081294854, student=asd, exam=asd)
[focus] FOCUS_GAINED (code=0, x=0, y=0, time=1763081294858, student=asd, exam=asd)
[focus] FOCUS_GAINED (code=0, x=0, y=0, time=1763081294839, student=asd, exam=asd)
[focus] FOCUS_GAINED (code=0, x=0, y=0, time=1763081294853, student=asd, exam=asd)
[focus] FOCUS_GAINED (code=0, x=0, y=0, time=1763081294859, student=asd, exam=asd)
[focus] FOCUS_GAINED (code=0, x=0, y=0, time=1763081294859, student=asd, exam=asd)
[focus] FOCUS_GAINED (code=0, x=0, y=0, time=1763081294862, student=asd, exam=asd)
[focus] FOCUS_GAINED (code=0, x=0, y=0, time=1763081294851, student=asd, exam=asd)
[focus] FOCUS_GAINED (code=0, x=0, y=0, time=1763081294853, student=asd, exam=asd)
[focus] FOCUS_GAINED (code=0, x=0, y=0, time=1763081294865, student=asd, exam=asd)
[focus] FOCUS_GAINED (code=0, x=0, y=0, time=1763081294864, student=asd, exam=asd)
[focus] FOCUS_GAINED (code=0, x=0, y=0, time=1763081294863, student=asd, exam=asd)
[focus] FOCUS_LOST (code=0, x=0, y=0, time=1763081295168, student=asd, exam=asd)
[focus] FOCUS_GAINED (code=0, x=0, y=0, time=1763081296053, student=asd, exam=asd)
[focus] FOCUS_GAINED (code=0, x=0, y=0, time=1763081296056, student=asd, exam=asd)
[focus] FOCUS_GAINED (code=0, x=0, y=0, time=1763081296057, student=asd, exam=asd)
[focus] FOCUS_GAINED (code=0, x=0, y=0, time=1763081296059, student=asd, exam=asd)
[focus] FOCUS_GAINED (code=0, x=0, y=0, time=1763081296058, student=asd, exam=asd)
[focus] FOCUS_GAINED (code=0, x=0, y=0, time=1763081296061, student=asd, exam=asd)
[focus] FOCUS_GAINED (code=0, x=0, y=0, time=1763081296064, student=asd, exam=asd)
[focus] FOCUS_GAINED (code=0, x=0, y=0, time=1763081296062, student=asd, exam=asd)
[focus] FOCUS_GAINED (code=0, x=0, y=0, time=1763081296065, student=asd, exam=asd)
[mouse] MOUSE (code=0, x=308, y=267, time=1763081296108, student=asd, exam=asd)
[focus] FOCUS_LOST (code=0, x=0, y=0, time=1763081296093, student=asd, exam=asd)
[focus] FOCUS_GAINED (code=0, x=0, y=0, time=1763081296082, student=asd, exam=asd)
[focus] FOCUS_LOST (code=0, x=0, y=0, time=1763081296464, student=asd, exam=asd)
[mouse] MOUSE (code=0, x=338, y=254, time=1763081296468, student=asd, exam=asd)
[mouse] MOUSE (code=0, x=338, y=254, time=1763081296487, student=asd, exam=asd)
[keyboard] a (code=97, x=0, y=0, time=1763081296528, student=asd, exam=asd)
[keyboard] s (code=115, x=0, y=0, time=1763081296700, student=asd, exam=asd)
[keyboard] d (code=100, x=0, y=0, time=1763081296855, student=asd, exam=asd)
[keyboard] a (code=97, x=0, y=0, time=1763081297031, student=asd, exam=asd)
[keyboard] s (code=115, x=0, y=0, time=1763081297066, student=asd, exam=asd)
[mouse] MOUSE (code=0, x=338, y=254, time=1763081297175, student=asd, exam=asd)
[keyboard]   (code=32, x=0, y=0, time=1763081297182, student=asd, exam=asd)
[keyboard] d (code=100, x=0, y=0, time=1763081297202, student=asd, exam=asd)
[keyboard] a (code=97, x=0, y=0, time=1763081297308, student=asd, exam=asd)
[focus] FOCUS_LOST (code=0, x=0, y=0, time=1763081298575, student=asd, exam=asd)
[focus] FOCUS_LOST (code=0, x=0, y=0, time=1763081300274, student=asd, exam=asd)
[focus] FOCUS_GAINED (code=0, x=0, y=0, time=1763081300249, student=asd, exam=asd)
[focus] FOCUS_GAINED (code=0, x=0, y=0, time=1763081300249, student=asd, exam=asd)
[focus] FOCUS_GAINED (code=0, x=0, y=0, time=1763081300251, student=asd, exam=asd)
[mouse] MOUSE (code=0, x=387, y=262, time=1763081300287, student=asd, exam=asd)
[focus] FOCUS_GAINED (code=0, x=0, y=0, time=1763081300247, student=asd, exam=asd)
[focus] FOCUS_GAINED (code=0, x=0, y=0, time=1763081300247, student=asd, exam=asd)
[focus] FOCUS_GAINED (code=0, x=0, y=0, time=1763081300250, student=asd, exam=asd)
[focus] FOCUS_GAINED (code=0, x=0, y=0, time=1763081300251, student=asd, exam=asd)
[focus] FOCUS_GAINED (code=0, x=0, y=0, time=1763081300266, student=asd, exam=asd)
[focus] FOCUS_GAINED (code=0, x=0, y=0, time=1763081300251, student=asd, exam=asd)
[focus] FOCUS_GAINED (code=0, x=0, y=0, time=1763081300250, student=asd, exam=asd)
[keyboard]   (code=32, x=0, y=0, time=1763081300462, student=asd, exam=asd)
[keyboard] a (code=97, x=0, y=0, time=1763081300678, student=asd, exam=asd)
[keyboard] a (code=97, x=0, y=0, time=1763081301119, student=asd, exam=asd)
[keyboard] s (code=115, x=0, y=0, time=1763081301132, student=asd, exam=asd)
[keyboard] d (code=100, x=0, y=0, time=1763081301250, student=asd, exam=asd)
[keyboard] a (code=97, x=0, y=0, time=1763081301454, student=asd, exam=asd)
[keyboard] s (code=115, x=0, y=0, time=1763081301495, student=asd, exam=asd)
[keyboard] d (code=100, x=0, y=0, time=1763081301593, student=asd, exam=asd)
[focus] FOCUS_LOST (code=0, x=0, y=0, time=1763081301616, student=asd, exam=asd)
[mouse] MOUSE (code=0, x=386, y=262, time=1763081301618, student=asd, exam=asd)
[mouse] MOUSE (code=0, x=386, y=262, time=1763081301669, student=asd, exam=asd)
[keyboard] CTRL (code=262144, x=0, y=0, time=1763081301985, student=asd, exam=asd)
[keyboard] w (code=119, x=0, y=0, time=1763081302063, student=asd, exam=asd)
[focus] FOCUS_LOST (code=0, x=0, y=0, time=1763081303433, student=asd, exam=asd)
[focus] FOCUS_GAINED (code=0, x=0, y=0, time=1763081305644, student=asd, exam=asd)
[focus] FOCUS_GAINED (code=0, x=0, y=0, time=1763081305645, student=asd, exam=asd)
[focus] FOCUS_GAINED (code=0, x=0, y=0, time=1763081305646, student=asd, exam=asd)
[focus] FOCUS_GAINED (code=0, x=0, y=0, time=1763081305647, student=asd, exam=asd)
[focus] FOCUS_GAINED (code=0, x=0, y=0, time=1763081305648, student=asd, exam=asd)
[focus] FOCUS_GAINED (code=0, x=0, y=0, time=1763081305649, student=asd, exam=asd)
[focus] FOCUS_GAINED (code=0, x=0, y=0, time=1763081305648, student=asd, exam=asd)
[focus] FOCUS_GAINED (code=0, x=0, y=0, time=1763081305648, student=asd, exam=asd)
[focus] FOCUS_GAINED (code=0, x=0, y=0, time=1763081305649, student=asd, exam=asd)
[focus] FOCUS_GAINED (code=0, x=0, y=0, time=1763081305665, student=asd, exam=asd)
[focus] FOCUS_LOST (code=0, x=0, y=0, time=1763081305674, student=asd, exam=asd)
[mouse] MOUSE (code=0, x=554, y=244, time=1763081305684, student=asd, exam=asd)
[keyboard] s (code=115, x=0, y=0, time=1763081305747, student=asd, exam=asd)
[keyboard] a (code=97, x=0, y=0, time=1763081305775, student=asd, exam=asd)
[keyboard] d (code=100, x=0, y=0, time=1763081305917, student=asd, exam=asd)
[keyboard] a (code=97, x=0, y=0, time=1763081306148, student=asd, exam=asd)
[keyboard] s (code=115, x=0, y=0, time=1763081306608, student=asd, exam=asd)
[keyboard] d (code=100, x=0, y=0, time=1763081306661, student=asd, exam=asd)
[keyboard] a (code=97, x=0, y=0, time=1763081306688, student=asd, exam=asd)
[focus] FOCUS_LOST (code=0, x=0, y=0, time=1763081306714, student=asd, exam=asd)
[mouse] MOUSE (code=0, x=513, y=250, time=1763081306718, student=asd, exam=asd)
[mouse] MOUSE (code=0, x=513, y=250, time=1763081306726, student=asd, exam=asd)
[keyboard] ALT (code=65536, x=0, y=0, time=1763081309686, student=asd, exam=asd)
[focus] FOCUS_LOST (code=0, x=0, y=0, time=1763081309779, student=asd, exam=asd)
[mouse] MOUSE (code=0, x=137, y=152, time=1765418475547, student=asd, exam=asd)
[keyboard] ESC (code=27, x=0, y=0, time=1765418476202, student=asd, exam=asd)
[keyboard] ESC (code=27, x=0, y=0, time=1765418476742, student=asd, exam=asd)
[keyboard] ESC (code=27, x=0, y=0, time=1765418477228, student=asd, exam=asd)
[mouse] MOUSE (code=0, x=137, y=152, time=1765418483775, student=asd, exam=asd)
[mouse] MOUSE (code=0, x=137, y=152, time=1765418484476, student=asd, exam=asd)
[mouse] MOUSE (code=0, x=137, y=152, time=1765418485095, student=asd, exam=asd)
[keyboard] c (code=99, x=0, y=0, time=1765418485490, student=asd, exam=asd)
[keyboard] v (code=118, x=0, y=0, time=1765418485974, student=asd, exam=asd)
[keyboard] v (code=118, x=0, y=0, time=1765418486537, student=asd, exam=asd)
[keyboard] c (code=99, x=0, y=0, time=1765418486799, student=asd, exam=asd)
[keyboard] c (code=99, x=0, y=0, time=1765418487034, student=asd, exam=asd)
[focus] FOCUS_LOST (code=0, x=0, y=0, time=1765418492374, student=asd, exam=asd)
[focus] FOCUS_GAINED (code=0, x=0, y=0, time=1765418500889, student=asd, exam=asd)
[mouse] MOUSE (code=0, x=84, y=258, time=1765418501944, student=asd, exam=asd)
[mouse] MOUSE (code=0, x=84, y=258, time=1765418502391, student=asd, exam=asd)
[keyboard] ESC (code=27, x=0, y=0, time=1765418502588, student=asd, exam=asd)
[mouse] MOUSE (code=0, x=84, y=258, time=1765418502819, student=asd, exam=asd)
[keyboard] ESC (code=27, x=0, y=0, time=1765418503169, student=asd, exam=asd)
[keyboard] c (code=99, x=0, y=0, time=1765418503766, student=asd, exam=asd)
[keyboard] v (code=118, x=0, y=0, time=1765418504020, student=asd, exam=asd)
[focus] FOCUS_LOST (code=0, x=0, y=0, time=1765418519512, student=asd, exam=asd)
