[mouse] MOUSE (code=0, x=504, y=212, time=1763429087681, student=Anonimo, exam=99)
[focus] FOCUS_LOST (code=0, x=0, y=0, time=1763429087677, student=Anonimo, exam=99)
[focus] FOCUS_LOST (code=0, x=0, y=0, time=1763429089368, student=Anonimo, exam=99)
[focus] FOCUS_GAINED (code=0, x=0, y=0, time=1763429097888, student=Anonimo, exam=99)
[mouse] MOUSE (code=0, x=633, y=213, time=1763429097908, student=Anonimo, exam=99)
[focus] FOCUS_GAINED (code=0, x=0, y=0, time=1763429098339, student=Anonimo, exam=99)
[mouse] MOUSE (code=0, x=633, y=213, time=1763429098343, student=Anonimo, exam=99)
[focus] FOCUS_GAINED (code=0, x=0, y=0, time=1763429099512, student=Anonimo, exam=99)
[mouse] MOUSE (code=0, x=222, y=68, time=1763429099514, student=Anonimo, exam=99)
[mouse] MOUSE (code=0, x=120, y=79, time=1763429100206, student=Anonimo, exam=99)
[focus] FOCUS_GAINED (code=0, x=0, y=0, time=1763429100739, student=Anonimo, exam=99)
[mouse] MOUSE (code=0, x=11, y=2, time=1763429100740, student=Anonimo, exam=99)
[mouse] MOUSE (code=0, x=11, y=2, time=1763429101223, student=Anonimo, exam=99)
[mouse] MOUSE (code=0, x=11, y=2, time=1763429101609, student=Anonimo, exam=99)
[mouse] MOUSE (code=0, x=11, y=2, time=1763429101845, student=Anonimo, exam=99)
[mouse] MOUSE (code=0, x=11, y=2, time=1763429102113, student=Anonimo, exam=99)
[mouse] MOUSE (code=0, x=11, y=2, time=1763429102355, student=Anonimo, exam=99)
[mouse] MOUSE (code=0, x=11, y=2, time=1763429102567, student=Anonimo, exam=99)
[mouse] MOUSE (code=0, x=11, y=2, time=1763429102850, student=Anonimo, exam=99)
[mouse] MOUSE (code=0, x=11, y=2, time=1763429103045, student=Anonimo, exam=99)
[mouse] MOUSE (code=0, x=11, y=2, time=1763429103327, student=Anonimo, exam=99)
[mouse] MOUSE (code=0, x=11, y=2, time=1763429103575, student=Anonimo, exam=99)
[mouse] MOUSE (code=0, x=11, y=2, time=1763429103726, student=Anonimo, exam=99)
[mouse] MOUSE (code=0, x=11, y=2, time=1763429103989, student=Anonimo, exam=99)
[mouse] MOUSE (code=0, x=11, y=2, time=1763429104078, student=Anonimo, exam=99)
[mouse] MOUSE (code=0, x=11, y=2, time=1763429104202, student=Anonimo, exam=99)
[mouse] MOUSE (code=0, x=11, y=2, time=1763429104469, student=Anonimo, exam=99)
[mouse] MOUSE (code=0, x=11, y=2, time=1763429104598, student=Anonimo, exam=99)
[mouse] MOUSE (code=0, x=11, y=2, time=1763429104923, student=Anonimo, exam=99)
[mouse] MOUSE (code=0, x=11, y=2, time=1763429104948, student=Anonimo, exam=99)
[mouse] MOUSE (code=0, x=11, y=2, time=1763429105021, student=Anonimo, exam=99)
[mouse] MOUSE (code=0, x=11, y=2, time=1763429105049, student=Anonimo, exam=99)
[mouse] MOUSE (code=0, x=11, y=2, time=1763429105333, student=Anonimo, exam=99)
[mouse] MOUSE (code=0, x=11, y=2, time=1763429105438, student=Anonimo, exam=99)
[mouse] MOUSE (code=0, x=11, y=2, time=1763429105468, student=Anonimo, exam=99)
[mouse] MOUSE (code=0, x=11, y=2, time=1763429105603, student=Anonimo, exam=99)
[mouse] MOUSE (code=0, x=11, y=2, time=1763429105921, student=Anonimo, exam=99)
[mouse] MOUSE (code=0, x=11, y=2, time=1763429106033, student=Anonimo, exam=99)
[mouse] MOUSE (code=0, x=11, y=2, time=1763429106313, student=Anonimo, exam=99)
[mouse] MOUSE (code=0, x=11, y=2, time=1763429106440, student=Anonimo, exam=99)
[mouse] MOUSE (code=0, x=11, y=2, time=1763429106750, student=Anonimo, exam=99)
[focus] FOCUS_LOST (code=0, x=0, y=0, time=1763429109164, student=Anonimo, exam=99)
[focus] FOCUS_GAINED (code=0, x=0, y=0, time=1763429112568, student=Anonimo, exam=99)
[mouse] MOUSE (code=0, x=219, y=9, time=1763429112587, student=Anonimo, exam=99)
[keyboard]   (code=32, x=0, y=0, time=1763429113687, student=Anonimo, exam=99)
[keyboard]   (code=32, x=0, y=0, time=1763429114528, student=Anonimo, exam=99)
[keyboard] j (code=106, x=0, y=0, time=1763429114770, student=Anonimo, exam=99)
[keyboard] i (code=105, x=0, y=0, time=1763429115015, student=Anonimo, exam=99)
[keyboard] o (code=111, x=0, y=0, time=1763429115281, student=Anonimo, exam=99)
[keyboard] p (code=112, x=0, y=0, time=1763429115575, student=Anonimo, exam=99)
[keyboard] ENTER (code=13, x=0, y=0, time=1763429115887, student=Anonimo, exam=99)
[focus] FOCUS_LOST (code=0, x=0, y=0, time=1763429117151, student=Anonimo, exam=99)
[mouse] MOUSE (code=0, x=181, y=68, time=1763429117153, student=Anonimo, exam=99)
[mouse] MOUSE (code=0, x=181, y=68, time=1763429121265, student=Anonimo, exam=99)
[mouse] MOUSE (code=0, x=49, y=66, time=1763429132597, student=Anonimo, exam=99)
[focus] FOCUS_LOST (code=0, x=0, y=0, time=1763429137004, student=Anonimo, exam=99)
[focus] FOCUS_GAINED (code=0, x=0, y=0, time=1763429139094, student=Anonimo, exam=99)
[mouse] MOUSE (code=0, x=504, y=127, time=1763429139115, student=Anonimo, exam=99)
[keyboard] j (code=106, x=0, y=0, time=1763429140011, student=Anonimo, exam=99)
[keyboard] j (code=106, x=0, y=0, time=1763429140207, student=Anonimo, exam=99)
[keyboard] j (code=106, x=0, y=0, time=1763429140363, student=Anonimo, exam=99)
[keyboard] j (code=106, x=0, y=0, time=1763429140500, student=Anonimo, exam=99)
[keyboard] j (code=106, x=0, y=0, time=1763429140614, student=Anonimo, exam=99)
[keyboard] j (code=106, x=0, y=0, time=1763429140716, student=Anonimo, exam=99)
[mouse] MOUSE (code=0, x=504, y=127, time=1763429141576, student=Anonimo, exam=99)
[focus] FOCUS_LOST (code=0, x=0, y=0, time=1763429141575, student=Anonimo, exam=99)
[focus] FOCUS_GAINED (code=0, x=0, y=0, time=1763429143582, student=Anonimo, exam=99)
[mouse] MOUSE (code=0, x=153, y=6, time=1763429143584, student=Anonimo, exam=99)
[focus] FOCUS_LOST (code=0, x=0, y=0, time=1763429145554, student=Anonimo, exam=99)
[focus] FOCUS_GAINED (code=0, x=0, y=0, time=1763429207662, student=Anonimo, exam=99)
[mouse] MOUSE (code=0, x=178, y=311, time=1763429207682, student=Anonimo, exam=99)
[focus] FOCUS_LOST (code=0, x=0, y=0, time=1763429208743, student=Anonimo, exam=99)
[focus] FOCUS_GAINED (code=0, x=0, y=0, time=1763429211884, student=Anonimo, exam=99)
[mouse] MOUSE (code=0, x=512, y=210, time=1763429211902, student=Anonimo, exam=99)
[keyboard] s (code=115, x=0, y=0, time=1763429212279, student=Anonimo, exam=99)
[keyboard] a (code=97, x=0, y=0, time=1763429212454, student=Anonimo, exam=99)
[keyboard] d (code=100, x=0, y=0, time=1763429212486, student=Anonimo, exam=99)
[focus] FOCUS_LOST (code=0, x=0, y=0, time=1763429212680, student=Anonimo, exam=99)
[mouse] MOUSE (code=0, x=512, y=210, time=1763429212681, student=Anonimo, exam=99)
[keyboard]   (code=32, x=0, y=0, time=1763429212912, student=Anonimo, exam=99)
[focus] FOCUS_LOST (code=0, x=0, y=0, time=1763429216085, student=Anonimo, exam=99)
[focus] FOCUS_GAINED (code=0, x=0, y=0, time=1763429217653, student=Anonimo, exam=99)
[mouse] MOUSE (code=0, x=46, y=91, time=1763429217674, student=Anonimo, exam=99)
[keyboard] a (code=97, x=0, y=0, time=1763429218038, student=Anonimo, exam=99)
[keyboard] s (code=115, x=0, y=0, time=1763429218134, student=Anonimo, exam=99)
[keyboard] d (code=100, x=0, y=0, time=1763429218223, student=Anonimo, exam=99)
[keyboard]   (code=32, x=0, y=0, time=1763429218280, student=Anonimo, exam=99)
[focus] FOCUS_LOST (code=0, x=0, y=0, time=1763429218452, student=Anonimo, exam=99)
[mouse] MOUSE (code=0, x=46, y=91, time=1763429218453, student=Anonimo, exam=99)
[mouse] MOUSE (code=0, x=46, y=91, time=1763429218757, student=Anonimo, exam=99)
[keyboard] a (code=97, x=0, y=0, time=1763429218934, student=Anonimo, exam=99)
[mouse] MOUSE (code=0, x=46, y=91, time=1763429218958, student=Anonimo, exam=99)
[keyboard] d (code=100, x=0, y=0, time=1763429219053, student=Anonimo, exam=99)
[mouse] MOUSE (code=0, x=46, y=91, time=1763429219167, student=Anonimo, exam=99)
[keyboard] q (code=113, x=0, y=0, time=1763429219181, student=Anonimo, exam=99)
[keyboard] w (code=119, x=0, y=0, time=1763429219201, student=Anonimo, exam=99)
[keyboard] d (code=100, x=0, y=0, time=1763429219284, student=Anonimo, exam=99)
[mouse] MOUSE (code=0, x=46, y=91, time=1763429219355, student=Anonimo, exam=99)
[mouse] MOUSE (code=0, x=46, y=91, time=1763429219380, student=Anonimo, exam=99)
[focus] FOCUS_LOST (code=0, x=0, y=0, time=1763429220390, student=Anonimo, exam=99)
[focus] FOCUS_GAINED (code=0, x=0, y=0, time=1763429225705, student=Anonimo, exam=99)
[keyboard] ALT (code=65536, x=0, y=0, time=1763429226564, student=Anonimo, exam=99)
[focus] FOCUS_LOST (code=0, x=0, y=0, time=1763429226636, student=Anonimo, exam=99)
[focus] FOCUS_GAINED (code=0, x=0, y=0, time=1763429228211, student=Anonimo, exam=99)
[keyboard] ALT (code=65536, x=0, y=0, time=1763429228521, student=Anonimo, exam=99)
[keyboard] ALT (code=65536, x=0, y=0, time=1763429229546, student=Anonimo, exam=99)
[focus] FOCUS_LOST (code=0, x=0, y=0, time=1763429229853, student=Anonimo, exam=99)
[focus] FOCUS_GAINED (code=0, x=0, y=0, time=1763429252696, student=Anonimo, exam=99)
[focus] FOCUS_GAINED (code=0, x=0, y=0, time=1763429252721, student=Anonimo, exam=99)
[focus] FOCUS_GAINED (code=0, x=0, y=0, time=1763429252801, student=Anonimo, exam=99)
[focus] FOCUS_LOST (code=0, x=0, y=0, time=1763429253496, student=Anonimo, exam=99)
[mouse] MOUSE (code=0, x=2, y=95, time=1763429253499, student=Anonimo, exam=99)
[focus] FOCUS_LOST (code=0, x=0, y=0, time=1763429254528, student=Anonimo, exam=99)
[focus] FOCUS_GAINED (code=0, x=0, y=0, time=1763429256012, student=Anonimo, exam=99)
[mouse] MOUSE (code=0, x=494, y=304, time=1763429256033, student=Anonimo, exam=99)
[focus] FOCUS_LOST (code=0, x=0, y=0, time=1763429256736, student=Anonimo, exam=99)
[mouse] MOUSE (code=0, x=207, y=0, time=1763429256738, student=Anonimo, exam=99)
[mouse] MOUSE (code=0, x=52, y=9, time=1763429257236, student=Anonimo, exam=99)
[focus] FOCUS_LOST (code=0, x=0, y=0, time=1763429257235, student=Anonimo, exam=99)
[focus] FOCUS_LOST (code=0, x=0, y=0, time=1763429257651, student=Anonimo, exam=99)
[mouse] MOUSE (code=0, x=385, y=276, time=1763429257652, student=Anonimo, exam=99)
[focus] FOCUS_GAINED (code=0, x=0, y=0, time=1763429258109, student=Anonimo, exam=99)
[mouse] MOUSE (code=0, x=7, y=9, time=1763429258110, student=Anonimo, exam=99)
[focus] FOCUS_LOST (code=0, x=0, y=0, time=1763429260883, student=Anonimo, exam=99)
[focus] FOCUS_GAINED (code=0, x=0, y=0, time=1763429268803, student=Anonimo, exam=99)
[mouse] MOUSE (code=0, x=71, y=30, time=1763429268827, student=Anonimo, exam=99)
[focus] FOCUS_GAINED (code=0, x=0, y=0, time=1763429268824, student=Anonimo, exam=99)
[keyboard]   (code=32, x=0, y=0, time=1763429269491, student=Anonimo, exam=99)
[focus] FOCUS_LOST (code=0, x=0, y=0, time=1763429269799, student=Anonimo, exam=99)
[mouse] MOUSE (code=0, x=70, y=33, time=1763429269801, student=Anonimo, exam=99)
[keyboard]   (code=32, x=0, y=0, time=1763429269993, student=Anonimo, exam=99)
[keyboard] a (code=97, x=0, y=0, time=1763429270161, student=Anonimo, exam=99)
[keyboard] s (code=115, x=0, y=0, time=1763429270367, student=Anonimo, exam=99)
[keyboard] d (code=100, x=0, y=0, time=1763429270387, student=Anonimo, exam=99)
[mouse] MOUSE (code=0, x=70, y=33, time=1763429270559, student=Anonimo, exam=99)
[keyboard] a (code=97, x=0, y=0, time=1763429270685, student=Anonimo, exam=99)
[keyboard] s (code=115, x=0, y=0, time=1763429270807, student=Anonimo, exam=99)
[keyboard] d (code=100, x=0, y=0, time=1763429270909, student=Anonimo, exam=99)
[mouse] MOUSE (code=0, x=70, y=33, time=1763429271242, student=Anonimo, exam=99)
[keyboard] q (code=113, x=0, y=0, time=1763429271458, student=Anonimo, exam=99)
[keyboard] w (code=119, x=0, y=0, time=1763429271485, student=Anonimo, exam=99)
[keyboard] e (code=101, x=0, y=0, time=1763429271587, student=Anonimo, exam=99)
[keyboard] q (code=113, x=0, y=0, time=1763429271780, student=Anonimo, exam=99)
[keyboard] w (code=119, x=0, y=0, time=1763429271849, student=Anonimo, exam=99)
[keyboard] e (code=101, x=0, y=0, time=1763429271906, student=Anonimo, exam=99)
[mouse] MOUSE (code=0, x=70, y=33, time=1763429271990, student=Anonimo, exam=99)
[keyboard] q (code=113, x=0, y=0, time=1763429272076, student=Anonimo, exam=99)
[keyboard] w (code=119, x=0, y=0, time=1763429272138, student=Anonimo, exam=99)
[keyboard] e (code=101, x=0, y=0, time=1763429272229, student=Anonimo, exam=99)
[keyboard] q (code=113, x=0, y=0, time=1763429272364, student=Anonimo, exam=99)
[mouse] MOUSE (code=0, x=70, y=33, time=1763429272371, student=Anonimo, exam=99)
[keyboard] w (code=119, x=0, y=0, time=1763429272421, student=Anonimo, exam=99)
[keyboard] e (code=101, x=0, y=0, time=1763429272508, student=Anonimo, exam=99)
[focus] FOCUS_LOST (code=0, x=0, y=0, time=1763429273415, student=Anonimo, exam=99)
[focus] FOCUS_GAINED (code=0, x=0, y=0, time=1763429274431, student=Anonimo, exam=99)
[focus] FOCUS_LOST (code=0, x=0, y=0, time=1763429275377, student=Anonimo, exam=99)
[focus] FOCUS_LOST (code=0, x=0, y=0, time=1763429275943, student=Anonimo, exam=99)
[focus] FOCUS_LOST (code=0, x=0, y=0, time=1763429276406, student=Anonimo, exam=99)
[focus] FOCUS_LOST (code=0, x=0, y=0, time=1763429276453, student=Anonimo, exam=99)
[focus] FOCUS_LOST (code=0, x=0, y=0, time=1763429276814, student=Anonimo, exam=99)
[focus] FOCUS_LOST (code=0, x=0, y=0, time=1763429277204, student=Anonimo, exam=99)
[focus] FOCUS_LOST (code=0, x=0, y=0, time=1763429277732, student=Anonimo, exam=99)
[focus] FOCUS_LOST (code=0, x=0, y=0, time=1763429278129, student=Anonimo, exam=99)
[keyboard] TAB (code=9, x=0, y=0, time=1763429278596, student=Anonimo, exam=99)
[keyboard] TAB (code=9, x=0, y=0, time=1763429279033, student=Anonimo, exam=99)
[keyboard] TAB (code=9, x=0, y=0, time=1763429279499, student=Anonimo, exam=99)
[focus] FOCUS_LOST (code=0, x=0, y=0, time=1763429279998, student=Anonimo, exam=99)
[focus] FOCUS_LOST (code=0, x=0, y=0, time=1763429280491, student=Anonimo, exam=99)
[focus] FOCUS_LOST (code=0, x=0, y=0, time=1763429285320, student=Anonimo, exam=99)
[focus] FOCUS_GAINED (code=0, x=0, y=0, time=1763429747863, student=Anonimo, exam=99)
[focus] FOCUS_GAINED (code=0, x=0, y=0, time=1763429748144, student=Anonimo, exam=99)
[focus] FOCUS_GAINED (code=0, x=0, y=0, time=1763429748478, student=Anonimo, exam=99)
