[vision] MOTION_CEASED (code=0, x=0, y=0, time=1765418380911, student=a, exam=a)
[vision] MOTION_CEASED (code=0, x=0, y=0, time=1765418380399, student=a, exam=a)
[vision] MOTION_DETECTED (code=0, x=0, y=0, time=1765418382047, student=a, exam=a)
[vision] MOTION_CEASED (code=0, x=0, y=0, time=1765418382119, student=a, exam=a)
[vision] MOTION_DETECTED (code=0, x=0, y=0, time=1765418380057, student=a, exam=a)
[vision] MOTION_DETECTED (code=0, x=0, y=0, time=1765418380782, student=a, exam=a)
[vision] DETECTADO_CENTRO (code=0, x=0, y=0, time=1765418380037, student=a, exam=a)
[vision] MOTION_DETECTED (code=0, x=0, y=0, time=1765418382843, student=a, exam=a)
[vision] MOTION_CEASED (code=0, x=0, y=0, time=1765418383067, student=a, exam=a)
[vision] MOTION_DETECTED (code=0, x=0, y=0, time=1765418386052, student=a, exam=a)
[vision] NO_FACE_LONG (code=0, x=0, y=0, time=1765418386587, student=a, exam=a)
[vision] MOTION_CEASED (code=0, x=0, y=0, time=1765418387060, student=a, exam=a)
[vision] DETECTADO_CENTRO (code=0, x=0, y=0, time=1765418387652, student=a, exam=a)
[vision] NO_FACE_LONG (code=0, x=0, y=0, time=1765418387999, student=a, exam=a)
[vision] OLHANDO_DIREITA (code=0, x=0, y=0, time=1765418391959, student=a, exam=a)
[vision] MOTION_DETECTED (code=0, x=0, y=0, time=1765418391980, student=a, exam=a)
[vision] MOTION_CEASED (code=0, x=0, y=0, time=1765418392209, student=a, exam=a)
[vision] NO_FACE_LONG (code=0, x=0, y=0, time=1765418392471, student=a, exam=a)
[vision] MOTION_DETECTED (code=0, x=0, y=0, time=1765418393546, student=a, exam=a)
[vision] DETECTADO_CENTRO (code=0, x=0, y=0, time=1765418394467, student=a, exam=a)
[vision] NO_FACE_LONG (code=0, x=0, y=0, time=1765418396206, student=a, exam=a)
[vision] DETECTADO_CENTRO (code=0, x=0, y=0, time=1765418396277, student=a, exam=a)
[vision] MOTION_CEASED (code=0, x=0, y=0, time=1765418397381, student=a, exam=a)
[vision] MOTION_DETECTED (code=0, x=0, y=0, time=1765418397462, student=a, exam=a)
[vision] MOTION_CEASED (code=0, x=0, y=0, time=1765418397592, student=a, exam=a)
[vision] MOTION_DETECTED (code=0, x=0, y=0, time=1765418397659, student=a, exam=a)
[vision] MOTION_CEASED (code=0, x=0, y=0, time=1765418397852, student=a, exam=a)
[vision] MOTION_DETECTED (code=0, x=0, y=0, time=1765418398055, student=a, exam=a)
[vision] MOTION_CEASED (code=0, x=0, y=0, time=1765418398185, student=a, exam=a)
[vision] MOTION_DETECTED (code=0, x=0, y=0, time=1765418398402, student=a, exam=a)
[vision] MOTION_CEASED (code=0, x=0, y=0, time=1765418398468, student=a, exam=a)
[vision] NO_FACE_LONG (code=0, x=0, y=0, time=1765418398734, student=a, exam=a)
[vision] MOTION_DETECTED (code=0, x=0, y=0, time=1765418398813, student=a, exam=a)
[vision] MOTION_CEASED (code=0, x=0, y=0, time=1765418398881, student=a, exam=a)
[vision] MOTION_DETECTED (code=0, x=0, y=0, time=1765418399015, student=a, exam=a)
[vision] DETECTADO_CENTRO (code=0, x=0, y=0, time=1765418399279, student=a, exam=a)
[vision] NO_FACE_LONG (code=0, x=0, y=0, time=1765418399777, student=a, exam=a)
[vision] MOTION_CEASED (code=0, x=0, y=0, time=1765418400222, student=a, exam=a)
[vision] MOTION_DETECTED (code=0, x=0, y=0, time=1765418400577, student=a, exam=a)
[vision] DETECTADO_CENTRO (code=0, x=0, y=0, time=1765418400894, student=a, exam=a)
[vision] NO_FACE_LONG (code=0, x=0, y=0, time=1765418401213, student=a, exam=a)
[vision] DETECTADO_CENTRO (code=0, x=0, y=0, time=1765418401552, student=a, exam=a)
[vision] NO_FACE_LONG (code=0, x=0, y=0, time=1765418402158, student=a, exam=a)
[vision] DETECTADO_CENTRO (code=0, x=0, y=0, time=1765418402287, student=a, exam=a)
[vision] NO_FACE_LONG (code=0, x=0, y=0, time=1765418402625, student=a, exam=a)
[vision] DETECTADO_CENTRO (code=0, x=0, y=0, time=1765418402758, student=a, exam=a)
[vision] NO_FACE_LONG (code=0, x=0, y=0, time=1765418403217, student=a, exam=a)
[vision] DETECTADO_CENTRO (code=0, x=0, y=0, time=1765418403283, student=a, exam=a)
[vision] MOTION_CEASED (code=0, x=0, y=0, time=1765418403371, student=a, exam=a)
[vision] NO_FACE_LONG (code=0, x=0, y=0, time=1765418403626, student=a, exam=a)
[vision] DETECTADO_CENTRO (code=0, x=0, y=0, time=1765418403957, student=a, exam=a)
[vision] MOTION_CEASED (code=0, x=0, y=0, time=1765418404102, student=a, exam=a)
[vision] MOTION_DETECTED (code=0, x=0, y=0, time=1765418403968, student=a, exam=a)
[vision] NO_FACE_LONG (code=0, x=0, y=0, time=1765418404369, student=a, exam=a)
[vision] MOTION_DETECTED (code=0, x=0, y=0, time=1765418407178, student=a, exam=a)
[vision] DETECTADO_CENTRO (code=0, x=0, y=0, time=1765418407168, student=a, exam=a)
[vision] MOTION_CEASED (code=0, x=0, y=0, time=1765418407246, student=a, exam=a)
[vision] NO_FACE_LONG (code=0, x=0, y=0, time=1765418407566, student=a, exam=a)
[vision] MOTION_DETECTED (code=0, x=0, y=0, time=1765418407575, student=a, exam=a)
[vision] OLHANDO_DIREITA (code=0, x=0, y=0, time=1765418408090, student=a, exam=a)
[vision] NO_FACE_LONG (code=0, x=0, y=0, time=1765418408426, student=a, exam=a)
[vision] DETECTADO_CENTRO (code=0, x=0, y=0, time=1765418410610, student=a, exam=a)
[vision] MOTION_CEASED (code=0, x=0, y=0, time=1765418413294, student=a, exam=a)
[vision] NO_FACE_LONG (code=0, x=0, y=0, time=1765418413568, student=a, exam=a)
[vision] MOTION_DETECTED (code=0, x=0, y=0, time=1765418413896, student=a, exam=a)
[vision] DETECTADO_CENTRO (code=0, x=0, y=0, time=1765418413884, student=a, exam=a)
[vision] MOTION_CEASED (code=0, x=0, y=0, time=1765418413994, student=a, exam=a)
[vision] NO_FACE_LONG (code=0, x=0, y=0, time=1765418414237, student=a, exam=a)
[vision] DETECTADO_CENTRO (code=0, x=0, y=0, time=1765418414305, student=a, exam=a)
[vision] MOTION_DETECTED (code=0, x=0, y=0, time=1765418414315, student=a, exam=a)
[vision] MOTION_CEASED (code=0, x=0, y=0, time=1765418414464, student=a, exam=a)
[vision] MOTION_DETECTED (code=0, x=0, y=0, time=1765418414650, student=a, exam=a)
[vision] MOTION_CEASED (code=0, x=0, y=0, time=1765418414718, student=a, exam=a)
[vision] MOTION_DETECTED (code=0, x=0, y=0, time=1765418414907, student=a, exam=a)
[vision] MOTION_CEASED (code=0, x=0, y=0, time=1765418415032, student=a, exam=a)
[vision] NO_FACE_LONG (code=0, x=0, y=0, time=1765418415303, student=a, exam=a)
[vision] MOTION_DETECTED (code=0, x=0, y=0, time=1765418415398, student=a, exam=a)
[vision] DETECTADO_CENTRO (code=0, x=0, y=0, time=1765418415388, student=a, exam=a)
[vision] MOTION_CEASED (code=0, x=0, y=0, time=1765418415530, student=a, exam=a)
[vision] MOTION_DETECTED (code=0, x=0, y=0, time=1765418415783, student=a, exam=a)
[vision] MOTION_DETECTED (code=0, x=0, y=0, time=1765418416086, student=a, exam=a)
[vision] MOTION_CEASED (code=0, x=0, y=0, time=1765418416025, student=a, exam=a)
[vision] MOTION_CEASED (code=0, x=0, y=0, time=1765418416208, student=a, exam=a)
[vision] MOTION_DETECTED (code=0, x=0, y=0, time=1765418416339, student=a, exam=a)
[vision] MOTION_CEASED (code=0, x=0, y=0, time=1765418416400, student=a, exam=a)
[vision] MOTION_DETECTED (code=0, x=0, y=0, time=1765418416525, student=a, exam=a)
[vision] NO_FACE_LONG (code=0, x=0, y=0, time=1765418416641, student=a, exam=a)
[vision] OLHANDO_ESQUERDA (code=0, x=0, y=0, time=1765418417148, student=a, exam=a)
[vision] NO_FACE_LONG (code=0, x=0, y=0, time=1765418417568, student=a, exam=a)
[vision] OLHANDO_ESQUERDA (code=0, x=0, y=0, time=1765418417687, student=a, exam=a)
[vision] DETECTADO_CENTRO (code=0, x=0, y=0, time=1765418419489, student=a, exam=a)
[vision] MOTION_CEASED (code=0, x=0, y=0, time=1765418419612, student=a, exam=a)
[vision] MOTION_DETECTED (code=0, x=0, y=0, time=1765418419690, student=a, exam=a)
[vision] NO_FACE_LONG (code=0, x=0, y=0, time=1765418419892, student=a, exam=a)
[vision] DETECTADO_CENTRO (code=0, x=0, y=0, time=1765418420787, student=a, exam=a)
[vision] OLHANDO_ESQUERDA (code=0, x=0, y=0, time=1765418421986, student=a, exam=a)
[vision] MOTION_CEASED (code=0, x=0, y=0, time=1765418425592, student=a, exam=a)
[vision] NO_FACE_LONG (code=0, x=0, y=0, time=1765418426009, student=a, exam=a)
[vision] DETECTADO_CENTRO (code=0, x=0, y=0, time=1765418428698, student=a, exam=a)
[vision] MOTION_DETECTED (code=0, x=0, y=0, time=1765418428814, student=a, exam=a)
[vision] NO_FACE_LONG (code=0, x=0, y=0, time=1765418430937, student=a, exam=a)
[vision] DETECTADO_CENTRO (code=0, x=0, y=0, time=1765418434601, student=a, exam=a)
[vision] NO_FACE_LONG (code=0, x=0, y=0, time=1765418439814, student=a, exam=a)
[vision] OLHANDO_ESQUERDA (code=0, x=0, y=0, time=1765418442427, student=a, exam=a)
[vision] NO_FACE_LONG (code=0, x=0, y=0, time=1765418445591, student=a, exam=a)
[vision] OLHANDO_ESQUERDA (code=0, x=0, y=0, time=1765418446981, student=a, exam=a)
[vision] DETECTADO_CENTRO (code=0, x=0, y=0, time=1765418448652, student=a, exam=a)
[vision] NO_FACE_LONG (code=0, x=0, y=0, time=1765418450915, student=a, exam=a)
[vision] OLHANDO_ESQUERDA (code=0, x=0, y=0, time=1765418452549, student=a, exam=a)
[vision] DETECTADO_CENTRO (code=0, x=0, y=0, time=1765418452735, student=a, exam=a)
[vision] NO_FACE_LONG (code=0, x=0, y=0, time=1765418453860, student=a, exam=a)
[vision] DETECTADO_CENTRO (code=0, x=0, y=0, time=1765418459792, student=a, exam=a)
[vision] NO_FACE_LONG (code=0, x=0, y=0, time=1765418470092, student=a, exam=a)
[vision] DETECTADO_CENTRO (code=0, x=0, y=0, time=1765418470350, student=a, exam=a)
[vision] OLHANDO_PARA_CIMA (code=0, x=0, y=0, time=1765418475023, student=a, exam=a)
[vision] DETECTADO_CENTRO (code=0, x=0, y=0, time=1765418475131, student=a, exam=a)
[vision] MOTION_CEASED (code=0, x=0, y=0, time=1765418476976, student=a, exam=a)
[vision] MOTION_DETECTED (code=0, x=0, y=0, time=1765418477099, student=a, exam=a)
[vision] MOTION_CEASED (code=0, x=0, y=0, time=1765418477290, student=a, exam=a)
[vision] MOTION_DETECTED (code=0, x=0, y=0, time=1765418477544, student=a, exam=a)
[vision] MOTION_CEASED (code=0, x=0, y=0, time=1765418478428, student=a, exam=a)
[vision] MOTION_DETECTED (code=0, x=0, y=0, time=1765418478711, student=a, exam=a)
[vision] MOTION_CEASED (code=0, x=0, y=0, time=1765418479451, student=a, exam=a)
[vision] MOTION_DETECTED (code=0, x=0, y=0, time=1765418479552, student=a, exam=a)
[vision] MOTION_CEASED (code=0, x=0, y=0, time=1765418479845, student=a, exam=a)
[vision] MOTION_DETECTED (code=0, x=0, y=0, time=1765418479940, student=a, exam=a)
[vision] MOTION_CEASED (code=0, x=0, y=0, time=1765418480077, student=a, exam=a)
[vision] MOTION_DETECTED (code=0, x=0, y=0, time=1765418480265, student=a, exam=a)
[vision] MOTION_CEASED (code=0, x=0, y=0, time=1765418480796, student=a, exam=a)
[vision] MOTION_DETECTED (code=0, x=0, y=0, time=1765418481131, student=a, exam=a)
[vision] NO_FACE_LONG (code=0, x=0, y=0, time=1765418481236, student=a, exam=a)
[vision] MOTION_CEASED (code=0, x=0, y=0, time=1765418482074, student=a, exam=a)
[vision] MOTION_DETECTED (code=0, x=0, y=0, time=1765418482168, student=a, exam=a)
[vision] MOTION_CEASED (code=0, x=0, y=0, time=1765418482429, student=a, exam=a)
[vision] OLHANDO_PARA_BAIXO (code=0, x=0, y=0, time=1765418483214, student=a, exam=a)
[vision] MOTION_DETECTED (code=0, x=0, y=0, time=1765418483232, student=a, exam=a)
[vision] DETECTADO_CENTRO (code=0, x=0, y=0, time=1765418483542, student=a, exam=a)
[vision] MOTION_CEASED (code=0, x=0, y=0, time=1765418487048, student=a, exam=a)
[vision] MOTION_DETECTED (code=0, x=0, y=0, time=1765418487192, student=a, exam=a)
[vision] MOTION_CEASED (code=0, x=0, y=0, time=1765418487846, student=a, exam=a)
[vision] MOTION_DETECTED (code=0, x=0, y=0, time=1765418487934, student=a, exam=a)
[vision] MOTION_CEASED (code=0, x=0, y=0, time=1765418489374, student=a, exam=a)
[vision] MOTION_DETECTED (code=0, x=0, y=0, time=1765418489465, student=a, exam=a)
[vision] MOTION_CEASED (code=0, x=0, y=0, time=1765418489851, student=a, exam=a)
[vision] MOTION_DETECTED (code=0, x=0, y=0, time=1765418489951, student=a, exam=a)
[vision] OLHANDO_PARA_CIMA (code=0, x=0, y=0, time=1765418490336, student=a, exam=a)
[vision] DETECTADO_CENTRO (code=0, x=0, y=0, time=1765418490601, student=a, exam=a)
[vision] NO_FACE_LONG (code=0, x=0, y=0, time=1765418491145, student=a, exam=a)
[vision] OLHANDO_PARA_CIMA (code=0, x=0, y=0, time=1765418491264, student=a, exam=a)
[vision] DETECTADO_CENTRO (code=0, x=0, y=0, time=1765418492017, student=a, exam=a)
[vision] OLHANDO_PARA_CIMA (code=0, x=0, y=0, time=1765418493998, student=a, exam=a)
[vision] DETECTADO_CENTRO (code=0, x=0, y=0, time=1765418496188, student=a, exam=a)
[vision] MOTION_CEASED (code=0, x=0, y=0, time=1765418497411, student=a, exam=a)
[vision] OLHANDO_PARA_BAIXO (code=0, x=0, y=0, time=1765418497496, student=a, exam=a)
[vision] MOTION_DETECTED (code=0, x=0, y=0, time=1765418497533, student=a, exam=a)
[vision] MOTION_CEASED (code=0, x=0, y=0, time=1765418497734, student=a, exam=a)
[vision] NO_FACE_LONG (code=0, x=0, y=0, time=1765418498169, student=a, exam=a)
[vision] OLHANDO_PARA_BAIXO (code=0, x=0, y=0, time=1765418498730, student=a, exam=a)
[vision] MOTION_DETECTED (code=0, x=0, y=0, time=1765418498774, student=a, exam=a)
[vision] MOTION_CEASED (code=0, x=0, y=0, time=1765418498981, student=a, exam=a)
[vision] MOTION_DETECTED (code=0, x=0, y=0, time=1765418499492, student=a, exam=a)
[vision] MOTION_CEASED (code=0, x=0, y=0, time=1765418499794, student=a, exam=a)
[vision] MOTION_DETECTED (code=0, x=0, y=0, time=1765418499953, student=a, exam=a)
[vision] MOTION_CEASED (code=0, x=0, y=0, time=1765418500383, student=a, exam=a)
[vision] MOTION_DETECTED (code=0, x=0, y=0, time=1765418500616, student=a, exam=a)
[vision] OLHANDO_PARA_CIMA (code=0, x=0, y=0, time=1765418501053, student=a, exam=a)
[vision] OLHANDO_PARA_BAIXO (code=0, x=0, y=0, time=1765418501282, student=a, exam=a)
[vision] MOTION_CEASED (code=0, x=0, y=0, time=1765418501712, student=a, exam=a)
[vision] DETECTADO_CENTRO (code=0, x=0, y=0, time=1765418501802, student=a, exam=a)
[vision] MOTION_DETECTED (code=0, x=0, y=0, time=1765418501826, student=a, exam=a)
[vision] MOTION_CEASED (code=0, x=0, y=0, time=1765418503274, student=a, exam=a)
[vision] MOTION_DETECTED (code=0, x=0, y=0, time=1765418503397, student=a, exam=a)
[vision] MOTION_CEASED (code=0, x=0, y=0, time=1765418503943, student=a, exam=a)
[vision] MOTION_DETECTED (code=0, x=0, y=0, time=1765418504446, student=a, exam=a)
[vision] MOTION_CEASED (code=0, x=0, y=0, time=1765418506012, student=a, exam=a)
[vision] MOTION_DETECTED (code=0, x=0, y=0, time=1765418506665, student=a, exam=a)
[vision] MOTION_CEASED (code=0, x=0, y=0, time=1765418506865, student=a, exam=a)
[vision] MOTION_DETECTED (code=0, x=0, y=0, time=1765418507999, student=a, exam=a)
[vision] MOTION_CEASED (code=0, x=0, y=0, time=1765418511815, student=a, exam=a)
[vision] NO_FACE_LONG (code=0, x=0, y=0, time=1765418512130, student=a, exam=a)
[vision] DETECTADO_CENTRO (code=0, x=0, y=0, time=1765418513142, student=a, exam=a)
[vision] MOTION_DETECTED (code=0, x=0, y=0, time=1765418513152, student=a, exam=a)
[vision] MOTION_CEASED (code=0, x=0, y=0, time=1765418514550, student=a, exam=a)
[vision] NO_FACE_LONG (code=0, x=0, y=0, time=1765418514947, student=a, exam=a)
[vision] DETECTADO_CENTRO (code=0, x=0, y=0, time=1765418515060, student=a, exam=a)
[vision] MOTION_DETECTED (code=0, x=0, y=0, time=1765418515075, student=a, exam=a)
[vision] MOTION_CEASED (code=0, x=0, y=0, time=1765418516499, student=a, exam=a)
[vision] MOTION_DETECTED (code=0, x=0, y=0, time=1765418516601, student=a, exam=a)
[vision] MOTION_CEASED (code=0, x=0, y=0, time=1765418516734, student=a, exam=a)
[vision] MOTION_DETECTED (code=0, x=0, y=0, time=1765418516908, student=a, exam=a)
[vision] MOTION_CEASED (code=0, x=0, y=0, time=1765418517751, student=a, exam=a)
[vision] MOTION_DETECTED (code=0, x=0, y=0, time=1765418517857, student=a, exam=a)
[vision] MOTION_CEASED (code=0, x=0, y=0, time=1765418518896, student=a, exam=a)
[vision] MOTION_DETECTED (code=0, x=0, y=0, time=1765418519241, student=a, exam=a)
[vision] MOTION_CEASED (code=0, x=0, y=0, time=1765418521758, student=a, exam=a)
[vision] MOTION_DETECTED (code=0, x=0, y=0, time=1765418521862, student=a, exam=a)
[vision] MOTION_CEASED (code=0, x=0, y=0, time=1765418530146, student=a, exam=a)
[vision] MOTION_DETECTED (code=0, x=0, y=0, time=1765418530217, student=a, exam=a)
[vision] MOTION_CEASED (code=0, x=0, y=0, time=1765418530543, student=a, exam=a)
[vision] MOTION_DETECTED (code=0, x=0, y=0, time=1765418530604, student=a, exam=a)
[vision] MOTION_CEASED (code=0, x=0, y=0, time=1765418530697, student=a, exam=a)
