[mouse] MOUSE (code=0, x=338, y=254, time=1764261773719, student=koko, exam=prova1)
[mouse] MOUSE (code=0, x=429, y=286, time=1764261774756, student=koko, exam=prova1)
[mouse] MOUSE (code=0, x=467, y=284, time=1764261775785, student=koko, exam=prova1)
[focus] FOCUS_LOST (code=0, x=0, y=0, time=1764261780145, student=koko, exam=prova1)
[focus] FOCUS_GAINED (code=0, x=0, y=0, time=1764261789205, student=koko, exam=prova1)
[mouse] MOUSE (code=0, x=467, y=334, time=1764261789744, student=koko, exam=prova1)
[mouse] MOUSE (code=0, x=470, y=319, time=1764261790094, student=koko, exam=prova1)
[mouse] MOUSE (code=0, x=470, y=319, time=1764261790304, student=koko, exam=prova1)
[keyboard] ALT (code=65536, x=0, y=0, time=1764261790386, student=koko, exam=prova1)
[focus] FOCUS_LOST (code=0, x=0, y=0, time=1764261790483, student=koko, exam=prova1)
[focus] FOCUS_GAINED (code=0, x=0, y=0, time=1764261793161, student=koko, exam=prova1)
[mouse] MOUSE (code=0, x=410, y=173, time=1764261793424, student=koko, exam=prova1)
[mouse] MOUSE (code=0, x=410, y=173, time=1764261793683, student=koko, exam=prova1)
[keyboard] ALT (code=65536, x=0, y=0, time=1764261793760, student=koko, exam=prova1)
[focus] FOCUS_LOST (code=0, x=0, y=0, time=1764261793860, student=koko, exam=prova1)
[focus] FOCUS_GAINED (code=0, x=0, y=0, time=1764261796763, student=koko, exam=prova1)
[mouse] MOUSE (code=0, x=290, y=125, time=1764261799585, student=koko, exam=prova1)
[mouse] MOUSE (code=0, x=302, y=126, time=1764261800237, student=koko, exam=prova1)
[mouse] MOUSE (code=0, x=302, y=126, time=1764261800864, student=koko, exam=prova1)
[mouse] MOUSE (code=0, x=160, y=346, time=1764261804617, student=koko, exam=prova1)
[keyboard] ENTER (code=13, x=0, y=0, time=1764261805153, student=koko, exam=prova1)
[keyboard] ENTER (code=13, x=0, y=0, time=1764261805273, student=koko, exam=prova1)
[keyboard] ENTER (code=13, x=0, y=0, time=1764261805417, student=koko, exam=prova1)
[keyboard] ENTER (code=13, x=0, y=0, time=1764261805576, student=koko, exam=prova1)
[keyboard] a (code=97, x=0, y=0, time=1764261805982, student=koko, exam=prova1)
[keyboard] s (code=115, x=0, y=0, time=1764261806585, student=koko, exam=prova1)
[keyboard] d (code=100, x=0, y=0, time=1764261806720, student=koko, exam=prova1)
[keyboard] a (code=97, x=0, y=0, time=1764261806987, student=koko, exam=prova1)
[keyboard] s (code=115, x=0, y=0, time=1764261807285, student=koko, exam=prova1)
[keyboard] a (code=97, x=0, y=0, time=1764261807325, student=koko, exam=prova1)
[keyboard] d (code=100, x=0, y=0, time=1764261807438, student=koko, exam=prova1)
[keyboard] a (code=97, x=0, y=0, time=1764261807615, student=koko, exam=prova1)
[keyboard] s (code=115, x=0, y=0, time=1764261807636, student=koko, exam=prova1)
[keyboard] d (code=100, x=0, y=0, time=1764261807791, student=koko, exam=prova1)
[keyboard] d (code=100, x=0, y=0, time=1764261808185, student=koko, exam=prova1)
[keyboard] a (code=97, x=0, y=0, time=1764261808320, student=koko, exam=prova1)
[keyboard] s (code=115, x=0, y=0, time=1764261808357, student=koko, exam=prova1)
[keyboard] d (code=100, x=0, y=0, time=1764261808496, student=koko, exam=prova1)
[keyboard] a (code=97, x=0, y=0, time=1764261808612, student=koko, exam=prova1)
[keyboard] s (code=115, x=0, y=0, time=1764261808624, student=koko, exam=prova1)
[keyboard] d (code=100, x=0, y=0, time=1764261808725, student=koko, exam=prova1)
[keyboard] a (code=97, x=0, y=0, time=1764261808855, student=koko, exam=prova1)
[keyboard] s (code=115, x=0, y=0, time=1764261808887, student=koko, exam=prova1)
[keyboard] d (code=100, x=0, y=0, time=1764261808969, student=koko, exam=prova1)
[keyboard] a (code=97, x=0, y=0, time=1764261809082, student=koko, exam=prova1)
[keyboard] s (code=115, x=0, y=0, time=1764261809102, student=koko, exam=prova1)
[keyboard] d (code=100, x=0, y=0, time=1764261809218, student=koko, exam=prova1)
[keyboard] CAPS_LOCK (code=16777298, x=0, y=0, time=1764261809960, student=koko, exam=prova1)
[keyboard] A (code=97, x=0, y=0, time=1764261810329, student=koko, exam=prova1)
[keyboard] S (code=115, x=0, y=0, time=1764261810365, student=koko, exam=prova1)
[keyboard] D (code=100, x=0, y=0, time=1764261810487, student=koko, exam=prova1)
[keyboard] A (code=97, x=0, y=0, time=1764261810622, student=koko, exam=prova1)
[keyboard] D (code=100, x=0, y=0, time=1764261810637, student=koko, exam=prova1)
[focus] FOCUS_LOST (code=0, x=0, y=0, time=1764261812090, student=koko, exam=prova1)
[focus] FOCUS_GAINED (code=0, x=0, y=0, time=1764261812744, student=koko, exam=prova1)
[keyboard] A (code=97, x=0, y=0, time=1764261813616, student=koko, exam=prova1)
[keyboard] D (code=100, x=0, y=0, time=1764261813832, student=koko, exam=prova1)
[keyboard] S (code=115, x=0, y=0, time=1764261814001, student=koko, exam=prova1)
[keyboard]   (code=32, x=0, y=0, time=1764261814294, student=koko, exam=prova1)
[keyboard] TAB (code=9, x=0, y=0, time=1764261814746, student=koko, exam=prova1)
[keyboard] S (code=115, x=0, y=0, time=1764261815926, student=koko, exam=prova1)
[keyboard] E (code=101, x=0, y=0, time=1764261815978, student=koko, exam=prova1)
[keyboard] F (code=102, x=0, y=0, time=1764261816073, student=koko, exam=prova1)
[keyboard]   (code=32, x=0, y=0, time=1764261816269, student=koko, exam=prova1)
[focus] FOCUS_LOST (code=0, x=0, y=0, time=1764261820447, student=koko, exam=prova1)
[focus] FOCUS_GAINED (code=0, x=0, y=0, time=1764261823382, student=koko, exam=prova1)
[keyboard] ALT (code=65536, x=0, y=0, time=1764261844040, student=koko, exam=prova1)
[focus] FOCUS_LOST (code=0, x=0, y=0, time=1764261844175, student=koko, exam=prova1)
[focus] FOCUS_GAINED (code=0, x=0, y=0, time=1764261846544, student=koko, exam=prova1)
[keyboard] ALT (code=65536, x=0, y=0, time=1764261847065, student=koko, exam=prova1)
[focus] FOCUS_LOST (code=0, x=0, y=0, time=1764261847246, student=koko, exam=prova1)
[focus] FOCUS_GAINED (code=0, x=0, y=0, time=1764261848028, student=koko, exam=prova1)
[keyboard] ALT (code=65536, x=0, y=0, time=1764261848703, student=koko, exam=prova1)
[focus] FOCUS_LOST (code=0, x=0, y=0, time=1764261848920, student=koko, exam=prova1)
[focus] FOCUS_GAINED (code=0, x=0, y=0, time=1764261849687, student=koko, exam=prova1)
[mouse] MOUSE (code=0, x=91, y=347, time=1764261852419, student=koko, exam=prova1)
[mouse] MOUSE (code=0, x=91, y=347, time=1764261852587, student=koko, exam=prova1)
[keyboard] CTRL (code=262144, x=0, y=0, time=1764261852903, student=koko, exam=prova1)
[mouse] MOUSE (code=0, x=282, y=336, time=1764261857577, student=koko, exam=prova1)
[keyboard] CTRL (code=262144, x=0, y=0, time=1764261858157, student=koko, exam=prova1)
[keyboard] b (code=98, x=0, y=0, time=1764261858725, student=koko, exam=prova1)
[keyboard] BARRA_INVERSA (code=92, x=0, y=0, time=1764261861784, student=koko, exam=prova1)
[mouse] MOUSE (code=0, x=5, y=8, time=1764261926752, student=koko, exam=prova1)
[focus] FOCUS_LOST (code=0, x=0, y=0, time=1764261986055, student=koko, exam=prova1)
[focus] FOCUS_GAINED (code=0, x=0, y=0, time=1764261987582, student=koko, exam=prova1)
[mouse] MOUSE (code=0, x=440, y=290, time=1764261988526, student=koko, exam=prova1)
[mouse] MOUSE (code=0, x=353, y=342, time=1764261989984, student=koko, exam=prova1)
[keyboard] A (code=97, x=0, y=0, time=1764261990127, student=koko, exam=prova1)
[keyboard] S (code=115, x=0, y=0, time=1764261990253, student=koko, exam=prova1)
[keyboard] D (code=100, x=0, y=0, time=1764261990348, student=koko, exam=prova1)
[keyboard] A (code=97, x=0, y=0, time=1764261990479, student=koko, exam=prova1)
[keyboard] D (code=100, x=0, y=0, time=1764261990633, student=koko, exam=prova1)
[keyboard] S (code=115, x=0, y=0, time=1764261990669, student=koko, exam=prova1)
[keyboard] ALT (code=65536, x=0, y=0, time=1764261994028, student=koko, exam=prova1)
[focus] FOCUS_LOST (code=0, x=0, y=0, time=1764261996510, student=koko, exam=prova1)
[focus] FOCUS_GAINED (code=0, x=0, y=0, time=1764261998218, student=koko, exam=prova1)
[mouse] MOUSE (code=0, x=353, y=342, time=1764262004522, student=koko, exam=prova1)
[mouse] MOUSE (code=0, x=353, y=342, time=1764262005655, student=koko, exam=prova1)
[mouse] MOUSE (code=0, x=88, y=142, time=1764262072707, student=koko, exam=prova1)
[mouse] MOUSE (code=0, x=88, y=142, time=1764262072762, student=koko, exam=prova1)
[mouse] MOUSE (code=0, x=67, y=156, time=1764262087205, student=koko, exam=prova1)
[mouse] MOUSE (code=0, x=67, y=156, time=1764262087272, student=koko, exam=prova1)
[mouse] MOUSE (code=0, x=74, y=169, time=1764262088118, student=koko, exam=prova1)
[mouse] MOUSE (code=0, x=74, y=169, time=1764262088172, student=koko, exam=prova1)
[mouse] MOUSE (code=0, x=25, y=211, time=1764262093351, student=koko, exam=prova1)
[mouse] MOUSE (code=0, x=109, y=254, time=1764262094574, student=koko, exam=prova1)
[mouse] MOUSE (code=0, x=109, y=254, time=1764262094637, student=koko, exam=prova1)
[mouse] MOUSE (code=0, x=122, y=240, time=1764262096090, student=koko, exam=prova1)
[mouse] MOUSE (code=0, x=22, y=69, time=1764262105085, student=koko, exam=prova1)
[mouse] MOUSE (code=0, x=43, y=82, time=1764262108478, student=koko, exam=prova1)
[mouse] MOUSE (code=0, x=116, y=137, time=1764262111022, student=koko, exam=prova1)
[mouse] MOUSE (code=0, x=116, y=137, time=1764262111083, student=koko, exam=prova1)
[mouse] MOUSE (code=0, x=40, y=87, time=1764262127014, student=koko, exam=prova1)
[focus] FOCUS_LOST (code=0, x=0, y=0, time=1764262349276, student=koko, exam=prova1)
[focus] FOCUS_GAINED (code=0, x=0, y=0, time=1764262352403, student=koko, exam=prova1)
[focus] FOCUS_LOST (code=0, x=0, y=0, time=1764262354031, student=koko, exam=prova1)
[focus] FOCUS_GAINED (code=0, x=0, y=0, time=1764262407646, student=koko, exam=prova1)
[focus] FOCUS_LOST (code=0, x=0, y=0, time=1764262408636, student=koko, exam=prova1)
[focus] FOCUS_GAINED (code=0, x=0, y=0, time=1764262427238, student=koko, exam=prova1)
[keyboard] ALT (code=65536, x=0, y=0, time=1764262427953, student=koko, exam=prova1)
[focus] FOCUS_LOST (code=0, x=0, y=0, time=1764262428018, student=koko, exam=prova1)
[focus] FOCUS_GAINED (code=0, x=0, y=0, time=1764262610252, student=koko, exam=prova1)
[keyboard] ALT (code=65536, x=0, y=0, time=1764262640489, student=koko, exam=prova1)
[focus] FOCUS_LOST (code=0, x=0, y=0, time=1764262640598, student=koko, exam=prova1)
[focus] FOCUS_GAINED (code=0, x=0, y=0, time=1764262646284, student=koko, exam=prova1)
[keyboard] ALT (code=65536, x=0, y=0, time=1764262654441, student=koko, exam=prova1)
[focus] FOCUS_LOST (code=0, x=0, y=0, time=1764262654509, student=koko, exam=prova1)
[focus] FOCUS_GAINED (code=0, x=0, y=0, time=1764262655633, student=koko, exam=prova1)
[keyboard] ALT (code=65536, x=0, y=0, time=1764262655761, student=koko, exam=prova1)
