[mouse] MOUSE_DOWN (code=0, x=523, y=184, time=1763078931078, student=quero quero, exam=115)
[focus] FOCUS_LOST (code=0, x=0, y=0, time=1763078931074, student=quero quero, exam=115)
[mouse] MOUSE_DOWN (code=0, x=503, y=169, time=1763078931817, student=quero quero, exam=115)
[keyboard]   (code=32, x=0, y=0, time=1763078932302, student=quero quero, exam=115)
[focus] FOCUS_GAINED (code=0, x=0, y=0, time=1763078933375, student=quero quero, exam=115)
[mouse] MOUSE_DOWN (code=0, x=233, y=6, time=1763078933380, student=quero quero, exam=115)
[mouse] MOUSE_DOWN (code=0, x=233, y=6, time=1763078933594, student=quero quero, exam=115)
[mouse] MOUSE_DOWN (code=0, x=233, y=6, time=1763078933876, student=quero quero, exam=115)
[keyboard] q (code=113, x=0, y=0, time=1763078933926, student=quero quero, exam=115)
[mouse] MOUSE_DOWN (code=0, x=233, y=6, time=1763078933944, student=quero quero, exam=115)
[keyboard] w (code=119, x=0, y=0, time=1763078933948, student=quero quero, exam=115)
[keyboard] e (code=101, x=0, y=0, time=1763078934035, student=quero quero, exam=115)
[keyboard] q (code=113, x=0, y=0, time=1763078934243, student=quero quero, exam=115)
[keyboard] w (code=119, x=0, y=0, time=1763078934389, student=quero quero, exam=115)
[mouse] MOUSE_DOWN (code=0, x=233, y=6, time=1763078934468, student=quero quero, exam=115)
[keyboard] e (code=101, x=0, y=0, time=1763078934480, student=quero quero, exam=115)
[mouse] MOUSE_DOWN (code=0, x=233, y=6, time=1763078934512, student=quero quero, exam=115)
[keyboard] q (code=113, x=0, y=0, time=1763078934588, student=quero quero, exam=115)
[keyboard] w (code=119, x=0, y=0, time=1763078934665, student=quero quero, exam=115)
[keyboard] e (code=101, x=0, y=0, time=1763078934717, student=quero quero, exam=115)
[keyboard] q (code=113, x=0, y=0, time=1763078934875, student=quero quero, exam=115)
[keyboard] w (code=119, x=0, y=0, time=1763078934888, student=quero quero, exam=115)
[mouse] MOUSE_DOWN (code=0, x=233, y=6, time=1763078934911, student=quero quero, exam=115)
[mouse] MOUSE_DOWN (code=0, x=233, y=6, time=1763078934970, student=quero quero, exam=115)
[keyboard] e (code=101, x=0, y=0, time=1763078935013, student=quero quero, exam=115)
[keyboard]   (code=32, x=0, y=0, time=1763078935133, student=quero quero, exam=115)
[mouse] MOUSE_DOWN (code=0, x=233, y=6, time=1763078935274, student=quero quero, exam=115)
[keyboard] q (code=113, x=0, y=0, time=1763078935286, student=quero quero, exam=115)
[keyboard] w (code=119, x=0, y=0, time=1763078935314, student=quero quero, exam=115)
[mouse] MOUSE_DOWN (code=0, x=233, y=6, time=1763078935330, student=quero quero, exam=115)
[keyboard] e (code=101, x=0, y=0, time=1763078935379, student=quero quero, exam=115)
[keyboard]   (code=32, x=0, y=0, time=1763078935511, student=quero quero, exam=115)
[mouse] MOUSE_DOWN (code=0, x=233, y=6, time=1763078935582, student=quero quero, exam=115)
[mouse] MOUSE_DOWN (code=0, x=233, y=6, time=1763078935615, student=quero quero, exam=115)
[keyboard] CTRL (code=262144, x=0, y=0, time=1763078935848, student=quero quero, exam=115)
[keyboard] CTRL (code=262144, x=0, y=0, time=1763078936362, student=quero quero, exam=115)
[keyboard] ALT (code=65536, x=0, y=0, time=1763078937088, student=quero quero, exam=115)
[mouse] MOUSE_DOWN (code=0, x=233, y=6, time=1763078938086, student=quero quero, exam=115)
[focus] FOCUS_LOST (code=0, x=0, y=0, time=1763078938343, student=quero quero, exam=115)
[focus] FOCUS_LOST (code=0, x=0, y=0, time=1763078938676, student=quero quero, exam=115)
[mouse] MOUSE_DOWN (code=0, x=233, y=6, time=1763078938681, student=quero quero, exam=115)
[focus] FOCUS_LOST (code=0, x=0, y=0, time=1763078938844, student=quero quero, exam=115)
[focus] FOCUS_LOST (code=0, x=0, y=0, time=1763078939270, student=quero quero, exam=115)
[focus] FOCUS_LOST (code=0, x=0, y=0, time=1763078939750, student=quero quero, exam=115)
[focus] FOCUS_LOST (code=0, x=0, y=0, time=1763078940211, student=quero quero, exam=115)
[focus] FOCUS_LOST (code=0, x=0, y=0, time=1763078940706, student=quero quero, exam=115)
[focus] FOCUS_GAINED (code=0, x=0, y=0, time=1763078941397, student=quero quero, exam=115)
[focus] FOCUS_GAINED (code=0, x=0, y=0, time=1763078941396, student=quero quero, exam=115)
[focus] FOCUS_LOST (code=0, x=0, y=0, time=1763078941916, student=quero quero, exam=115)
[focus] FOCUS_LOST (code=0, x=0, y=0, time=1763078942497, student=quero quero, exam=115)
[mouse] MOUSE_DOWN (code=0, x=233, y=6, time=1763078942500, student=quero quero, exam=115)
[focus] FOCUS_LOST (code=0, x=0, y=0, time=1763078943029, student=quero quero, exam=115)
[focus] FOCUS_LOST (code=0, x=0, y=0, time=1763078943398, student=quero quero, exam=115)
[focus] FOCUS_LOST (code=0, x=0, y=0, time=1763078943792, student=quero quero, exam=115)
[focus] FOCUS_LOST (code=0, x=0, y=0, time=1763078944117, student=quero quero, exam=115)
[focus] FOCUS_LOST (code=0, x=0, y=0, time=1763078944449, student=quero quero, exam=115)
[focus] FOCUS_LOST (code=0, x=0, y=0, time=1763078944772, student=quero quero, exam=115)
[mouse] MOUSE_DOWN (code=0, x=233, y=6, time=1763078944778, student=quero quero, exam=115)
[keyboard] TAB (code=9, x=0, y=0, time=1763078944879, student=quero quero, exam=115)
[mouse] MOUSE_DOWN (code=0, x=233, y=6, time=1763078945167, student=quero quero, exam=115)
[mouse] MOUSE_DOWN (code=0, x=233, y=6, time=1763078945590, student=quero quero, exam=115)
[keyboard] TAB (code=9, x=0, y=0, time=1763078945917, student=quero quero, exam=115)
[mouse] MOUSE_DOWN (code=0, x=233, y=6, time=1763078946340, student=quero quero, exam=115)
[keyboard] TAB (code=9, x=0, y=0, time=1763078946721, student=quero quero, exam=115)
[mouse] MOUSE_DOWN (code=0, x=233, y=6, time=1763078947947, student=quero quero, exam=115)
[focus] FOCUS_LOST (code=0, x=0, y=0, time=1763078948311, student=quero quero, exam=115)
[focus] FOCUS_LOST (code=0, x=0, y=0, time=1763078948791, student=quero quero, exam=115)
[focus] FOCUS_LOST (code=0, x=0, y=0, time=1763078949230, student=quero quero, exam=115)
[mouse] MOUSE_DOWN (code=0, x=233, y=6, time=1763078949232, student=quero quero, exam=115)
[focus] FOCUS_LOST (code=0, x=0, y=0, time=1763078949359, student=quero quero, exam=115)
[focus] FOCUS_LOST (code=0, x=0, y=0, time=1763078949874, student=quero quero, exam=115)
[focus] FOCUS_LOST (code=0, x=0, y=0, time=1763078950254, student=quero quero, exam=115)
[mouse] MOUSE_DOWN (code=0, x=233, y=6, time=1763078950256, student=quero quero, exam=115)
[mouse] MOUSE_DOWN (code=0, x=233, y=6, time=1763078950730, student=quero quero, exam=115)
[mouse] MOUSE_DOWN (code=0, x=233, y=6, time=1763078951225, student=quero quero, exam=115)
[mouse] MOUSE_DOWN (code=0, x=233, y=6, time=1763078951633, student=quero quero, exam=115)
[mouse] MOUSE_DOWN (code=0, x=233, y=6, time=1763078951864, student=quero quero, exam=115)
[focus] FOCUS_LOST (code=0, x=0, y=0, time=1763078952093, student=quero quero, exam=115)
[focus] FOCUS_LOST (code=0, x=0, y=0, time=1763078952729, student=quero quero, exam=115)
[mouse] MOUSE_DOWN (code=0, x=155, y=4, time=1763078952731, student=quero quero, exam=115)
[focus] FOCUS_LOST (code=0, x=0, y=0, time=1763078952958, student=quero quero, exam=115)
[focus] FOCUS_LOST (code=0, x=0, y=0, time=1763078953170, student=quero quero, exam=115)
[mouse] MOUSE_DOWN (code=0, x=110, y=10, time=1763078953173, student=quero quero, exam=115)
[keyboard]   (code=32, x=0, y=0, time=1763078953332, student=quero quero, exam=115)
[focus] FOCUS_LOST (code=0, x=0, y=0, time=1763078953426, student=quero quero, exam=115)
[focus] FOCUS_LOST (code=0, x=0, y=0, time=1763078953731, student=quero quero, exam=115)
[focus] FOCUS_LOST (code=0, x=0, y=0, time=1763078954213, student=quero quero, exam=115)
[focus] FOCUS_LOST (code=0, x=0, y=0, time=1763078954627, student=quero quero, exam=115)
[focus] FOCUS_GAINED (code=0, x=0, y=0, time=1763078957266, student=quero quero, exam=115)
[focus] FOCUS_GAINED (code=0, x=0, y=0, time=1763078957279, student=quero quero, exam=115)
[focus] FOCUS_GAINED (code=0, x=0, y=0, time=1763078957283, student=quero quero, exam=115)
[focus] FOCUS_GAINED (code=0, x=0, y=0, time=1763078957282, student=quero quero, exam=115)
[focus] FOCUS_LOST (code=0, x=0, y=0, time=1763078957500, student=quero quero, exam=115)
[mouse] MOUSE_DOWN (code=0, x=519, y=188, time=1763078957502, student=quero quero, exam=115)
[mouse] MOUSE_DOWN (code=0, x=519, y=188, time=1763078957544, student=quero quero, exam=115)
[mouse] MOUSE_DOWN (code=0, x=394, y=135, time=1763078957900, student=quero quero, exam=115)
[mouse] MOUSE_DOWN (code=0, x=394, y=135, time=1763078957902, student=quero quero, exam=115)
[focus] FOCUS_GAINED (code=0, x=0, y=0, time=1763078958307, student=quero quero, exam=115)
[mouse] MOUSE_DOWN (code=0, x=61, y=6, time=1763078958309, student=quero quero, exam=115)
[focus] FOCUS_LOST (code=0, x=0, y=0, time=1763078958777, student=quero quero, exam=115)
[focus] FOCUS_LOST (code=0, x=0, y=0, time=1763078959146, student=quero quero, exam=115)
[mouse] MOUSE_DOWN (code=0, x=40, y=76, time=1763078959148, student=quero quero, exam=115)
[mouse] MOUSE_DOWN (code=0, x=40, y=76, time=1763078959285, student=quero quero, exam=115)
[focus] FOCUS_LOST (code=0, x=0, y=0, time=1763078959597, student=quero quero, exam=115)
[mouse] MOUSE_DOWN (code=0, x=204, y=283, time=1763078959600, student=quero quero, exam=115)
[mouse] MOUSE_DOWN (code=0, x=199, y=285, time=1763078959698, student=quero quero, exam=115)
[focus] FOCUS_LOST (code=0, x=0, y=0, time=1763078959867, student=quero quero, exam=115)
[focus] FOCUS_LOST (code=0, x=0, y=0, time=1763078960119, student=quero quero, exam=115)
[mouse] MOUSE_DOWN (code=0, x=199, y=285, time=1763078960123, student=quero quero, exam=115)
[mouse] MOUSE_DOWN (code=0, x=199, y=285, time=1763078960162, student=quero quero, exam=115)
[focus] FOCUS_LOST (code=0, x=0, y=0, time=1763078960295, student=quero quero, exam=115)
[focus] FOCUS_LOST (code=0, x=0, y=0, time=1763078960450, student=quero quero, exam=115)
[mouse] MOUSE_DOWN (code=0, x=199, y=285, time=1763078960452, student=quero quero, exam=115)
[mouse] MOUSE_DOWN (code=0, x=199, y=285, time=1763078960520, student=quero quero, exam=115)
[keyboard] ALT (code=65536, x=0, y=0, time=1763078970711, student=quero quero, exam=115)
[focus] FOCUS_LOST (code=0, x=0, y=0, time=1763078970796, student=quero quero, exam=115)
[focus] FOCUS_GAINED (code=0, x=0, y=0, time=1763078975831, student=quero quero, exam=115)
[focus] FOCUS_GAINED (code=0, x=0, y=0, time=1763078975828, student=quero quero, exam=115)
[focus] FOCUS_GAINED (code=0, x=0, y=0, time=1763078975830, student=quero quero, exam=115)
[focus] FOCUS_GAINED (code=0, x=0, y=0, time=1763078975832, student=quero quero, exam=115)
[focus] FOCUS_GAINED (code=0, x=0, y=0, time=1763078975835, student=quero quero, exam=115)
[focus] FOCUS_GAINED (code=0, x=0, y=0, time=1763078975836, student=quero quero, exam=115)
[focus] FOCUS_GAINED (code=0, x=0, y=0, time=1763078975837, student=quero quero, exam=115)
[focus] FOCUS_GAINED (code=0, x=0, y=0, time=1763078975838, student=quero quero, exam=115)
[focus] FOCUS_GAINED (code=0, x=0, y=0, time=1763078975841, student=quero quero, exam=115)
[focus] FOCUS_LOST (code=0, x=0, y=0, time=1763078975864, student=quero quero, exam=115)
[mouse] MOUSE_DOWN (code=0, x=529, y=148, time=1763078975869, student=quero quero, exam=115)
[focus] FOCUS_GAINED (code=0, x=0, y=0, time=1763078975858, student=quero quero, exam=115)
[keyboard]   (code=32, x=0, y=0, time=1763078976215, student=quero quero, exam=115)
[focus] FOCUS_LOST (code=0, x=0, y=0, time=1763078976527, student=quero quero, exam=115)
[keyboard] a (code=97, x=0, y=0, time=1763078976650, student=quero quero, exam=115)
[keyboard] s (code=115, x=0, y=0, time=1763078976734, student=quero quero, exam=115)
[keyboard] d (code=100, x=0, y=0, time=1763078976815, student=quero quero, exam=115)
[focus] FOCUS_GAINED (code=0, x=0, y=0, time=1763078978439, student=quero quero, exam=115)
[focus] FOCUS_GAINED (code=0, x=0, y=0, time=1763078978447, student=quero quero, exam=115)
[focus] FOCUS_GAINED (code=0, x=0, y=0, time=1763078978449, student=quero quero, exam=115)
[focus] FOCUS_GAINED (code=0, x=0, y=0, time=1763078978448, student=quero quero, exam=115)
[focus] FOCUS_GAINED (code=0, x=0, y=0, time=1763078978449, student=quero quero, exam=115)
[focus] FOCUS_LOST (code=0, x=0, y=0, time=1763078978665, student=quero quero, exam=115)
[mouse] MOUSE_DOWN (code=0, x=412, y=339, time=1763078978666, student=quero quero, exam=115)
[mouse] MOUSE_DOWN (code=0, x=226, y=290, time=1763078979092, student=quero quero, exam=115)
[keyboard] w (code=119, x=0, y=0, time=1763078979311, student=quero quero, exam=115)
[keyboard] e (code=101, x=0, y=0, time=1763078979404, student=quero quero, exam=115)
[mouse] MOUSE_DOWN (code=0, x=237, y=232, time=1763078979529, student=quero quero, exam=115)
[keyboard] q (code=113, x=0, y=0, time=1763078979614, student=quero quero, exam=115)
[keyboard] w (code=119, x=0, y=0, time=1763078979733, student=quero quero, exam=115)
[keyboard] e (code=101, x=0, y=0, time=1763078979811, student=quero quero, exam=115)
[keyboard] q (code=113, x=0, y=0, time=1763078979910, student=quero quero, exam=115)
[mouse] MOUSE_DOWN (code=0, x=237, y=232, time=1763078979913, student=quero quero, exam=115)
[keyboard] w (code=119, x=0, y=0, time=1763078979938, student=quero quero, exam=115)
[keyboard] e (code=101, x=0, y=0, time=1763078980055, student=quero quero, exam=115)
[focus] FOCUS_LOST (code=0, x=0, y=0, time=1763078981316, student=quero quero, exam=115)
[focus] FOCUS_GAINED (code=0, x=0, y=0, time=1763078982985, student=quero quero, exam=115)
[focus] FOCUS_GAINED (code=0, x=0, y=0, time=1763078982990, student=quero quero, exam=115)
[focus] FOCUS_GAINED (code=0, x=0, y=0, time=1763078982992, student=quero quero, exam=115)
[focus] FOCUS_GAINED (code=0, x=0, y=0, time=1763078982988, student=quero quero, exam=115)
[focus] FOCUS_GAINED (code=0, x=0, y=0, time=1763078982992, student=quero quero, exam=115)
[focus] FOCUS_GAINED (code=0, x=0, y=0, time=1763078983014, student=quero quero, exam=115)
[focus] FOCUS_LOST (code=0, x=0, y=0, time=1763078983021, student=quero quero, exam=115)
[focus] FOCUS_GAINED (code=0, x=0, y=0, time=1763078983128, student=quero quero, exam=115)
[focus] FOCUS_GAINED (code=0, x=0, y=0, time=1763078983129, student=quero quero, exam=115)
[focus] FOCUS_GAINED (code=0, x=0, y=0, time=1763078983149, student=quero quero, exam=115)
[focus] FOCUS_GAINED (code=0, x=0, y=0, time=1763078983151, student=quero quero, exam=115)
[focus] FOCUS_GAINED (code=0, x=0, y=0, time=1763078983154, student=quero quero, exam=115)
[focus] FOCUS_GAINED (code=0, x=0, y=0, time=1763078983157, student=quero quero, exam=115)
[focus] FOCUS_GAINED (code=0, x=0, y=0, time=1763078983158, student=quero quero, exam=115)
[mouse] MOUSE_DOWN (code=0, x=58, y=232, time=1763078983162, student=quero quero, exam=115)
[focus] FOCUS_LOST (code=0, x=0, y=0, time=1763078983350, student=quero quero, exam=115)
[mouse] MOUSE_DOWN (code=0, x=572, y=237, time=1763078983352, student=quero quero, exam=115)
[keyboard]   (code=32, x=0, y=0, time=1763078983757, student=quero quero, exam=115)
[keyboard] q (code=113, x=0, y=0, time=1763078983767, student=quero quero, exam=115)
[keyboard] w (code=119, x=0, y=0, time=1763078983864, student=quero quero, exam=115)
[keyboard] e (code=101, x=0, y=0, time=1763078983936, student=quero quero, exam=115)
[keyboard] q (code=113, x=0, y=0, time=1763078984123, student=quero quero, exam=115)
[mouse] MOUSE_DOWN (code=0, x=512, y=295, time=1763078984173, student=quero quero, exam=115)
[focus] FOCUS_LOST (code=0, x=0, y=0, time=1763078985966, student=quero quero, exam=115)
[focus] FOCUS_GAINED (code=0, x=0, y=0, time=1763078988744, student=quero quero, exam=115)
[focus] FOCUS_GAINED (code=0, x=0, y=0, time=1763078988745, student=quero quero, exam=115)
[focus] FOCUS_GAINED (code=0, x=0, y=0, time=1763078988746, student=quero quero, exam=115)
[focus] FOCUS_GAINED (code=0, x=0, y=0, time=1763078988747, student=quero quero, exam=115)
[focus] FOCUS_GAINED (code=0, x=0, y=0, time=1763078988747, student=quero quero, exam=115)
[focus] FOCUS_GAINED (code=0, x=0, y=0, time=1763078988748, student=quero quero, exam=115)
[focus] FOCUS_GAINED (code=0, x=0, y=0, time=1763078988748, student=quero quero, exam=115)
[focus] FOCUS_GAINED (code=0, x=0, y=0, time=1763078988748, student=quero quero, exam=115)
[focus] FOCUS_GAINED (code=0, x=0, y=0, time=1763078988750, student=quero quero, exam=115)
[focus] FOCUS_GAINED (code=0, x=0, y=0, time=1763078988765, student=quero quero, exam=115)
[focus] FOCUS_LOST (code=0, x=0, y=0, time=1763078988776, student=quero quero, exam=115)
[mouse] MOUSE_DOWN (code=0, x=501, y=162, time=1763078988783, student=quero quero, exam=115)
[keyboard]   (code=32, x=0, y=0, time=1763078989159, student=quero quero, exam=115)
[keyboard] q (code=113, x=0, y=0, time=1763078989299, student=quero quero, exam=115)
[keyboard] w (code=119, x=0, y=0, time=1763078989349, student=quero quero, exam=115)
[keyboard] e (code=101, x=0, y=0, time=1763078989440, student=quero quero, exam=115)
[focus] FOCUS_LOST (code=0, x=0, y=0, time=1763078989779, student=quero quero, exam=115)
[mouse] MOUSE_DOWN (code=0, x=501, y=162, time=1763078989783, student=quero quero, exam=115)
[focus] FOCUS_LOST (code=0, x=0, y=0, time=1763078996491, student=quero quero, exam=115)
[focus] FOCUS_GAINED (code=0, x=0, y=0, time=1763079005987, student=quero quero, exam=115)
[focus] FOCUS_GAINED (code=0, x=0, y=0, time=1763079005989, student=quero quero, exam=115)
[focus] FOCUS_GAINED (code=0, x=0, y=0, time=1763079005991, student=quero quero, exam=115)
[focus] FOCUS_GAINED (code=0, x=0, y=0, time=1763079005992, student=quero quero, exam=115)
[focus] FOCUS_GAINED (code=0, x=0, y=0, time=1763079005994, student=quero quero, exam=115)
[focus] FOCUS_GAINED (code=0, x=0, y=0, time=1763079005993, student=quero quero, exam=115)
[focus] FOCUS_GAINED (code=0, x=0, y=0, time=1763079005995, student=quero quero, exam=115)
[focus] FOCUS_GAINED (code=0, x=0, y=0, time=1763079005996, student=quero quero, exam=115)
[focus] FOCUS_GAINED (code=0, x=0, y=0, time=1763079005998, student=quero quero, exam=115)
[focus] FOCUS_GAINED (code=0, x=0, y=0, time=1763079005999, student=quero quero, exam=115)
[focus] FOCUS_GAINED (code=0, x=0, y=0, time=1763079006013, student=quero quero, exam=115)
[focus] FOCUS_LOST (code=0, x=0, y=0, time=1763079006026, student=quero quero, exam=115)
[mouse] MOUSE_DOWN (code=0, x=18, y=83, time=1763079006035, student=quero quero, exam=115)
[keyboard] w (code=119, x=0, y=0, time=1763079006537, student=quero quero, exam=115)
[focus] FOCUS_LOST (code=0, x=0, y=0, time=1763079006994, student=quero quero, exam=115)
[mouse] MOUSE_DOWN (code=0, x=18, y=83, time=1763079006995, student=quero quero, exam=115)
[keyboard] q (code=113, x=0, y=0, time=1763079007380, student=quero quero, exam=115)
[keyboard] w (code=119, x=0, y=0, time=1763079008025, student=quero quero, exam=115)
[mouse] MOUSE_DOWN (code=0, x=18, y=83, time=1763079008663, student=quero quero, exam=115)
[keyboard] q (code=113, x=0, y=0, time=1763079008839, student=quero quero, exam=115)
[keyboard] a (code=97, x=0, y=0, time=1763079009148, student=quero quero, exam=115)
[keyboard] a (code=97, x=0, y=0, time=1763079009471, student=quero quero, exam=115)
[keyboard] a (code=97, x=0, y=0, time=1763079009902, student=quero quero, exam=115)
[keyboard] d (code=100, x=0, y=0, time=1763079009974, student=quero quero, exam=115)
[mouse] MOUSE_DOWN (code=0, x=18, y=83, time=1763079010277, student=quero quero, exam=115)
[mouse] MOUSE_DOWN (code=0, x=18, y=83, time=1763079010779, student=quero quero, exam=115)
[mouse] MOUSE_DOWN (code=0, x=18, y=83, time=1763079011218, student=quero quero, exam=115)
[mouse] MOUSE_DOWN (code=0, x=18, y=83, time=1763079011491, student=quero quero, exam=115)
[mouse] MOUSE_DOWN (code=0, x=18, y=83, time=1763079012297, student=quero quero, exam=115)
[mouse] MOUSE_DOWN (code=0, x=18, y=83, time=1763079013076, student=quero quero, exam=115)
[mouse] MOUSE_DOWN (code=0, x=18, y=83, time=1763079013580, student=quero quero, exam=115)
[mouse] MOUSE_DOWN (code=0, x=18, y=83, time=1763079014330, student=quero quero, exam=115)
[mouse] MOUSE_DOWN (code=0, x=18, y=83, time=1763079015300, student=quero quero, exam=115)
[mouse] MOUSE_DOWN (code=0, x=18, y=83, time=1763079015342, student=quero quero, exam=115)
[mouse] MOUSE_DOWN (code=0, x=18, y=83, time=1763079054745, student=quero quero, exam=115)
[keyboard] e (code=101, x=0, y=0, time=1763079056042, student=quero quero, exam=115)
[keyboard] q (code=113, x=0, y=0, time=1763079057368, student=quero quero, exam=115)
[keyboard] w (code=119, x=0, y=0, time=1763079057473, student=quero quero, exam=115)
[keyboard] ALT (code=65536, x=0, y=0, time=1763079057981, student=quero quero, exam=115)
[keyboard] ALT (code=65536, x=0, y=0, time=1763079059472, student=quero quero, exam=115)
[keyboard] ALT (code=65536, x=0, y=0, time=1763079060060, student=quero quero, exam=115)
[keyboard] ALT (code=65536, x=0, y=0, time=1763079060426, student=quero quero, exam=115)
[keyboard] ALT (code=65536, x=0, y=0, time=1763079060910, student=quero quero, exam=115)
[keyboard] ALT (code=65536, x=0, y=0, time=1763079061297, student=quero quero, exam=115)
[keyboard] ALT (code=65536, x=0, y=0, time=1763079061990, student=quero quero, exam=115)
[focus] FOCUS_LOST (code=0, x=0, y=0, time=1763079062234, student=quero quero, exam=115)
[mouse] MOUSE_DOWN (code=0, x=536, y=194, time=1763079062236, student=quero quero, exam=115)
[focus] FOCUS_LOST (code=0, x=0, y=0, time=1763079062667, student=quero quero, exam=115)
[keyboard] ALT (code=65536, x=0, y=0, time=1763079063120, student=quero quero, exam=115)
[focus] FOCUS_LOST (code=0, x=0, y=0, time=1763079063438, student=quero quero, exam=115)
[focus] FOCUS_GAINED (code=0, x=0, y=0, time=1763079064548, student=quero quero, exam=115)
[focus] FOCUS_GAINED (code=0, x=0, y=0, time=1763079064563, student=quero quero, exam=115)
[focus] FOCUS_GAINED (code=0, x=0, y=0, time=1763079064566, student=quero quero, exam=115)
[focus] FOCUS_GAINED (code=0, x=0, y=0, time=1763079064567, student=quero quero, exam=115)
[focus] FOCUS_GAINED (code=0, x=0, y=0, time=1763079064569, student=quero quero, exam=115)
[focus] FOCUS_GAINED (code=0, x=0, y=0, time=1763079064569, student=quero quero, exam=115)
[focus] FOCUS_GAINED (code=0, x=0, y=0, time=1763079064570, student=quero quero, exam=115)
[focus] FOCUS_GAINED (code=0, x=0, y=0, time=1763079064568, student=quero quero, exam=115)
[focus] FOCUS_GAINED (code=0, x=0, y=0, time=1763079064570, student=quero quero, exam=115)
[keyboard] ALT (code=65536, x=0, y=0, time=1763079064725, student=quero quero, exam=115)
[focus] FOCUS_LOST (code=0, x=0, y=0, time=1763079064806, student=quero quero, exam=115)
[focus] FOCUS_GAINED (code=0, x=0, y=0, time=1763079065333, student=quero quero, exam=115)
[focus] FOCUS_GAINED (code=0, x=0, y=0, time=1763079065336, student=quero quero, exam=115)
[focus] FOCUS_GAINED (code=0, x=0, y=0, time=1763079065335, student=quero quero, exam=115)
[focus] FOCUS_GAINED (code=0, x=0, y=0, time=1763079065335, student=quero quero, exam=115)
[focus] FOCUS_GAINED (code=0, x=0, y=0, time=1763079065336, student=quero quero, exam=115)
[focus] FOCUS_GAINED (code=0, x=0, y=0, time=1763079065337, student=quero quero, exam=115)
[focus] FOCUS_GAINED (code=0, x=0, y=0, time=1763079065325, student=quero quero, exam=115)
[focus] FOCUS_GAINED (code=0, x=0, y=0, time=1763079065337, student=quero quero, exam=115)
[focus] FOCUS_GAINED (code=0, x=0, y=0, time=1763079065338, student=quero quero, exam=115)
[focus] FOCUS_LOST (code=0, x=0, y=0, time=1763079065804, student=quero quero, exam=115)
[mouse] MOUSE_DOWN (code=0, x=536, y=194, time=1763079065806, student=quero quero, exam=115)
[focus] FOCUS_LOST (code=0, x=0, y=0, time=1763079066184, student=quero quero, exam=115)
[focus] FOCUS_GAINED (code=0, x=0, y=0, time=1763079066946, student=quero quero, exam=115)
[focus] FOCUS_GAINED (code=0, x=0, y=0, time=1763079066933, student=quero quero, exam=115)
[focus] FOCUS_GAINED (code=0, x=0, y=0, time=1763079066948, student=quero quero, exam=115)
[focus] FOCUS_GAINED (code=0, x=0, y=0, time=1763079066950, student=quero quero, exam=115)
[focus] FOCUS_GAINED (code=0, x=0, y=0, time=1763079066951, student=quero quero, exam=115)
[focus] FOCUS_GAINED (code=0, x=0, y=0, time=1763079066952, student=quero quero, exam=115)
[focus] FOCUS_GAINED (code=0, x=0, y=0, time=1763079066955, student=quero quero, exam=115)
[focus] FOCUS_GAINED (code=0, x=0, y=0, time=1763079066956, student=quero quero, exam=115)
[focus] FOCUS_GAINED (code=0, x=0, y=0, time=1763079066958, student=quero quero, exam=115)
[focus] FOCUS_LOST (code=0, x=0, y=0, time=1763079067523, student=quero quero, exam=115)
[focus] FOCUS_GAINED (code=0, x=0, y=0, time=1763079068182, student=quero quero, exam=115)
[focus] FOCUS_GAINED (code=0, x=0, y=0, time=1763079068193, student=quero quero, exam=115)
[focus] FOCUS_GAINED (code=0, x=0, y=0, time=1763079068194, student=quero quero, exam=115)
[focus] FOCUS_GAINED (code=0, x=0, y=0, time=1763079068194, student=quero quero, exam=115)
[focus] FOCUS_GAINED (code=0, x=0, y=0, time=1763079068195, student=quero quero, exam=115)
[focus] FOCUS_GAINED (code=0, x=0, y=0, time=1763079068198, student=quero quero, exam=115)
[focus] FOCUS_GAINED (code=0, x=0, y=0, time=1763079068196, student=quero quero, exam=115)
[focus] FOCUS_GAINED (code=0, x=0, y=0, time=1763079068199, student=quero quero, exam=115)
[focus] FOCUS_GAINED (code=0, x=0, y=0, time=1763079068200, student=quero quero, exam=115)
[focus] FOCUS_LOST (code=0, x=0, y=0, time=1763079070704, student=quero quero, exam=115)
[mouse] MOUSE_DOWN (code=0, x=536, y=194, time=1763079070706, student=quero quero, exam=115)
[keyboard] q (code=113, x=0, y=0, time=1763079071200, student=quero quero, exam=115)
[mouse] MOUSE_DOWN (code=0, x=536, y=194, time=1763079071667, student=quero quero, exam=115)
[keyboard] ALT (code=65536, x=0, y=0, time=1763079072111, student=quero quero, exam=115)
[focus] FOCUS_LOST (code=0, x=0, y=0, time=1763079072272, student=quero quero, exam=115)
[focus] FOCUS_GAINED (code=0, x=0, y=0, time=1763079073058, student=quero quero, exam=115)
[focus] FOCUS_GAINED (code=0, x=0, y=0, time=1763079073072, student=quero quero, exam=115)
[focus] FOCUS_GAINED (code=0, x=0, y=0, time=1763079073073, student=quero quero, exam=115)
[focus] FOCUS_GAINED (code=0, x=0, y=0, time=1763079073074, student=quero quero, exam=115)
[focus] FOCUS_GAINED (code=0, x=0, y=0, time=1763079073075, student=quero quero, exam=115)
[focus] FOCUS_GAINED (code=0, x=0, y=0, time=1763079073076, student=quero quero, exam=115)
[focus] FOCUS_GAINED (code=0, x=0, y=0, time=1763079073076, student=quero quero, exam=115)
[focus] FOCUS_GAINED (code=0, x=0, y=0, time=1763079073077, student=quero quero, exam=115)
[focus] FOCUS_GAINED (code=0, x=0, y=0, time=1763079073078, student=quero quero, exam=115)
[keyboard] ALT (code=65536, x=0, y=0, time=1763079075364, student=quero quero, exam=115)
[focus] FOCUS_LOST (code=0, x=0, y=0, time=1763079075527, student=quero quero, exam=115)
[focus] FOCUS_GAINED (code=0, x=0, y=0, time=1763079076335, student=quero quero, exam=115)
[focus] FOCUS_GAINED (code=0, x=0, y=0, time=1763079076362, student=quero quero, exam=115)
[focus] FOCUS_GAINED (code=0, x=0, y=0, time=1763079076364, student=quero quero, exam=115)
[focus] FOCUS_GAINED (code=0, x=0, y=0, time=1763079076365, student=quero quero, exam=115)
[focus] FOCUS_GAINED (code=0, x=0, y=0, time=1763079076369, student=quero quero, exam=115)
[focus] FOCUS_GAINED (code=0, x=0, y=0, time=1763079076370, student=quero quero, exam=115)
[focus] FOCUS_GAINED (code=0, x=0, y=0, time=1763079076373, student=quero quero, exam=115)
[focus] FOCUS_GAINED (code=0, x=0, y=0, time=1763079076378, student=quero quero, exam=115)
[focus] FOCUS_GAINED (code=0, x=0, y=0, time=1763079076375, student=quero quero, exam=115)
[focus] FOCUS_LOST (code=0, x=0, y=0, time=1763079082208, student=quero quero, exam=115)
[focus] FOCUS_GAINED (code=0, x=0, y=0, time=1763079088918, student=quero quero, exam=115)
[focus] FOCUS_GAINED (code=0, x=0, y=0, time=1763079088919, student=quero quero, exam=115)
[focus] FOCUS_GAINED (code=0, x=0, y=0, time=1763079088919, student=quero quero, exam=115)
[focus] FOCUS_GAINED (code=0, x=0, y=0, time=1763079088919, student=quero quero, exam=115)
[focus] FOCUS_GAINED (code=0, x=0, y=0, time=1763079088921, student=quero quero, exam=115)
[focus] FOCUS_GAINED (code=0, x=0, y=0, time=1763079088921, student=quero quero, exam=115)
[focus] FOCUS_GAINED (code=0, x=0, y=0, time=1763079088922, student=quero quero, exam=115)
[focus] FOCUS_GAINED (code=0, x=0, y=0, time=1763079088922, student=quero quero, exam=115)
[focus] FOCUS_GAINED (code=0, x=0, y=0, time=1763079088922, student=quero quero, exam=115)
[focus] FOCUS_GAINED (code=0, x=0, y=0, time=1763079088934, student=quero quero, exam=115)
[mouse] MOUSE_DOWN (code=0, x=510, y=269, time=1763079088950, student=quero quero, exam=115)
[focus] FOCUS_LOST (code=0, x=0, y=0, time=1763079088943, student=quero quero, exam=115)
[focus] FOCUS_LOST (code=0, x=0, y=0, time=1763079090030, student=quero quero, exam=115)
[focus] FOCUS_GAINED (code=0, x=0, y=0, time=1763079138896, student=quero quero, exam=115)
[focus] FOCUS_GAINED (code=0, x=0, y=0, time=1763079138907, student=quero quero, exam=115)
[focus] FOCUS_GAINED (code=0, x=0, y=0, time=1763079138893, student=quero quero, exam=115)
[focus] FOCUS_GAINED (code=0, x=0, y=0, time=1763079138893, student=quero quero, exam=115)
[focus] FOCUS_GAINED (code=0, x=0, y=0, time=1763079138894, student=quero quero, exam=115)
[focus] FOCUS_GAINED (code=0, x=0, y=0, time=1763079138895, student=quero quero, exam=115)
[focus] FOCUS_GAINED (code=0, x=0, y=0, time=1763079138895, student=quero quero, exam=115)
[focus] FOCUS_GAINED (code=0, x=0, y=0, time=1763079138895, student=quero quero, exam=115)
[focus] FOCUS_GAINED (code=0, x=0, y=0, time=1763079138896, student=quero quero, exam=115)
[focus] FOCUS_GAINED (code=0, x=0, y=0, time=1763079138896, student=quero quero, exam=115)
[focus] FOCUS_LOST (code=0, x=0, y=0, time=1763079138918, student=quero quero, exam=115)
[mouse] MOUSE_DOWN (code=0, x=596, y=207, time=1763079138925, student=quero quero, exam=115)
[keyboard]   (code=32, x=0, y=0, time=1763079139558, student=quero quero, exam=115)
[focus] FOCUS_LOST (code=0, x=0, y=0, time=1763079140069, student=quero quero, exam=115)
[focus] FOCUS_LOST (code=0, x=0, y=0, time=1763079140395, student=quero quero, exam=115)
[mouse] MOUSE_DOWN (code=0, x=229, y=228, time=1763079140398, student=quero quero, exam=115)
[keyboard] q (code=113, x=0, y=0, time=1763079140405, student=quero quero, exam=115)
[keyboard] w (code=119, x=0, y=0, time=1763079140412, student=quero quero, exam=115)
[keyboard] q (code=113, x=0, y=0, time=1763079140415, student=quero quero, exam=115)
[keyboard] e (code=101, x=0, y=0, time=1763079140416, student=quero quero, exam=115)
[keyboard] q (code=113, x=0, y=0, time=1763079140526, student=quero quero, exam=115)
[focus] FOCUS_GAINED (code=0, x=0, y=0, time=1763079142005, student=quero quero, exam=115)
[focus] FOCUS_GAINED (code=0, x=0, y=0, time=1763079142017, student=quero quero, exam=115)
[focus] FOCUS_GAINED (code=0, x=0, y=0, time=1763079142018, student=quero quero, exam=115)
[focus] FOCUS_GAINED (code=0, x=0, y=0, time=1763079142019, student=quero quero, exam=115)
[focus] FOCUS_GAINED (code=0, x=0, y=0, time=1763079142028, student=quero quero, exam=115)
[focus] FOCUS_GAINED (code=0, x=0, y=0, time=1763079142029, student=quero quero, exam=115)
[focus] FOCUS_GAINED (code=0, x=0, y=0, time=1763079142031, student=quero quero, exam=115)
[focus] FOCUS_GAINED (code=0, x=0, y=0, time=1763079142032, student=quero quero, exam=115)
[focus] FOCUS_GAINED (code=0, x=0, y=0, time=1763079142034, student=quero quero, exam=115)
[focus] FOCUS_LOST (code=0, x=0, y=0, time=1763079142327, student=quero quero, exam=115)
[mouse] MOUSE_DOWN (code=0, x=161, y=36, time=1763079142330, student=quero quero, exam=115)
[mouse] MOUSE_DOWN (code=0, x=161, y=36, time=1763079142712, student=quero quero, exam=115)
[mouse] MOUSE_DOWN (code=0, x=161, y=36, time=1763079142754, student=quero quero, exam=115)
[keyboard]   (code=32, x=0, y=0, time=1763079143443, student=quero quero, exam=115)
[focus] FOCUS_LOST (code=0, x=0, y=0, time=1763079143784, student=quero quero, exam=115)
[mouse] MOUSE_DOWN (code=0, x=3, y=234, time=1763079144134, student=quero quero, exam=115)
[focus] FOCUS_GAINED (code=0, x=0, y=0, time=1763079145550, student=quero quero, exam=115)
[focus] FOCUS_GAINED (code=0, x=0, y=0, time=1763079145569, student=quero quero, exam=115)
[focus] FOCUS_GAINED (code=0, x=0, y=0, time=1763079145571, student=quero quero, exam=115)
[focus] FOCUS_GAINED (code=0, x=0, y=0, time=1763079145570, student=quero quero, exam=115)
[focus] FOCUS_GAINED (code=0, x=0, y=0, time=1763079145573, student=quero quero, exam=115)
[focus] FOCUS_GAINED (code=0, x=0, y=0, time=1763079145574, student=quero quero, exam=115)
[focus] FOCUS_GAINED (code=0, x=0, y=0, time=1763079145576, student=quero quero, exam=115)
[focus] FOCUS_GAINED (code=0, x=0, y=0, time=1763079145576, student=quero quero, exam=115)
[focus] FOCUS_GAINED (code=0, x=0, y=0, time=1763079145577, student=quero quero, exam=115)
[focus] FOCUS_LOST (code=0, x=0, y=0, time=1763079145821, student=quero quero, exam=115)
[mouse] MOUSE_DOWN (code=0, x=393, y=129, time=1763079145823, student=quero quero, exam=115)
[keyboard] ESC (code=27, x=0, y=0, time=1763079146426, student=quero quero, exam=115)
[focus] FOCUS_GAINED (code=0, x=0, y=0, time=1763079146894, student=quero quero, exam=115)
[mouse] MOUSE_DOWN (code=0, x=106, y=36, time=1763079146897, student=quero quero, exam=115)
[keyboard] ESC (code=27, x=0, y=0, time=1763079147029, student=quero quero, exam=115)
[keyboard] ESC (code=27, x=0, y=0, time=1763079147355, student=quero quero, exam=115)
[keyboard] ESC (code=27, x=0, y=0, time=1763079147636, student=quero quero, exam=115)
[keyboard] ESC (code=27, x=0, y=0, time=1763079147947, student=quero quero, exam=115)
[keyboard] ESC (code=27, x=0, y=0, time=1763079148168, student=quero quero, exam=115)
[mouse] MOUSE_DOWN (code=0, x=106, y=36, time=1763079148331, student=quero quero, exam=115)
[keyboard] q (code=113, x=0, y=0, time=1763079148534, student=quero quero, exam=115)
[keyboard] 1 (code=49, x=0, y=0, time=1763079149021, student=quero quero, exam=115)
[keyboard] 2 (code=50, x=0, y=0, time=1763079149248, student=quero quero, exam=115)
[keyboard] 3 (code=51, x=0, y=0, time=1763079149353, student=quero quero, exam=115)
[keyboard] 4 (code=52, x=0, y=0, time=1763079149566, student=quero quero, exam=115)
[keyboard] 4 (code=52, x=0, y=0, time=1763079150004, student=quero quero, exam=115)
[keyboard] ALT (code=65536, x=0, y=0, time=1763079150560, student=quero quero, exam=115)
[focus] FOCUS_LOST (code=0, x=0, y=0, time=1763079150698, student=quero quero, exam=115)
[focus] FOCUS_GAINED (code=0, x=0, y=0, time=1763079310759, student=quero quero, exam=115)
[focus] FOCUS_GAINED (code=0, x=0, y=0, time=1763079310771, student=quero quero, exam=115)
[focus] FOCUS_GAINED (code=0, x=0, y=0, time=1763079310773, student=quero quero, exam=115)
[focus] FOCUS_GAINED (code=0, x=0, y=0, time=1763079310774, student=quero quero, exam=115)
[focus] FOCUS_GAINED (code=0, x=0, y=0, time=1763079310774, student=quero quero, exam=115)
[focus] FOCUS_GAINED (code=0, x=0, y=0, time=1763079310775, student=quero quero, exam=115)
[focus] FOCUS_GAINED (code=0, x=0, y=0, time=1763079310776, student=quero quero, exam=115)
[focus] FOCUS_GAINED (code=0, x=0, y=0, time=1763079310776, student=quero quero, exam=115)
[focus] FOCUS_GAINED (code=0, x=0, y=0, time=1763079310777, student=quero quero, exam=115)
[focus] FOCUS_LOST (code=0, x=0, y=0, time=1763079312097, student=quero quero, exam=115)
[focus] FOCUS_GAINED (code=0, x=0, y=0, time=1763079312336, student=quero quero, exam=115)
[focus] FOCUS_GAINED (code=0, x=0, y=0, time=1763079312350, student=quero quero, exam=115)
[focus] FOCUS_GAINED (code=0, x=0, y=0, time=1763079312351, student=quero quero, exam=115)
[focus] FOCUS_GAINED (code=0, x=0, y=0, time=1763079312351, student=quero quero, exam=115)
[focus] FOCUS_GAINED (code=0, x=0, y=0, time=1763079312352, student=quero quero, exam=115)
[focus] FOCUS_GAINED (code=0, x=0, y=0, time=1763079312352, student=quero quero, exam=115)
[focus] FOCUS_GAINED (code=0, x=0, y=0, time=1763079312353, student=quero quero, exam=115)
[focus] FOCUS_GAINED (code=0, x=0, y=0, time=1763079312353, student=quero quero, exam=115)
[focus] FOCUS_GAINED (code=0, x=0, y=0, time=1763079312353, student=quero quero, exam=115)
[keyboard] ALT (code=65536, x=0, y=0, time=1763079313039, student=quero quero, exam=115)
[focus] FOCUS_LOST (code=0, x=0, y=0, time=1763079313182, student=quero quero, exam=115)
[focus] FOCUS_GAINED (code=0, x=0, y=0, time=1763079315018, student=quero quero, exam=115)
[focus] FOCUS_GAINED (code=0, x=0, y=0, time=1763079315020, student=quero quero, exam=115)
[focus] FOCUS_GAINED (code=0, x=0, y=0, time=1763079315020, student=quero quero, exam=115)
[focus] FOCUS_GAINED (code=0, x=0, y=0, time=1763079315020, student=quero quero, exam=115)
[focus] FOCUS_GAINED (code=0, x=0, y=0, time=1763079315020, student=quero quero, exam=115)
[focus] FOCUS_GAINED (code=0, x=0, y=0, time=1763079315022, student=quero quero, exam=115)
[focus] FOCUS_GAINED (code=0, x=0, y=0, time=1763079315023, student=quero quero, exam=115)
[focus] FOCUS_GAINED (code=0, x=0, y=0, time=1763079315024, student=quero quero, exam=115)
[focus] FOCUS_GAINED (code=0, x=0, y=0, time=1763079315043, student=quero quero, exam=115)
[focus] FOCUS_GAINED (code=0, x=0, y=0, time=1763079315023, student=quero quero, exam=115)
[mouse] MOUSE_DOWN (code=0, x=433, y=252, time=1763079315060, student=quero quero, exam=115)
[focus] FOCUS_LOST (code=0, x=0, y=0, time=1763079315054, student=quero quero, exam=115)
[keyboard]   (code=32, x=0, y=0, time=1763079315559, student=quero quero, exam=115)
[focus] FOCUS_LOST (code=0, x=0, y=0, time=1763079315944, student=quero quero, exam=115)
[focus] FOCUS_GAINED (code=0, x=0, y=0, time=1763079316070, student=quero quero, exam=115)
[focus] FOCUS_GAINED (code=0, x=0, y=0, time=1763079316118, student=quero quero, exam=115)
[focus] FOCUS_GAINED (code=0, x=0, y=0, time=1763079316118, student=quero quero, exam=115)
[focus] FOCUS_GAINED (code=0, x=0, y=0, time=1763079316119, student=quero quero, exam=115)
[focus] FOCUS_GAINED (code=0, x=0, y=0, time=1763079316121, student=quero quero, exam=115)
[focus] FOCUS_GAINED (code=0, x=0, y=0, time=1763079316121, student=quero quero, exam=115)
[focus] FOCUS_GAINED (code=0, x=0, y=0, time=1763079316122, student=quero quero, exam=115)
[mouse] MOUSE_DOWN (code=0, x=102, y=271, time=1763079316480, student=quero quero, exam=115)
[keyboard] q (code=113, x=0, y=0, time=1763079316485, student=quero quero, exam=115)
[keyboard] w (code=119, x=0, y=0, time=1763079316495, student=quero quero, exam=115)
[keyboard] e (code=101, x=0, y=0, time=1763079316599, student=quero quero, exam=115)
[keyboard] q (code=113, x=0, y=0, time=1763079316934, student=quero quero, exam=115)
[keyboard] w (code=119, x=0, y=0, time=1763079317031, student=quero quero, exam=115)
[keyboard] e (code=101, x=0, y=0, time=1763079317175, student=quero quero, exam=115)
[keyboard] q (code=113, x=0, y=0, time=1763079317295, student=quero quero, exam=115)
[keyboard] w (code=119, x=0, y=0, time=1763079317488, student=quero quero, exam=115)
[keyboard] e (code=101, x=0, y=0, time=1763079317520, student=quero quero, exam=115)
[keyboard] q (code=113, x=0, y=0, time=1763079317672, student=quero quero, exam=115)
[keyboard] w (code=119, x=0, y=0, time=1763079317724, student=quero quero, exam=115)
[keyboard] e (code=101, x=0, y=0, time=1763079317819, student=quero quero, exam=115)
[mouse] MOUSE_DOWN (code=0, x=102, y=271, time=1763079318123, student=quero quero, exam=115)
[keyboard] w (code=119, x=0, y=0, time=1763079318888, student=quero quero, exam=115)
[keyboard] q (code=113, x=0, y=0, time=1763079319225, student=quero quero, exam=115)
[keyboard] e (code=101, x=0, y=0, time=1763079319230, student=quero quero, exam=115)
[keyboard] 1 (code=49, x=0, y=0, time=1763079319403, student=quero quero, exam=115)
[keyboard] 3 (code=51, x=0, y=0, time=1763079319848, student=quero quero, exam=115)
[keyboard] 4 (code=52, x=0, y=0, time=1763079320149, student=quero quero, exam=115)
[keyboard] 3 (code=51, x=0, y=0, time=1763079320348, student=quero quero, exam=115)
[keyboard] 4 (code=52, x=0, y=0, time=1763079320451, student=quero quero, exam=115)
[keyboard] 2 (code=50, x=0, y=0, time=1763079320635, student=quero quero, exam=115)
[keyboard] 4 (code=52, x=0, y=0, time=1763079320708, student=quero quero, exam=115)
[keyboard] 2 (code=50, x=0, y=0, time=1763079320823, student=quero quero, exam=115)
[keyboard] 4 (code=52, x=0, y=0, time=1763079320998, student=quero quero, exam=115)
[keyboard] F3 (code=16777228, x=0, y=0, time=1763079321145, student=quero quero, exam=115)
[keyboard] F2 (code=16777227, x=0, y=0, time=1763079321313, student=quero quero, exam=115)
[focus] FOCUS_GAINED (code=0, x=0, y=0, time=1763079321859, student=quero quero, exam=115)
[focus] FOCUS_GAINED (code=0, x=0, y=0, time=1763079321871, student=quero quero, exam=115)
[focus] FOCUS_GAINED (code=0, x=0, y=0, time=1763079321872, student=quero quero, exam=115)
[focus] FOCUS_GAINED (code=0, x=0, y=0, time=1763079321872, student=quero quero, exam=115)
[focus] FOCUS_GAINED (code=0, x=0, y=0, time=1763079321873, student=quero quero, exam=115)
[focus] FOCUS_GAINED (code=0, x=0, y=0, time=1763079321874, student=quero quero, exam=115)
[focus] FOCUS_GAINED (code=0, x=0, y=0, time=1763079321875, student=quero quero, exam=115)
[focus] FOCUS_GAINED (code=0, x=0, y=0, time=1763079321875, student=quero quero, exam=115)
[focus] FOCUS_GAINED (code=0, x=0, y=0, time=1763079321876, student=quero quero, exam=115)
[keyboard] 1 (code=49, x=0, y=0, time=1763079322785, student=quero quero, exam=115)
[keyboard] 2 (code=50, x=0, y=0, time=1763079323262, student=quero quero, exam=115)
[keyboard] 3 (code=51, x=0, y=0, time=1763079323532, student=quero quero, exam=115)
[keyboard] 4 (code=52, x=0, y=0, time=1763079323803, student=quero quero, exam=115)
[keyboard] 5 (code=53, x=0, y=0, time=1763079324080, student=quero quero, exam=115)
[focus] FOCUS_LOST (code=0, x=0, y=0, time=1763079324378, student=quero quero, exam=115)
[mouse] MOUSE_DOWN (code=0, x=397, y=249, time=1763079324388, student=quero quero, exam=115)
[keyboard]   (code=32, x=0, y=0, time=1763079324821, student=quero quero, exam=115)
[focus] FOCUS_LOST (code=0, x=0, y=0, time=1763079325308, student=quero quero, exam=115)
[focus] FOCUS_GAINED (code=0, x=0, y=0, time=1763079325529, student=quero quero, exam=115)
[focus] FOCUS_GAINED (code=0, x=0, y=0, time=1763079325529, student=quero quero, exam=115)
[focus] FOCUS_GAINED (code=0, x=0, y=0, time=1763079325531, student=quero quero, exam=115)
[focus] FOCUS_GAINED (code=0, x=0, y=0, time=1763079325531, student=quero quero, exam=115)
[focus] FOCUS_GAINED (code=0, x=0, y=0, time=1763079325532, student=quero quero, exam=115)
[focus] FOCUS_GAINED (code=0, x=0, y=0, time=1763079325532, student=quero quero, exam=115)
[mouse] MOUSE_DOWN (code=0, x=66, y=268, time=1763079325879, student=quero quero, exam=115)
[mouse] MOUSE_DOWN (code=0, x=66, y=268, time=1763079325887, student=quero quero, exam=115)
[focus] FOCUS_GAINED (code=0, x=0, y=0, time=1763079326996, student=quero quero, exam=115)
[focus] FOCUS_GAINED (code=0, x=0, y=0, time=1763079327005, student=quero quero, exam=115)
[focus] FOCUS_GAINED (code=0, x=0, y=0, time=1763079327007, student=quero quero, exam=115)
[focus] FOCUS_GAINED (code=0, x=0, y=0, time=1763079327008, student=quero quero, exam=115)
[focus] FOCUS_GAINED (code=0, x=0, y=0, time=1763079327009, student=quero quero, exam=115)
[focus] FOCUS_GAINED (code=0, x=0, y=0, time=1763079327010, student=quero quero, exam=115)
[focus] FOCUS_GAINED (code=0, x=0, y=0, time=1763079327010, student=quero quero, exam=115)
[focus] FOCUS_GAINED (code=0, x=0, y=0, time=1763079327011, student=quero quero, exam=115)
[focus] FOCUS_GAINED (code=0, x=0, y=0, time=1763079327011, student=quero quero, exam=115)
[keyboard] ESC (code=27, x=0, y=0, time=1763079327339, student=quero quero, exam=115)
[focus] FOCUS_LOST (code=0, x=0, y=0, time=1763079327552, student=quero quero, exam=115)
[mouse] MOUSE_DOWN (code=0, x=40, y=8, time=1763079327566, student=quero quero, exam=115)
[keyboard] F2 (code=16777227, x=0, y=0, time=1763079328022, student=quero quero, exam=115)
[focus] FOCUS_LOST (code=0, x=0, y=0, time=1763079328694, student=quero quero, exam=115)
[mouse] MOUSE_DOWN (code=0, x=49, y=92, time=1763079328696, student=quero quero, exam=115)
[focus] FOCUS_LOST (code=0, x=0, y=0, time=1763079329029, student=quero quero, exam=115)
[mouse] MOUSE_DOWN (code=0, x=546, y=203, time=1763079329033, student=quero quero, exam=115)
[mouse] MOUSE_DOWN (code=0, x=546, y=203, time=1763079329285, student=quero quero, exam=115)
[focus] FOCUS_GAINED (code=0, x=0, y=0, time=1763079329909, student=quero quero, exam=115)
[focus] FOCUS_GAINED (code=0, x=0, y=0, time=1763079329910, student=quero quero, exam=115)
[mouse] MOUSE_DOWN (code=0, x=174, y=2, time=1763079329912, student=quero quero, exam=115)
[focus] FOCUS_LOST (code=0, x=0, y=0, time=1763079330499, student=quero quero, exam=115)
[mouse] MOUSE_DOWN (code=0, x=126, y=2, time=1763079330512, student=quero quero, exam=115)
[mouse] MOUSE_DOWN (code=0, x=110, y=2, time=1763079330876, student=quero quero, exam=115)
[mouse] MOUSE_DOWN (code=0, x=93, y=5, time=1763079331271, student=quero quero, exam=115)
[mouse] MOUSE_DOWN (code=0, x=93, y=5, time=1763079331656, student=quero quero, exam=115)
[focus] FOCUS_LOST (code=0, x=0, y=0, time=1763079335434, student=quero quero, exam=115)
[focus] FOCUS_GAINED (code=0, x=0, y=0, time=1763079790081, student=quero quero, exam=115)
[focus] FOCUS_GAINED (code=0, x=0, y=0, time=1763079790094, student=quero quero, exam=115)
[focus] FOCUS_GAINED (code=0, x=0, y=0, time=1763079790095, student=quero quero, exam=115)
[focus] FOCUS_GAINED (code=0, x=0, y=0, time=1763079790096, student=quero quero, exam=115)
[focus] FOCUS_GAINED (code=0, x=0, y=0, time=1763079790097, student=quero quero, exam=115)
[focus] FOCUS_GAINED (code=0, x=0, y=0, time=1763079790097, student=quero quero, exam=115)
[focus] FOCUS_GAINED (code=0, x=0, y=0, time=1763079790098, student=quero quero, exam=115)
[focus] FOCUS_GAINED (code=0, x=0, y=0, time=1763079790099, student=quero quero, exam=115)
[focus] FOCUS_GAINED (code=0, x=0, y=0, time=1763079790100, student=quero quero, exam=115)
[focus] FOCUS_LOST (code=0, x=0, y=0, time=1763079792277, student=quero quero, exam=115)
[mouse] MOUSE_DOWN (code=0, x=514, y=293, time=1763079792279, student=quero quero, exam=115)
[keyboard] ALT (code=65536, x=0, y=0, time=1763079792665, student=quero quero, exam=115)
[focus] FOCUS_LOST (code=0, x=0, y=0, time=1763079792889, student=quero quero, exam=115)
[focus] FOCUS_GAINED (code=0, x=0, y=0, time=1763079796785, student=quero quero, exam=115)
[focus] FOCUS_GAINED (code=0, x=0, y=0, time=1763079796784, student=quero quero, exam=115)
[focus] FOCUS_GAINED (code=0, x=0, y=0, time=1763079796786, student=quero quero, exam=115)
[focus] FOCUS_GAINED (code=0, x=0, y=0, time=1763079796801, student=quero quero, exam=115)
[focus] FOCUS_GAINED (code=0, x=0, y=0, time=1763079796784, student=quero quero, exam=115)
[focus] FOCUS_GAINED (code=0, x=0, y=0, time=1763079796783, student=quero quero, exam=115)
[focus] FOCUS_GAINED (code=0, x=0, y=0, time=1763079796787, student=quero quero, exam=115)
[focus] FOCUS_GAINED (code=0, x=0, y=0, time=1763079796784, student=quero quero, exam=115)
[focus] FOCUS_GAINED (code=0, x=0, y=0, time=1763079796786, student=quero quero, exam=115)
[focus] FOCUS_GAINED (code=0, x=0, y=0, time=1763079796786, student=quero quero, exam=115)
[focus] FOCUS_LOST (code=0, x=0, y=0, time=1763079796812, student=quero quero, exam=115)
[mouse] MOUSE_DOWN (code=0, x=511, y=235, time=1763079796818, student=quero quero, exam=115)
[keyboard]   (code=32, x=0, y=0, time=1763079797151, student=quero quero, exam=115)
[focus] FOCUS_LOST (code=0, x=0, y=0, time=1763079797440, student=quero quero, exam=115)
[keyboard] q (code=113, x=0, y=0, time=1763079797599, student=quero quero, exam=115)
[keyboard] w (code=119, x=0, y=0, time=1763079797602, student=quero quero, exam=115)
[keyboard] e (code=101, x=0, y=0, time=1763079797603, student=quero quero, exam=115)
[keyboard] q (code=113, x=0, y=0, time=1763079797681, student=quero quero, exam=115)
[keyboard] w (code=119, x=0, y=0, time=1763079797697, student=quero quero, exam=115)
[focus] FOCUS_LOST (code=0, x=0, y=0, time=1763079798841, student=quero quero, exam=115)
[mouse] MOUSE_DOWN (code=0, x=15, y=0, time=1763079798855, student=quero quero, exam=115)
[focus] FOCUS_GAINED (code=0, x=0, y=0, time=1763079798963, student=quero quero, exam=115)
[focus] FOCUS_GAINED (code=0, x=0, y=0, time=1763079798972, student=quero quero, exam=115)
[focus] FOCUS_GAINED (code=0, x=0, y=0, time=1763079798977, student=quero quero, exam=115)
[focus] FOCUS_GAINED (code=0, x=0, y=0, time=1763079798979, student=quero quero, exam=115)
[focus] FOCUS_GAINED (code=0, x=0, y=0, time=1763079798981, student=quero quero, exam=115)
[focus] FOCUS_GAINED (code=0, x=0, y=0, time=1763079798980, student=quero quero, exam=115)
[focus] FOCUS_GAINED (code=0, x=0, y=0, time=1763079798982, student=quero quero, exam=115)
[focus] FOCUS_GAINED (code=0, x=0, y=0, time=1763079798983, student=quero quero, exam=115)
[focus] FOCUS_GAINED (code=0, x=0, y=0, time=1763079798983, student=quero quero, exam=115)
[focus] FOCUS_LOST (code=0, x=0, y=0, time=1763079799269, student=quero quero, exam=115)
[mouse] MOUSE_DOWN (code=0, x=233, y=91, time=1763079799272, student=quero quero, exam=115)
[mouse] MOUSE_DOWN (code=0, x=233, y=91, time=1763079799490, student=quero quero, exam=115)
[mouse] MOUSE_DOWN (code=0, x=233, y=91, time=1763079799812, student=quero quero, exam=115)
[mouse] MOUSE_DOWN (code=0, x=233, y=91, time=1763079799890, student=quero quero, exam=115)
[mouse] MOUSE_DOWN (code=0, x=233, y=91, time=1763079800313, student=quero quero, exam=115)
[mouse] MOUSE_DOWN (code=0, x=233, y=91, time=1763079800520, student=quero quero, exam=115)
[mouse] MOUSE_DOWN (code=0, x=233, y=91, time=1763079800542, student=quero quero, exam=115)
[mouse] MOUSE_DOWN (code=0, x=233, y=91, time=1763079800768, student=quero quero, exam=115)
[mouse] MOUSE_DOWN (code=0, x=233, y=91, time=1763079800797, student=quero quero, exam=115)
[mouse] MOUSE_DOWN (code=0, x=233, y=91, time=1763079800986, student=quero quero, exam=115)
[mouse] MOUSE_DOWN (code=0, x=233, y=91, time=1763079801024, student=quero quero, exam=115)
[mouse] MOUSE_DOWN (code=0, x=233, y=91, time=1763079801196, student=quero quero, exam=115)
[mouse] MOUSE_DOWN (code=0, x=233, y=91, time=1763079801246, student=quero quero, exam=115)
[mouse] MOUSE_DOWN (code=0, x=233, y=91, time=1763079801390, student=quero quero, exam=115)
[mouse] MOUSE_DOWN (code=0, x=233, y=91, time=1763079801452, student=quero quero, exam=115)
[mouse] MOUSE_DOWN (code=0, x=233, y=91, time=1763079801589, student=quero quero, exam=115)
[mouse] MOUSE_DOWN (code=0, x=233, y=91, time=1763079801658, student=quero quero, exam=115)
[mouse] MOUSE_DOWN (code=0, x=233, y=91, time=1763079801804, student=quero quero, exam=115)
[mouse] MOUSE_DOWN (code=0, x=233, y=91, time=1763079801855, student=quero quero, exam=115)
[mouse] MOUSE_DOWN (code=0, x=233, y=91, time=1763079801983, student=quero quero, exam=115)
[mouse] MOUSE_DOWN (code=0, x=233, y=91, time=1763079802057, student=quero quero, exam=115)
[mouse] MOUSE_DOWN (code=0, x=233, y=91, time=1763079802178, student=quero quero, exam=115)
[mouse] MOUSE_DOWN (code=0, x=233, y=91, time=1763079802230, student=quero quero, exam=115)
[mouse] MOUSE_DOWN (code=0, x=233, y=91, time=1763079802419, student=quero quero, exam=115)
[mouse] MOUSE_DOWN (code=0, x=233, y=91, time=1763079802460, student=quero quero, exam=115)
[focus] FOCUS_LOST (code=0, x=0, y=0, time=1763079805724, student=quero quero, exam=115)
[focus] FOCUS_GAINED (code=0, x=0, y=0, time=1763079807862, student=quero quero, exam=115)
[focus] FOCUS_GAINED (code=0, x=0, y=0, time=1763079807857, student=quero quero, exam=115)
[focus] FOCUS_GAINED (code=0, x=0, y=0, time=1763079807859, student=quero quero, exam=115)
[focus] FOCUS_GAINED (code=0, x=0, y=0, time=1763079807860, student=quero quero, exam=115)
[focus] FOCUS_GAINED (code=0, x=0, y=0, time=1763079807861, student=quero quero, exam=115)
[focus] FOCUS_GAINED (code=0, x=0, y=0, time=1763079807860, student=quero quero, exam=115)
[focus] FOCUS_GAINED (code=0, x=0, y=0, time=1763079807863, student=quero quero, exam=115)
[focus] FOCUS_GAINED (code=0, x=0, y=0, time=1763079807864, student=quero quero, exam=115)
[focus] FOCUS_GAINED (code=0, x=0, y=0, time=1763079807865, student=quero quero, exam=115)
[focus] FOCUS_GAINED (code=0, x=0, y=0, time=1763079807866, student=quero quero, exam=115)
[focus] FOCUS_GAINED (code=0, x=0, y=0, time=1763079807883, student=quero quero, exam=115)
[focus] FOCUS_LOST (code=0, x=0, y=0, time=1763079807894, student=quero quero, exam=115)
[mouse] MOUSE_DOWN (code=0, x=153, y=30, time=1763079807900, student=quero quero, exam=115)
[focus] FOCUS_LOST (code=0, x=0, y=0, time=1763079808278, student=quero quero, exam=115)
[mouse] MOUSE_DOWN (code=0, x=23, y=2, time=1763079808285, student=quero quero, exam=115)
[mouse] MOUSE_DOWN (code=0, x=23, y=2, time=1763079808653, student=quero quero, exam=115)
[mouse] MOUSE_DOWN (code=0, x=23, y=2, time=1763079808654, student=quero quero, exam=115)
[focus] FOCUS_LOST (code=0, x=0, y=0, time=1763079808761, student=quero quero, exam=115)
[mouse] MOUSE_DOWN (code=0, x=79, y=8, time=1763079808769, student=quero quero, exam=115)
[mouse] MOUSE_DOWN (code=0, x=49, y=69, time=1763079808856, student=quero quero, exam=115)
[focus] FOCUS_LOST (code=0, x=0, y=0, time=1763079809169, student=quero quero, exam=115)
[mouse] MOUSE_DOWN (code=0, x=251, y=208, time=1763079809174, student=quero quero, exam=115)
[mouse] MOUSE_DOWN (code=0, x=250, y=208, time=1763079809188, student=quero quero, exam=115)
[mouse] MOUSE_DOWN (code=0, x=250, y=208, time=1763079809477, student=quero quero, exam=115)
[mouse] MOUSE_DOWN (code=0, x=250, y=208, time=1763079809704, student=quero quero, exam=115)
[mouse] MOUSE_DOWN (code=0, x=250, y=208, time=1763079809725, student=quero quero, exam=115)
[keyboard]   (code=32, x=0, y=0, time=1763079810221, student=quero quero, exam=115)
[focus] FOCUS_LOST (code=0, x=0, y=0, time=1763079810794, student=quero quero, exam=115)
[focus] FOCUS_GAINED (code=0, x=0, y=0, time=1763079811099, student=quero quero, exam=115)
[focus] FOCUS_GAINED (code=0, x=0, y=0, time=1763079811100, student=quero quero, exam=115)
[focus] FOCUS_GAINED (code=0, x=0, y=0, time=1763079811101, student=quero quero, exam=115)
[focus] FOCUS_GAINED (code=0, x=0, y=0, time=1763079811101, student=quero quero, exam=115)
[focus] FOCUS_GAINED (code=0, x=0, y=0, time=1763079811102, student=quero quero, exam=115)
[focus] FOCUS_GAINED (code=0, x=0, y=0, time=1763079811104, student=quero quero, exam=115)
[keyboard]   (code=32, x=0, y=0, time=1763079811790, student=quero quero, exam=115)
[keyboard]   (code=32, x=0, y=0, time=1763079812376, student=quero quero, exam=115)
[focus] FOCUS_GAINED (code=0, x=0, y=0, time=1763079812979, student=quero quero, exam=115)
[focus] FOCUS_GAINED (code=0, x=0, y=0, time=1763079812988, student=quero quero, exam=115)
[focus] FOCUS_GAINED (code=0, x=0, y=0, time=1763079812989, student=quero quero, exam=115)
[focus] FOCUS_GAINED (code=0, x=0, y=0, time=1763079812991, student=quero quero, exam=115)
[focus] FOCUS_GAINED (code=0, x=0, y=0, time=1763079812993, student=quero quero, exam=115)
[focus] FOCUS_GAINED (code=0, x=0, y=0, time=1763079812994, student=quero quero, exam=115)
[focus] FOCUS_GAINED (code=0, x=0, y=0, time=1763079812994, student=quero quero, exam=115)
[focus] FOCUS_GAINED (code=0, x=0, y=0, time=1763079812995, student=quero quero, exam=115)
[focus] FOCUS_GAINED (code=0, x=0, y=0, time=1763079812995, student=quero quero, exam=115)
[focus] FOCUS_LOST (code=0, x=0, y=0, time=1763079815648, student=quero quero, exam=115)
[mouse] MOUSE_DOWN (code=0, x=566, y=229, time=1763079815650, student=quero quero, exam=115)
[mouse] MOUSE_DOWN (code=0, x=566, y=229, time=1763079816023, student=quero quero, exam=115)
[focus] FOCUS_GAINED (code=0, x=0, y=0, time=1763079816141, student=quero quero, exam=115)
[focus] FOCUS_GAINED (code=0, x=0, y=0, time=1763079816141, student=quero quero, exam=115)
[mouse] MOUSE_DOWN (code=0, x=21, y=0, time=1763079816145, student=quero quero, exam=115)
[mouse] MOUSE_DOWN (code=0, x=21, y=0, time=1763079816146, student=quero quero, exam=115)
[focus] FOCUS_LOST (code=0, x=0, y=0, time=1763079817750, student=quero quero, exam=115)
[focus] FOCUS_GAINED (code=0, x=0, y=0, time=1763079818181, student=quero quero, exam=115)
[focus] FOCUS_GAINED (code=0, x=0, y=0, time=1763079818182, student=quero quero, exam=115)
[focus] FOCUS_GAINED (code=0, x=0, y=0, time=1763079818179, student=quero quero, exam=115)
[focus] FOCUS_GAINED (code=0, x=0, y=0, time=1763079818179, student=quero quero, exam=115)
[focus] FOCUS_GAINED (code=0, x=0, y=0, time=1763079818179, student=quero quero, exam=115)
[focus] FOCUS_GAINED (code=0, x=0, y=0, time=1763079818686, student=quero quero, exam=115)
[focus] FOCUS_GAINED (code=0, x=0, y=0, time=1763079818686, student=quero quero, exam=115)
[focus] FOCUS_GAINED (code=0, x=0, y=0, time=1763079818686, student=quero quero, exam=115)
[focus] FOCUS_GAINED (code=0, x=0, y=0, time=1763079818687, student=quero quero, exam=115)
[focus] FOCUS_GAINED (code=0, x=0, y=0, time=1763079818711, student=quero quero, exam=115)
[focus] FOCUS_GAINED (code=0, x=0, y=0, time=1763079818713, student=quero quero, exam=115)
[focus] FOCUS_GAINED (code=0, x=0, y=0, time=1763079818714, student=quero quero, exam=115)
[focus] FOCUS_GAINED (code=0, x=0, y=0, time=1763079818782, student=quero quero, exam=115)
[focus] FOCUS_GAINED (code=0, x=0, y=0, time=1763079818788, student=quero quero, exam=115)
[focus] FOCUS_GAINED (code=0, x=0, y=0, time=1763079818881, student=quero quero, exam=115)
[focus] FOCUS_GAINED (code=0, x=0, y=0, time=1763079819724, student=quero quero, exam=115)
