[keyboard] CTRL_C (code=0, x=0, y=0, time=0, student=zxz, exam=zxxz)
[focus] IDE_FOCUS_LOST (code=0, x=0, y=0, time=0, student=zxz, exam=zxxz)
[focus] IDE_FOCUS_GAINED (code=0, x=0, y=0, time=0, student=zxz, exam=zxxz)
[keyboard] CTRL_C (code=0, x=0, y=0, time=0, student=zxz, exam=zxxz)
[keyboard] CTRL_C (code=0, x=0, y=0, time=0, student=zxz, exam=zxxz)
[keyboard] CTRL_C (code=0, x=0, y=0, time=0, student=zxz, exam=zxxz)
[keyboard] CTRL_C (code=0, x=0, y=0, time=0, student=zxz, exam=zxxz)
[focus] IDE_FOCUS_LOST (code=0, x=0, y=0, time=0, student=zxz, exam=zxxz)
[vision] SEM_ROSTO (code=0, x=0, y=0, time=1766780003254, student=zxz, exam=zxxz)
[vision_frame] null (code=0, x=0, y=0, time=0, student=zxz, exam=zxxz)
[vision] SEM_ROSTO (code=0, x=0, y=0, time=1766780004361, student=zxz, exam=zxxz)
[vision] SEM_ROSTO (code=0, x=0, y=0, time=1766780005409, student=zxz, exam=zxxz)
[vision] SEM_ROSTO (code=0, x=0, y=0, time=1766780006423, student=zxz, exam=zxxz)
[vision_frame] null (code=0, x=0, y=0, time=0, student=zxz, exam=zxxz)
[vision] ROSTO_CENTRO (code=0, x=0, y=0, time=1766780006487, student=zxz, exam=zxxz)
[vision] SEM_ROSTO (code=0, x=0, y=0, time=1766780006548, student=zxz, exam=zxxz)
[vision] ROSTO_CENTRO (code=0, x=0, y=0, time=1766780006981, student=zxz, exam=zxxz)
[vision] SEM_ROSTO (code=0, x=0, y=0, time=1766780007045, student=zxz, exam=zxxz)
[vision] ROSTO_CENTRO (code=0, x=0, y=0, time=1766780007151, student=zxz, exam=zxxz)
[vision] SEM_ROSTO (code=0, x=0, y=0, time=1766780007429, student=zxz, exam=zxxz)
[vision] ROSTO_CENTRO (code=0, x=0, y=0, time=1766780007596, student=zxz, exam=zxxz)
[vision] SEM_ROSTO (code=0, x=0, y=0, time=1766780008082, student=zxz, exam=zxxz)
[vision] SEM_ROSTO (code=0, x=0, y=0, time=1766780009096, student=zxz, exam=zxxz)
[vision_frame] null (code=0, x=0, y=0, time=0, student=zxz, exam=zxxz)
[vision] SEM_ROSTO (code=0, x=0, y=0, time=1766780010168, student=zxz, exam=zxxz)
[vision] SEM_ROSTO (code=0, x=0, y=0, time=1766780011215, student=zxz, exam=zxxz)
[vision] ROSTO_CENTRO (code=0, x=0, y=0, time=1766780011763, student=zxz, exam=zxxz)
[vision] SEM_ROSTO (code=0, x=0, y=0, time=1766780011876, student=zxz, exam=zxxz)
[vision_frame] null (code=0, x=0, y=0, time=0, student=zxz, exam=zxxz)
[vision] SEM_ROSTO (code=0, x=0, y=0, time=1766780012912, student=zxz, exam=zxxz)
[vision] SEM_ROSTO (code=0, x=0, y=0, time=1766780013951, student=zxz, exam=zxxz)
[vision] ROSTO_CENTRO (code=0, x=0, y=0, time=1766780014380, student=zxz, exam=zxxz)
[vision] SEM_ROSTO (code=0, x=0, y=0, time=1766780014497, student=zxz, exam=zxxz)
[vision_frame] null (code=0, x=0, y=0, time=0, student=zxz, exam=zxxz)
[vision] SEM_ROSTO (code=0, x=0, y=0, time=1766780015498, student=zxz, exam=zxxz)
[vision] ROSTO_CENTRO (code=0, x=0, y=0, time=1766780015665, student=zxz, exam=zxxz)
[vision] SEM_ROSTO (code=0, x=0, y=0, time=1766780015775, student=zxz, exam=zxxz)
[vision] SEM_ROSTO (code=0, x=0, y=0, time=1766780016823, student=zxz, exam=zxxz)
[vision] SEM_ROSTO (code=0, x=0, y=0, time=1766780017852, student=zxz, exam=zxxz)
[vision] ROSTO_CENTRO (code=0, x=0, y=0, time=1766780018272, student=zxz, exam=zxxz)
[vision] SEM_ROSTO (code=0, x=0, y=0, time=1766780018359, student=zxz, exam=zxxz)
[vision_frame] null (code=0, x=0, y=0, time=0, student=zxz, exam=zxxz)
[vision] ROSTO_CENTRO (code=0, x=0, y=0, time=1766780018842, student=zxz, exam=zxxz)
[vision] SEM_ROSTO (code=0, x=0, y=0, time=1766780018929, student=zxz, exam=zxxz)
[vision] SEM_ROSTO (code=0, x=0, y=0, time=1766780019938, student=zxz, exam=zxxz)
[vision] ROSTO_DIREITA (code=0, x=0, y=0, time=1766780020030, student=zxz, exam=zxxz)
[vision] SEM_ROSTO (code=0, x=0, y=0, time=1766780020121, student=zxz, exam=zxxz)
[vision] ROSTO_DIREITA (code=0, x=0, y=0, time=1766780020213, student=zxz, exam=zxxz)
[vision] SEM_ROSTO (code=0, x=0, y=0, time=1766780020431, student=zxz, exam=zxxz)
[vision] ROSTO_DIREITA (code=0, x=0, y=0, time=1766780020636, student=zxz, exam=zxxz)
[vision] SEM_ROSTO (code=0, x=0, y=0, time=1766780020729, student=zxz, exam=zxxz)
[vision_frame] null (code=0, x=0, y=0, time=0, student=zxz, exam=zxxz)
[vision] ROSTO_DIREITA (code=0, x=0, y=0, time=1766780021664, student=zxz, exam=zxxz)
[vision] SEM_ROSTO (code=0, x=0, y=0, time=1766780021793, student=zxz, exam=zxxz)
[vision] ROSTO_DIREITA (code=0, x=0, y=0, time=1766780022344, student=zxz, exam=zxxz)
[vision] SEM_ROSTO (code=0, x=0, y=0, time=1766780022455, student=zxz, exam=zxxz)
[vision] SEM_ROSTO (code=0, x=0, y=0, time=1766780023551, student=zxz, exam=zxxz)
[vision] SEM_ROSTO (code=0, x=0, y=0, time=1766780024558, student=zxz, exam=zxxz)
[vision] ROSTO_CENTRO (code=0, x=0, y=0, time=1766780024663, student=zxz, exam=zxxz)
[vision_frame] null (code=0, x=0, y=0, time=0, student=zxz, exam=zxxz)
[vision] SEM_ROSTO (code=0, x=0, y=0, time=1766780024834, student=zxz, exam=zxxz)
[vision] ROSTO_CENTRO (code=0, x=0, y=0, time=1766780025121, student=zxz, exam=zxxz)
[vision] SEM_ROSTO (code=0, x=0, y=0, time=1766780025306, student=zxz, exam=zxxz)
[vision] ROSTO_CENTRO (code=0, x=0, y=0, time=1766780026078, student=zxz, exam=zxxz)
[vision] SEM_ROSTO (code=0, x=0, y=0, time=1766780026162, student=zxz, exam=zxxz)
[vision] ROSTO_CENTRO (code=0, x=0, y=0, time=1766780026250, student=zxz, exam=zxxz)
[vision] SEM_ROSTO (code=0, x=0, y=0, time=1766780026333, student=zxz, exam=zxxz)
[vision] ROSTO_CENTRO (code=0, x=0, y=0, time=1766780027267, student=zxz, exam=zxxz)
[vision] SEM_ROSTO (code=0, x=0, y=0, time=1766780027355, student=zxz, exam=zxxz)
[vision] ROSTO_CENTRO (code=0, x=0, y=0, time=1766780027452, student=zxz, exam=zxxz)
[vision_frame] null (code=0, x=0, y=0, time=0, student=zxz, exam=zxxz)
[vision] SEM_ROSTO (code=0, x=0, y=0, time=1766780027854, student=zxz, exam=zxxz)
[vision] ROSTO_CENTRO (code=0, x=0, y=0, time=1766780028164, student=zxz, exam=zxxz)
[vision] SEM_ROSTO (code=0, x=0, y=0, time=1766780028253, student=zxz, exam=zxxz)
[vision] SEM_ROSTO (code=0, x=0, y=0, time=1766780029262, student=zxz, exam=zxxz)
[vision] SEM_ROSTO (code=0, x=0, y=0, time=1766780030279, student=zxz, exam=zxxz)
[vision_frame] null (code=0, x=0, y=0, time=0, student=zxz, exam=zxxz)
[vision] ROSTO_CENTRO (code=0, x=0, y=0, time=1766780031263, student=zxz, exam=zxxz)
[vision] SEM_ROSTO (code=0, x=0, y=0, time=1766780031360, student=zxz, exam=zxxz)
[vision] ROSTO_CENTRO (code=0, x=0, y=0, time=1766780031469, student=zxz, exam=zxxz)
[vision] SEM_ROSTO (code=0, x=0, y=0, time=1766780031747, student=zxz, exam=zxxz)
[vision] ROSTO_CENTRO (code=0, x=0, y=0, time=1766780032596, student=zxz, exam=zxxz)
[vision] SEM_ROSTO (code=0, x=0, y=0, time=1766780033082, student=zxz, exam=zxxz)
[vision] ROSTO_CENTRO (code=0, x=0, y=0, time=1766780033186, student=zxz, exam=zxxz)
[vision] SEM_ROSTO (code=0, x=0, y=0, time=1766780033381, student=zxz, exam=zxxz)
[vision_frame] null (code=0, x=0, y=0, time=0, student=zxz, exam=zxxz)
[vision] ROSTO_DIREITA (code=0, x=0, y=0, time=1766780033999, student=zxz, exam=zxxz)
[vision] SEM_ROSTO (code=0, x=0, y=0, time=1766780034113, student=zxz, exam=zxxz)
[vision] ROSTO_DIREITA (code=0, x=0, y=0, time=1766780035027, student=zxz, exam=zxxz)
[vision] SEM_ROSTO (code=0, x=0, y=0, time=1766780035117, student=zxz, exam=zxxz)
[vision] ROSTO_CENTRO (code=0, x=0, y=0, time=1766780035748, student=zxz, exam=zxxz)
[vision] SEM_ROSTO (code=0, x=0, y=0, time=1766780035822, student=zxz, exam=zxxz)
[vision] SEM_ROSTO (code=0, x=0, y=0, time=1766780036864, student=zxz, exam=zxxz)
[vision_frame] null (code=0, x=0, y=0, time=0, student=zxz, exam=zxxz)
[vision] SEM_ROSTO (code=0, x=0, y=0, time=1766780037914, student=zxz, exam=zxxz)
[vision] SEM_ROSTO (code=0, x=0, y=0, time=1766780038984, student=zxz, exam=zxxz)
[vision_frame] null (code=0, x=0, y=0, time=0, student=zxz, exam=zxxz)
[vision] SEM_ROSTO (code=0, x=0, y=0, time=1766780040031, student=zxz, exam=zxxz)
[vision] SEM_ROSTO (code=0, x=0, y=0, time=1766780041127, student=zxz, exam=zxxz)
[vision] SEM_ROSTO (code=0, x=0, y=0, time=1766780042203, student=zxz, exam=zxxz)
[vision_frame] null (code=0, x=0, y=0, time=0, student=zxz, exam=zxxz)
[vision] SEM_ROSTO (code=0, x=0, y=0, time=1766780043215, student=zxz, exam=zxxz)
[vision] SEM_ROSTO (code=0, x=0, y=0, time=1766780044289, student=zxz, exam=zxxz)
[vision] SEM_ROSTO (code=0, x=0, y=0, time=1766780045362, student=zxz, exam=zxxz)
[vision] ROSTO_CENTRO (code=0, x=0, y=0, time=1766780045784, student=zxz, exam=zxxz)
[vision] SEM_ROSTO (code=0, x=0, y=0, time=1766780045869, student=zxz, exam=zxxz)
[vision_frame] null (code=0, x=0, y=0, time=0, student=zxz, exam=zxxz)
[vision] SEM_ROSTO (code=0, x=0, y=0, time=1766780046871, student=zxz, exam=zxxz)
[vision] SEM_ROSTO (code=0, x=0, y=0, time=1766780047905, student=zxz, exam=zxxz)
[vision] SEM_ROSTO (code=0, x=0, y=0, time=1766780048914, student=zxz, exam=zxxz)
[vision_frame] null (code=0, x=0, y=0, time=0, student=zxz, exam=zxxz)
[vision] SEM_ROSTO (code=0, x=0, y=0, time=1766780049993, student=zxz, exam=zxxz)
[vision] ROSTO_CENTRO (code=0, x=0, y=0, time=1766780050418, student=zxz, exam=zxxz)
[vision] SEM_ROSTO (code=0, x=0, y=0, time=1766780050514, student=zxz, exam=zxxz)
[vision] SEM_ROSTO (code=0, x=0, y=0, time=1766780051551, student=zxz, exam=zxxz)
[vision] ROSTO_CENTRO (code=0, x=0, y=0, time=1766780051959, student=zxz, exam=zxxz)
[vision] SEM_ROSTO (code=0, x=0, y=0, time=1766780052052, student=zxz, exam=zxxz)
[vision] ROSTO_CENTRO (code=0, x=0, y=0, time=1766780052232, student=zxz, exam=zxxz)
[vision_frame] null (code=0, x=0, y=0, time=0, student=zxz, exam=zxxz)
[vision] SEM_ROSTO (code=0, x=0, y=0, time=1766780052318, student=zxz, exam=zxxz)
[vision] ROSTO_CENTRO (code=0, x=0, y=0, time=1766780052412, student=zxz, exam=zxxz)
[vision] SEM_ROSTO (code=0, x=0, y=0, time=1766780052491, student=zxz, exam=zxxz)
[vision] ROSTO_CENTRO (code=0, x=0, y=0, time=1766780052692, student=zxz, exam=zxxz)
[vision] SEM_ROSTO (code=0, x=0, y=0, time=1766780052889, student=zxz, exam=zxxz)
[vision] SEM_ROSTO (code=0, x=0, y=0, time=1766780053930, student=zxz, exam=zxxz)
[vision] ROSTO_CENTRO (code=0, x=0, y=0, time=1766780054178, student=zxz, exam=zxxz)
[vision] SEM_ROSTO (code=0, x=0, y=0, time=1766780054253, student=zxz, exam=zxxz)
[focus] IDE_FOCUS_GAINED (code=0, x=0, y=0, time=0, student=zxz, exam=zxxz)
[vision_frame] null (code=0, x=0, y=0, time=0, student=zxz, exam=zxxz)
[vision] SEM_ROSTO (code=0, x=0, y=0, time=1766780055322, student=zxz, exam=zxxz)
[vision] ROSTO_CENTRO (code=0, x=0, y=0, time=1766780055515, student=zxz, exam=zxxz)
[vision] SEM_ROSTO (code=0, x=0, y=0, time=1766780055711, student=zxz, exam=zxxz)
[vision] ROSTO_CENTRO (code=0, x=0, y=0, time=1766780056249, student=zxz, exam=zxxz)
[vision] SEM_ROSTO (code=0, x=0, y=0, time=1766780056452, student=zxz, exam=zxxz)
[vision] SEM_ROSTO (code=0, x=0, y=0, time=1766780057519, student=zxz, exam=zxxz)
[keyboard] CTRL_C (code=0, x=0, y=0, time=0, student=zxz, exam=zxxz)
[keyboard] CTRL_C (code=0, x=0, y=0, time=0, student=zxz, exam=zxxz)
[vision_frame] null (code=0, x=0, y=0, time=0, student=zxz, exam=zxxz)
[vision] SEM_ROSTO (code=0, x=0, y=0, time=1766780058548, student=zxz, exam=zxxz)
[keyboard] CTRL_C (code=0, x=0, y=0, time=0, student=zxz, exam=zxxz)
[keyboard] CTRL_C (code=0, x=0, y=0, time=0, student=zxz, exam=zxxz)
[vision] SEM_ROSTO (code=0, x=0, y=0, time=1766780059579, student=zxz, exam=zxxz)
[keyboard] CTRL_C (code=0, x=0, y=0, time=0, student=zxz, exam=zxxz)
[keyboard] CTRL_C (code=0, x=0, y=0, time=0, student=zxz, exam=zxxz)
[vision] SEM_ROSTO (code=0, x=0, y=0, time=1766780060625, student=zxz, exam=zxxz)
[keyboard] CTRL_C (code=0, x=0, y=0, time=0, student=zxz, exam=zxxz)
[vision_frame] null (code=0, x=0, y=0, time=0, student=zxz, exam=zxxz)
[keyboard] CTRL_C (code=0, x=0, y=0, time=0, student=zxz, exam=zxxz)
[vision] SEM_ROSTO (code=0, x=0, y=0, time=1766780061658, student=zxz, exam=zxxz)
[keyboard] CTRL_C (code=0, x=0, y=0, time=0, student=zxz, exam=zxxz)
[keyboard] CTRL_C (code=0, x=0, y=0, time=0, student=zxz, exam=zxxz)
[vision] SEM_ROSTO (code=0, x=0, y=0, time=1766780062666, student=zxz, exam=zxxz)
[keyboard] CTRL_C (code=0, x=0, y=0, time=0, student=zxz, exam=zxxz)
[keyboard] CTRL_C (code=0, x=0, y=0, time=0, student=zxz, exam=zxxz)
[vision] SEM_ROSTO (code=0, x=0, y=0, time=1766780063758, student=zxz, exam=zxxz)
[vision_frame] null (code=0, x=0, y=0, time=0, student=zxz, exam=zxxz)
[vision] SEM_ROSTO (code=0, x=0, y=0, time=1766780064864, student=zxz, exam=zxxz)
[vision] SEM_ROSTO (code=0, x=0, y=0, time=1766780065942, student=zxz, exam=zxxz)
[vision] ROSTO_CENTRO (code=0, x=0, y=0, time=1766780066040, student=zxz, exam=zxxz)
[vision] SEM_ROSTO (code=0, x=0, y=0, time=1766780066237, student=zxz, exam=zxxz)
[vision] ROSTO_CENTRO (code=0, x=0, y=0, time=1766780066343, student=zxz, exam=zxxz)
[vision] SEM_ROSTO (code=0, x=0, y=0, time=1766780066445, student=zxz, exam=zxxz)
[vision] ROSTO_CENTRO (code=0, x=0, y=0, time=1766780066531, student=zxz, exam=zxxz)
[vision] SEM_ROSTO (code=0, x=0, y=0, time=1766780066641, student=zxz, exam=zxxz)
[vision] ROSTO_CENTRO (code=0, x=0, y=0, time=1766780067356, student=zxz, exam=zxxz)
[vision] SEM_ROSTO (code=0, x=0, y=0, time=1766780067452, student=zxz, exam=zxxz)
[vision_frame] null (code=0, x=0, y=0, time=0, student=zxz, exam=zxxz)
[vision] SEM_ROSTO (code=0, x=0, y=0, time=1766780068476, student=zxz, exam=zxxz)
[vision] ROSTO_CENTRO (code=0, x=0, y=0, time=1766780068560, student=zxz, exam=zxxz)
[vision] SEM_ROSTO (code=0, x=0, y=0, time=1766780068758, student=zxz, exam=zxxz)
[vision] SEM_ROSTO (code=0, x=0, y=0, time=1766780069759, student=zxz, exam=zxxz)
[vision_frame] null (code=0, x=0, y=0, time=0, student=zxz, exam=zxxz)
[vision] ROSTO_CENTRO (code=0, x=0, y=0, time=1766780070704, student=zxz, exam=zxxz)
[vision] SEM_ROSTO (code=0, x=0, y=0, time=1766780070802, student=zxz, exam=zxxz)
[vision] ROSTO_CENTRO (code=0, x=0, y=0, time=1766780071475, student=zxz, exam=zxxz)
[vision] SEM_ROSTO (code=0, x=0, y=0, time=1766780071782, student=zxz, exam=zxxz)
[vision] ROSTO_CENTRO (code=0, x=0, y=0, time=1766780071886, student=zxz, exam=zxxz)
[vision] SEM_ROSTO (code=0, x=0, y=0, time=1766780072045, student=zxz, exam=zxxz)
[focus] IDE_FOCUS_LOST (code=0, x=0, y=0, time=0, student=zxz, exam=zxxz)
[vision] SEM_ROSTO (code=0, x=0, y=0, time=1766780073105, student=zxz, exam=zxxz)
[vision_frame] null (code=0, x=0, y=0, time=0, student=zxz, exam=zxxz)
[vision] ROSTO_CENTRO (code=0, x=0, y=0, time=1766780073856, student=zxz, exam=zxxz)
[vision] SEM_ROSTO (code=0, x=0, y=0, time=1766780073961, student=zxz, exam=zxxz)
[vision] ROSTO_CENTRO (code=0, x=0, y=0, time=1766780074185, student=zxz, exam=zxxz)
[vision] SEM_ROSTO (code=0, x=0, y=0, time=1766780074266, student=zxz, exam=zxxz)
[vision] ROSTO_CENTRO (code=0, x=0, y=0, time=1766780074533, student=zxz, exam=zxxz)
[vision] SEM_ROSTO (code=0, x=0, y=0, time=1766780074727, student=zxz, exam=zxxz)
[vision] ROSTO_CENTRO (code=0, x=0, y=0, time=1766780074817, student=zxz, exam=zxxz)
[vision] SEM_ROSTO (code=0, x=0, y=0, time=1766780074917, student=zxz, exam=zxxz)
[focus] IDE_FOCUS_GAINED (code=0, x=0, y=0, time=0, student=zxz, exam=zxxz)
[vision] ROSTO_CENTRO (code=0, x=0, y=0, time=1766780075231, student=zxz, exam=zxxz)
[vision] SEM_ROSTO (code=0, x=0, y=0, time=1766780075326, student=zxz, exam=zxxz)
[vision] ROSTO_CENTRO (code=0, x=0, y=0, time=1766780075498, student=zxz, exam=zxxz)
[vision] SEM_ROSTO (code=0, x=0, y=0, time=1766780075776, student=zxz, exam=zxxz)
[vision] ROSTO_CENTRO (code=0, x=0, y=0, time=1766780076222, student=zxz, exam=zxxz)
[vision] SEM_ROSTO (code=0, x=0, y=0, time=1766780076312, student=zxz, exam=zxxz)
[vision_frame] null (code=0, x=0, y=0, time=0, student=zxz, exam=zxxz)
[keyboard] CTRL_C (code=0, x=0, y=0, time=0, student=zxz, exam=zxxz)
[keyboard] CTRL_C (code=0, x=0, y=0, time=0, student=zxz, exam=zxxz)
[vision] ROSTO_CENTRO (code=0, x=0, y=0, time=1766780077295, student=zxz, exam=zxxz)
[vision] SEM_ROSTO (code=0, x=0, y=0, time=1766780077446, student=zxz, exam=zxxz)
[keyboard] CTRL_C (code=0, x=0, y=0, time=0, student=zxz, exam=zxxz)
[vision] ROSTO_CENTRO (code=0, x=0, y=0, time=1766780077544, student=zxz, exam=zxxz)
[vision] SEM_ROSTO (code=0, x=0, y=0, time=1766780077620, student=zxz, exam=zxxz)
[vision] ROSTO_CENTRO (code=0, x=0, y=0, time=1766780077704, student=zxz, exam=zxxz)
[keyboard] CTRL_C (code=0, x=0, y=0, time=0, student=zxz, exam=zxxz)
[vision] SEM_ROSTO (code=0, x=0, y=0, time=1766780077791, student=zxz, exam=zxxz)
[vision] ROSTO_CENTRO (code=0, x=0, y=0, time=1766780078721, student=zxz, exam=zxxz)
[vision] SEM_ROSTO (code=0, x=0, y=0, time=1766780078805, student=zxz, exam=zxxz)
[vision_frame] null (code=0, x=0, y=0, time=0, student=zxz, exam=zxxz)
[vision] SEM_ROSTO (code=0, x=0, y=0, time=1766780079807, student=zxz, exam=zxxz)
[vision] SEM_ROSTO (code=0, x=0, y=0, time=1766780080875, student=zxz, exam=zxxz)
[vision] SEM_ROSTO (code=0, x=0, y=0, time=1766780081901, student=zxz, exam=zxxz)
[vision_frame] null (code=0, x=0, y=0, time=0, student=zxz, exam=zxxz)
[vision] SEM_ROSTO (code=0, x=0, y=0, time=1766780082965, student=zxz, exam=zxxz)
[vision] SEM_ROSTO (code=0, x=0, y=0, time=1766780084046, student=zxz, exam=zxxz)
[vision] SEM_ROSTO (code=0, x=0, y=0, time=1766780085136, student=zxz, exam=zxxz)
[vision_frame] null (code=0, x=0, y=0, time=0, student=zxz, exam=zxxz)
[vision] ROSTO_CENTRO (code=0, x=0, y=0, time=1766780086083, student=zxz, exam=zxxz)
[vision] SEM_ROSTO (code=0, x=0, y=0, time=1766780086165, student=zxz, exam=zxxz)
[vision] SEM_ROSTO (code=0, x=0, y=0, time=1766780087172, student=zxz, exam=zxxz)
[vision] SEM_ROSTO (code=0, x=0, y=0, time=1766780088184, student=zxz, exam=zxxz)
[vision] ROSTO_CENTRO (code=0, x=0, y=0, time=1766780088391, student=zxz, exam=zxxz)
[vision] SEM_ROSTO (code=0, x=0, y=0, time=1766780088588, student=zxz, exam=zxxz)
[vision] ROSTO_CENTRO (code=0, x=0, y=0, time=1766780088758, student=zxz, exam=zxxz)
[vision_frame] null (code=0, x=0, y=0, time=0, student=zxz, exam=zxxz)
[vision] SEM_ROSTO (code=0, x=0, y=0, time=1766780088963, student=zxz, exam=zxxz)
[vision] ROSTO_CENTRO (code=0, x=0, y=0, time=1766780089608, student=zxz, exam=zxxz)
[vision] SEM_ROSTO (code=0, x=0, y=0, time=1766780089807, student=zxz, exam=zxxz)
[vision] ROSTO_CENTRO (code=0, x=0, y=0, time=1766780089982, student=zxz, exam=zxxz)
[vision] SEM_ROSTO (code=0, x=0, y=0, time=1766780090088, student=zxz, exam=zxxz)
[vision] ROSTO_CENTRO (code=0, x=0, y=0, time=1766780090746, student=zxz, exam=zxxz)
[vision] SEM_ROSTO (code=0, x=0, y=0, time=1766780090919, student=zxz, exam=zxxz)
[vision] ROSTO_CENTRO (code=0, x=0, y=0, time=1766780091204, student=zxz, exam=zxxz)
[vision] SEM_ROSTO (code=0, x=0, y=0, time=1766780091294, student=zxz, exam=zxxz)
[vision] ROSTO_CENTRO (code=0, x=0, y=0, time=1766780091384, student=zxz, exam=zxxz)
[vision] SEM_ROSTO (code=0, x=0, y=0, time=1766780091476, student=zxz, exam=zxxz)
[vision] ROSTO_CENTRO (code=0, x=0, y=0, time=1766780091578, student=zxz, exam=zxxz)
[vision_frame] null (code=0, x=0, y=0, time=0, student=zxz, exam=zxxz)
[vision] SEM_ROSTO (code=0, x=0, y=0, time=1766780091982, student=zxz, exam=zxxz)
[vision] ROSTO_CENTRO (code=0, x=0, y=0, time=1766780092089, student=zxz, exam=zxxz)
[vision] SEM_ROSTO (code=0, x=0, y=0, time=1766780092194, student=zxz, exam=zxxz)
[vision] ROSTO_CENTRO (code=0, x=0, y=0, time=1766780092407, student=zxz, exam=zxxz)
[vision] SEM_ROSTO (code=0, x=0, y=0, time=1766780092575, student=zxz, exam=zxxz)
[vision] ROSTO_CENTRO (code=0, x=0, y=0, time=1766780092738, student=zxz, exam=zxxz)
[vision] SEM_ROSTO (code=0, x=0, y=0, time=1766780092993, student=zxz, exam=zxxz)
[vision] ROSTO_CENTRO (code=0, x=0, y=0, time=1766780093083, student=zxz, exam=zxxz)
[vision] SEM_ROSTO (code=0, x=0, y=0, time=1766780093608, student=zxz, exam=zxxz)
[vision] ROSTO_CENTRO (code=0, x=0, y=0, time=1766780093790, student=zxz, exam=zxxz)
[vision] SEM_ROSTO (code=0, x=0, y=0, time=1766780093879, student=zxz, exam=zxxz)
[vision] ROSTO_CENTRO (code=0, x=0, y=0, time=1766780094346, student=zxz, exam=zxxz)
[vision] SEM_ROSTO (code=0, x=0, y=0, time=1766780094782, student=zxz, exam=zxxz)
[vision_frame] null (code=0, x=0, y=0, time=0, student=zxz, exam=zxxz)
[vision] ROSTO_CENTRO (code=0, x=0, y=0, time=1766780095326, student=zxz, exam=zxxz)
[vision] SEM_ROSTO (code=0, x=0, y=0, time=1766780095507, student=zxz, exam=zxxz)
[vision] SEM_ROSTO (code=0, x=0, y=0, time=1766780096511, student=zxz, exam=zxxz)
[vision] ROSTO_CENTRO (code=0, x=0, y=0, time=1766780097050, student=zxz, exam=zxxz)
[vision] SEM_ROSTO (code=0, x=0, y=0, time=1766780097154, student=zxz, exam=zxxz)
[vision] ROSTO_CENTRO (code=0, x=0, y=0, time=1766780097494, student=zxz, exam=zxxz)
[vision] SEM_ROSTO (code=0, x=0, y=0, time=1766780097709, student=zxz, exam=zxxz)
[vision] ROSTO_CENTRO (code=0, x=0, y=0, time=1766780097909, student=zxz, exam=zxxz)
[vision_frame] null (code=0, x=0, y=0, time=0, student=zxz, exam=zxxz)
[vision] SEM_ROSTO (code=0, x=0, y=0, time=1766780097997, student=zxz, exam=zxxz)
[vision] ROSTO_CENTRO (code=0, x=0, y=0, time=1766780098295, student=zxz, exam=zxxz)
[vision] SEM_ROSTO (code=0, x=0, y=0, time=1766780098512, student=zxz, exam=zxxz)
[vision] ROSTO_CENTRO (code=0, x=0, y=0, time=1766780098604, student=zxz, exam=zxxz)
[vision] SEM_ROSTO (code=0, x=0, y=0, time=1766780098696, student=zxz, exam=zxxz)
[vision] ROSTO_CENTRO (code=0, x=0, y=0, time=1766780098811, student=zxz, exam=zxxz)
[vision] SEM_ROSTO (code=0, x=0, y=0, time=1766780098914, student=zxz, exam=zxxz)
[vision] ROSTO_CENTRO (code=0, x=0, y=0, time=1766780099097, student=zxz, exam=zxxz)
[vision] SEM_ROSTO (code=0, x=0, y=0, time=1766780099188, student=zxz, exam=zxxz)
[vision] ROSTO_CENTRO (code=0, x=0, y=0, time=1766780099284, student=zxz, exam=zxxz)
[vision] SEM_ROSTO (code=0, x=0, y=0, time=1766780099469, student=zxz, exam=zxxz)
[vision] ROSTO_CENTRO (code=0, x=0, y=0, time=1766780099556, student=zxz, exam=zxxz)
[vision] SEM_ROSTO (code=0, x=0, y=0, time=1766780099664, student=zxz, exam=zxxz)
[vision] ROSTO_CENTRO (code=0, x=0, y=0, time=1766780099765, student=zxz, exam=zxxz)
[vision] SEM_ROSTO (code=0, x=0, y=0, time=1766780099872, student=zxz, exam=zxxz)
[vision] ROSTO_CENTRO (code=0, x=0, y=0, time=1766780100037, student=zxz, exam=zxxz)
[vision] SEM_ROSTO (code=0, x=0, y=0, time=1766780100541, student=zxz, exam=zxxz)
[vision] ROSTO_CENTRO (code=0, x=0, y=0, time=1766780100852, student=zxz, exam=zxxz)
[vision] SEM_ROSTO (code=0, x=0, y=0, time=1766780100946, student=zxz, exam=zxxz)
[vision_frame] null (code=0, x=0, y=0, time=0, student=zxz, exam=zxxz)
[vision] ROSTO_CENTRO (code=0, x=0, y=0, time=1766780101336, student=zxz, exam=zxxz)
[vision] SEM_ROSTO (code=0, x=0, y=0, time=1766780101830, student=zxz, exam=zxxz)
[vision] ROSTO_CENTRO (code=0, x=0, y=0, time=1766780102073, student=zxz, exam=zxxz)
[vision] SEM_ROSTO (code=0, x=0, y=0, time=1766780102642, student=zxz, exam=zxxz)
[vision] ROSTO_CENTRO (code=0, x=0, y=0, time=1766780102800, student=zxz, exam=zxxz)
[vision] SEM_ROSTO (code=0, x=0, y=0, time=1766780102893, student=zxz, exam=zxxz)
[vision] ROSTO_CENTRO (code=0, x=0, y=0, time=1766780102982, student=zxz, exam=zxxz)
[vision] SEM_ROSTO (code=0, x=0, y=0, time=1766780103429, student=zxz, exam=zxxz)
[vision] ROSTO_CENTRO (code=0, x=0, y=0, time=1766780103523, student=zxz, exam=zxxz)
[vision] SEM_ROSTO (code=0, x=0, y=0, time=1766780104004, student=zxz, exam=zxxz)
[vision_frame] null (code=0, x=0, y=0, time=0, student=zxz, exam=zxxz)
[vision] ROSTO_CENTRO (code=0, x=0, y=0, time=1766780104084, student=zxz, exam=zxxz)
[vision] SEM_ROSTO (code=0, x=0, y=0, time=1766780104171, student=zxz, exam=zxxz)
[vision] ROSTO_CENTRO (code=0, x=0, y=0, time=1766780104256, student=zxz, exam=zxxz)
[vision] SEM_ROSTO (code=0, x=0, y=0, time=1766780104330, student=zxz, exam=zxxz)
[vision] ROSTO_CENTRO (code=0, x=0, y=0, time=1766780104489, student=zxz, exam=zxxz)
[vision] SEM_ROSTO (code=0, x=0, y=0, time=1766780104643, student=zxz, exam=zxxz)
[vision] ROSTO_CENTRO (code=0, x=0, y=0, time=1766780104720, student=zxz, exam=zxxz)
[vision] SEM_ROSTO (code=0, x=0, y=0, time=1766780104894, student=zxz, exam=zxxz)
[vision] ROSTO_CENTRO (code=0, x=0, y=0, time=1766780105126, student=zxz, exam=zxxz)
[vision] SEM_ROSTO (code=0, x=0, y=0, time=1766780105223, student=zxz, exam=zxxz)
[vision] ROSTO_CENTRO (code=0, x=0, y=0, time=1766780105488, student=zxz, exam=zxxz)
[vision] SEM_ROSTO (code=0, x=0, y=0, time=1766780105598, student=zxz, exam=zxxz)
[vision] ROSTO_CENTRO (code=0, x=0, y=0, time=1766780106266, student=zxz, exam=zxxz)
[vision] SEM_ROSTO (code=0, x=0, y=0, time=1766780106716, student=zxz, exam=zxxz)
[vision_frame] null (code=0, x=0, y=0, time=0, student=zxz, exam=zxxz)
[vision] ROSTO_CENTRO (code=0, x=0, y=0, time=1766780107254, student=zxz, exam=zxxz)
[vision] SEM_ROSTO (code=0, x=0, y=0, time=1766780107331, student=zxz, exam=zxxz)
[vision] ROSTO_CENTRO (code=0, x=0, y=0, time=1766780107487, student=zxz, exam=zxxz)
[vision] SEM_ROSTO (code=0, x=0, y=0, time=1766780107563, student=zxz, exam=zxxz)
[vision] ROSTO_CENTRO (code=0, x=0, y=0, time=1766780107647, student=zxz, exam=zxxz)
[vision] SEM_ROSTO (code=0, x=0, y=0, time=1766780107816, student=zxz, exam=zxxz)
[vision] ROSTO_CENTRO (code=0, x=0, y=0, time=1766780107994, student=zxz, exam=zxxz)
[vision] SEM_ROSTO (code=0, x=0, y=0, time=1766780108078, student=zxz, exam=zxxz)
[vision] ROSTO_CENTRO (code=0, x=0, y=0, time=1766780108560, student=zxz, exam=zxxz)
[vision] SEM_ROSTO (code=0, x=0, y=0, time=1766780108659, student=zxz, exam=zxxz)
[vision] ROSTO_CENTRO (code=0, x=0, y=0, time=1766780109126, student=zxz, exam=zxxz)
[vision] SEM_ROSTO (code=0, x=0, y=0, time=1766780109294, student=zxz, exam=zxxz)
[vision] ROSTO_CENTRO (code=0, x=0, y=0, time=1766780109381, student=zxz, exam=zxxz)
[vision] SEM_ROSTO (code=0, x=0, y=0, time=1766780109679, student=zxz, exam=zxxz)
[vision_frame] null (code=0, x=0, y=0, time=0, student=zxz, exam=zxxz)
[vision] ROSTO_CENTRO (code=0, x=0, y=0, time=1766780110450, student=zxz, exam=zxxz)
[vision] SEM_ROSTO (code=0, x=0, y=0, time=1766780110624, student=zxz, exam=zxxz)
[vision] ROSTO_CENTRO (code=0, x=0, y=0, time=1766780110703, student=zxz, exam=zxxz)
[vision] SEM_ROSTO (code=0, x=0, y=0, time=1766780110799, student=zxz, exam=zxxz)
[vision] ROSTO_CENTRO (code=0, x=0, y=0, time=1766780111075, student=zxz, exam=zxxz)
[vision] SEM_ROSTO (code=0, x=0, y=0, time=1766780111325, student=zxz, exam=zxxz)
[vision] ROSTO_CENTRO (code=0, x=0, y=0, time=1766780111524, student=zxz, exam=zxxz)
[vision] SEM_ROSTO (code=0, x=0, y=0, time=1766780111605, student=zxz, exam=zxxz)
[vision] ROSTO_CENTRO (code=0, x=0, y=0, time=1766780111891, student=zxz, exam=zxxz)
[vision] SEM_ROSTO (code=0, x=0, y=0, time=1766780112082, student=zxz, exam=zxxz)
[vision] ROSTO_CENTRO (code=0, x=0, y=0, time=1766780112259, student=zxz, exam=zxxz)
[vision] SEM_ROSTO (code=0, x=0, y=0, time=1766780112539, student=zxz, exam=zxxz)
[vision] ROSTO_CENTRO (code=0, x=0, y=0, time=1766780112615, student=zxz, exam=zxxz)
[vision] SEM_ROSTO (code=0, x=0, y=0, time=1766780112712, student=zxz, exam=zxxz)
[vision] ROSTO_CENTRO (code=0, x=0, y=0, time=1766780112922, student=zxz, exam=zxxz)
[vision] SEM_ROSTO (code=0, x=0, y=0, time=1766780113015, student=zxz, exam=zxxz)
[vision] ROSTO_CENTRO (code=0, x=0, y=0, time=1766780113116, student=zxz, exam=zxxz)
[vision_frame] null (code=0, x=0, y=0, time=0, student=zxz, exam=zxxz)
[vision] SEM_ROSTO (code=0, x=0, y=0, time=1766780113291, student=zxz, exam=zxxz)
[vision] ROSTO_CENTRO (code=0, x=0, y=0, time=1766780113478, student=zxz, exam=zxxz)
[vision] SEM_ROSTO (code=0, x=0, y=0, time=1766780113670, student=zxz, exam=zxxz)
[vision] ROSTO_CENTRO (code=0, x=0, y=0, time=1766780113771, student=zxz, exam=zxxz)
[vision] SEM_ROSTO (code=0, x=0, y=0, time=1766780114251, student=zxz, exam=zxxz)
[vision] ROSTO_CENTRO (code=0, x=0, y=0, time=1766780114331, student=zxz, exam=zxxz)
[vision] SEM_ROSTO (code=0, x=0, y=0, time=1766780114418, student=zxz, exam=zxxz)
[vision] ROSTO_CENTRO (code=0, x=0, y=0, time=1766780114705, student=zxz, exam=zxxz)
[vision] SEM_ROSTO (code=0, x=0, y=0, time=1766780114867, student=zxz, exam=zxxz)
[vision] ROSTO_CENTRO (code=0, x=0, y=0, time=1766780114970, student=zxz, exam=zxxz)
[vision] SEM_ROSTO (code=0, x=0, y=0, time=1766780115058, student=zxz, exam=zxxz)
[vision] ROSTO_CENTRO (code=0, x=0, y=0, time=1766780115350, student=zxz, exam=zxxz)
[vision] SEM_ROSTO (code=0, x=0, y=0, time=1766780115454, student=zxz, exam=zxxz)
[vision] ROSTO_CENTRO (code=0, x=0, y=0, time=1766780115755, student=zxz, exam=zxxz)
[vision] SEM_ROSTO (code=0, x=0, y=0, time=1766780115837, student=zxz, exam=zxxz)
[vision_frame] null (code=0, x=0, y=0, time=0, student=zxz, exam=zxxz)
[vision] SEM_ROSTO (code=0, x=0, y=0, time=1766780116869, student=zxz, exam=zxxz)
[vision] ROSTO_CENTRO (code=0, x=0, y=0, time=1766780117178, student=zxz, exam=zxxz)
[vision] SEM_ROSTO (code=0, x=0, y=0, time=1766780117337, student=zxz, exam=zxxz)
[vision] ROSTO_CENTRO (code=0, x=0, y=0, time=1766780117654, student=zxz, exam=zxxz)
[vision] SEM_ROSTO (code=0, x=0, y=0, time=1766780117748, student=zxz, exam=zxxz)
[vision] ROSTO_CENTRO (code=0, x=0, y=0, time=1766780118107, student=zxz, exam=zxxz)
[vision] SEM_ROSTO (code=0, x=0, y=0, time=1766780118203, student=zxz, exam=zxxz)
[vision] ROSTO_CENTRO (code=0, x=0, y=0, time=1766780119173, student=zxz, exam=zxxz)
[vision_frame] null (code=0, x=0, y=0, time=0, student=zxz, exam=zxxz)
[vision] SEM_ROSTO (code=0, x=0, y=0, time=1766780119356, student=zxz, exam=zxxz)
[vision] ROSTO_CENTRO (code=0, x=0, y=0, time=1766780119454, student=zxz, exam=zxxz)
[vision] SEM_ROSTO (code=0, x=0, y=0, time=1766780119544, student=zxz, exam=zxxz)
[vision] ROSTO_CENTRO (code=0, x=0, y=0, time=1766780119632, student=zxz, exam=zxxz)
[vision] SEM_ROSTO (code=0, x=0, y=0, time=1766780119733, student=zxz, exam=zxxz)
[vision] ROSTO_CENTRO (code=0, x=0, y=0, time=1766780119822, student=zxz, exam=zxxz)
[vision] SEM_ROSTO (code=0, x=0, y=0, time=1766780119920, student=zxz, exam=zxxz)
[vision] ROSTO_CENTRO (code=0, x=0, y=0, time=1766780120013, student=zxz, exam=zxxz)
[vision] SEM_ROSTO (code=0, x=0, y=0, time=1766780120101, student=zxz, exam=zxxz)
[vision] ROSTO_CENTRO (code=0, x=0, y=0, time=1766780121142, student=zxz, exam=zxxz)
[vision] SEM_ROSTO (code=0, x=0, y=0, time=1766780121350, student=zxz, exam=zxxz)
[vision] ROSTO_CENTRO (code=0, x=0, y=0, time=1766780121541, student=zxz, exam=zxxz)
[vision] SEM_ROSTO (code=0, x=0, y=0, time=1766780121732, student=zxz, exam=zxxz)
[vision] ROSTO_CENTRO (code=0, x=0, y=0, time=1766780122030, student=zxz, exam=zxxz)
[vision] SEM_ROSTO (code=0, x=0, y=0, time=1766780122230, student=zxz, exam=zxxz)
[vision_frame] null (code=0, x=0, y=0, time=0, student=zxz, exam=zxxz)
[vision] ROSTO_CENTRO (code=0, x=0, y=0, time=1766780122437, student=zxz, exam=zxxz)
[vision] SEM_ROSTO (code=0, x=0, y=0, time=1766780122523, student=zxz, exam=zxxz)
[vision] ROSTO_CENTRO (code=0, x=0, y=0, time=1766780122622, student=zxz, exam=zxxz)
[vision] SEM_ROSTO (code=0, x=0, y=0, time=1766780122718, student=zxz, exam=zxxz)
[vision] ROSTO_CENTRO (code=0, x=0, y=0, time=1766780122824, student=zxz, exam=zxxz)
[vision] SEM_ROSTO (code=0, x=0, y=0, time=1766780122902, student=zxz, exam=zxxz)
[vision] ROSTO_CENTRO (code=0, x=0, y=0, time=1766780123370, student=zxz, exam=zxxz)
[vision] SEM_ROSTO (code=0, x=0, y=0, time=1766780123463, student=zxz, exam=zxxz)
[vision] ROSTO_CENTRO (code=0, x=0, y=0, time=1766780123644, student=zxz, exam=zxxz)
[vision] SEM_ROSTO (code=0, x=0, y=0, time=1766780123748, student=zxz, exam=zxxz)
[vision] ROSTO_CENTRO (code=0, x=0, y=0, time=1766780123854, student=zxz, exam=zxxz)
[vision] SEM_ROSTO (code=0, x=0, y=0, time=1766780123953, student=zxz, exam=zxxz)
[vision] ROSTO_CENTRO (code=0, x=0, y=0, time=1766780124704, student=zxz, exam=zxxz)
[vision] SEM_ROSTO (code=0, x=0, y=0, time=1766780124817, student=zxz, exam=zxxz)
[vision_frame] null (code=0, x=0, y=0, time=0, student=zxz, exam=zxxz)
[vision] ROSTO_CENTRO (code=0, x=0, y=0, time=1766780125646, student=zxz, exam=zxxz)
[vision] SEM_ROSTO (code=0, x=0, y=0, time=1766780125746, student=zxz, exam=zxxz)
[vision] ROSTO_CENTRO (code=0, x=0, y=0, time=1766780125838, student=zxz, exam=zxxz)
[vision] SEM_ROSTO (code=0, x=0, y=0, time=1766780126028, student=zxz, exam=zxxz)
[vision] ROSTO_CENTRO (code=0, x=0, y=0, time=1766780126108, student=zxz, exam=zxxz)
[vision] SEM_ROSTO (code=0, x=0, y=0, time=1766780126199, student=zxz, exam=zxxz)
[vision] ROSTO_CENTRO (code=0, x=0, y=0, time=1766780126953, student=zxz, exam=zxxz)
[vision] SEM_ROSTO (code=0, x=0, y=0, time=1766780127038, student=zxz, exam=zxxz)
[vision] ROSTO_CENTRO (code=0, x=0, y=0, time=1766780127558, student=zxz, exam=zxxz)
[vision] SEM_ROSTO (code=0, x=0, y=0, time=1766780127659, student=zxz, exam=zxxz)
[vision_frame] null (code=0, x=0, y=0, time=0, student=zxz, exam=zxxz)
[vision] ROSTO_CENTRO (code=0, x=0, y=0, time=1766780128462, student=zxz, exam=zxxz)
[vision] SEM_ROSTO (code=0, x=0, y=0, time=1766780128547, student=zxz, exam=zxxz)
[vision] ROSTO_CENTRO (code=0, x=0, y=0, time=1766780129052, student=zxz, exam=zxxz)
[vision] SEM_ROSTO (code=0, x=0, y=0, time=1766780129138, student=zxz, exam=zxxz)
[vision] SEM_ROSTO (code=0, x=0, y=0, time=1766780130220, student=zxz, exam=zxxz)
[vision] SEM_ROSTO (code=0, x=0, y=0, time=1766780131293, student=zxz, exam=zxxz)
[vision_frame] null (code=0, x=0, y=0, time=0, student=zxz, exam=zxxz)
[vision] SEM_ROSTO (code=0, x=0, y=0, time=1766780132377, student=zxz, exam=zxxz)
[vision] SEM_ROSTO (code=0, x=0, y=0, time=1766780133385, student=zxz, exam=zxxz)
[vision] SEM_ROSTO (code=0, x=0, y=0, time=1766780134395, student=zxz, exam=zxxz)
[vision_frame] null (code=0, x=0, y=0, time=0, student=zxz, exam=zxxz)
[vision] SEM_ROSTO (code=0, x=0, y=0, time=1766780135491, student=zxz, exam=zxxz)
[vision] SEM_ROSTO (code=0, x=0, y=0, time=1766780136512, student=zxz, exam=zxxz)
[vision] SEM_ROSTO (code=0, x=0, y=0, time=1766780137525, student=zxz, exam=zxxz)
[vision_frame] null (code=0, x=0, y=0, time=0, student=zxz, exam=zxxz)
[vision] ROSTO_CENTRO (code=0, x=0, y=0, time=1766780138128, student=zxz, exam=zxxz)
[vision] SEM_ROSTO (code=0, x=0, y=0, time=1766780138210, student=zxz, exam=zxxz)
[vision] SEM_ROSTO (code=0, x=0, y=0, time=1766780139267, student=zxz, exam=zxxz)
[vision] ROSTO_CENTRO (code=0, x=0, y=0, time=1766780139777, student=zxz, exam=zxxz)
[vision] SEM_ROSTO (code=0, x=0, y=0, time=1766780139860, student=zxz, exam=zxxz)
[vision_frame] null (code=0, x=0, y=0, time=0, student=zxz, exam=zxxz)
[vision] ROSTO_CENTRO (code=0, x=0, y=0, time=1766780140682, student=zxz, exam=zxxz)
[vision] SEM_ROSTO (code=0, x=0, y=0, time=1766780140770, student=zxz, exam=zxxz)
[vision] ROSTO_CENTRO (code=0, x=0, y=0, time=1766780141232, student=zxz, exam=zxxz)
[vision] SEM_ROSTO (code=0, x=0, y=0, time=1766780141490, student=zxz, exam=zxxz)
[focus] IDE_FOCUS_LOST (code=0, x=0, y=0, time=0, student=zxz, exam=zxxz)
[vision] ROSTO_CENTRO (code=0, x=0, y=0, time=1766780141972, student=zxz, exam=zxxz)
[vision] SEM_ROSTO (code=0, x=0, y=0, time=1766780142141, student=zxz, exam=zxxz)
[vision] ROSTO_CENTRO (code=0, x=0, y=0, time=1766780142197, student=zxz, exam=zxxz)
[vision] SEM_ROSTO (code=0, x=0, y=0, time=1766780142313, student=zxz, exam=zxxz)
[vision] ROSTO_CENTRO (code=0, x=0, y=0, time=1766780142484, student=zxz, exam=zxxz)
[vision] SEM_ROSTO (code=0, x=0, y=0, time=1766780142784, student=zxz, exam=zxxz)
[vision] ROSTO_CENTRO (code=0, x=0, y=0, time=1766780143002, student=zxz, exam=zxxz)
[vision] SEM_ROSTO (code=0, x=0, y=0, time=1766780143078, student=zxz, exam=zxxz)
[vision_frame] null (code=0, x=0, y=0, time=0, student=zxz, exam=zxxz)
[vision] ROSTO_CENTRO (code=0, x=0, y=0, time=1766780144004, student=zxz, exam=zxxz)
[vision] SEM_ROSTO (code=0, x=0, y=0, time=1766780144088, student=zxz, exam=zxxz)
[vision] ROSTO_CENTRO (code=0, x=0, y=0, time=1766780144200, student=zxz, exam=zxxz)
[vision] SEM_ROSTO (code=0, x=0, y=0, time=1766780144688, student=zxz, exam=zxxz)
[vision] ROSTO_CENTRO (code=0, x=0, y=0, time=1766780144902, student=zxz, exam=zxxz)
[vision] SEM_ROSTO (code=0, x=0, y=0, time=1766780145009, student=zxz, exam=zxxz)
[vision] ROSTO_CENTRO (code=0, x=0, y=0, time=1766780145188, student=zxz, exam=zxxz)
[vision] SEM_ROSTO (code=0, x=0, y=0, time=1766780145390, student=zxz, exam=zxxz)
[vision] ROSTO_CENTRO (code=0, x=0, y=0, time=1766780145815, student=zxz, exam=zxxz)
[vision] SEM_ROSTO (code=0, x=0, y=0, time=1766780145876, student=zxz, exam=zxxz)
[vision] ROSTO_CENTRO (code=0, x=0, y=0, time=1766780146301, student=zxz, exam=zxxz)
[vision] SEM_ROSTO (code=0, x=0, y=0, time=1766780146510, student=zxz, exam=zxxz)
[vision_frame] null (code=0, x=0, y=0, time=0, student=zxz, exam=zxxz)
[vision] ROSTO_CENTRO (code=0, x=0, y=0, time=1766780146807, student=zxz, exam=zxxz)
[vision] SEM_ROSTO (code=0, x=0, y=0, time=1766780147718, student=zxz, exam=zxxz)
[vision] ROSTO_CENTRO (code=0, x=0, y=0, time=1766780147902, student=zxz, exam=zxxz)
[vision] SEM_ROSTO (code=0, x=0, y=0, time=1766780148069, student=zxz, exam=zxxz)
[vision] ROSTO_CENTRO (code=0, x=0, y=0, time=1766780148124, student=zxz, exam=zxxz)
[vision] SEM_ROSTO (code=0, x=0, y=0, time=1766780148184, student=zxz, exam=zxxz)
[vision] ROSTO_CENTRO (code=0, x=0, y=0, time=1766780148365, student=zxz, exam=zxxz)
[vision] SEM_ROSTO (code=0, x=0, y=0, time=1766780148547, student=zxz, exam=zxxz)
[vision] ROSTO_CENTRO (code=0, x=0, y=0, time=1766780148727, student=zxz, exam=zxxz)
[vision] SEM_ROSTO (code=0, x=0, y=0, time=1766780148791, student=zxz, exam=zxxz)
[vision] ROSTO_CENTRO (code=0, x=0, y=0, time=1766780148903, student=zxz, exam=zxxz)
[vision] SEM_ROSTO (code=0, x=0, y=0, time=1766780149507, student=zxz, exam=zxxz)
[vision_frame] null (code=0, x=0, y=0, time=0, student=zxz, exam=zxxz)
[vision] ROSTO_CENTRO (code=0, x=0, y=0, time=1766780149684, student=zxz, exam=zxxz)
[vision] SEM_ROSTO (code=0, x=0, y=0, time=1766780149741, student=zxz, exam=zxxz)
[vision] ROSTO_CENTRO (code=0, x=0, y=0, time=1766780149857, student=zxz, exam=zxxz)
[vision] SEM_ROSTO (code=0, x=0, y=0, time=1766780150028, student=zxz, exam=zxxz)
[vision] ROSTO_CENTRO (code=0, x=0, y=0, time=1766780150135, student=zxz, exam=zxxz)
[vision] SEM_ROSTO (code=0, x=0, y=0, time=1766780150542, student=zxz, exam=zxxz)
[vision] ROSTO_CENTRO (code=0, x=0, y=0, time=1766780150598, student=zxz, exam=zxxz)
[vision] SEM_ROSTO (code=0, x=0, y=0, time=1766780150704, student=zxz, exam=zxxz)
[vision] ROSTO_CENTRO (code=0, x=0, y=0, time=1766780150800, student=zxz, exam=zxxz)
[vision] SEM_ROSTO (code=0, x=0, y=0, time=1766780150915, student=zxz, exam=zxxz)
[vision] ROSTO_CENTRO (code=0, x=0, y=0, time=1766780151133, student=zxz, exam=zxxz)
[vision] SEM_ROSTO (code=0, x=0, y=0, time=1766780151187, student=zxz, exam=zxxz)
[vision] ROSTO_CENTRO (code=0, x=0, y=0, time=1766780151712, student=zxz, exam=zxxz)
[vision] SEM_ROSTO (code=0, x=0, y=0, time=1766780151945, student=zxz, exam=zxxz)
[vision_frame] null (code=0, x=0, y=0, time=0, student=zxz, exam=zxxz)
[vision] ROSTO_CENTRO (code=0, x=0, y=0, time=1766780152718, student=zxz, exam=zxxz)
[vision] SEM_ROSTO (code=0, x=0, y=0, time=1766780152840, student=zxz, exam=zxxz)
[vision] ROSTO_CENTRO (code=0, x=0, y=0, time=1766780152900, student=zxz, exam=zxxz)
[vision] SEM_ROSTO (code=0, x=0, y=0, time=1766780153008, student=zxz, exam=zxxz)
[vision] ROSTO_CENTRO (code=0, x=0, y=0, time=1766780153541, student=zxz, exam=zxxz)
[vision] SEM_ROSTO (code=0, x=0, y=0, time=1766780153713, student=zxz, exam=zxxz)
[vision] ROSTO_CENTRO (code=0, x=0, y=0, time=1766780153804, student=zxz, exam=zxxz)
[vision] SEM_ROSTO (code=0, x=0, y=0, time=1766780154022, student=zxz, exam=zxxz)
[vision] ROSTO_CENTRO (code=0, x=0, y=0, time=1766780154134, student=zxz, exam=zxxz)
[vision] SEM_ROSTO (code=0, x=0, y=0, time=1766780154199, student=zxz, exam=zxxz)
[vision] ROSTO_CENTRO (code=0, x=0, y=0, time=1766780154505, student=zxz, exam=zxxz)
[vision] SEM_ROSTO (code=0, x=0, y=0, time=1766780154702, student=zxz, exam=zxxz)
[vision] ROSTO_CENTRO (code=0, x=0, y=0, time=1766780154908, student=zxz, exam=zxxz)
[vision] SEM_ROSTO (code=0, x=0, y=0, time=1766780155106, student=zxz, exam=zxxz)
[vision_frame] null (code=0, x=0, y=0, time=0, student=zxz, exam=zxxz)
[vision] ROSTO_CENTRO (code=0, x=0, y=0, time=1766780155961, student=zxz, exam=zxxz)
[vision] SEM_ROSTO (code=0, x=0, y=0, time=1766780156308, student=zxz, exam=zxxz)
[vision] ROSTO_CENTRO (code=0, x=0, y=0, time=1766780156411, student=zxz, exam=zxxz)
[vision] SEM_ROSTO (code=0, x=0, y=0, time=1766780156811, student=zxz, exam=zxxz)
[vision] ROSTO_CENTRO (code=0, x=0, y=0, time=1766780156900, student=zxz, exam=zxxz)
[vision] SEM_ROSTO (code=0, x=0, y=0, time=1766780157299, student=zxz, exam=zxxz)
[vision] ROSTO_CENTRO (code=0, x=0, y=0, time=1766780157506, student=zxz, exam=zxxz)
[vision] SEM_ROSTO (code=0, x=0, y=0, time=1766780157613, student=zxz, exam=zxxz)
[vision] ROSTO_CENTRO (code=0, x=0, y=0, time=1766780157700, student=zxz, exam=zxxz)
[vision] SEM_ROSTO (code=0, x=0, y=0, time=1766780157912, student=zxz, exam=zxxz)
[vision] ROSTO_CENTRO (code=0, x=0, y=0, time=1766780158018, student=zxz, exam=zxxz)
[vision] SEM_ROSTO (code=0, x=0, y=0, time=1766780158215, student=zxz, exam=zxxz)
[vision] ROSTO_CENTRO (code=0, x=0, y=0, time=1766780158401, student=zxz, exam=zxxz)
[vision] SEM_ROSTO (code=0, x=0, y=0, time=1766780158613, student=zxz, exam=zxxz)
[vision_frame] null (code=0, x=0, y=0, time=0, student=zxz, exam=zxxz)
[vision] ROSTO_CENTRO (code=0, x=0, y=0, time=1766780158802, student=zxz, exam=zxxz)
[vision] SEM_ROSTO (code=0, x=0, y=0, time=1766780159077, student=zxz, exam=zxxz)
[vision] ROSTO_CENTRO (code=0, x=0, y=0, time=1766780159631, student=zxz, exam=zxxz)
[vision] SEM_ROSTO (code=0, x=0, y=0, time=1766780159797, student=zxz, exam=zxxz)
[vision] SEM_ROSTO (code=0, x=0, y=0, time=1766780160866, student=zxz, exam=zxxz)
[vision_frame] null (code=0, x=0, y=0, time=0, student=zxz, exam=zxxz)
[vision] SEM_ROSTO (code=0, x=0, y=0, time=1766780161914, student=zxz, exam=zxxz)
[vision] SEM_ROSTO (code=0, x=0, y=0, time=1766780162943, student=zxz, exam=zxxz)
[vision] SEM_ROSTO (code=0, x=0, y=0, time=1766780163962, student=zxz, exam=zxxz)
[vision_frame] null (code=0, x=0, y=0, time=0, student=zxz, exam=zxxz)
[vision] SEM_ROSTO (code=0, x=0, y=0, time=1766780165026, student=zxz, exam=zxxz)
[vision] SEM_ROSTO (code=0, x=0, y=0, time=1766780166051, student=zxz, exam=zxxz)
[vision] ROSTO_CENTRO (code=0, x=0, y=0, time=1766780166605, student=zxz, exam=zxxz)
[vision] SEM_ROSTO (code=0, x=0, y=0, time=1766780166698, student=zxz, exam=zxxz)
[vision] ROSTO_CENTRO (code=0, x=0, y=0, time=1766780167307, student=zxz, exam=zxxz)
[vision] SEM_ROSTO (code=0, x=0, y=0, time=1766780167398, student=zxz, exam=zxxz)
[vision_frame] null (code=0, x=0, y=0, time=0, student=zxz, exam=zxxz)
[vision] SEM_ROSTO (code=0, x=0, y=0, time=1766780168420, student=zxz, exam=zxxz)
[vision] ROSTO_CENTRO (code=0, x=0, y=0, time=1766780168682, student=zxz, exam=zxxz)
[vision] SEM_ROSTO (code=0, x=0, y=0, time=1766780168858, student=zxz, exam=zxxz)
[vision] ROSTO_CENTRO (code=0, x=0, y=0, time=1766780169118, student=zxz, exam=zxxz)
[vision] SEM_ROSTO (code=0, x=0, y=0, time=1766780169198, student=zxz, exam=zxxz)
[vision] ROSTO_CENTRO (code=0, x=0, y=0, time=1766780169285, student=zxz, exam=zxxz)
[vision] SEM_ROSTO (code=0, x=0, y=0, time=1766780169363, student=zxz, exam=zxxz)
[vision] ROSTO_CENTRO (code=0, x=0, y=0, time=1766780169619, student=zxz, exam=zxxz)
[vision] SEM_ROSTO (code=0, x=0, y=0, time=1766780169712, student=zxz, exam=zxxz)
[vision] ROSTO_CENTRO (code=0, x=0, y=0, time=1766780170607, student=zxz, exam=zxxz)
[vision] SEM_ROSTO (code=0, x=0, y=0, time=1766780170691, student=zxz, exam=zxxz)
[vision_frame] null (code=0, x=0, y=0, time=0, student=zxz, exam=zxxz)
[vision] SEM_ROSTO (code=0, x=0, y=0, time=1766780171721, student=zxz, exam=zxxz)
[vision] SEM_ROSTO (code=0, x=0, y=0, time=1766780172812, student=zxz, exam=zxxz)
[vision] SEM_ROSTO (code=0, x=0, y=0, time=1766780173887, student=zxz, exam=zxxz)
[vision_frame] null (code=0, x=0, y=0, time=0, student=zxz, exam=zxxz)
[vision] SEM_ROSTO (code=0, x=0, y=0, time=1766780174895, student=zxz, exam=zxxz)
[vision] SEM_ROSTO (code=0, x=0, y=0, time=1766780175905, student=zxz, exam=zxxz)
[vision] SEM_ROSTO (code=0, x=0, y=0, time=1766780176913, student=zxz, exam=zxxz)
[vision_frame] null (code=0, x=0, y=0, time=0, student=zxz, exam=zxxz)
[vision] SEM_ROSTO (code=0, x=0, y=0, time=1766780177935, student=zxz, exam=zxxz)
[vision] SEM_ROSTO (code=0, x=0, y=0, time=1766780179002, student=zxz, exam=zxxz)
[vision_frame] null (code=0, x=0, y=0, time=0, student=zxz, exam=zxxz)
[vision] SEM_ROSTO (code=0, x=0, y=0, time=1766780180018, student=zxz, exam=zxxz)
[vision] SEM_ROSTO (code=0, x=0, y=0, time=1766780181085, student=zxz, exam=zxxz)
[vision] SEM_ROSTO (code=0, x=0, y=0, time=1766780182141, student=zxz, exam=zxxz)
[vision_frame] null (code=0, x=0, y=0, time=0, student=zxz, exam=zxxz)
[vision] SEM_ROSTO (code=0, x=0, y=0, time=1766780183207, student=zxz, exam=zxxz)
[vision] SEM_ROSTO (code=0, x=0, y=0, time=1766780184253, student=zxz, exam=zxxz)
[vision] SEM_ROSTO (code=0, x=0, y=0, time=1766780185271, student=zxz, exam=zxxz)
[vision_frame] null (code=0, x=0, y=0, time=0, student=zxz, exam=zxxz)
[vision] SEM_ROSTO (code=0, x=0, y=0, time=1766780186359, student=zxz, exam=zxxz)
[vision] SEM_ROSTO (code=0, x=0, y=0, time=1766780187452, student=zxz, exam=zxxz)
[focus] IDE_FOCUS_GAINED (code=0, x=0, y=0, time=0, student=zxz, exam=zxxz)
[vision] SEM_ROSTO (code=0, x=0, y=0, time=1766780188543, student=zxz, exam=zxxz)
[vision_frame] null (code=0, x=0, y=0, time=0, student=zxz, exam=zxxz)
[vision] SEM_ROSTO (code=0, x=0, y=0, time=1766780189553, student=zxz, exam=zxxz)
[vision] SEM_ROSTO (code=0, x=0, y=0, time=1766780190593, student=zxz, exam=zxxz)
[vision] SEM_ROSTO (code=0, x=0, y=0, time=1766780191684, student=zxz, exam=zxxz)
[vision_frame] null (code=0, x=0, y=0, time=0, student=zxz, exam=zxxz)
[vision] SEM_ROSTO (code=0, x=0, y=0, time=1766780192759, student=zxz, exam=zxxz)
[vision] SEM_ROSTO (code=0, x=0, y=0, time=1766780193765, student=zxz, exam=zxxz)
[vision] SEM_ROSTO (code=0, x=0, y=0, time=1766780194818, student=zxz, exam=zxxz)
[vision_frame] null (code=0, x=0, y=0, time=0, student=zxz, exam=zxxz)
[vision] SEM_ROSTO (code=0, x=0, y=0, time=1766780195897, student=zxz, exam=zxxz)
[vision] SEM_ROSTO (code=0, x=0, y=0, time=1766780196905, student=zxz, exam=zxxz)
[vision] SEM_ROSTO (code=0, x=0, y=0, time=1766780197978, student=zxz, exam=zxxz)
[vision_frame] null (code=0, x=0, y=0, time=0, student=zxz, exam=zxxz)
[vision] SEM_ROSTO (code=0, x=0, y=0, time=1766780199047, student=zxz, exam=zxxz)
[vision] SEM_ROSTO (code=0, x=0, y=0, time=1766780200110, student=zxz, exam=zxxz)
[vision] SEM_ROSTO (code=0, x=0, y=0, time=1766780201111, student=zxz, exam=zxxz)
[vision_frame] null (code=0, x=0, y=0, time=0, student=zxz, exam=zxxz)
[vision] SEM_ROSTO (code=0, x=0, y=0, time=1766780202214, student=zxz, exam=zxxz)
[vision] SEM_ROSTO (code=0, x=0, y=0, time=1766780203249, student=zxz, exam=zxxz)
[vision] SEM_ROSTO (code=0, x=0, y=0, time=1766780204308, student=zxz, exam=zxxz)
[vision_frame] null (code=0, x=0, y=0, time=0, student=zxz, exam=zxxz)
[vision] SEM_ROSTO (code=0, x=0, y=0, time=1766780205351, student=zxz, exam=zxxz)
[vision] SEM_ROSTO (code=0, x=0, y=0, time=1766780206392, student=zxz, exam=zxxz)
[vision] SEM_ROSTO (code=0, x=0, y=0, time=1766780207475, student=zxz, exam=zxxz)
[vision_frame] null (code=0, x=0, y=0, time=0, student=zxz, exam=zxxz)
[vision] SEM_ROSTO (code=0, x=0, y=0, time=1766780208563, student=zxz, exam=zxxz)
[vision] SEM_ROSTO (code=0, x=0, y=0, time=1766780209616, student=zxz, exam=zxxz)
[vision_frame] null (code=0, x=0, y=0, time=0, student=zxz, exam=zxxz)
[vision] SEM_ROSTO (code=0, x=0, y=0, time=1766780210631, student=zxz, exam=zxxz)
[vision] SEM_ROSTO (code=0, x=0, y=0, time=1766780211721, student=zxz, exam=zxxz)
[vision] SEM_ROSTO (code=0, x=0, y=0, time=1766780212736, student=zxz, exam=zxxz)
[vision_frame] null (code=0, x=0, y=0, time=0, student=zxz, exam=zxxz)
[vision] SEM_ROSTO (code=0, x=0, y=0, time=1766780213825, student=zxz, exam=zxxz)
[vision] SEM_ROSTO (code=0, x=0, y=0, time=1766780214840, student=zxz, exam=zxxz)
[vision] SEM_ROSTO (code=0, x=0, y=0, time=1766780215937, student=zxz, exam=zxxz)
[vision_frame] null (code=0, x=0, y=0, time=0, student=zxz, exam=zxxz)
[vision] SEM_ROSTO (code=0, x=0, y=0, time=1766780217044, student=zxz, exam=zxxz)
[vision] SEM_ROSTO (code=0, x=0, y=0, time=1766780218146, student=zxz, exam=zxxz)
[vision] SEM_ROSTO (code=0, x=0, y=0, time=1766780219239, student=zxz, exam=zxxz)
[vision_frame] null (code=0, x=0, y=0, time=0, student=zxz, exam=zxxz)
[vision] SEM_ROSTO (code=0, x=0, y=0, time=1766780220252, student=zxz, exam=zxxz)
[vision] SEM_ROSTO (code=0, x=0, y=0, time=1766780221263, student=zxz, exam=zxxz)
[vision] SEM_ROSTO (code=0, x=0, y=0, time=1766780222357, student=zxz, exam=zxxz)
[vision_frame] null (code=0, x=0, y=0, time=0, student=zxz, exam=zxxz)
[vision] SEM_ROSTO (code=0, x=0, y=0, time=1766780223367, student=zxz, exam=zxxz)
[vision] SEM_ROSTO (code=0, x=0, y=0, time=1766780224459, student=zxz, exam=zxxz)
[vision] SEM_ROSTO (code=0, x=0, y=0, time=1766780225559, student=zxz, exam=zxxz)
[vision_frame] null (code=0, x=0, y=0, time=0, student=zxz, exam=zxxz)
[vision] SEM_ROSTO (code=0, x=0, y=0, time=1766780226657, student=zxz, exam=zxxz)
[vision] SEM_ROSTO (code=0, x=0, y=0, time=1766780227685, student=zxz, exam=zxxz)
[vision_frame] null (code=0, x=0, y=0, time=0, student=zxz, exam=zxxz)
[vision] SEM_ROSTO (code=0, x=0, y=0, time=1766780228716, student=zxz, exam=zxxz)
[vision] SEM_ROSTO (code=0, x=0, y=0, time=1766780229775, student=zxz, exam=zxxz)
[vision] SEM_ROSTO (code=0, x=0, y=0, time=1766780230830, student=zxz, exam=zxxz)
[vision_frame] null (code=0, x=0, y=0, time=0, student=zxz, exam=zxxz)
[vision] SEM_ROSTO (code=0, x=0, y=0, time=1766780231886, student=zxz, exam=zxxz)
[vision] SEM_ROSTO (code=0, x=0, y=0, time=1766780232972, student=zxz, exam=zxxz)
[vision] SEM_ROSTO (code=0, x=0, y=0, time=1766780233977, student=zxz, exam=zxxz)
[vision_frame] null (code=0, x=0, y=0, time=0, student=zxz, exam=zxxz)
[vision] SEM_ROSTO (code=0, x=0, y=0, time=1766780235055, student=zxz, exam=zxxz)
[vision] SEM_ROSTO (code=0, x=0, y=0, time=1766780236080, student=zxz, exam=zxxz)
[vision] SEM_ROSTO (code=0, x=0, y=0, time=1766780237167, student=zxz, exam=zxxz)
[vision_frame] null (code=0, x=0, y=0, time=0, student=zxz, exam=zxxz)
[vision] SEM_ROSTO (code=0, x=0, y=0, time=1766780238223, student=zxz, exam=zxxz)
[vision] SEM_ROSTO (code=0, x=0, y=0, time=1766780239280, student=zxz, exam=zxxz)
[vision] SEM_ROSTO (code=0, x=0, y=0, time=1766780240386, student=zxz, exam=zxxz)
[vision_frame] null (code=0, x=0, y=0, time=0, student=zxz, exam=zxxz)
[vision] SEM_ROSTO (code=0, x=0, y=0, time=1766780241474, student=zxz, exam=zxxz)
[vision] SEM_ROSTO (code=0, x=0, y=0, time=1766780242482, student=zxz, exam=zxxz)
[vision] SEM_ROSTO (code=0, x=0, y=0, time=1766780243508, student=zxz, exam=zxxz)
[vision_frame] null (code=0, x=0, y=0, time=0, student=zxz, exam=zxxz)
[vision] SEM_ROSTO (code=0, x=0, y=0, time=1766780244591, student=zxz, exam=zxxz)
[vision] SEM_ROSTO (code=0, x=0, y=0, time=1766780245681, student=zxz, exam=zxxz)
[vision] SEM_ROSTO (code=0, x=0, y=0, time=1766780246684, student=zxz, exam=zxxz)
[vision_frame] null (code=0, x=0, y=0, time=0, student=zxz, exam=zxxz)
[vision] SEM_ROSTO (code=0, x=0, y=0, time=1766780247790, student=zxz, exam=zxxz)
[vision] SEM_ROSTO (code=0, x=0, y=0, time=1766780248824, student=zxz, exam=zxxz)
[vision] SEM_ROSTO (code=0, x=0, y=0, time=1766780249876, student=zxz, exam=zxxz)
[vision_frame] null (code=0, x=0, y=0, time=0, student=zxz, exam=zxxz)
[vision] ROSTO_CENTRO (code=0, x=0, y=0, time=1766780250859, student=zxz, exam=zxxz)
[vision] SEM_ROSTO (code=0, x=0, y=0, time=1766780250967, student=zxz, exam=zxxz)
[vision] ROSTO_CENTRO (code=0, x=0, y=0, time=1766780251295, student=zxz, exam=zxxz)
[vision] SEM_ROSTO (code=0, x=0, y=0, time=1766780251395, student=zxz, exam=zxxz)
[vision] SEM_ROSTO (code=0, x=0, y=0, time=1766780252403, student=zxz, exam=zxxz)
[vision_frame] null (code=0, x=0, y=0, time=0, student=zxz, exam=zxxz)
[vision] SEM_ROSTO (code=0, x=0, y=0, time=1766780253503, student=zxz, exam=zxxz)
[vision] SEM_ROSTO (code=0, x=0, y=0, time=1766780254504, student=zxz, exam=zxxz)
[vision] SEM_ROSTO (code=0, x=0, y=0, time=1766780255573, student=zxz, exam=zxxz)
[vision_frame] null (code=0, x=0, y=0, time=0, student=zxz, exam=zxxz)
[vision] SEM_ROSTO (code=0, x=0, y=0, time=1766780256656, student=zxz, exam=zxxz)
[keyboard] CTRL_C (code=0, x=0, y=0, time=0, student=zxz, exam=zxxz)
[vision] SEM_ROSTO (code=0, x=0, y=0, time=1766780257664, student=zxz, exam=zxxz)
[keyboard] CTRL_C (code=0, x=0, y=0, time=0, student=zxz, exam=zxxz)
[keyboard] CTRL_C (code=0, x=0, y=0, time=0, student=zxz, exam=zxxz)
[vision] ROSTO_CENTRO (code=0, x=0, y=0, time=1766780258236, student=zxz, exam=zxxz)
[vision] SEM_ROSTO (code=0, x=0, y=0, time=1766780258325, student=zxz, exam=zxxz)
[keyboard] CTRL_C (code=0, x=0, y=0, time=0, student=zxz, exam=zxxz)
[keyboard] CTRL_C (code=0, x=0, y=0, time=0, student=zxz, exam=zxxz)
[vision_frame] null (code=0, x=0, y=0, time=0, student=zxz, exam=zxxz)
[keyboard] CTRL_C (code=0, x=0, y=0, time=0, student=zxz, exam=zxxz)
[vision] SEM_ROSTO (code=0, x=0, y=0, time=1766780259355, student=zxz, exam=zxxz)
[keyboard] CTRL_C (code=0, x=0, y=0, time=0, student=zxz, exam=zxxz)
[vision] SEM_ROSTO (code=0, x=0, y=0, time=1766780260385, student=zxz, exam=zxxz)
[focus] IDE_FOCUS_LOST (code=0, x=0, y=0, time=0, student=zxz, exam=zxxz)
[vision] SEM_ROSTO (code=0, x=0, y=0, time=1766780261460, student=zxz, exam=zxxz)
[vision] ROSTO_CENTRO (code=0, x=0, y=0, time=1766780261798, student=zxz, exam=zxxz)
[vision] SEM_ROSTO (code=0, x=0, y=0, time=1766780261952, student=zxz, exam=zxxz)
[vision_frame] null (code=0, x=0, y=0, time=0, student=zxz, exam=zxxz)
[vision] SEM_ROSTO (code=0, x=0, y=0, time=1766780262998, student=zxz, exam=zxxz)
[vision] ROSTO_CENTRO (code=0, x=0, y=0, time=1766780263692, student=zxz, exam=zxxz)
[vision] SEM_ROSTO (code=0, x=0, y=0, time=1766780263797, student=zxz, exam=zxxz)
[vision] ROSTO_CENTRO (code=0, x=0, y=0, time=1766780264063, student=zxz, exam=zxxz)
[vision] SEM_ROSTO (code=0, x=0, y=0, time=1766780264146, student=zxz, exam=zxxz)
[vision] ROSTO_CENTRO (code=0, x=0, y=0, time=1766780264236, student=zxz, exam=zxxz)
[vision] SEM_ROSTO (code=0, x=0, y=0, time=1766780264659, student=zxz, exam=zxxz)
[vision] ROSTO_CENTRO (code=0, x=0, y=0, time=1766780264777, student=zxz, exam=zxxz)
[vision] SEM_ROSTO (code=0, x=0, y=0, time=1766780265066, student=zxz, exam=zxxz)
[vision_frame] null (code=0, x=0, y=0, time=0, student=zxz, exam=zxxz)
[vision] SEM_ROSTO (code=0, x=0, y=0, time=1766780266123, student=zxz, exam=zxxz)
[vision] SEM_ROSTO (code=0, x=0, y=0, time=1766780267200, student=zxz, exam=zxxz)
[vision] SEM_ROSTO (code=0, x=0, y=0, time=1766780268211, student=zxz, exam=zxxz)
[vision_frame] null (code=0, x=0, y=0, time=0, student=zxz, exam=zxxz)
[vision] SEM_ROSTO (code=0, x=0, y=0, time=1766780269219, student=zxz, exam=zxxz)
[vision] SEM_ROSTO (code=0, x=0, y=0, time=1766780270273, student=zxz, exam=zxxz)
[vision] SEM_ROSTO (code=0, x=0, y=0, time=1766780271285, student=zxz, exam=zxxz)
[vision_frame] null (code=0, x=0, y=0, time=0, student=zxz, exam=zxxz)
[vision] SEM_ROSTO (code=0, x=0, y=0, time=1766780272346, student=zxz, exam=zxxz)
[vision] SEM_ROSTO (code=0, x=0, y=0, time=1766780273354, student=zxz, exam=zxxz)
[vision_frame] null (code=0, x=0, y=0, time=0, student=zxz, exam=zxxz)
[vision] SEM_ROSTO (code=0, x=0, y=0, time=1766780274410, student=zxz, exam=zxxz)
[vision] SEM_ROSTO (code=0, x=0, y=0, time=1766780275455, student=zxz, exam=zxxz)
[vision] ROSTO_CENTRO (code=0, x=0, y=0, time=1766780276328, student=zxz, exam=zxxz)
[vision] SEM_ROSTO (code=0, x=0, y=0, time=1766780276442, student=zxz, exam=zxxz)
[vision] SEM_ROSTO (code=0, x=0, y=0, time=1766780277483, student=zxz, exam=zxxz)
[vision_frame] null (code=0, x=0, y=0, time=0, student=zxz, exam=zxxz)
[vision] SEM_ROSTO (code=0, x=0, y=0, time=1766780278490, student=zxz, exam=zxxz)
[vision] SEM_ROSTO (code=0, x=0, y=0, time=1766780279547, student=zxz, exam=zxxz)
[vision] SEM_ROSTO (code=0, x=0, y=0, time=1766780280598, student=zxz, exam=zxxz)
[vision_frame] null (code=0, x=0, y=0, time=0, student=zxz, exam=zxxz)
[vision] SEM_ROSTO (code=0, x=0, y=0, time=1766780281671, student=zxz, exam=zxxz)
[vision] SEM_ROSTO (code=0, x=0, y=0, time=1766780282764, student=zxz, exam=zxxz)
[vision_frame] null (code=0, x=0, y=0, time=0, student=zxz, exam=zxxz)
[vision] SEM_ROSTO (code=0, x=0, y=0, time=1766780283768, student=zxz, exam=zxxz)
[vision] SEM_ROSTO (code=0, x=0, y=0, time=1766780284860, student=zxz, exam=zxxz)
[vision] SEM_ROSTO (code=0, x=0, y=0, time=1766780285950, student=zxz, exam=zxxz)
[vision_frame] null (code=0, x=0, y=0, time=0, student=zxz, exam=zxxz)
[vision] SEM_ROSTO (code=0, x=0, y=0, time=1766780287047, student=zxz, exam=zxxz)
[vision] ROSTO_CENTRO (code=0, x=0, y=0, time=1766780287247, student=zxz, exam=zxxz)
[vision] SEM_ROSTO (code=0, x=0, y=0, time=1766780287331, student=zxz, exam=zxxz)
[vision] SEM_ROSTO (code=0, x=0, y=0, time=1766780288369, student=zxz, exam=zxxz)
[vision] SEM_ROSTO (code=0, x=0, y=0, time=1766780289450, student=zxz, exam=zxxz)
[vision_frame] null (code=0, x=0, y=0, time=0, student=zxz, exam=zxxz)
[vision] SEM_ROSTO (code=0, x=0, y=0, time=1766780290465, student=zxz, exam=zxxz)
[vision] SEM_ROSTO (code=0, x=0, y=0, time=1766780291475, student=zxz, exam=zxxz)
[vision] SEM_ROSTO (code=0, x=0, y=0, time=1766780292499, student=zxz, exam=zxxz)
[vision_frame] null (code=0, x=0, y=0, time=0, student=zxz, exam=zxxz)
[vision] SEM_ROSTO (code=0, x=0, y=0, time=1766780293500, student=zxz, exam=zxxz)
[vision] SEM_ROSTO (code=0, x=0, y=0, time=1766780294527, student=zxz, exam=zxxz)
[vision] SEM_ROSTO (code=0, x=0, y=0, time=1766780295576, student=zxz, exam=zxxz)
[vision_frame] null (code=0, x=0, y=0, time=0, student=zxz, exam=zxxz)
[vision] SEM_ROSTO (code=0, x=0, y=0, time=1766780296608, student=zxz, exam=zxxz)
[vision] SEM_ROSTO (code=0, x=0, y=0, time=1766780297661, student=zxz, exam=zxxz)
[vision] SEM_ROSTO (code=0, x=0, y=0, time=1766780298675, student=zxz, exam=zxxz)
[vision_frame] null (code=0, x=0, y=0, time=0, student=zxz, exam=zxxz)
[vision] ROSTO_CENTRO (code=0, x=0, y=0, time=1766780299949, student=zxz, exam=zxxz)
[vision] SEM_ROSTO (code=0, x=0, y=0, time=1766780300049, student=zxz, exam=zxxz)
[focus] IDE_FOCUS_GAINED (code=0, x=0, y=0, time=0, student=zxz, exam=zxxz)
[vision] ROSTO_CENTRO (code=0, x=0, y=0, time=1766780300752, student=zxz, exam=zxxz)
[vision] SEM_ROSTO (code=0, x=0, y=0, time=1766780300848, student=zxz, exam=zxxz)
[vision] ROSTO_CENTRO (code=0, x=0, y=0, time=1766780301532, student=zxz, exam=zxxz)
[vision] SEM_ROSTO (code=0, x=0, y=0, time=1766780301627, student=zxz, exam=zxxz)
[vision] ROSTO_CENTRO (code=0, x=0, y=0, time=1766780301711, student=zxz, exam=zxxz)
[vision_frame] null (code=0, x=0, y=0, time=0, student=zxz, exam=zxxz)
[vision] SEM_ROSTO (code=0, x=0, y=0, time=1766780301913, student=zxz, exam=zxxz)
[vision] ROSTO_CENTRO (code=0, x=0, y=0, time=1766780302098, student=zxz, exam=zxxz)
[vision] SEM_ROSTO (code=0, x=0, y=0, time=1766780302576, student=zxz, exam=zxxz)
[vision] ROSTO_CENTRO (code=0, x=0, y=0, time=1766780302757, student=zxz, exam=zxxz)
[vision] SEM_ROSTO (code=0, x=0, y=0, time=1766780302942, student=zxz, exam=zxxz)
[vision] ROSTO_CENTRO (code=0, x=0, y=0, time=1766780303578, student=zxz, exam=zxxz)
[vision] SEM_ROSTO (code=0, x=0, y=0, time=1766780303663, student=zxz, exam=zxxz)
[vision] ROSTO_CENTRO (code=0, x=0, y=0, time=1766780303976, student=zxz, exam=zxxz)
[vision] SEM_ROSTO (code=0, x=0, y=0, time=1766780304094, student=zxz, exam=zxxz)
[vision] ROSTO_CENTRO (code=0, x=0, y=0, time=1766780304384, student=zxz, exam=zxxz)
[vision] SEM_ROSTO (code=0, x=0, y=0, time=1766780304566, student=zxz, exam=zxxz)
[vision] ROSTO_CENTRO (code=0, x=0, y=0, time=1766780304646, student=zxz, exam=zxxz)
[vision_frame] null (code=0, x=0, y=0, time=0, student=zxz, exam=zxxz)
[vision] SEM_ROSTO (code=0, x=0, y=0, time=1766780304858, student=zxz, exam=zxxz)
[vision] ROSTO_CENTRO (code=0, x=0, y=0, time=1766780304942, student=zxz, exam=zxxz)
[vision] SEM_ROSTO (code=0, x=0, y=0, time=1766780305877, student=zxz, exam=zxxz)
[vision] SEM_ROSTO (code=0, x=0, y=0, time=1766780306892, student=zxz, exam=zxxz)
[vision_frame] null (code=0, x=0, y=0, time=0, student=zxz, exam=zxxz)
[vision] SEM_ROSTO (code=0, x=0, y=0, time=1766780307952, student=zxz, exam=zxxz)
[vision] ROSTO_CENTRO (code=0, x=0, y=0, time=1766780308321, student=zxz, exam=zxxz)
[vision] SEM_ROSTO (code=0, x=0, y=0, time=1766780308977, student=zxz, exam=zxxz)
[vision] ROSTO_CENTRO (code=0, x=0, y=0, time=1766780309070, student=zxz, exam=zxxz)
[vision] SEM_ROSTO (code=0, x=0, y=0, time=1766780309627, student=zxz, exam=zxxz)
[vision] ROSTO_CENTRO (code=0, x=0, y=0, time=1766780309807, student=zxz, exam=zxxz)
[vision] ROSTO_CENTRO (code=0, x=0, y=0, time=1766780310834, student=zxz, exam=zxxz)
[vision_frame] null (code=0, x=0, y=0, time=0, student=zxz, exam=zxxz)
[vision] SEM_ROSTO (code=0, x=0, y=0, time=1766780311646, student=zxz, exam=zxxz)
[vision] ROSTO_CENTRO (code=0, x=0, y=0, time=1766780311728, student=zxz, exam=zxxz)
[vision] SEM_ROSTO (code=0, x=0, y=0, time=1766780311814, student=zxz, exam=zxxz)
[vision] ROSTO_CENTRO (code=0, x=0, y=0, time=1766780311895, student=zxz, exam=zxxz)
[vision] SEM_ROSTO (code=0, x=0, y=0, time=1766780312272, student=zxz, exam=zxxz)
[vision] ROSTO_CENTRO (code=0, x=0, y=0, time=1766780312688, student=zxz, exam=zxxz)
[vision] SEM_ROSTO (code=0, x=0, y=0, time=1766780312790, student=zxz, exam=zxxz)
[vision] ROSTO_CENTRO (code=0, x=0, y=0, time=1766780312902, student=zxz, exam=zxxz)
[vision] SEM_ROSTO (code=0, x=0, y=0, time=1766780312991, student=zxz, exam=zxxz)
[vision_frame] null (code=0, x=0, y=0, time=0, student=zxz, exam=zxxz)
[vision] SEM_ROSTO (code=0, x=0, y=0, time=1766780314054, student=zxz, exam=zxxz)
[vision] SEM_ROSTO (code=0, x=0, y=0, time=1766780315154, student=zxz, exam=zxxz)
[vision] SEM_ROSTO (code=0, x=0, y=0, time=1766780316188, student=zxz, exam=zxxz)
[vision] ROSTO_CENTRO (code=0, x=0, y=0, time=1766780316892, student=zxz, exam=zxxz)
[vision] SEM_ROSTO (code=0, x=0, y=0, time=1766780316988, student=zxz, exam=zxxz)
[vision_frame] null (code=0, x=0, y=0, time=0, student=zxz, exam=zxxz)
[focus] IDE_FOCUS_LOST (code=0, x=0, y=0, time=0, student=zxz, exam=zxxz)
[vision] ROSTO_CENTRO (code=0, x=0, y=0, time=1766780317769, student=zxz, exam=zxxz)
[vision] SEM_ROSTO (code=0, x=0, y=0, time=1766780317851, student=zxz, exam=zxxz)
[vision] ROSTO_CENTRO (code=0, x=0, y=0, time=1766780317952, student=zxz, exam=zxxz)
[vision] SEM_ROSTO (code=0, x=0, y=0, time=1766780318129, student=zxz, exam=zxxz)
[vision] ROSTO_CENTRO (code=0, x=0, y=0, time=1766780318784, student=zxz, exam=zxxz)
[vision] SEM_ROSTO (code=0, x=0, y=0, time=1766780318881, student=zxz, exam=zxxz)
[vision] SEM_ROSTO (code=0, x=0, y=0, time=1766780319907, student=zxz, exam=zxxz)
[vision_frame] null (code=0, x=0, y=0, time=0, student=zxz, exam=zxxz)
[vision] SEM_ROSTO (code=0, x=0, y=0, time=1766780320963, student=zxz, exam=zxxz)
[vision] SEM_ROSTO (code=0, x=0, y=0, time=1766780321976, student=zxz, exam=zxxz)
[vision] SEM_ROSTO (code=0, x=0, y=0, time=1766780323031, student=zxz, exam=zxxz)
[vision_frame] null (code=0, x=0, y=0, time=0, student=zxz, exam=zxxz)
[vision] SEM_ROSTO (code=0, x=0, y=0, time=1766780324111, student=zxz, exam=zxxz)
[vision] SEM_ROSTO (code=0, x=0, y=0, time=1766780325166, student=zxz, exam=zxxz)
[vision] ROSTO_CENTRO (code=0, x=0, y=0, time=1766780326039, student=zxz, exam=zxxz)
[vision_frame] null (code=0, x=0, y=0, time=0, student=zxz, exam=zxxz)
[vision] SEM_ROSTO (code=0, x=0, y=0, time=1766780326236, student=zxz, exam=zxxz)
[vision] ROSTO_CENTRO (code=0, x=0, y=0, time=1766780326349, student=zxz, exam=zxxz)
[vision] SEM_ROSTO (code=0, x=0, y=0, time=1766780326434, student=zxz, exam=zxxz)
[focus] IDE_FOCUS_GAINED (code=0, x=0, y=0, time=0, student=zxz, exam=zxxz)
[vision] SEM_ROSTO (code=0, x=0, y=0, time=1766780327485, student=zxz, exam=zxxz)
[vision] ROSTO_CENTRO (code=0, x=0, y=0, time=1766780327652, student=zxz, exam=zxxz)
[vision] SEM_ROSTO (code=0, x=0, y=0, time=1766780327741, student=zxz, exam=zxxz)
[vision] ROSTO_CENTRO (code=0, x=0, y=0, time=1766780328427, student=zxz, exam=zxxz)
[vision] SEM_ROSTO (code=0, x=0, y=0, time=1766780328990, student=zxz, exam=zxxz)
[vision] ROSTO_CENTRO (code=0, x=0, y=0, time=1766780329111, student=zxz, exam=zxxz)
[vision_frame] null (code=0, x=0, y=0, time=0, student=zxz, exam=zxxz)
[vision] ROSTO_ESQUERDA (code=0, x=0, y=0, time=1766780329967, student=zxz, exam=zxxz)
[vision] SEM_ROSTO (code=0, x=0, y=0, time=1766780330310, student=zxz, exam=zxxz)
[vision] ROSTO_CENTRO (code=0, x=0, y=0, time=1766780330495, student=zxz, exam=zxxz)
[vision] SEM_ROSTO (code=0, x=0, y=0, time=1766780330574, student=zxz, exam=zxxz)
[vision] ROSTO_CENTRO (code=0, x=0, y=0, time=1766780330775, student=zxz, exam=zxxz)
[vision] SEM_ROSTO (code=0, x=0, y=0, time=1766780330934, student=zxz, exam=zxxz)
[vision] ROSTO_ESQUERDA (code=0, x=0, y=0, time=1766780331135, student=zxz, exam=zxxz)
[vision] SEM_ROSTO (code=0, x=0, y=0, time=1766780331219, student=zxz, exam=zxxz)
[vision] SEM_ROSTO (code=0, x=0, y=0, time=1766780332270, student=zxz, exam=zxxz)
[vision_frame] null (code=0, x=0, y=0, time=0, student=zxz, exam=zxxz)
[vision] SEM_ROSTO (code=0, x=0, y=0, time=1766780333297, student=zxz, exam=zxxz)
[vision] SEM_ROSTO (code=0, x=0, y=0, time=1766780334353, student=zxz, exam=zxxz)
[vision_frame] null (code=0, x=0, y=0, time=0, student=zxz, exam=zxxz)
[vision] SEM_ROSTO (code=0, x=0, y=0, time=1766780335439, student=zxz, exam=zxxz)
[vision] SEM_ROSTO (code=0, x=0, y=0, time=1766780336510, student=zxz, exam=zxxz)
[vision] SEM_ROSTO (code=0, x=0, y=0, time=1766780337554, student=zxz, exam=zxxz)
[vision_frame] null (code=0, x=0, y=0, time=0, student=zxz, exam=zxxz)
[vision] SEM_ROSTO (code=0, x=0, y=0, time=1766780338561, student=zxz, exam=zxxz)
[vision] SEM_ROSTO (code=0, x=0, y=0, time=1766780339608, student=zxz, exam=zxxz)
[vision] SEM_ROSTO (code=0, x=0, y=0, time=1766780340654, student=zxz, exam=zxxz)
[vision_frame] null (code=0, x=0, y=0, time=0, student=zxz, exam=zxxz)
[vision] SEM_ROSTO (code=0, x=0, y=0, time=1766780341733, student=zxz, exam=zxxz)
[vision] SEM_ROSTO (code=0, x=0, y=0, time=1766780342734, student=zxz, exam=zxxz)
[vision] SEM_ROSTO (code=0, x=0, y=0, time=1766780343752, student=zxz, exam=zxxz)
[vision_frame] null (code=0, x=0, y=0, time=0, student=zxz, exam=zxxz)
[vision] SEM_ROSTO (code=0, x=0, y=0, time=1766780344759, student=zxz, exam=zxxz)
[vision] SEM_ROSTO (code=0, x=0, y=0, time=1766780345852, student=zxz, exam=zxxz)
[vision] SEM_ROSTO (code=0, x=0, y=0, time=1766780346856, student=zxz, exam=zxxz)
[vision_frame] null (code=0, x=0, y=0, time=0, student=zxz, exam=zxxz)
[vision] SEM_ROSTO (code=0, x=0, y=0, time=1766780347862, student=zxz, exam=zxxz)
[vision] SEM_ROSTO (code=0, x=0, y=0, time=1766780348962, student=zxz, exam=zxxz)
[vision] SEM_ROSTO (code=0, x=0, y=0, time=1766780350024, student=zxz, exam=zxxz)
[vision_frame] null (code=0, x=0, y=0, time=0, student=zxz, exam=zxxz)
[vision] SEM_ROSTO (code=0, x=0, y=0, time=1766780351067, student=zxz, exam=zxxz)
[vision] SEM_ROSTO (code=0, x=0, y=0, time=1766780352071, student=zxz, exam=zxxz)
[vision] SEM_ROSTO (code=0, x=0, y=0, time=1766780353165, student=zxz, exam=zxxz)
[vision_frame] null (code=0, x=0, y=0, time=0, student=zxz, exam=zxxz)
[vision] SEM_ROSTO (code=0, x=0, y=0, time=1766780354203, student=zxz, exam=zxxz)
[vision] SEM_ROSTO (code=0, x=0, y=0, time=1766780355262, student=zxz, exam=zxxz)
[vision] SEM_ROSTO (code=0, x=0, y=0, time=1766780356294, student=zxz, exam=zxxz)
[vision_frame] null (code=0, x=0, y=0, time=0, student=zxz, exam=zxxz)
[vision] ROSTO_ESQUERDA (code=0, x=0, y=0, time=1766780357302, student=zxz, exam=zxxz)
[vision] ROSTO_CENTRO (code=0, x=0, y=0, time=1766780357414, student=zxz, exam=zxxz)
[vision] ROSTO_CENTRO (code=0, x=0, y=0, time=1766780358432, student=zxz, exam=zxxz)
[vision] SEM_ROSTO (code=0, x=0, y=0, time=1766780358971, student=zxz, exam=zxxz)
[vision] ROSTO_CENTRO (code=0, x=0, y=0, time=1766780359071, student=zxz, exam=zxxz)
[vision] SEM_ROSTO (code=0, x=0, y=0, time=1766780359241, student=zxz, exam=zxxz)
[vision] ROSTO_CENTRO (code=0, x=0, y=0, time=1766780359317, student=zxz, exam=zxxz)
[vision] SEM_ROSTO (code=0, x=0, y=0, time=1766780359399, student=zxz, exam=zxxz)
[vision_frame] null (code=0, x=0, y=0, time=0, student=zxz, exam=zxxz)
[vision] ROSTO_CENTRO (code=0, x=0, y=0, time=1766780359778, student=zxz, exam=zxxz)
[vision] SEM_ROSTO (code=0, x=0, y=0, time=1766780359890, student=zxz, exam=zxxz)
[vision] ROSTO_CENTRO (code=0, x=0, y=0, time=1766780359979, student=zxz, exam=zxxz)
[vision] SEM_ROSTO (code=0, x=0, y=0, time=1766780360064, student=zxz, exam=zxxz)
[vision] ROSTO_CENTRO (code=0, x=0, y=0, time=1766780360576, student=zxz, exam=zxxz)
[vision] SEM_ROSTO (code=0, x=0, y=0, time=1766780360810, student=zxz, exam=zxxz)
[vision] ROSTO_CENTRO (code=0, x=0, y=0, time=1766780361044, student=zxz, exam=zxxz)
[vision] SEM_ROSTO (code=0, x=0, y=0, time=1766780361122, student=zxz, exam=zxxz)
[vision] ROSTO_CENTRO (code=0, x=0, y=0, time=1766780361367, student=zxz, exam=zxxz)
[vision] SEM_ROSTO (code=0, x=0, y=0, time=1766780361457, student=zxz, exam=zxxz)
[vision] ROSTO_CENTRO (code=0, x=0, y=0, time=1766780362253, student=zxz, exam=zxxz)
[vision] SEM_ROSTO (code=0, x=0, y=0, time=1766780362411, student=zxz, exam=zxxz)
[vision_frame] null (code=0, x=0, y=0, time=0, student=zxz, exam=zxxz)
[vision] ROSTO_CENTRO (code=0, x=0, y=0, time=1766780362693, student=zxz, exam=zxxz)
[vision] SEM_ROSTO (code=0, x=0, y=0, time=1766780362800, student=zxz, exam=zxxz)
[vision] ROSTO_CENTRO (code=0, x=0, y=0, time=1766780363281, student=zxz, exam=zxxz)
[vision] SEM_ROSTO (code=0, x=0, y=0, time=1766780363375, student=zxz, exam=zxxz)
[vision] ROSTO_CENTRO (code=0, x=0, y=0, time=1766780364095, student=zxz, exam=zxxz)
[vision] SEM_ROSTO (code=0, x=0, y=0, time=1766780364294, student=zxz, exam=zxxz)
[vision] ROSTO_CENTRO (code=0, x=0, y=0, time=1766780364885, student=zxz, exam=zxxz)
[vision] SEM_ROSTO (code=0, x=0, y=0, time=1766780364972, student=zxz, exam=zxxz)
[vision] ROSTO_CENTRO (code=0, x=0, y=0, time=1766780365373, student=zxz, exam=zxxz)
[vision] SEM_ROSTO (code=0, x=0, y=0, time=1766780365471, student=zxz, exam=zxxz)
[vision_frame] null (code=0, x=0, y=0, time=0, student=zxz, exam=zxxz)
[vision] SEM_ROSTO (code=0, x=0, y=0, time=1766780366478, student=zxz, exam=zxxz)
[vision] ROSTO_CENTRO (code=0, x=0, y=0, time=1766780366838, student=zxz, exam=zxxz)
[vision] SEM_ROSTO (code=0, x=0, y=0, time=1766780366934, student=zxz, exam=zxxz)
[vision] ROSTO_CENTRO (code=0, x=0, y=0, time=1766780367208, student=zxz, exam=zxxz)
[vision] SEM_ROSTO (code=0, x=0, y=0, time=1766780367291, student=zxz, exam=zxxz)
[vision] ROSTO_CENTRO (code=0, x=0, y=0, time=1766780367447, student=zxz, exam=zxxz)
[vision] SEM_ROSTO (code=0, x=0, y=0, time=1766780367531, student=zxz, exam=zxxz)
[vision] ROSTO_CENTRO (code=0, x=0, y=0, time=1766780368006, student=zxz, exam=zxxz)
[vision] SEM_ROSTO (code=0, x=0, y=0, time=1766780368109, student=zxz, exam=zxxz)
[vision_frame] null (code=0, x=0, y=0, time=0, student=zxz, exam=zxxz)
[vision] ROSTO_CENTRO (code=0, x=0, y=0, time=1766780368843, student=zxz, exam=zxxz)
[vision] SEM_ROSTO (code=0, x=0, y=0, time=1766780369021, student=zxz, exam=zxxz)
[vision] ROSTO_CENTRO (code=0, x=0, y=0, time=1766780369237, student=zxz, exam=zxxz)
[vision] SEM_ROSTO (code=0, x=0, y=0, time=1766780369423, student=zxz, exam=zxxz)
[vision] ROSTO_CENTRO (code=0, x=0, y=0, time=1766780370410, student=zxz, exam=zxxz)
[vision] SEM_ROSTO (code=0, x=0, y=0, time=1766780370581, student=zxz, exam=zxxz)
[vision] SEM_ROSTO (code=0, x=0, y=0, time=1766780371658, student=zxz, exam=zxxz)
[vision] ROSTO_CENTRO (code=0, x=0, y=0, time=1766780371813, student=zxz, exam=zxxz)
[vision_frame] null (code=0, x=0, y=0, time=0, student=zxz, exam=zxxz)
[vision] SEM_ROSTO (code=0, x=0, y=0, time=1766780371971, student=zxz, exam=zxxz)
[vision] ROSTO_CENTRO (code=0, x=0, y=0, time=1766780372214, student=zxz, exam=zxxz)
[vision] SEM_ROSTO (code=0, x=0, y=0, time=1766780372374, student=zxz, exam=zxxz)
[vision] SEM_ROSTO (code=0, x=0, y=0, time=1766780373439, student=zxz, exam=zxxz)
[focus] IDE_FOCUS_LOST (code=0, x=0, y=0, time=0, student=zxz, exam=zxxz)
[vision] SEM_ROSTO (code=0, x=0, y=0, time=1766780374466, student=zxz, exam=zxxz)
[vision] ROSTO_CENTRO (code=0, x=0, y=0, time=1766780374641, student=zxz, exam=zxxz)
[vision] SEM_ROSTO (code=0, x=0, y=0, time=1766780374814, student=zxz, exam=zxxz)
[vision_frame] null (code=0, x=0, y=0, time=0, student=zxz, exam=zxxz)
[vision] SEM_ROSTO (code=0, x=0, y=0, time=1766780375904, student=zxz, exam=zxxz)
[vision] SEM_ROSTO (code=0, x=0, y=0, time=1766780376999, student=zxz, exam=zxxz)
[vision_frame] null (code=0, x=0, y=0, time=0, student=zxz, exam=zxxz)
[vision] SEM_ROSTO (code=0, x=0, y=0, time=1766780378104, student=zxz, exam=zxxz)
[vision] SEM_ROSTO (code=0, x=0, y=0, time=1766780379123, student=zxz, exam=zxxz)
[vision] SEM_ROSTO (code=0, x=0, y=0, time=1766780380125, student=zxz, exam=zxxz)
[vision_frame] null (code=0, x=0, y=0, time=0, student=zxz, exam=zxxz)
[vision] SEM_ROSTO (code=0, x=0, y=0, time=1766780381135, student=zxz, exam=zxxz)
[vision] SEM_ROSTO (code=0, x=0, y=0, time=1766780382179, student=zxz, exam=zxxz)
[vision] SEM_ROSTO (code=0, x=0, y=0, time=1766780383283, student=zxz, exam=zxxz)
[vision_frame] null (code=0, x=0, y=0, time=0, student=zxz, exam=zxxz)
[vision] SEM_ROSTO (code=0, x=0, y=0, time=1766780384339, student=zxz, exam=zxxz)
[vision] SEM_ROSTO (code=0, x=0, y=0, time=1766780385398, student=zxz, exam=zxxz)
[vision] SEM_ROSTO (code=0, x=0, y=0, time=1766780386426, student=zxz, exam=zxxz)
[vision_frame] null (code=0, x=0, y=0, time=0, student=zxz, exam=zxxz)
[vision] SEM_ROSTO (code=0, x=0, y=0, time=1766780387469, student=zxz, exam=zxxz)
[vision] SEM_ROSTO (code=0, x=0, y=0, time=1766780388480, student=zxz, exam=zxxz)
[vision] SEM_ROSTO (code=0, x=0, y=0, time=1766780389537, student=zxz, exam=zxxz)
[vision_frame] null (code=0, x=0, y=0, time=0, student=zxz, exam=zxxz)
[vision] SEM_ROSTO (code=0, x=0, y=0, time=1766780390590, student=zxz, exam=zxxz)
[vision] SEM_ROSTO (code=0, x=0, y=0, time=1766780391598, student=zxz, exam=zxxz)
[vision] SEM_ROSTO (code=0, x=0, y=0, time=1766780392625, student=zxz, exam=zxxz)
[vision_frame] null (code=0, x=0, y=0, time=0, student=zxz, exam=zxxz)
[vision] SEM_ROSTO (code=0, x=0, y=0, time=1766780393632, student=zxz, exam=zxxz)
[focus] IDE_FOCUS_GAINED (code=0, x=0, y=0, time=0, student=zxz, exam=zxxz)
[vision] SEM_ROSTO (code=0, x=0, y=0, time=1766780394714, student=zxz, exam=zxxz)
[vision] ROSTO_CENTRO (code=0, x=0, y=0, time=1766780394881, student=zxz, exam=zxxz)
[vision] SEM_ROSTO (code=0, x=0, y=0, time=1766780394956, student=zxz, exam=zxxz)
[focus] IDE_FOCUS_LOST (code=0, x=0, y=0, time=0, student=zxz, exam=zxxz)
[vision] SEM_ROSTO (code=0, x=0, y=0, time=1766780395976, student=zxz, exam=zxxz)
[vision_frame] null (code=0, x=0, y=0, time=0, student=zxz, exam=zxxz)
[vision] SEM_ROSTO (code=0, x=0, y=0, time=1766780397018, student=zxz, exam=zxxz)
[vision] VISION_ENCERRADO (code=0, x=0, y=0, time=1766780397126, student=zxz, exam=zxxz)
[focus] IDE_FOCUS_GAINED (code=0, x=0, y=0, time=0, student=zxz, exam=zxxz)
[focus] IDE_FOCUS_LOST (code=0, x=0, y=0, time=0, student=zxz, exam=zxxz)
[focus] IDE_FOCUS_GAINED (code=0, x=0, y=0, time=0, student=zxz, exam=zxxz)
[focus] IDE_FOCUS_LOST (code=0, x=0, y=0, time=0, student=zxz, exam=zxxz)
[focus] IDE_FOCUS_GAINED (code=0, x=0, y=0, time=0, student=zxz, exam=zxxz)
[focus] IDE_FOCUS_LOST (code=0, x=0, y=0, time=0, student=zxz, exam=zxxz)
[focus] IDE_FOCUS_GAINED (code=0, x=0, y=0, time=0, student=zxz, exam=zxxz)
[focus] IDE_FOCUS_LOST (code=0, x=0, y=0, time=0, student=zxz, exam=zxxz)
[focus] IDE_FOCUS_GAINED (code=0, x=0, y=0, time=0, student=zxz, exam=zxxz)
[focus] IDE_FOCUS_LOST (code=0, x=0, y=0, time=0, student=zxz, exam=zxxz)
[focus] IDE_FOCUS_GAINED (code=0, x=0, y=0, time=0, student=zxz, exam=zxxz)
[focus] IDE_FOCUS_LOST (code=0, x=0, y=0, time=0, student=zxz, exam=zxxz)
[focus] IDE_FOCUS_GAINED (code=0, x=0, y=0, time=0, student=zxz, exam=zxxz)
[focus] IDE_FOCUS_LOST (code=0, x=0, y=0, time=0, student=zxz, exam=zxxz)
[focus] IDE_FOCUS_GAINED (code=0, x=0, y=0, time=0, student=zxz, exam=zxxz)
[focus] IDE_FOCUS_LOST (code=0, x=0, y=0, time=0, student=zxz, exam=zxxz)
[focus] IDE_FOCUS_GAINED (code=0, x=0, y=0, time=0, student=zxz, exam=zxxz)
[focus] IDE_FOCUS_LOST (code=0, x=0, y=0, time=0, student=zxz, exam=zxxz)
[focus] IDE_FOCUS_GAINED (code=0, x=0, y=0, time=0, student=zxz, exam=zxxz)
[focus] IDE_FOCUS_LOST (code=0, x=0, y=0, time=0, student=zxz, exam=zxxz)
[focus] IDE_FOCUS_GAINED (code=0, x=0, y=0, time=0, student=zxz, exam=zxxz)
[focus] IDE_FOCUS_LOST (code=0, x=0, y=0, time=0, student=zxz, exam=zxxz)
[focus] IDE_FOCUS_GAINED (code=0, x=0, y=0, time=0, student=zxz, exam=zxxz)
[focus] IDE_FOCUS_LOST (code=0, x=0, y=0, time=0, student=zxz, exam=zxxz)
[focus] IDE_FOCUS_GAINED (code=0, x=0, y=0, time=0, student=zxz, exam=zxxz)
[focus] IDE_FOCUS_LOST (code=0, x=0, y=0, time=0, student=zxz, exam=zxxz)
[focus] IDE_FOCUS_GAINED (code=0, x=0, y=0, time=0, student=zxz, exam=zxxz)
[focus] IDE_FOCUS_LOST (code=0, x=0, y=0, time=0, student=zxz, exam=zxxz)
[focus] IDE_FOCUS_GAINED (code=0, x=0, y=0, time=0, student=zxz, exam=zxxz)
[focus] IDE_FOCUS_LOST (code=0, x=0, y=0, time=0, student=zxz, exam=zxxz)
[focus] IDE_FOCUS_GAINED (code=0, x=0, y=0, time=0, student=zxz, exam=zxxz)
[focus] IDE_FOCUS_LOST (code=0, x=0, y=0, time=0, student=zxz, exam=zxxz)
[focus] IDE_FOCUS_GAINED (code=0, x=0, y=0, time=0, student=zxz, exam=zxxz)
[focus] IDE_FOCUS_LOST (code=0, x=0, y=0, time=0, student=zxz, exam=zxxz)
[focus] IDE_FOCUS_GAINED (code=0, x=0, y=0, time=0, student=zxz, exam=zxxz)
[focus] IDE_FOCUS_LOST (code=0, x=0, y=0, time=0, student=zxz, exam=zxxz)
[focus] IDE_FOCUS_GAINED (code=0, x=0, y=0, time=0, student=zxz, exam=zxxz)
[focus] IDE_FOCUS_LOST (code=0, x=0, y=0, time=0, student=zxz, exam=zxxz)
[focus] IDE_FOCUS_GAINED (code=0, x=0, y=0, time=0, student=zxz, exam=zxxz)
[focus] IDE_FOCUS_LOST (code=0, x=0, y=0, time=0, student=zxz, exam=zxxz)
[focus] IDE_FOCUS_GAINED (code=0, x=0, y=0, time=0, student=zxz, exam=zxxz)
[focus] IDE_FOCUS_LOST (code=0, x=0, y=0, time=0, student=zxz, exam=zxxz)
[focus] IDE_FOCUS_GAINED (code=0, x=0, y=0, time=0, student=zxz, exam=zxxz)
[focus] IDE_FOCUS_LOST (code=0, x=0, y=0, time=0, student=zxz, exam=zxxz)
[focus] IDE_FOCUS_GAINED (code=0, x=0, y=0, time=0, student=zxz, exam=zxxz)
[focus] IDE_FOCUS_LOST (code=0, x=0, y=0, time=0, student=zxz, exam=zxxz)
[focus] IDE_FOCUS_GAINED (code=0, x=0, y=0, time=0, student=zxz, exam=zxxz)
[focus] IDE_FOCUS_LOST (code=0, x=0, y=0, time=0, student=zxz, exam=zxxz)
[focus] IDE_FOCUS_GAINED (code=0, x=0, y=0, time=0, student=zxz, exam=zxxz)
[focus] IDE_FOCUS_LOST (code=0, x=0, y=0, time=0, student=zxz, exam=zxxz)
[focus] IDE_FOCUS_GAINED (code=0, x=0, y=0, time=0, student=zxz, exam=zxxz)
[focus] IDE_FOCUS_LOST (code=0, x=0, y=0, time=0, student=zxz, exam=zxxz)
[focus] IDE_FOCUS_GAINED (code=0, x=0, y=0, time=0, student=zxz, exam=zxxz)
[focus] IDE_FOCUS_LOST (code=0, x=0, y=0, time=0, student=zxz, exam=zxxz)
[focus] IDE_FOCUS_GAINED (code=0, x=0, y=0, time=0, student=zxz, exam=zxxz)
[focus] IDE_FOCUS_LOST (code=0, x=0, y=0, time=0, student=zxz, exam=zxxz)
[focus] IDE_FOCUS_GAINED (code=0, x=0, y=0, time=0, student=zxz, exam=zxxz)
[focus] IDE_FOCUS_LOST (code=0, x=0, y=0, time=0, student=zxz, exam=zxxz)
[focus] IDE_FOCUS_GAINED (code=0, x=0, y=0, time=0, student=zxz, exam=zxxz)
[focus] IDE_FOCUS_LOST (code=0, x=0, y=0, time=0, student=zxz, exam=zxxz)
[focus] IDE_FOCUS_GAINED (code=0, x=0, y=0, time=0, student=zxz, exam=zxxz)
[focus] IDE_FOCUS_LOST (code=0, x=0, y=0, time=0, student=zxz, exam=zxxz)
[state] Longa_Inatividade (code=0, x=0, y=0, time=0, student=zxz, exam=zxxz)
[focus] IDE_FOCUS_GAINED (code=0, x=0, y=0, time=0, student=zxz, exam=zxxz)
[focus] IDE_FOCUS_LOST (code=0, x=0, y=0, time=0, student=zxz, exam=zxxz)
[focus] IDE_FOCUS_GAINED (code=0, x=0, y=0, time=0, student=zxz, exam=zxxz)
[focus] IDE_FOCUS_LOST (code=0, x=0, y=0, time=0, student=zxz, exam=zxxz)
[focus] IDE_FOCUS_GAINED (code=0, x=0, y=0, time=0, student=zxz, exam=zxxz)
[focus] IDE_FOCUS_LOST (code=0, x=0, y=0, time=0, student=zxz, exam=zxxz)
[focus] IDE_FOCUS_GAINED (code=0, x=0, y=0, time=0, student=zxz, exam=zxxz)
[focus] IDE_FOCUS_LOST (code=0, x=0, y=0, time=0, student=zxz, exam=zxxz)
[state] Longa_Inatividade (code=0, x=0, y=0, time=0, student=zxz, exam=zxxz)
[state] Longa_Inatividade (code=0, x=0, y=0, time=0, student=zxz, exam=zxxz)
[state] Longa_Inatividade (code=0, x=0, y=0, time=0, student=zxz, exam=zxxz)
[state] Longa_Inatividade (code=0, x=0, y=0, time=0, student=zxz, exam=zxxz)
[state] Longa_Inatividade (code=0, x=0, y=0, time=0, student=zxz, exam=zxxz)
[state] Longa_Inatividade (code=0, x=0, y=0, time=0, student=zxz, exam=zxxz)
[focus] IDE_FOCUS_GAINED (code=0, x=0, y=0, time=0, student=zxz, exam=zxxz)
[focus] IDE_FOCUS_LOST (code=0, x=0, y=0, time=0, student=zxz, exam=zxxz)
[focus] IDE_FOCUS_GAINED (code=0, x=0, y=0, time=0, student=zxz, exam=zxxz)
[focus] IDE_FOCUS_LOST (code=0, x=0, y=0, time=0, student=zxz, exam=zxxz)
[focus] IDE_FOCUS_GAINED (code=0, x=0, y=0, time=0, student=zxz, exam=zxxz)
[focus] IDE_FOCUS_LOST (code=0, x=0, y=0, time=0, student=zxz, exam=zxxz)
[focus] IDE_FOCUS_GAINED (code=0, x=0, y=0, time=0, student=zxz, exam=zxxz)
[focus] IDE_FOCUS_LOST (code=0, x=0, y=0, time=0, student=zxz, exam=zxxz)
[focus] IDE_FOCUS_GAINED (code=0, x=0, y=0, time=0, student=zxz, exam=zxxz)
[focus] IDE_FOCUS_LOST (code=0, x=0, y=0, time=0, student=zxz, exam=zxxz)
[focus] IDE_FOCUS_GAINED (code=0, x=0, y=0, time=0, student=zxz, exam=zxxz)
[focus] IDE_FOCUS_LOST (code=0, x=0, y=0, time=0, student=zxz, exam=zxxz)
[focus] IDE_FOCUS_GAINED (code=0, x=0, y=0, time=0, student=zxz, exam=zxxz)
[focus] IDE_FOCUS_LOST (code=0, x=0, y=0, time=0, student=zxz, exam=zxxz)
[focus] IDE_FOCUS_GAINED (code=0, x=0, y=0, time=0, student=zxz, exam=zxxz)
[focus] IDE_FOCUS_LOST (code=0, x=0, y=0, time=0, student=zxz, exam=zxxz)
[focus] IDE_FOCUS_GAINED (code=0, x=0, y=0, time=0, student=zxz, exam=zxxz)
[focus] IDE_FOCUS_LOST (code=0, x=0, y=0, time=0, student=zxz, exam=zxxz)
[focus] IDE_FOCUS_GAINED (code=0, x=0, y=0, time=0, student=zxz, exam=zxxz)
[focus] IDE_FOCUS_LOST (code=0, x=0, y=0, time=0, student=zxz, exam=zxxz)
[focus] IDE_FOCUS_GAINED (code=0, x=0, y=0, time=0, student=zxz, exam=zxxz)
[focus] IDE_FOCUS_LOST (code=0, x=0, y=0, time=0, student=zxz, exam=zxxz)
[focus] IDE_FOCUS_GAINED (code=0, x=0, y=0, time=0, student=zxz, exam=zxxz)
[focus] IDE_FOCUS_LOST (code=0, x=0, y=0, time=0, student=zxz, exam=zxxz)
[focus] IDE_FOCUS_GAINED (code=0, x=0, y=0, time=0, student=zxz, exam=zxxz)
[focus] IDE_FOCUS_LOST (code=0, x=0, y=0, time=0, student=zxz, exam=zxxz)
[focus] IDE_FOCUS_GAINED (code=0, x=0, y=0, time=0, student=zxz, exam=zxxz)
[focus] IDE_FOCUS_LOST (code=0, x=0, y=0, time=0, student=zxz, exam=zxxz)
[focus] IDE_FOCUS_GAINED (code=0, x=0, y=0, time=0, student=zxz, exam=zxxz)
[focus] IDE_FOCUS_LOST (code=0, x=0, y=0, time=0, student=zxz, exam=zxxz)
[focus] IDE_FOCUS_GAINED (code=0, x=0, y=0, time=0, student=zxz, exam=zxxz)
[focus] IDE_FOCUS_LOST (code=0, x=0, y=0, time=0, student=zxz, exam=zxxz)
[focus] IDE_FOCUS_GAINED (code=0, x=0, y=0, time=0, student=zxz, exam=zxxz)
[focus] IDE_FOCUS_LOST (code=0, x=0, y=0, time=0, student=zxz, exam=zxxz)
[focus] IDE_FOCUS_GAINED (code=0, x=0, y=0, time=0, student=zxz, exam=zxxz)
[focus] IDE_FOCUS_LOST (code=0, x=0, y=0, time=0, student=zxz, exam=zxxz)
[focus] IDE_FOCUS_GAINED (code=0, x=0, y=0, time=0, student=zxz, exam=zxxz)
[focus] IDE_FOCUS_LOST (code=0, x=0, y=0, time=0, student=zxz, exam=zxxz)
[focus] IDE_FOCUS_GAINED (code=0, x=0, y=0, time=0, student=zxz, exam=zxxz)
[focus] IDE_FOCUS_LOST (code=0, x=0, y=0, time=0, student=zxz, exam=zxxz)
[focus] IDE_FOCUS_GAINED (code=0, x=0, y=0, time=0, student=zxz, exam=zxxz)
[focus] IDE_FOCUS_LOST (code=0, x=0, y=0, time=0, student=zxz, exam=zxxz)
[focus] IDE_FOCUS_GAINED (code=0, x=0, y=0, time=0, student=zxz, exam=zxxz)
[focus] IDE_FOCUS_LOST (code=0, x=0, y=0, time=0, student=zxz, exam=zxxz)
[focus] IDE_FOCUS_GAINED (code=0, x=0, y=0, time=0, student=zxz, exam=zxxz)
[focus] IDE_FOCUS_LOST (code=0, x=0, y=0, time=0, student=zxz, exam=zxxz)
[focus] IDE_FOCUS_GAINED (code=0, x=0, y=0, time=0, student=zxz, exam=zxxz)
[focus] IDE_FOCUS_LOST (code=0, x=0, y=0, time=0, student=zxz, exam=zxxz)
[focus] IDE_FOCUS_GAINED (code=0, x=0, y=0, time=0, student=zxz, exam=zxxz)
[focus] IDE_FOCUS_LOST (code=0, x=0, y=0, time=0, student=zxz, exam=zxxz)
[focus] IDE_FOCUS_GAINED (code=0, x=0, y=0, time=0, student=zxz, exam=zxxz)
[focus] IDE_FOCUS_LOST (code=0, x=0, y=0, time=0, student=zxz, exam=zxxz)
[focus] IDE_FOCUS_GAINED (code=0, x=0, y=0, time=0, student=zxz, exam=zxxz)
[focus] IDE_FOCUS_LOST (code=0, x=0, y=0, time=0, student=zxz, exam=zxxz)
[focus] IDE_FOCUS_GAINED (code=0, x=0, y=0, time=0, student=zxz, exam=zxxz)
[focus] IDE_FOCUS_LOST (code=0, x=0, y=0, time=0, student=zxz, exam=zxxz)
[focus] IDE_FOCUS_GAINED (code=0, x=0, y=0, time=0, student=zxz, exam=zxxz)
[focus] IDE_FOCUS_LOST (code=0, x=0, y=0, time=0, student=zxz, exam=zxxz)
[focus] IDE_FOCUS_GAINED (code=0, x=0, y=0, time=0, student=zxz, exam=zxxz)
[focus] IDE_FOCUS_LOST (code=0, x=0, y=0, time=0, student=zxz, exam=zxxz)
[focus] IDE_FOCUS_GAINED (code=0, x=0, y=0, time=0, student=zxz, exam=zxxz)
[focus] IDE_FOCUS_LOST (code=0, x=0, y=0, time=0, student=zxz, exam=zxxz)
[focus] IDE_FOCUS_GAINED (code=0, x=0, y=0, time=0, student=zxz, exam=zxxz)
[focus] IDE_FOCUS_LOST (code=0, x=0, y=0, time=0, student=zxz, exam=zxxz)
[focus] IDE_FOCUS_GAINED (code=0, x=0, y=0, time=0, student=zxz, exam=zxxz)
[focus] IDE_FOCUS_LOST (code=0, x=0, y=0, time=0, student=zxz, exam=zxxz)
[focus] IDE_FOCUS_GAINED (code=0, x=0, y=0, time=0, student=zxz, exam=zxxz)
[focus] IDE_FOCUS_LOST (code=0, x=0, y=0, time=0, student=zxz, exam=zxxz)
[focus] IDE_FOCUS_GAINED (code=0, x=0, y=0, time=0, student=zxz, exam=zxxz)
[focus] IDE_FOCUS_LOST (code=0, x=0, y=0, time=0, student=zxz, exam=zxxz)
[focus] IDE_FOCUS_GAINED (code=0, x=0, y=0, time=0, student=zxz, exam=zxxz)
[focus] IDE_FOCUS_LOST (code=0, x=0, y=0, time=0, student=zxz, exam=zxxz)
[focus] IDE_FOCUS_GAINED (code=0, x=0, y=0, time=0, student=zxz, exam=zxxz)
[focus] IDE_FOCUS_LOST (code=0, x=0, y=0, time=0, student=zxz, exam=zxxz)
[focus] IDE_FOCUS_GAINED (code=0, x=0, y=0, time=0, student=zxz, exam=zxxz)
[focus] IDE_FOCUS_LOST (code=0, x=0, y=0, time=0, student=zxz, exam=zxxz)
[focus] IDE_FOCUS_GAINED (code=0, x=0, y=0, time=0, student=zxz, exam=zxxz)
[focus] IDE_FOCUS_LOST (code=0, x=0, y=0, time=0, student=zxz, exam=zxxz)
[focus] IDE_FOCUS_GAINED (code=0, x=0, y=0, time=0, student=zxz, exam=zxxz)
[focus] IDE_FOCUS_LOST (code=0, x=0, y=0, time=0, student=zxz, exam=zxxz)
[focus] IDE_FOCUS_GAINED (code=0, x=0, y=0, time=0, student=zxz, exam=zxxz)
[focus] IDE_FOCUS_LOST (code=0, x=0, y=0, time=0, student=zxz, exam=zxxz)
[state] Longa_Inatividade (code=0, x=0, y=0, time=0, student=zxz, exam=zxxz)
[state] Longa_Inatividade (code=0, x=0, y=0, time=0, student=zxz, exam=zxxz)
[state] Longa_Inatividade (code=0, x=0, y=0, time=0, student=zxz, exam=zxxz)
[focus] IDE_FOCUS_GAINED (code=0, x=0, y=0, time=0, student=zxz, exam=zxxz)
[focus] IDE_FOCUS_LOST (code=0, x=0, y=0, time=0, student=zxz, exam=zxxz)
[focus] IDE_FOCUS_GAINED (code=0, x=0, y=0, time=0, student=zxz, exam=zxxz)
[focus] IDE_FOCUS_LOST (code=0, x=0, y=0, time=0, student=zxz, exam=zxxz)
[focus] IDE_FOCUS_GAINED (code=0, x=0, y=0, time=0, student=zxz, exam=zxxz)
[focus] IDE_FOCUS_LOST (code=0, x=0, y=0, time=0, student=zxz, exam=zxxz)
[focus] IDE_FOCUS_GAINED (code=0, x=0, y=0, time=0, student=zxz, exam=zxxz)
[focus] IDE_FOCUS_LOST (code=0, x=0, y=0, time=0, student=zxz, exam=zxxz)
[focus] IDE_FOCUS_GAINED (code=0, x=0, y=0, time=0, student=zxz, exam=zxxz)
[focus] IDE_FOCUS_LOST (code=0, x=0, y=0, time=0, student=zxz, exam=zxxz)
[focus] IDE_FOCUS_GAINED (code=0, x=0, y=0, time=0, student=zxz, exam=zxxz)
[focus] IDE_FOCUS_LOST (code=0, x=0, y=0, time=0, student=zxz, exam=zxxz)
[focus] IDE_FOCUS_GAINED (code=0, x=0, y=0, time=0, student=zxz, exam=zxxz)
[keyboard] CTRL_C (code=0, x=0, y=0, time=0, student=zxz, exam=zxxz)
[keyboard] CTRL_C (code=0, x=0, y=0, time=0, student=zxz, exam=zxxz)
[keyboard] CTRL_C (code=0, x=0, y=0, time=0, student=zxz, exam=zxxz)
[keyboard] CTRL_C (code=0, x=0, y=0, time=0, student=zxz, exam=zxxz)
[keyboard] CTRL_C (code=0, x=0, y=0, time=0, student=zxz, exam=zxxz)
[keyboard] CTRL_C (code=0, x=0, y=0, time=0, student=zxz, exam=zxxz)
[keyboard] CTRL_C (code=0, x=0, y=0, time=0, student=zxz, exam=zxxz)
[focus] IDE_FOCUS_LOST (code=0, x=0, y=0, time=0, student=zxz, exam=zxxz)
[focus] IDE_FOCUS_GAINED (code=0, x=0, y=0, time=0, student=zxz, exam=zxxz)
[focus] IDE_FOCUS_LOST (code=0, x=0, y=0, time=0, student=zxz, exam=zxxz)
[focus] IDE_FOCUS_GAINED (code=0, x=0, y=0, time=0, student=zxz, exam=zxxz)
[focus] IDE_FOCUS_LOST (code=0, x=0, y=0, time=0, student=zxz, exam=zxxz)
[focus] IDE_FOCUS_GAINED (code=0, x=0, y=0, time=0, student=zxz, exam=zxxz)
