[vision] MOTION_DETECTED (code=0, x=0, y=0, time=1765475183083, student=s, exam=s)
[vision] NO_FACE_LONG (code=0, x=0, y=0, time=1765475184077, student=s, exam=s)
[vision] DETECTADO_CENTRO (code=0, x=0, y=0, time=1765475183012, student=s, exam=s)
[vision] OLHANDO_DIREITA (code=0, x=0, y=0, time=1765475184726, student=s, exam=s)
[vision] NO_FACE_LONG (code=0, x=0, y=0, time=1765475185543, student=s, exam=s)
[vision] OLHANDO_ESQUERDA (code=0, x=0, y=0, time=1765475187226, student=s, exam=s)
[vision] DETECTADO_CENTRO (code=0, x=0, y=0, time=1765475187890, student=s, exam=s)
[vision] OLHANDO_ESQUERDA (code=0, x=0, y=0, time=1765475188038, student=s, exam=s)
[vision] DETECTADO_CENTRO (code=0, x=0, y=0, time=1765475189000, student=s, exam=s)
[vision] OLHANDO_ESQUERDA (code=0, x=0, y=0, time=1765475222404, student=s, exam=s)
[vision] DETECTADO_CENTRO (code=0, x=0, y=0, time=1765475222591, student=s, exam=s)
[vision] OLHANDO_PARA_BAIXO (code=0, x=0, y=0, time=1765475223066, student=s, exam=s)
[vision] DETECTADO_CENTRO (code=0, x=0, y=0, time=1765475223558, student=s, exam=s)
[vision] OLHANDO_PARA_BAIXO (code=0, x=0, y=0, time=1765475246184, student=s, exam=s)
[vision] NO_FACE_LONG (code=0, x=0, y=0, time=1765475249579, student=s, exam=s)
[vision] OLHANDO_PARA_BAIXO (code=0, x=0, y=0, time=1765475249975, student=s, exam=s)
[vision] NO_FACE_LONG (code=0, x=0, y=0, time=1765475252218, student=s, exam=s)
[vision] OLHANDO_PARA_BAIXO (code=0, x=0, y=0, time=1765475252442, student=s, exam=s)
[vision] DETECTADO_CENTRO (code=0, x=0, y=0, time=1765475253424, student=s, exam=s)
[vision] OLHANDO_PARA_BAIXO (code=0, x=0, y=0, time=1765475255089, student=s, exam=s)
[vision] DETECTADO_CENTRO (code=0, x=0, y=0, time=1765475255304, student=s, exam=s)
[vision] OLHANDO_PARA_BAIXO (code=0, x=0, y=0, time=1765475255421, student=s, exam=s)
[vision] DETECTADO_CENTRO (code=0, x=0, y=0, time=1765475256197, student=s, exam=s)
[vision] OLHANDO_PARA_BAIXO (code=0, x=0, y=0, time=1765475256882, student=s, exam=s)
[vision] DETECTADO_CENTRO (code=0, x=0, y=0, time=1765475257281, student=s, exam=s)
[vision] OLHANDO_PARA_CIMA (code=0, x=0, y=0, time=1765475259513, student=s, exam=s)
[vision] DETECTADO_CENTRO (code=0, x=0, y=0, time=1765475261449, student=s, exam=s)
[vision] OLHANDO_PARA_BAIXO (code=0, x=0, y=0, time=1765475265320, student=s, exam=s)
[vision] DETECTADO_CENTRO (code=0, x=0, y=0, time=1765475266169, student=s, exam=s)
[vision] OLHANDO_PARA_BAIXO (code=0, x=0, y=0, time=1765475268249, student=s, exam=s)
[vision] DETECTADO_CENTRO (code=0, x=0, y=0, time=1765475269307, student=s, exam=s)
[vision] OLHANDO_PARA_BAIXO (code=0, x=0, y=0, time=1765475277468, student=s, exam=s)
[vision] DETECTADO_CENTRO (code=0, x=0, y=0, time=1765475277589, student=s, exam=s)
[vision] OLHANDO_PARA_BAIXO (code=0, x=0, y=0, time=1765475278247, student=s, exam=s)
[vision] DETECTADO_CENTRO (code=0, x=0, y=0, time=1765475278661, student=s, exam=s)
[vision] OLHANDO_ESQUERDA (code=0, x=0, y=0, time=1765475299407, student=s, exam=s)
[vision] DETECTADO_CENTRO (code=0, x=0, y=0, time=1765475311845, student=s, exam=s)
[vision] OLHANDO_ESQUERDA (code=0, x=0, y=0, time=1765475312991, student=s, exam=s)
[vision] DETECTADO_CENTRO (code=0, x=0, y=0, time=1765475313578, student=s, exam=s)
[vision] OLHANDO_ESQUERDA (code=0, x=0, y=0, time=1765475313671, student=s, exam=s)
[vision] DETECTADO_CENTRO (code=0, x=0, y=0, time=1765475315386, student=s, exam=s)
[vision] OLHANDO_ESQUERDA (code=0, x=0, y=0, time=1765475315681, student=s, exam=s)
[vision] DETECTADO_CENTRO (code=0, x=0, y=0, time=1765475315979, student=s, exam=s)
[vision] OLHANDO_ESQUERDA (code=0, x=0, y=0, time=1765475316443, student=s, exam=s)
[vision] DETECTADO_CENTRO (code=0, x=0, y=0, time=1765475316831, student=s, exam=s)
[vision] OLHANDO_ESQUERDA (code=0, x=0, y=0, time=1765475330843, student=s, exam=s)
[vision] DETECTADO_CENTRO (code=0, x=0, y=0, time=1765475340771, student=s, exam=s)
[vision] OLHANDO_PARA_CIMA (code=0, x=0, y=0, time=1765475346875, student=s, exam=s)
[vision] DETECTADO_CENTRO (code=0, x=0, y=0, time=1765475347207, student=s, exam=s)
[vision] OLHANDO_PARA_CIMA (code=0, x=0, y=0, time=1765475347334, student=s, exam=s)
[vision] DETECTADO_CENTRO (code=0, x=0, y=0, time=1765475347547, student=s, exam=s)
[vision] OLHANDO_ESQUERDA (code=0, x=0, y=0, time=1765475348141, student=s, exam=s)
[vision] DETECTADO_CENTRO (code=0, x=0, y=0, time=1765475349052, student=s, exam=s)
[vision] OLHANDO_ESQUERDA (code=0, x=0, y=0, time=1765475350142, student=s, exam=s)
[vision] DETECTADO_CENTRO (code=0, x=0, y=0, time=1765475350372, student=s, exam=s)
[vision] OLHANDO_ESQUERDA (code=0, x=0, y=0, time=1765475350536, student=s, exam=s)
[vision] DETECTADO_CENTRO (code=0, x=0, y=0, time=1765475350653, student=s, exam=s)
[vision] OLHANDO_ESQUERDA (code=0, x=0, y=0, time=1765475350780, student=s, exam=s)
[vision] DETECTADO_CENTRO (code=0, x=0, y=0, time=1765475351092, student=s, exam=s)
[vision] OLHANDO_ESQUERDA (code=0, x=0, y=0, time=1765475351776, student=s, exam=s)
[vision] DETECTADO_CENTRO (code=0, x=0, y=0, time=1765475352411, student=s, exam=s)
[vision] OLHANDO_ESQUERDA (code=0, x=0, y=0, time=1765475352823, student=s, exam=s)
[vision] DETECTADO_CENTRO (code=0, x=0, y=0, time=1765475353136, student=s, exam=s)
[vision] OLHANDO_ESQUERDA (code=0, x=0, y=0, time=1765475353286, student=s, exam=s)
[vision] DETECTADO_CENTRO (code=0, x=0, y=0, time=1765475354322, student=s, exam=s)
[vision] OLHANDO_ESQUERDA (code=0, x=0, y=0, time=1765475354492, student=s, exam=s)
[vision] MOTION_CEASED (code=0, x=0, y=0, time=1765475380937, student=s, exam=s)
[vision] MOTION_DETECTED (code=0, x=0, y=0, time=1765475381000, student=s, exam=s)
[vision] MOTION_CEASED (code=0, x=0, y=0, time=1765475381116, student=s, exam=s)
[vision] MOTION_DETECTED (code=0, x=0, y=0, time=1765475381179, student=s, exam=s)
[vision] MOTION_CEASED (code=0, x=0, y=0, time=1765475381900, student=s, exam=s)
[vision] MOTION_DETECTED (code=0, x=0, y=0, time=1765475382025, student=s, exam=s)
[vision] MOTION_CEASED (code=0, x=0, y=0, time=1765475382085, student=s, exam=s)
[vision] MOTION_DETECTED (code=0, x=0, y=0, time=1765475382925, student=s, exam=s)
[vision] MOTION_CEASED (code=0, x=0, y=0, time=1765475383044, student=s, exam=s)
[vision] MOTION_DETECTED (code=0, x=0, y=0, time=1765475383106, student=s, exam=s)
[vision] MOTION_CEASED (code=0, x=0, y=0, time=1765475383280, student=s, exam=s)
[vision] MOTION_DETECTED (code=0, x=0, y=0, time=1765475383460, student=s, exam=s)
[vision] MOTION_CEASED (code=0, x=0, y=0, time=1765475383764, student=s, exam=s)
[vision] MOTION_DETECTED (code=0, x=0, y=0, time=1765475384119, student=s, exam=s)
[vision] MOTION_CEASED (code=0, x=0, y=0, time=1765475384180, student=s, exam=s)
[vision] MOTION_DETECTED (code=0, x=0, y=0, time=1765475384371, student=s, exam=s)
[vision] MOTION_CEASED (code=0, x=0, y=0, time=1765475384432, student=s, exam=s)
[vision] MOTION_DETECTED (code=0, x=0, y=0, time=1765475384867, student=s, exam=s)
[vision] MOTION_CEASED (code=0, x=0, y=0, time=1765475384934, student=s, exam=s)
[vision] MOTION_DETECTED (code=0, x=0, y=0, time=1765475387342, student=s, exam=s)
[vision] MOTION_CEASED (code=0, x=0, y=0, time=1765475387457, student=s, exam=s)
[vision] MOTION_DETECTED (code=0, x=0, y=0, time=1765475390172, student=s, exam=s)
[vision] MOTION_CEASED (code=0, x=0, y=0, time=1765475390241, student=s, exam=s)
[vision] MOTION_DETECTED (code=0, x=0, y=0, time=1765475390418, student=s, exam=s)
[vision] MOTION_CEASED (code=0, x=0, y=0, time=1765475390539, student=s, exam=s)
[vision] MOTION_DETECTED (code=0, x=0, y=0, time=1765475391040, student=s, exam=s)
[vision] MOTION_CEASED (code=0, x=0, y=0, time=1765475391102, student=s, exam=s)
[vision] MOTION_DETECTED (code=0, x=0, y=0, time=1765475391449, student=s, exam=s)
[vision] NO_FACE_LONG (code=0, x=0, y=0, time=1765475392043, student=s, exam=s)
[vision] OLHANDO_ESQUERDA (code=0, x=0, y=0, time=1765475392110, student=s, exam=s)
[vision] MOTION_CEASED (code=0, x=0, y=0, time=1765475392249, student=s, exam=s)
[vision] MOTION_DETECTED (code=0, x=0, y=0, time=1765475392312, student=s, exam=s)
[vision] MOTION_CEASED (code=0, x=0, y=0, time=1765475392369, student=s, exam=s)
[vision] MOTION_DETECTED (code=0, x=0, y=0, time=1765475392428, student=s, exam=s)
[vision] MOTION_CEASED (code=0, x=0, y=0, time=1765475392995, student=s, exam=s)
[vision] MOTION_DETECTED (code=0, x=0, y=0, time=1765475393055, student=s, exam=s)
[vision] MOTION_CEASED (code=0, x=0, y=0, time=1765475393785, student=s, exam=s)
[vision] MOTION_DETECTED (code=0, x=0, y=0, time=1765475393970, student=s, exam=s)
[vision] MOTION_CEASED (code=0, x=0, y=0, time=1765475394288, student=s, exam=s)
[vision] MOTION_DETECTED (code=0, x=0, y=0, time=1765475394353, student=s, exam=s)
[vision] MOTION_CEASED (code=0, x=0, y=0, time=1765475394902, student=s, exam=s)
[vision] MOTION_DETECTED (code=0, x=0, y=0, time=1765475395077, student=s, exam=s)
[vision] MOTION_CEASED (code=0, x=0, y=0, time=1765475395136, student=s, exam=s)
[vision] MOTION_DETECTED (code=0, x=0, y=0, time=1765475395374, student=s, exam=s)
[vision] MOTION_CEASED (code=0, x=0, y=0, time=1765475395479, student=s, exam=s)
[vision] MOTION_DETECTED (code=0, x=0, y=0, time=1765475395766, student=s, exam=s)
[vision] MOTION_CEASED (code=0, x=0, y=0, time=1765475395886, student=s, exam=s)
[vision] MOTION_DETECTED (code=0, x=0, y=0, time=1765475396444, student=s, exam=s)
[vision] MOTION_CEASED (code=0, x=0, y=0, time=1765475396878, student=s, exam=s)
[vision] MOTION_DETECTED (code=0, x=0, y=0, time=1765475396938, student=s, exam=s)
[vision] MOTION_CEASED (code=0, x=0, y=0, time=1765475397172, student=s, exam=s)
[vision] MOTION_DETECTED (code=0, x=0, y=0, time=1765475397349, student=s, exam=s)
[vision] MOTION_CEASED (code=0, x=0, y=0, time=1765475397409, student=s, exam=s)
[vision] MOTION_DETECTED (code=0, x=0, y=0, time=1765475397587, student=s, exam=s)
[vision] MOTION_CEASED (code=0, x=0, y=0, time=1765475397716, student=s, exam=s)
[vision] MOTION_DETECTED (code=0, x=0, y=0, time=1765475398024, student=s, exam=s)
[vision] MOTION_CEASED (code=0, x=0, y=0, time=1765475398096, student=s, exam=s)
[vision] MOTION_DETECTED (code=0, x=0, y=0, time=1765475398167, student=s, exam=s)
[vision] MOTION_CEASED (code=0, x=0, y=0, time=1765475398287, student=s, exam=s)
[vision] MOTION_DETECTED (code=0, x=0, y=0, time=1765475398404, student=s, exam=s)
[vision] MOTION_CEASED (code=0, x=0, y=0, time=1765475398468, student=s, exam=s)
[vision] MOTION_DETECTED (code=0, x=0, y=0, time=1765475398653, student=s, exam=s)
[vision] MOTION_CEASED (code=0, x=0, y=0, time=1765475398769, student=s, exam=s)
[vision] MOTION_DETECTED (code=0, x=0, y=0, time=1765475398828, student=s, exam=s)
[vision] MOTION_CEASED (code=0, x=0, y=0, time=1765475398886, student=s, exam=s)
[vision] MOTION_DETECTED (code=0, x=0, y=0, time=1765475399119, student=s, exam=s)
[vision] MOTION_CEASED (code=0, x=0, y=0, time=1765475399180, student=s, exam=s)
[vision] MOTION_DETECTED (code=0, x=0, y=0, time=1765475399319, student=s, exam=s)
[vision] MOTION_CEASED (code=0, x=0, y=0, time=1765475399491, student=s, exam=s)
[vision] MOTION_DETECTED (code=0, x=0, y=0, time=1765475399554, student=s, exam=s)
[vision] MOTION_CEASED (code=0, x=0, y=0, time=1765475399799, student=s, exam=s)
[vision] MOTION_DETECTED (code=0, x=0, y=0, time=1765475400100, student=s, exam=s)
[vision] MOTION_CEASED (code=0, x=0, y=0, time=1765475400165, student=s, exam=s)
[vision] MOTION_DETECTED (code=0, x=0, y=0, time=1765475400280, student=s, exam=s)
[vision] MOTION_CEASED (code=0, x=0, y=0, time=1765475400355, student=s, exam=s)
[vision] MOTION_DETECTED (code=0, x=0, y=0, time=1765475400753, student=s, exam=s)
[vision] MOTION_CEASED (code=0, x=0, y=0, time=1765475400817, student=s, exam=s)
[vision] MOTION_DETECTED (code=0, x=0, y=0, time=1765475400987, student=s, exam=s)
[vision] MOTION_CEASED (code=0, x=0, y=0, time=1765475401056, student=s, exam=s)
[vision] MOTION_DETECTED (code=0, x=0, y=0, time=1765475401904, student=s, exam=s)
[vision] MOTION_CEASED (code=0, x=0, y=0, time=1765475402431, student=s, exam=s)
[vision] MOTION_DETECTED (code=0, x=0, y=0, time=1765475402717, student=s, exam=s)
[vision] MOTION_CEASED (code=0, x=0, y=0, time=1765475402834, student=s, exam=s)
[vision] MOTION_DETECTED (code=0, x=0, y=0, time=1765475403064, student=s, exam=s)
[vision] MOTION_CEASED (code=0, x=0, y=0, time=1765475403126, student=s, exam=s)
[vision] MOTION_DETECTED (code=0, x=0, y=0, time=1765475403251, student=s, exam=s)
[vision] MOTION_CEASED (code=0, x=0, y=0, time=1765475403394, student=s, exam=s)
[vision] MOTION_DETECTED (code=0, x=0, y=0, time=1765475403693, student=s, exam=s)
[vision] MOTION_CEASED (code=0, x=0, y=0, time=1765475403756, student=s, exam=s)
[vision] MOTION_DETECTED (code=0, x=0, y=0, time=1765475403887, student=s, exam=s)
[vision] MOTION_CEASED (code=0, x=0, y=0, time=1765475404140, student=s, exam=s)
[vision] MOTION_DETECTED (code=0, x=0, y=0, time=1765475404327, student=s, exam=s)
[vision] MOTION_CEASED (code=0, x=0, y=0, time=1765475404389, student=s, exam=s)
[vision] MOTION_DETECTED (code=0, x=0, y=0, time=1765475404456, student=s, exam=s)
[vision] MOTION_CEASED (code=0, x=0, y=0, time=1765475404521, student=s, exam=s)
[vision] MOTION_DETECTED (code=0, x=0, y=0, time=1765475405178, student=s, exam=s)
[vision] MOTION_CEASED (code=0, x=0, y=0, time=1765475405355, student=s, exam=s)
[vision] MOTION_DETECTED (code=0, x=0, y=0, time=1765475405417, student=s, exam=s)
[vision] MOTION_CEASED (code=0, x=0, y=0, time=1765475405597, student=s, exam=s)
[vision] MOTION_DETECTED (code=0, x=0, y=0, time=1765475405770, student=s, exam=s)
[vision] MOTION_CEASED (code=0, x=0, y=0, time=1765475405832, student=s, exam=s)
[vision] MOTION_DETECTED (code=0, x=0, y=0, time=1765475406123, student=s, exam=s)
[vision] MOTION_CEASED (code=0, x=0, y=0, time=1765475406181, student=s, exam=s)
[vision] MOTION_DETECTED (code=0, x=0, y=0, time=1765475406240, student=s, exam=s)
[vision] MOTION_CEASED (code=0, x=0, y=0, time=1765475406297, student=s, exam=s)
[vision] MOTION_DETECTED (code=0, x=0, y=0, time=1765475406415, student=s, exam=s)
[vision] MOTION_CEASED (code=0, x=0, y=0, time=1765475406483, student=s, exam=s)
[vision] MOTION_DETECTED (code=0, x=0, y=0, time=1765475406835, student=s, exam=s)
[vision] MOTION_CEASED (code=0, x=0, y=0, time=1765475407350, student=s, exam=s)
[vision] MOTION_DETECTED (code=0, x=0, y=0, time=1765475407522, student=s, exam=s)
[vision] MOTION_CEASED (code=0, x=0, y=0, time=1765475407753, student=s, exam=s)
[vision] MOTION_DETECTED (code=0, x=0, y=0, time=1765475407814, student=s, exam=s)
[vision] MOTION_CEASED (code=0, x=0, y=0, time=1765475407935, student=s, exam=s)
[vision] MOTION_DETECTED (code=0, x=0, y=0, time=1765475408107, student=s, exam=s)
[vision] MOTION_CEASED (code=0, x=0, y=0, time=1765475408286, student=s, exam=s)
[vision] MOTION_DETECTED (code=0, x=0, y=0, time=1765475408531, student=s, exam=s)
[vision] MOTION_CEASED (code=0, x=0, y=0, time=1765475408648, student=s, exam=s)
[vision] MOTION_DETECTED (code=0, x=0, y=0, time=1765475408716, student=s, exam=s)
[vision] MOTION_CEASED (code=0, x=0, y=0, time=1765475408838, student=s, exam=s)
[vision] MOTION_DETECTED (code=0, x=0, y=0, time=1765475408903, student=s, exam=s)
[vision] MOTION_CEASED (code=0, x=0, y=0, time=1765475408965, student=s, exam=s)
[vision] MOTION_DETECTED (code=0, x=0, y=0, time=1765475409388, student=s, exam=s)
[vision] MOTION_CEASED (code=0, x=0, y=0, time=1765475409487, student=s, exam=s)
[vision] MOTION_DETECTED (code=0, x=0, y=0, time=1765475409551, student=s, exam=s)
[vision] MOTION_CEASED (code=0, x=0, y=0, time=1765475410966, student=s, exam=s)
[vision] MOTION_DETECTED (code=0, x=0, y=0, time=1765475412345, student=s, exam=s)
[vision] MOTION_CEASED (code=0, x=0, y=0, time=1765475412406, student=s, exam=s)
[vision] MOTION_DETECTED (code=0, x=0, y=0, time=1765475413580, student=s, exam=s)
[vision] MOTION_CEASED (code=0, x=0, y=0, time=1765475413641, student=s, exam=s)
[vision] MOTION_DETECTED (code=0, x=0, y=0, time=1765475413704, student=s, exam=s)
[vision] MOTION_CEASED (code=0, x=0, y=0, time=1765475413763, student=s, exam=s)
[vision] MOTION_DETECTED (code=0, x=0, y=0, time=1765475413938, student=s, exam=s)
[vision] MOTION_CEASED (code=0, x=0, y=0, time=1765475414012, student=s, exam=s)
[vision] MOTION_DETECTED (code=0, x=0, y=0, time=1765475415219, student=s, exam=s)
[vision] MOTION_CEASED (code=0, x=0, y=0, time=1765475415277, student=s, exam=s)
[vision] MOTION_DETECTED (code=0, x=0, y=0, time=1765475415570, student=s, exam=s)
[vision] MOTION_CEASED (code=0, x=0, y=0, time=1765475415703, student=s, exam=s)
[vision] MOTION_DETECTED (code=0, x=0, y=0, time=1765475415967, student=s, exam=s)
[vision] MOTION_CEASED (code=0, x=0, y=0, time=1765475416030, student=s, exam=s)
[vision] MOTION_DETECTED (code=0, x=0, y=0, time=1765475416316, student=s, exam=s)
[vision] MOTION_CEASED (code=0, x=0, y=0, time=1765475416375, student=s, exam=s)
[vision] MOTION_DETECTED (code=0, x=0, y=0, time=1765475416434, student=s, exam=s)
[vision] MOTION_CEASED (code=0, x=0, y=0, time=1765475416607, student=s, exam=s)
[vision] MOTION_DETECTED (code=0, x=0, y=0, time=1765475416845, student=s, exam=s)
[vision] MOTION_CEASED (code=0, x=0, y=0, time=1765475417083, student=s, exam=s)
[vision] MOTION_DETECTED (code=0, x=0, y=0, time=1765475417141, student=s, exam=s)
[vision] MOTION_CEASED (code=0, x=0, y=0, time=1765475417320, student=s, exam=s)
[vision] MOTION_DETECTED (code=0, x=0, y=0, time=1765475417440, student=s, exam=s)
[vision] MOTION_CEASED (code=0, x=0, y=0, time=1765475417498, student=s, exam=s)
[vision] MOTION_DETECTED (code=0, x=0, y=0, time=1765475418014, student=s, exam=s)
[vision] MOTION_CEASED (code=0, x=0, y=0, time=1765475418196, student=s, exam=s)
[vision] MOTION_DETECTED (code=0, x=0, y=0, time=1765475418768, student=s, exam=s)
[vision] MOTION_CEASED (code=0, x=0, y=0, time=1765475418829, student=s, exam=s)
[vision] MOTION_DETECTED (code=0, x=0, y=0, time=1765475419015, student=s, exam=s)
[vision] MOTION_CEASED (code=0, x=0, y=0, time=1765475419074, student=s, exam=s)
[vision] MOTION_DETECTED (code=0, x=0, y=0, time=1765475419133, student=s, exam=s)
[vision] MOTION_CEASED (code=0, x=0, y=0, time=1765475419252, student=s, exam=s)
[vision] MOTION_DETECTED (code=0, x=0, y=0, time=1765475419324, student=s, exam=s)
[vision] MOTION_CEASED (code=0, x=0, y=0, time=1765475420269, student=s, exam=s)
[vision] MOTION_DETECTED (code=0, x=0, y=0, time=1765475420654, student=s, exam=s)
[vision] MOTION_CEASED (code=0, x=0, y=0, time=1765475420830, student=s, exam=s)
[vision] MOTION_DETECTED (code=0, x=0, y=0, time=1765475421405, student=s, exam=s)
[vision] MOTION_CEASED (code=0, x=0, y=0, time=1765475421535, student=s, exam=s)
[vision] MOTION_DETECTED (code=0, x=0, y=0, time=1765475421670, student=s, exam=s)
[vision] MOTION_CEASED (code=0, x=0, y=0, time=1765475421973, student=s, exam=s)
[vision] MOTION_DETECTED (code=0, x=0, y=0, time=1765475423906, student=s, exam=s)
[vision] MOTION_CEASED (code=0, x=0, y=0, time=1765475424224, student=s, exam=s)
[vision] MOTION_DETECTED (code=0, x=0, y=0, time=1765475424524, student=s, exam=s)
[vision] MOTION_CEASED (code=0, x=0, y=0, time=1765475424825, student=s, exam=s)
[vision] MOTION_DETECTED (code=0, x=0, y=0, time=1765475427316, student=s, exam=s)
[vision] MOTION_CEASED (code=0, x=0, y=0, time=1765475427914, student=s, exam=s)
[vision] MOTION_DETECTED (code=0, x=0, y=0, time=1765475428037, student=s, exam=s)
[vision] MOTION_CEASED (code=0, x=0, y=0, time=1765475428185, student=s, exam=s)
[vision] MOTION_DETECTED (code=0, x=0, y=0, time=1765475428367, student=s, exam=s)
[vision] MOTION_CEASED (code=0, x=0, y=0, time=1765475428510, student=s, exam=s)
[vision] MOTION_DETECTED (code=0, x=0, y=0, time=1765475428718, student=s, exam=s)
[vision] MOTION_CEASED (code=0, x=0, y=0, time=1765475429050, student=s, exam=s)
[vision] MOTION_DETECTED (code=0, x=0, y=0, time=1765475429763, student=s, exam=s)
[vision] MOTION_CEASED (code=0, x=0, y=0, time=1765475430134, student=s, exam=s)
[vision] MOTION_DETECTED (code=0, x=0, y=0, time=1765475431157, student=s, exam=s)
[vision] MOTION_CEASED (code=0, x=0, y=0, time=1765475431497, student=s, exam=s)
[vision] MOTION_DETECTED (code=0, x=0, y=0, time=1765475433303, student=s, exam=s)
[vision] MOTION_CEASED (code=0, x=0, y=0, time=1765475433508, student=s, exam=s)
[vision] MOTION_DETECTED (code=0, x=0, y=0, time=1765475433646, student=s, exam=s)
[vision] MOTION_CEASED (code=0, x=0, y=0, time=1765475434170, student=s, exam=s)
[vision] MOTION_DETECTED (code=0, x=0, y=0, time=1765475434486, student=s, exam=s)
[vision] NO_FACE_LONG (code=0, x=0, y=0, time=1765475438028, student=s, exam=s)
[vision] OLHANDO_ESQUERDA (code=0, x=0, y=0, time=1765475438444, student=s, exam=s)
[vision] NO_FACE_LONG (code=0, x=0, y=0, time=1765475439652, student=s, exam=s)
[vision] OLHANDO_ESQUERDA (code=0, x=0, y=0, time=1765475442122, student=s, exam=s)
[vision] MOTION_CEASED (code=0, x=0, y=0, time=1765475445598, student=s, exam=s)
[vision] MOTION_DETECTED (code=0, x=0, y=0, time=1765475445763, student=s, exam=s)
[vision] MOTION_CEASED (code=0, x=0, y=0, time=1765475445823, student=s, exam=s)
[vision] MOTION_DETECTED (code=0, x=0, y=0, time=1765475446165, student=s, exam=s)
[vision] MOTION_CEASED (code=0, x=0, y=0, time=1765475450621, student=s, exam=s)
[vision] MOTION_DETECTED (code=0, x=0, y=0, time=1765475450969, student=s, exam=s)
[vision] MOTION_CEASED (code=0, x=0, y=0, time=1765475451265, student=s, exam=s)
[vision] MOTION_DETECTED (code=0, x=0, y=0, time=1765475451586, student=s, exam=s)
[vision] MOTION_CEASED (code=0, x=0, y=0, time=1765475453705, student=s, exam=s)
[vision] MOTION_DETECTED (code=0, x=0, y=0, time=1765475454965, student=s, exam=s)
[vision] MOTION_CEASED (code=0, x=0, y=0, time=1765475457934, student=s, exam=s)
[vision] MOTION_DETECTED (code=0, x=0, y=0, time=1765475458245, student=s, exam=s)
[vision] MOTION_CEASED (code=0, x=0, y=0, time=1765475458395, student=s, exam=s)
[vision] MOTION_DETECTED (code=0, x=0, y=0, time=1765475458475, student=s, exam=s)
[vision] OLHANDO_PARA_CIMA (code=0, x=0, y=0, time=1765475467749, student=s, exam=s)
[vision] DETECTADO_CENTRO (code=0, x=0, y=0, time=1765475468021, student=s, exam=s)
[vision] OLHANDO_PARA_BAIXO (code=0, x=0, y=0, time=1765475468382, student=s, exam=s)
[vision] DETECTADO_CENTRO (code=0, x=0, y=0, time=1765475468819, student=s, exam=s)
[vision] OLHANDO_PARA_CIMA (code=0, x=0, y=0, time=1765475469550, student=s, exam=s)
[vision] DETECTADO_CENTRO (code=0, x=0, y=0, time=1765475470356, student=s, exam=s)
[vision] MOTION_CEASED (code=0, x=0, y=0, time=1765475485085, student=s, exam=s)
[vision] MOTION_DETECTED (code=0, x=0, y=0, time=1765475485193, student=s, exam=s)
[vision] MOTION_CEASED (code=0, x=0, y=0, time=1765475485318, student=s, exam=s)
[vision] MOTION_DETECTED (code=0, x=0, y=0, time=1765475485463, student=s, exam=s)
[vision] MOTION_CEASED (code=0, x=0, y=0, time=1765475485958, student=s, exam=s)
[vision] MOTION_DETECTED (code=0, x=0, y=0, time=1765475486087, student=s, exam=s)
[vision] MOTION_CEASED (code=0, x=0, y=0, time=1765475486213, student=s, exam=s)
[vision] MOTION_DETECTED (code=0, x=0, y=0, time=1765475486338, student=s, exam=s)
[vision] MOTION_CEASED (code=0, x=0, y=0, time=1765475486587, student=s, exam=s)
[vision] MOTION_DETECTED (code=0, x=0, y=0, time=1765475486724, student=s, exam=s)
[vision] MOTION_CEASED (code=0, x=0, y=0, time=1765475488628, student=s, exam=s)
[vision] MOTION_DETECTED (code=0, x=0, y=0, time=1765475489464, student=s, exam=s)
[vision] MOTION_CEASED (code=0, x=0, y=0, time=1765475489772, student=s, exam=s)
[vision] MOTION_DETECTED (code=0, x=0, y=0, time=1765475489904, student=s, exam=s)
[vision] MOTION_CEASED (code=0, x=0, y=0, time=1765475490173, student=s, exam=s)
[vision] MOTION_DETECTED (code=0, x=0, y=0, time=1765475490743, student=s, exam=s)
[vision] MOTION_CEASED (code=0, x=0, y=0, time=1765475490995, student=s, exam=s)
[vision] MOTION_DETECTED (code=0, x=0, y=0, time=1765475491664, student=s, exam=s)
[vision] MOTION_CEASED (code=0, x=0, y=0, time=1765475491804, student=s, exam=s)
[vision] MOTION_DETECTED (code=0, x=0, y=0, time=1765475492051, student=s, exam=s)
[vision] MOTION_CEASED (code=0, x=0, y=0, time=1765475493035, student=s, exam=s)
[vision] MOTION_DETECTED (code=0, x=0, y=0, time=1765475493150, student=s, exam=s)
[vision] MOTION_CEASED (code=0, x=0, y=0, time=1765475493517, student=s, exam=s)
[vision] MOTION_DETECTED (code=0, x=0, y=0, time=1765475493874, student=s, exam=s)
[vision] MOTION_CEASED (code=0, x=0, y=0, time=1765475494133, student=s, exam=s)
[vision] MOTION_DETECTED (code=0, x=0, y=0, time=1765475494383, student=s, exam=s)
[vision] OLHANDO_PARA_BAIXO (code=0, x=0, y=0, time=1765475494494, student=s, exam=s)
[vision] DETECTADO_CENTRO (code=0, x=0, y=0, time=1765475494621, student=s, exam=s)
[vision] MOTION_CEASED (code=0, x=0, y=0, time=1765475496085, student=s, exam=s)
[vision] MOTION_DETECTED (code=0, x=0, y=0, time=1765475496408, student=s, exam=s)
[vision] MOTION_CEASED (code=0, x=0, y=0, time=1765475496521, student=s, exam=s)
[vision] MOTION_DETECTED (code=0, x=0, y=0, time=1765475496906, student=s, exam=s)
[vision] MOTION_CEASED (code=0, x=0, y=0, time=1765475497452, student=s, exam=s)
[vision] MOTION_DETECTED (code=0, x=0, y=0, time=1765475497568, student=s, exam=s)
[vision] MOTION_CEASED (code=0, x=0, y=0, time=1765475498037, student=s, exam=s)
[vision] MOTION_DETECTED (code=0, x=0, y=0, time=1765475498140, student=s, exam=s)
[vision] MOTION_CEASED (code=0, x=0, y=0, time=1765475498606, student=s, exam=s)
[vision] MOTION_DETECTED (code=0, x=0, y=0, time=1765475498957, student=s, exam=s)
[vision] MOTION_CEASED (code=0, x=0, y=0, time=1765475499074, student=s, exam=s)
[vision] MOTION_DETECTED (code=0, x=0, y=0, time=1765475499798, student=s, exam=s)
[vision] MOTION_CEASED (code=0, x=0, y=0, time=1765475499932, student=s, exam=s)
[vision] MOTION_DETECTED (code=0, x=0, y=0, time=1765475500309, student=s, exam=s)
[vision] MOTION_CEASED (code=0, x=0, y=0, time=1765475500563, student=s, exam=s)
[vision] MOTION_DETECTED (code=0, x=0, y=0, time=1765475500719, student=s, exam=s)
[vision] OLHANDO_ESQUERDA (code=0, x=0, y=0, time=1765475503375, student=s, exam=s)
[vision] MOTION_CEASED (code=0, x=0, y=0, time=1765475514143, student=s, exam=s)
[vision] MOTION_DETECTED (code=0, x=0, y=0, time=1765475514266, student=s, exam=s)
[vision] MOTION_CEASED (code=0, x=0, y=0, time=1765475514393, student=s, exam=s)
[vision] MOTION_DETECTED (code=0, x=0, y=0, time=1765475516417, student=s, exam=s)
[vision] MOTION_CEASED (code=0, x=0, y=0, time=1765475516958, student=s, exam=s)
[vision] MOTION_DETECTED (code=0, x=0, y=0, time=1765475517313, student=s, exam=s)
[vision] MOTION_CEASED (code=0, x=0, y=0, time=1765475517552, student=s, exam=s)
[vision] MOTION_DETECTED (code=0, x=0, y=0, time=1765475518545, student=s, exam=s)
[vision] MOTION_CEASED (code=0, x=0, y=0, time=1765475521211, student=s, exam=s)
[vision] MOTION_DETECTED (code=0, x=0, y=0, time=1765475522023, student=s, exam=s)
[vision] NO_FACE_LONG (code=0, x=0, y=0, time=1765475527523, student=s, exam=s)
[vision] OLHANDO_ESQUERDA (code=0, x=0, y=0, time=1765475528674, student=s, exam=s)
[vision] NO_FACE_LONG (code=0, x=0, y=0, time=1765475529849, student=s, exam=s)
[vision] OLHANDO_ESQUERDA (code=0, x=0, y=0, time=1765475530366, student=s, exam=s)
[vision] MOTION_CEASED (code=0, x=0, y=0, time=1765475542871, student=s, exam=s)
[vision] MOTION_DETECTED (code=0, x=0, y=0, time=1765475545482, student=s, exam=s)
[vision] MOTION_CEASED (code=0, x=0, y=0, time=1765475545778, student=s, exam=s)
[vision] MOTION_DETECTED (code=0, x=0, y=0, time=1765475545937, student=s, exam=s)
[vision] MOTION_CEASED (code=0, x=0, y=0, time=1765475546363, student=s, exam=s)
[vision] MOTION_DETECTED (code=0, x=0, y=0, time=1765475549236, student=s, exam=s)
[vision] MOTION_CEASED (code=0, x=0, y=0, time=1765475550682, student=s, exam=s)
[vision] MOTION_DETECTED (code=0, x=0, y=0, time=1765475551364, student=s, exam=s)
[vision] MOTION_CEASED (code=0, x=0, y=0, time=1765475555672, student=s, exam=s)
[vision] MOTION_DETECTED (code=0, x=0, y=0, time=1765475559851, student=s, exam=s)
[vision] MOTION_CEASED (code=0, x=0, y=0, time=1765475560381, student=s, exam=s)
[vision] MOTION_DETECTED (code=0, x=0, y=0, time=1765475560598, student=s, exam=s)
[vision] MOTION_CEASED (code=0, x=0, y=0, time=1765475560833, student=s, exam=s)
[vision] MOTION_DETECTED (code=0, x=0, y=0, time=1765475561180, student=s, exam=s)
[vision] MOTION_CEASED (code=0, x=0, y=0, time=1765475561303, student=s, exam=s)
[vision] MOTION_DETECTED (code=0, x=0, y=0, time=1765475561421, student=s, exam=s)
[vision] MOTION_CEASED (code=0, x=0, y=0, time=1765475561547, student=s, exam=s)
[vision] MOTION_DETECTED (code=0, x=0, y=0, time=1765475561688, student=s, exam=s)
[vision] MOTION_CEASED (code=0, x=0, y=0, time=1765475561812, student=s, exam=s)
[vision] MOTION_DETECTED (code=0, x=0, y=0, time=1765475565123, student=s, exam=s)
[vision] NO_FACE_LONG (code=0, x=0, y=0, time=1765475565647, student=s, exam=s)
[vision] MOTION_CEASED (code=0, x=0, y=0, time=1765475579446, student=s, exam=s)
[vision] MOTION_DETECTED (code=0, x=0, y=0, time=1765475579764, student=s, exam=s)
[vision] MOTION_CEASED (code=0, x=0, y=0, time=1765475579942, student=s, exam=s)
[vision] MOTION_DETECTED (code=0, x=0, y=0, time=1765475581184, student=s, exam=s)
[vision] MOTION_CEASED (code=0, x=0, y=0, time=1765475581555, student=s, exam=s)
[vision] MOTION_DETECTED (code=0, x=0, y=0, time=1765475583669, student=s, exam=s)
[vision] MOTION_CEASED (code=0, x=0, y=0, time=1765475584218, student=s, exam=s)
[vision] MOTION_DETECTED (code=0, x=0, y=0, time=1765475584543, student=s, exam=s)
[vision] MOTION_CEASED (code=0, x=0, y=0, time=1765475584741, student=s, exam=s)
[vision] MOTION_DETECTED (code=0, x=0, y=0, time=1765475584940, student=s, exam=s)
[vision] MOTION_CEASED (code=0, x=0, y=0, time=1765475585254, student=s, exam=s)
[vision] MOTION_DETECTED (code=0, x=0, y=0, time=1765475585358, student=s, exam=s)
[vision] MOTION_CEASED (code=0, x=0, y=0, time=1765475589040, student=s, exam=s)
[vision] MOTION_DETECTED (code=0, x=0, y=0, time=1765475589786, student=s, exam=s)
[vision] MOTION_CEASED (code=0, x=0, y=0, time=1765475589883, student=s, exam=s)
[vision] MOTION_DETECTED (code=0, x=0, y=0, time=1765475616784, student=s, exam=s)
[vision] MOTION_CEASED (code=0, x=0, y=0, time=1765475619471, student=s, exam=s)
[vision] MOTION_DETECTED (code=0, x=0, y=0, time=1765475619565, student=s, exam=s)
[vision] MOTION_CEASED (code=0, x=0, y=0, time=1765475619743, student=s, exam=s)
[vision] MOTION_DETECTED (code=0, x=0, y=0, time=1765475619897, student=s, exam=s)
[vision] MOTION_CEASED (code=0, x=0, y=0, time=1765475620007, student=s, exam=s)
[vision] MOTION_DETECTED (code=0, x=0, y=0, time=1765475621156, student=s, exam=s)
[vision] MOTION_CEASED (code=0, x=0, y=0, time=1765475621261, student=s, exam=s)
[vision] MOTION_DETECTED (code=0, x=0, y=0, time=1765475625015, student=s, exam=s)
[vision] MOTION_CEASED (code=0, x=0, y=0, time=1765475625220, student=s, exam=s)
[vision] MOTION_DETECTED (code=0, x=0, y=0, time=1765475626825, student=s, exam=s)
[vision] MOTION_CEASED (code=0, x=0, y=0, time=1765475626938, student=s, exam=s)
[vision] OLHANDO_ESQUERDA (code=0, x=0, y=0, time=1765475628636, student=s, exam=s)
[vision] MOTION_DETECTED (code=0, x=0, y=0, time=1765475628665, student=s, exam=s)
[vision] MOTION_CEASED (code=0, x=0, y=0, time=1765475628777, student=s, exam=s)
[vision] NO_FACE_LONG (code=0, x=0, y=0, time=1765475629125, student=s, exam=s)
[vision] MOTION_DETECTED (code=0, x=0, y=0, time=1765475633312, student=s, exam=s)
[vision] OLHANDO_ESQUERDA (code=0, x=0, y=0, time=1765475633300, student=s, exam=s)
[vision] MOTION_CEASED (code=0, x=0, y=0, time=1765475633372, student=s, exam=s)
[vision] NO_FACE_LONG (code=0, x=0, y=0, time=1765475633636, student=s, exam=s)
[vision] MOTION_DETECTED (code=0, x=0, y=0, time=1765475633647, student=s, exam=s)
[vision] OLHANDO_ESQUERDA (code=0, x=0, y=0, time=1765475633799, student=s, exam=s)
[vision] NO_FACE_LONG (code=0, x=0, y=0, time=1765475634168, student=s, exam=s)
[vision] OLHANDO_ESQUERDA (code=0, x=0, y=0, time=1765475634494, student=s, exam=s)
[vision] NO_FACE_LONG (code=0, x=0, y=0, time=1765475634826, student=s, exam=s)
[vision] DETECTADO_CENTRO (code=0, x=0, y=0, time=1765475638272, student=s, exam=s)
[vision] NO_FACE_LONG (code=0, x=0, y=0, time=1765475638566, student=s, exam=s)
[vision] MOTION_CEASED (code=0, x=0, y=0, time=1765475641863, student=s, exam=s)
[vision] MOTION_DETECTED (code=0, x=0, y=0, time=1765475641920, student=s, exam=s)
[vision] MOTION_CEASED (code=0, x=0, y=0, time=1765475641982, student=s, exam=s)
[vision] MOTION_DETECTED (code=0, x=0, y=0, time=1765475642035, student=s, exam=s)
[vision] MOTION_CEASED (code=0, x=0, y=0, time=1765475643086, student=s, exam=s)
[vision] MOTION_DETECTED (code=0, x=0, y=0, time=1765475643679, student=s, exam=s)
[vision] MOTION_CEASED (code=0, x=0, y=0, time=1765475647904, student=s, exam=s)
[vision] MOTION_DETECTED (code=0, x=0, y=0, time=1765475648060, student=s, exam=s)
[vision] MOTION_CEASED (code=0, x=0, y=0, time=1765475648216, student=s, exam=s)
[vision] MOTION_DETECTED (code=0, x=0, y=0, time=1765475648419, student=s, exam=s)
[vision] MOTION_CEASED (code=0, x=0, y=0, time=1765475652825, student=s, exam=s)
[vision] MOTION_DETECTED (code=0, x=0, y=0, time=1765475653615, student=s, exam=s)
[vision] MOTION_CEASED (code=0, x=0, y=0, time=1765475663596, student=s, exam=s)
[vision] MOTION_DETECTED (code=0, x=0, y=0, time=1765475665665, student=s, exam=s)
[vision] OLHANDO_ESQUERDA (code=0, x=0, y=0, time=1765475673216, student=s, exam=s)
[vision] DETECTADO_CENTRO (code=0, x=0, y=0, time=1765475673874, student=s, exam=s)
[vision] MOTION_CEASED (code=0, x=0, y=0, time=1765475682615, student=s, exam=s)
[vision] MOTION_DETECTED (code=0, x=0, y=0, time=1765475682742, student=s, exam=s)
[vision] MOTION_CEASED (code=0, x=0, y=0, time=1765475683258, student=s, exam=s)
[vision] MOTION_DETECTED (code=0, x=0, y=0, time=1765475683461, student=s, exam=s)
[vision] MOTION_CEASED (code=0, x=0, y=0, time=1765475683534, student=s, exam=s)
[vision] MOTION_DETECTED (code=0, x=0, y=0, time=1765475683599, student=s, exam=s)
[vision] MOTION_CEASED (code=0, x=0, y=0, time=1765475684237, student=s, exam=s)
[vision] MOTION_DETECTED (code=0, x=0, y=0, time=1765475684369, student=s, exam=s)
[vision] MOTION_CEASED (code=0, x=0, y=0, time=1765475685981, student=s, exam=s)
[vision] MOTION_DETECTED (code=0, x=0, y=0, time=1765475686295, student=s, exam=s)
[vision] OLHANDO_PARA_BAIXO (code=0, x=0, y=0, time=1765475687263, student=s, exam=s)
[vision] MOTION_CEASED (code=0, x=0, y=0, time=1765475693581, student=s, exam=s)
[vision] MOTION_DETECTED (code=0, x=0, y=0, time=1765475693909, student=s, exam=s)
[vision] MOTION_CEASED (code=0, x=0, y=0, time=1765475693975, student=s, exam=s)
[vision] MOTION_DETECTED (code=0, x=0, y=0, time=1765475694249, student=s, exam=s)
[vision] MOTION_CEASED (code=0, x=0, y=0, time=1765475694319, student=s, exam=s)
[vision] MOTION_DETECTED (code=0, x=0, y=0, time=1765475694734, student=s, exam=s)
[vision] DETECTADO_CENTRO (code=0, x=0, y=0, time=1765475695746, student=s, exam=s)
[vision] OLHANDO_PARA_BAIXO (code=0, x=0, y=0, time=1765475716497, student=s, exam=s)
[vision] DETECTADO_CENTRO (code=0, x=0, y=0, time=1765475717085, student=s, exam=s)
[vision] OLHANDO_PARA_BAIXO (code=0, x=0, y=0, time=1765475717239, student=s, exam=s)
[vision] MOTION_CEASED (code=0, x=0, y=0, time=1765475717985, student=s, exam=s)
[vision] MOTION_DETECTED (code=0, x=0, y=0, time=1765475718129, student=s, exam=s)
[vision] MOTION_CEASED (code=0, x=0, y=0, time=1765475722229, student=s, exam=s)
[vision] MOTION_DETECTED (code=0, x=0, y=0, time=1765475722373, student=s, exam=s)
[vision] MOTION_CEASED (code=0, x=0, y=0, time=1765475722512, student=s, exam=s)
[vision] MOTION_DETECTED (code=0, x=0, y=0, time=1765475723083, student=s, exam=s)
[vision] MOTION_CEASED (code=0, x=0, y=0, time=1765475723243, student=s, exam=s)
[vision] MOTION_DETECTED (code=0, x=0, y=0, time=1765475724080, student=s, exam=s)
[vision] MOTION_CEASED (code=0, x=0, y=0, time=1765475724231, student=s, exam=s)
[vision] MOTION_DETECTED (code=0, x=0, y=0, time=1765475724403, student=s, exam=s)
[vision] MOTION_CEASED (code=0, x=0, y=0, time=1765475724587, student=s, exam=s)
[vision] MOTION_DETECTED (code=0, x=0, y=0, time=1765475725873, student=s, exam=s)
[vision] MOTION_CEASED (code=0, x=0, y=0, time=1765475726058, student=s, exam=s)
[vision] MOTION_DETECTED (code=0, x=0, y=0, time=1765475727482, student=s, exam=s)
[vision] DETECTADO_CENTRO (code=0, x=0, y=0, time=1765475728951, student=s, exam=s)
[vision] OLHANDO_PARA_BAIXO (code=0, x=0, y=0, time=1765475729724, student=s, exam=s)
[vision] MOTION_CEASED (code=0, x=0, y=0, time=1765475730044, student=s, exam=s)
[vision] MOTION_DETECTED (code=0, x=0, y=0, time=1765475730179, student=s, exam=s)
[vision] MOTION_CEASED (code=0, x=0, y=0, time=1765475730508, student=s, exam=s)
[vision] MOTION_DETECTED (code=0, x=0, y=0, time=1765475730826, student=s, exam=s)
[vision] MOTION_CEASED (code=0, x=0, y=0, time=1765475731164, student=s, exam=s)
[vision] DETECTADO_CENTRO (code=0, x=0, y=0, time=1765475731308, student=s, exam=s)
[vision] MOTION_DETECTED (code=0, x=0, y=0, time=1765475731336, student=s, exam=s)
[vision] OLHANDO_PARA_BAIXO (code=0, x=0, y=0, time=1765475731617, student=s, exam=s)
[vision] MOTION_CEASED (code=0, x=0, y=0, time=1765475731660, student=s, exam=s)
[vision] MOTION_DETECTED (code=0, x=0, y=0, time=1765475731815, student=s, exam=s)
[vision] MOTION_CEASED (code=0, x=0, y=0, time=1765475731981, student=s, exam=s)
[vision] MOTION_DETECTED (code=0, x=0, y=0, time=1765475732127, student=s, exam=s)
[vision] MOTION_CEASED (code=0, x=0, y=0, time=1765475732276, student=s, exam=s)
[vision] MOTION_DETECTED (code=0, x=0, y=0, time=1765475732596, student=s, exam=s)
[vision] MOTION_CEASED (code=0, x=0, y=0, time=1765475732766, student=s, exam=s)
[vision] MOTION_DETECTED (code=0, x=0, y=0, time=1765475734024, student=s, exam=s)
[vision] MOTION_CEASED (code=0, x=0, y=0, time=1765475734183, student=s, exam=s)
[vision] MOTION_DETECTED (code=0, x=0, y=0, time=1765475734491, student=s, exam=s)
[vision] MOTION_CEASED (code=0, x=0, y=0, time=1765475734641, student=s, exam=s)
[vision] MOTION_DETECTED (code=0, x=0, y=0, time=1765475734994, student=s, exam=s)
[vision] MOTION_CEASED (code=0, x=0, y=0, time=1765475735165, student=s, exam=s)
[vision] MOTION_DETECTED (code=0, x=0, y=0, time=1765475736076, student=s, exam=s)
[vision] MOTION_CEASED (code=0, x=0, y=0, time=1765475736228, student=s, exam=s)
[vision] MOTION_DETECTED (code=0, x=0, y=0, time=1765475736400, student=s, exam=s)
[vision] MOTION_CEASED (code=0, x=0, y=0, time=1765475736547, student=s, exam=s)
[vision] MOTION_DETECTED (code=0, x=0, y=0, time=1765475736962, student=s, exam=s)
[vision] MOTION_CEASED (code=0, x=0, y=0, time=1765475737119, student=s, exam=s)
[vision] MOTION_DETECTED (code=0, x=0, y=0, time=1765475737870, student=s, exam=s)
[vision] MOTION_CEASED (code=0, x=0, y=0, time=1765475738802, student=s, exam=s)
[vision] DETECTADO_CENTRO (code=0, x=0, y=0, time=1765475743043, student=s, exam=s)
[vision] MOTION_DETECTED (code=0, x=0, y=0, time=1765475743051, student=s, exam=s)
[vision] OLHANDO_PARA_BAIXO (code=0, x=0, y=0, time=1765475743230, student=s, exam=s)
[vision] MOTION_CEASED (code=0, x=0, y=0, time=1765475743241, student=s, exam=s)
[vision] DETECTADO_CENTRO (code=0, x=0, y=0, time=1765475743319, student=s, exam=s)
[vision] MOTION_DETECTED (code=0, x=0, y=0, time=1765475743330, student=s, exam=s)
[vision] OLHANDO_PARA_BAIXO (code=0, x=0, y=0, time=1765475743416, student=s, exam=s)
[vision] MOTION_CEASED (code=0, x=0, y=0, time=1765475743432, student=s, exam=s)
[vision] DETECTADO_CENTRO (code=0, x=0, y=0, time=1765475743614, student=s, exam=s)
[vision] MOTION_DETECTED (code=0, x=0, y=0, time=1765475743623, student=s, exam=s)
[vision] OLHANDO_PARA_BAIXO (code=0, x=0, y=0, time=1765475743722, student=s, exam=s)
[vision] MOTION_CEASED (code=0, x=0, y=0, time=1765475743739, student=s, exam=s)
[vision] DETECTADO_CENTRO (code=0, x=0, y=0, time=1765475744009, student=s, exam=s)
[vision] MOTION_DETECTED (code=0, x=0, y=0, time=1765475744026, student=s, exam=s)
[vision] OLHANDO_PARA_BAIXO (code=0, x=0, y=0, time=1765475744120, student=s, exam=s)
[vision] MOTION_CEASED (code=0, x=0, y=0, time=1765475744152, student=s, exam=s)
[vision] DETECTADO_CENTRO (code=0, x=0, y=0, time=1765475744243, student=s, exam=s)
[vision] MOTION_DETECTED (code=0, x=0, y=0, time=1765475744256, student=s, exam=s)
[vision] OLHANDO_PARA_BAIXO (code=0, x=0, y=0, time=1765475744356, student=s, exam=s)
[vision] MOTION_CEASED (code=0, x=0, y=0, time=1765475744380, student=s, exam=s)
[vision] DETECTADO_CENTRO (code=0, x=0, y=0, time=1765475744483, student=s, exam=s)
[vision] MOTION_DETECTED (code=0, x=0, y=0, time=1765475744497, student=s, exam=s)
[vision] OLHANDO_PARA_BAIXO (code=0, x=0, y=0, time=1765475745648, student=s, exam=s)
[vision] MOTION_CEASED (code=0, x=0, y=0, time=1765475745663, student=s, exam=s)
[vision] DETECTADO_CENTRO (code=0, x=0, y=0, time=1765475746044, student=s, exam=s)
[vision] MOTION_DETECTED (code=0, x=0, y=0, time=1765475746059, student=s, exam=s)
[vision] OLHANDO_PARA_BAIXO (code=0, x=0, y=0, time=1765475746157, student=s, exam=s)
[vision] MOTION_CEASED (code=0, x=0, y=0, time=1765475746169, student=s, exam=s)
[vision] DETECTADO_CENTRO (code=0, x=0, y=0, time=1765475746660, student=s, exam=s)
[vision] MOTION_DETECTED (code=0, x=0, y=0, time=1765475746676, student=s, exam=s)
[vision] OLHANDO_PARA_BAIXO (code=0, x=0, y=0, time=1765475746773, student=s, exam=s)
[vision] MOTION_CEASED (code=0, x=0, y=0, time=1765475746788, student=s, exam=s)
[vision] DETECTADO_CENTRO (code=0, x=0, y=0, time=1765475746896, student=s, exam=s)
[vision] MOTION_DETECTED (code=0, x=0, y=0, time=1765475746908, student=s, exam=s)
[vision] OLHANDO_PARA_BAIXO (code=0, x=0, y=0, time=1765475747121, student=s, exam=s)
[vision] MOTION_CEASED (code=0, x=0, y=0, time=1765475747231, student=s, exam=s)
[vision] DETECTADO_CENTRO (code=0, x=0, y=0, time=1765475747322, student=s, exam=s)
[vision] MOTION_DETECTED (code=0, x=0, y=0, time=1765475747334, student=s, exam=s)
[vision] OLHANDO_PARA_BAIXO (code=0, x=0, y=0, time=1765475747429, student=s, exam=s)
[vision] MOTION_CEASED (code=0, x=0, y=0, time=1765475747437, student=s, exam=s)
[vision] MOTION_DETECTED (code=0, x=0, y=0, time=1765475764884, student=s, exam=s)
[vision] MOTION_CEASED (code=0, x=0, y=0, time=1765475765432, student=s, exam=s)
[vision] DETECTADO_CENTRO (code=0, x=0, y=0, time=1765475767553, student=s, exam=s)
[vision] MOTION_DETECTED (code=0, x=0, y=0, time=1765475767566, student=s, exam=s)
[vision] MOTION_CEASED (code=0, x=0, y=0, time=1765475774627, student=s, exam=s)
[vision] MOTION_DETECTED (code=0, x=0, y=0, time=1765475774725, student=s, exam=s)
[vision] MOTION_CEASED (code=0, x=0, y=0, time=1765475776023, student=s, exam=s)
[vision] MOTION_DETECTED (code=0, x=0, y=0, time=1765475776116, student=s, exam=s)
[vision] MOTION_CEASED (code=0, x=0, y=0, time=1765475776449, student=s, exam=s)
[vision] MOTION_DETECTED (code=0, x=0, y=0, time=1765475776540, student=s, exam=s)
[vision] MOTION_CEASED (code=0, x=0, y=0, time=1765475776629, student=s, exam=s)
[vision] MOTION_DETECTED (code=0, x=0, y=0, time=1765475776708, student=s, exam=s)
[vision] MOTION_CEASED (code=0, x=0, y=0, time=1765475778117, student=s, exam=s)
[vision] MOTION_DETECTED (code=0, x=0, y=0, time=1765475778300, student=s, exam=s)
[vision] MOTION_CEASED (code=0, x=0, y=0, time=1765475778384, student=s, exam=s)
[vision] MOTION_DETECTED (code=0, x=0, y=0, time=1765475781696, student=s, exam=s)
[vision] MOTION_CEASED (code=0, x=0, y=0, time=1765475781996, student=s, exam=s)
[vision] MOTION_DETECTED (code=0, x=0, y=0, time=1765475782852, student=s, exam=s)
[vision] MOTION_CEASED (code=0, x=0, y=0, time=1765475782978, student=s, exam=s)
[vision] MOTION_DETECTED (code=0, x=0, y=0, time=1765475783147, student=s, exam=s)
[vision] MOTION_CEASED (code=0, x=0, y=0, time=1765475783226, student=s, exam=s)
[vision] MOTION_DETECTED (code=0, x=0, y=0, time=1765475783441, student=s, exam=s)
[vision] MOTION_CEASED (code=0, x=0, y=0, time=1765475783552, student=s, exam=s)
[vision] MOTION_DETECTED (code=0, x=0, y=0, time=1765475784223, student=s, exam=s)
[vision] MOTION_CEASED (code=0, x=0, y=0, time=1765475784459, student=s, exam=s)
[vision] MOTION_DETECTED (code=0, x=0, y=0, time=1765475784580, student=s, exam=s)
[vision] MOTION_CEASED (code=0, x=0, y=0, time=1765475785657, student=s, exam=s)
[vision] MOTION_DETECTED (code=0, x=0, y=0, time=1765475785779, student=s, exam=s)
[vision] MOTION_CEASED (code=0, x=0, y=0, time=1765475792327, student=s, exam=s)
[vision] MOTION_DETECTED (code=0, x=0, y=0, time=1765475792434, student=s, exam=s)
[vision] MOTION_CEASED (code=0, x=0, y=0, time=1765475792532, student=s, exam=s)
[vision] MOTION_DETECTED (code=0, x=0, y=0, time=1765475792645, student=s, exam=s)
[vision] MOTION_CEASED (code=0, x=0, y=0, time=1765475793455, student=s, exam=s)
[vision] MOTION_DETECTED (code=0, x=0, y=0, time=1765475793552, student=s, exam=s)
[vision] MOTION_CEASED (code=0, x=0, y=0, time=1765475794195, student=s, exam=s)
[vision] MOTION_DETECTED (code=0, x=0, y=0, time=1765475795817, student=s, exam=s)
[vision] MOTION_CEASED (code=0, x=0, y=0, time=1765475796041, student=s, exam=s)
[vision] OLHANDO_PARA_BAIXO (code=0, x=0, y=0, time=1765475796143, student=s, exam=s)
[vision] MOTION_DETECTED (code=0, x=0, y=0, time=1765475796153, student=s, exam=s)
[vision] DETECTADO_CENTRO (code=0, x=0, y=0, time=1765475796263, student=s, exam=s)
[vision] MOTION_CEASED (code=0, x=0, y=0, time=1765475796276, student=s, exam=s)
[vision] MOTION_DETECTED (code=0, x=0, y=0, time=1765475796471, student=s, exam=s)
[vision] MOTION_CEASED (code=0, x=0, y=0, time=1765475796687, student=s, exam=s)
[vision] MOTION_DETECTED (code=0, x=0, y=0, time=1765475796908, student=s, exam=s)
[vision] MOTION_CEASED (code=0, x=0, y=0, time=1765475797111, student=s, exam=s)
[vision] MOTION_DETECTED (code=0, x=0, y=0, time=1765475797223, student=s, exam=s)
[vision] MOTION_CEASED (code=0, x=0, y=0, time=1765475797326, student=s, exam=s)
[vision] OLHANDO_PARA_BAIXO (code=0, x=0, y=0, time=1765475798233, student=s, exam=s)
[vision] MOTION_DETECTED (code=0, x=0, y=0, time=1765475798244, student=s, exam=s)
[vision] DETECTADO_CENTRO (code=0, x=0, y=0, time=1765475798437, student=s, exam=s)
[vision] MOTION_CEASED (code=0, x=0, y=0, time=1765475798451, student=s, exam=s)
[vision] OLHANDO_PARA_BAIXO (code=0, x=0, y=0, time=1765475798549, student=s, exam=s)
[vision] MOTION_DETECTED (code=0, x=0, y=0, time=1765475798573, student=s, exam=s)
[vision] DETECTADO_CENTRO (code=0, x=0, y=0, time=1765475798864, student=s, exam=s)
[vision] MOTION_CEASED (code=0, x=0, y=0, time=1765475798874, student=s, exam=s)
[vision] OLHANDO_PARA_BAIXO (code=0, x=0, y=0, time=1765475799166, student=s, exam=s)
[vision] MOTION_DETECTED (code=0, x=0, y=0, time=1765475799190, student=s, exam=s)
[vision] MOTION_CEASED (code=0, x=0, y=0, time=1765475799283, student=s, exam=s)
[vision] MOTION_DETECTED (code=0, x=0, y=0, time=1765475799385, student=s, exam=s)
[vision] DETECTADO_CENTRO (code=0, x=0, y=0, time=1765475799566, student=s, exam=s)
[vision] MOTION_CEASED (code=0, x=0, y=0, time=1765475799577, student=s, exam=s)
[vision] OLHANDO_PARA_BAIXO (code=0, x=0, y=0, time=1765475800187, student=s, exam=s)
[vision] MOTION_DETECTED (code=0, x=0, y=0, time=1765475800198, student=s, exam=s)
[vision] DETECTADO_CENTRO (code=0, x=0, y=0, time=1765475800289, student=s, exam=s)
[vision] OLHANDO_PARA_BAIXO (code=0, x=0, y=0, time=1765475800818, student=s, exam=s)
[vision] DETECTADO_CENTRO (code=0, x=0, y=0, time=1765475800926, student=s, exam=s)
[vision] NO_FACE_LONG (code=0, x=0, y=0, time=1765475808618, student=s, exam=s)
[vision] OLHANDO_PARA_BAIXO (code=0, x=0, y=0, time=1765475808947, student=s, exam=s)
[vision] DETECTADO_CENTRO (code=0, x=0, y=0, time=1765475809213, student=s, exam=s)
[vision] MOTION_CEASED (code=0, x=0, y=0, time=1765475811470, student=s, exam=s)
[vision] MOTION_DETECTED (code=0, x=0, y=0, time=1765475811584, student=s, exam=s)
[vision] MOTION_CEASED (code=0, x=0, y=0, time=1765475812531, student=s, exam=s)
[vision] MOTION_DETECTED (code=0, x=0, y=0, time=1765475812986, student=s, exam=s)
[vision] MOTION_CEASED (code=0, x=0, y=0, time=1765475813164, student=s, exam=s)
[vision] MOTION_DETECTED (code=0, x=0, y=0, time=1765475814324, student=s, exam=s)
[vision] MOTION_CEASED (code=0, x=0, y=0, time=1765475814432, student=s, exam=s)
[vision] MOTION_DETECTED (code=0, x=0, y=0, time=1765475814547, student=s, exam=s)
[vision] MOTION_CEASED (code=0, x=0, y=0, time=1765475814796, student=s, exam=s)
[vision] MOTION_DETECTED (code=0, x=0, y=0, time=1765475814919, student=s, exam=s)
[vision] OLHANDO_PARA_BAIXO (code=0, x=0, y=0, time=1765475815616, student=s, exam=s)
[vision] MOTION_CEASED (code=0, x=0, y=0, time=1765475815630, student=s, exam=s)
[vision] MOTION_DETECTED (code=0, x=0, y=0, time=1765475815990, student=s, exam=s)
[vision] DETECTADO_CENTRO (code=0, x=0, y=0, time=1765475816104, student=s, exam=s)
[vision] MOTION_CEASED (code=0, x=0, y=0, time=1765475816227, student=s, exam=s)
[vision] MOTION_DETECTED (code=0, x=0, y=0, time=1765475816333, student=s, exam=s)
[vision] MOTION_CEASED (code=0, x=0, y=0, time=1765475816562, student=s, exam=s)
[vision] MOTION_DETECTED (code=0, x=0, y=0, time=1765475816778, student=s, exam=s)
[vision] OLHANDO_ESQUERDA (code=0, x=0, y=0, time=1765475822586, student=s, exam=s)
[vision] DETECTADO_CENTRO (code=0, x=0, y=0, time=1765475822831, student=s, exam=s)
[vision] OLHANDO_ESQUERDA (code=0, x=0, y=0, time=1765475823904, student=s, exam=s)
[vision] NO_FACE_LONG (code=0, x=0, y=0, time=1765475826755, student=s, exam=s)
[vision] OLHANDO_ESQUERDA (code=0, x=0, y=0, time=1765475826956, student=s, exam=s)
[vision] NO_FACE_LONG (code=0, x=0, y=0, time=1765475827471, student=s, exam=s)
[vision] OLHANDO_ESQUERDA (code=0, x=0, y=0, time=1765475828747, student=s, exam=s)
[vision] NO_FACE_LONG (code=0, x=0, y=0, time=1765475829208, student=s, exam=s)
[vision] OLHANDO_ESQUERDA (code=0, x=0, y=0, time=1765475834105, student=s, exam=s)
[vision] NO_FACE_LONG (code=0, x=0, y=0, time=1765475834652, student=s, exam=s)
[vision] OLHANDO_ESQUERDA (code=0, x=0, y=0, time=1765475836045, student=s, exam=s)
[vision] NO_FACE_LONG (code=0, x=0, y=0, time=1765475836702, student=s, exam=s)
[vision] OLHANDO_ESQUERDA (code=0, x=0, y=0, time=1765475837401, student=s, exam=s)
[vision] NO_FACE_LONG (code=0, x=0, y=0, time=1765475837959, student=s, exam=s)
[vision] OLHANDO_ESQUERDA (code=0, x=0, y=0, time=1765475839002, student=s, exam=s)
[vision] MOTION_CEASED (code=0, x=0, y=0, time=1765475848009, student=s, exam=s)
[vision] NO_FACE_LONG (code=0, x=0, y=0, time=1765475848393, student=s, exam=s)
[vision] MOTION_DETECTED (code=0, x=0, y=0, time=1765475848724, student=s, exam=s)
[vision] MOTION_CEASED (code=0, x=0, y=0, time=1765475857989, student=s, exam=s)
[vision] MOTION_DETECTED (code=0, x=0, y=0, time=1765475859200, student=s, exam=s)
[vision] MOTION_CEASED (code=0, x=0, y=0, time=1765475859500, student=s, exam=s)
[vision] MOTION_DETECTED (code=0, x=0, y=0, time=1765475859723, student=s, exam=s)
[vision] MOTION_CEASED (code=0, x=0, y=0, time=1765475861631, student=s, exam=s)
[vision] MOTION_DETECTED (code=0, x=0, y=0, time=1765475861842, student=s, exam=s)
[vision] MOTION_CEASED (code=0, x=0, y=0, time=1765475861943, student=s, exam=s)
[vision] MOTION_DETECTED (code=0, x=0, y=0, time=1765475862253, student=s, exam=s)
[vision] MOTION_CEASED (code=0, x=0, y=0, time=1765475862451, student=s, exam=s)
[vision] MOTION_DETECTED (code=0, x=0, y=0, time=1765475862780, student=s, exam=s)
[vision] MOTION_CEASED (code=0, x=0, y=0, time=1765475866419, student=s, exam=s)
[vision] MOTION_DETECTED (code=0, x=0, y=0, time=1765475867257, student=s, exam=s)
[vision] MOTION_CEASED (code=0, x=0, y=0, time=1765475867369, student=s, exam=s)
[vision] MOTION_DETECTED (code=0, x=0, y=0, time=1765475867586, student=s, exam=s)
[vision] MOTION_CEASED (code=0, x=0, y=0, time=1765475868122, student=s, exam=s)
[vision] MOTION_DETECTED (code=0, x=0, y=0, time=1765475868227, student=s, exam=s)
[vision] MOTION_CEASED (code=0, x=0, y=0, time=1765475868332, student=s, exam=s)
[vision] MOTION_DETECTED (code=0, x=0, y=0, time=1765475868559, student=s, exam=s)
[vision] OLHANDO_ESQUERDA (code=0, x=0, y=0, time=1765475868765, student=s, exam=s)
[vision] NO_FACE_LONG (code=0, x=0, y=0, time=1765475870079, student=s, exam=s)
[vision] OLHANDO_ESQUERDA (code=0, x=0, y=0, time=1765475870544, student=s, exam=s)
[vision] NO_FACE_LONG (code=0, x=0, y=0, time=1765475871356, student=s, exam=s)
[vision] MOTION_CEASED (code=0, x=0, y=0, time=1765475876982, student=s, exam=s)
[vision] MOTION_DETECTED (code=0, x=0, y=0, time=1765475877088, student=s, exam=s)
[vision] MOTION_CEASED (code=0, x=0, y=0, time=1765475877313, student=s, exam=s)
[vision] MOTION_DETECTED (code=0, x=0, y=0, time=1765475877421, student=s, exam=s)
[vision] MOTION_CEASED (code=0, x=0, y=0, time=1765475878177, student=s, exam=s)
[vision] MOTION_DETECTED (code=0, x=0, y=0, time=1765475878815, student=s, exam=s)
[vision] MOTION_CEASED (code=0, x=0, y=0, time=1765475879670, student=s, exam=s)
[vision] MOTION_DETECTED (code=0, x=0, y=0, time=1765475879762, student=s, exam=s)
[vision] MOTION_CEASED (code=0, x=0, y=0, time=1765475879978, student=s, exam=s)
[vision] MOTION_DETECTED (code=0, x=0, y=0, time=1765475880909, student=s, exam=s)
[vision] MOTION_CEASED (code=0, x=0, y=0, time=1765475882910, student=s, exam=s)
[vision] MOTION_DETECTED (code=0, x=0, y=0, time=1765475883022, student=s, exam=s)
[vision] MOTION_CEASED (code=0, x=0, y=0, time=1765475886787, student=s, exam=s)
[vision] MOTION_DETECTED (code=0, x=0, y=0, time=1765475887573, student=s, exam=s)
[vision] OLHANDO_ESQUERDA (code=0, x=0, y=0, time=1765475892054, student=s, exam=s)
[vision] NO_FACE_LONG (code=0, x=0, y=0, time=1765475899045, student=s, exam=s)
[vision] OLHANDO_ESQUERDA (code=0, x=0, y=0, time=1765475904972, student=s, exam=s)
[vision] MOTION_CEASED (code=0, x=0, y=0, time=1765475917222, student=s, exam=s)
[vision] MOTION_DETECTED (code=0, x=0, y=0, time=1765475917479, student=s, exam=s)
[vision] MOTION_CEASED (code=0, x=0, y=0, time=1765475917987, student=s, exam=s)
[vision] MOTION_DETECTED (code=0, x=0, y=0, time=1765475918077, student=s, exam=s)
[vision] MOTION_CEASED (code=0, x=0, y=0, time=1765475918181, student=s, exam=s)
[vision] MOTION_DETECTED (code=0, x=0, y=0, time=1765475918377, student=s, exam=s)
[vision] MOTION_CEASED (code=0, x=0, y=0, time=1765475919309, student=s, exam=s)
[vision] MOTION_DETECTED (code=0, x=0, y=0, time=1765475919780, student=s, exam=s)
[vision] MOTION_CEASED (code=0, x=0, y=0, time=1765475920740, student=s, exam=s)
[vision] MOTION_DETECTED (code=0, x=0, y=0, time=1765475921039, student=s, exam=s)
[vision] MOTION_CEASED (code=0, x=0, y=0, time=1765475921138, student=s, exam=s)
[vision] MOTION_DETECTED (code=0, x=0, y=0, time=1765475921333, student=s, exam=s)
[vision] MOTION_CEASED (code=0, x=0, y=0, time=1765475921527, student=s, exam=s)
[vision] MOTION_DETECTED (code=0, x=0, y=0, time=1765475921628, student=s, exam=s)
[vision] MOTION_CEASED (code=0, x=0, y=0, time=1765475922047, student=s, exam=s)
[vision] MOTION_DETECTED (code=0, x=0, y=0, time=1765475922732, student=s, exam=s)
[vision] MOTION_CEASED (code=0, x=0, y=0, time=1765475922854, student=s, exam=s)
[vision] MOTION_DETECTED (code=0, x=0, y=0, time=1765475923882, student=s, exam=s)
[vision] MOTION_CEASED (code=0, x=0, y=0, time=1765475923987, student=s, exam=s)
[vision] MOTION_DETECTED (code=0, x=0, y=0, time=1765475925486, student=s, exam=s)
[vision] NO_FACE_LONG (code=0, x=0, y=0, time=1765475927000, student=s, exam=s)
[vision] MOTION_CEASED (code=0, x=0, y=0, time=1765475931185, student=s, exam=s)
[vision] DETECTADO_CENTRO (code=0, x=0, y=0, time=1765475932158, student=s, exam=s)
[vision] MOTION_DETECTED (code=0, x=0, y=0, time=1765475932176, student=s, exam=s)
[vision] MOTION_CEASED (code=0, x=0, y=0, time=1765475932275, student=s, exam=s)
[vision] NO_FACE_LONG (code=0, x=0, y=0, time=1765475932704, student=s, exam=s)
[vision] MOTION_DETECTED (code=0, x=0, y=0, time=1765475940622, student=s, exam=s)
[vision] MOTION_CEASED (code=0, x=0, y=0, time=1765475940735, student=s, exam=s)
[vision] MOTION_DETECTED (code=0, x=0, y=0, time=1765475941137, student=s, exam=s)
[vision] MOTION_CEASED (code=0, x=0, y=0, time=1765475941243, student=s, exam=s)
[vision] MOTION_DETECTED (code=0, x=0, y=0, time=1765475941469, student=s, exam=s)
[vision] MOTION_CEASED (code=0, x=0, y=0, time=1765475941687, student=s, exam=s)
[vision] MOTION_DETECTED (code=0, x=0, y=0, time=1765475955537, student=s, exam=s)
[vision] OLHANDO_ESQUERDA (code=0, x=0, y=0, time=1765475973399, student=s, exam=s)
[vision] NO_FACE_LONG (code=0, x=0, y=0, time=1765475974244, student=s, exam=s)
[vision] MOTION_CEASED (code=0, x=0, y=0, time=1765475996031, student=s, exam=s)
[vision] MOTION_DETECTED (code=0, x=0, y=0, time=1765475997430, student=s, exam=s)
[vision] MOTION_CEASED (code=0, x=0, y=0, time=1765475997516, student=s, exam=s)
[vision] MOTION_DETECTED (code=0, x=0, y=0, time=1765475997870, student=s, exam=s)
[vision] OLHANDO_ESQUERDA (code=0, x=0, y=0, time=1765475998312, student=s, exam=s)
[vision] NO_FACE_LONG (code=0, x=0, y=0, time=1765475999191, student=s, exam=s)
[vision] MOTION_CEASED (code=0, x=0, y=0, time=1765475999970, student=s, exam=s)
[vision] MOTION_DETECTED (code=0, x=0, y=0, time=1765476000178, student=s, exam=s)
[vision] OLHANDO_ESQUERDA (code=0, x=0, y=0, time=1765476000263, student=s, exam=s)
[vision] MOTION_CEASED (code=0, x=0, y=0, time=1765476001370, student=s, exam=s)
[vision] MOTION_DETECTED (code=0, x=0, y=0, time=1765476001461, student=s, exam=s)
[vision] MOTION_CEASED (code=0, x=0, y=0, time=1765476002465, student=s, exam=s)
[vision] NO_FACE_LONG (code=0, x=0, y=0, time=1765476002832, student=s, exam=s)
[vision] OLHANDO_ESQUERDA (code=0, x=0, y=0, time=1765476004161, student=s, exam=s)
[vision] MOTION_DETECTED (code=0, x=0, y=0, time=1765476004181, student=s, exam=s)
[vision] MOTION_CEASED (code=0, x=0, y=0, time=1765476004290, student=s, exam=s)
[vision] MOTION_DETECTED (code=0, x=0, y=0, time=1765476004407, student=s, exam=s)
[vision] MOTION_CEASED (code=0, x=0, y=0, time=1765476006274, student=s, exam=s)
[vision] MOTION_DETECTED (code=0, x=0, y=0, time=1765476006572, student=s, exam=s)
[vision] MOTION_CEASED (code=0, x=0, y=0, time=1765476008315, student=s, exam=s)
[vision] MOTION_DETECTED (code=0, x=0, y=0, time=1765476008373, student=s, exam=s)
[vision] MOTION_CEASED (code=0, x=0, y=0, time=1765476008427, student=s, exam=s)
[vision] MOTION_DETECTED (code=0, x=0, y=0, time=1765476008484, student=s, exam=s)
[vision] MOTION_CEASED (code=0, x=0, y=0, time=1765476008597, student=s, exam=s)
[vision] MOTION_DETECTED (code=0, x=0, y=0, time=1765476008653, student=s, exam=s)
[vision] MOTION_CEASED (code=0, x=0, y=0, time=1765476008709, student=s, exam=s)
[vision] MOTION_DETECTED (code=0, x=0, y=0, time=1765476008765, student=s, exam=s)
[vision] MOTION_CEASED (code=0, x=0, y=0, time=1765476008823, student=s, exam=s)
[vision] MOTION_DETECTED (code=0, x=0, y=0, time=1765476008879, student=s, exam=s)
[vision] MOTION_CEASED (code=0, x=0, y=0, time=1765476008933, student=s, exam=s)
[vision] NO_FACE_LONG (code=0, x=0, y=0, time=1765476009149, student=s, exam=s)
[vision] MOTION_DETECTED (code=0, x=0, y=0, time=1765476009215, student=s, exam=s)
[vision] OLHANDO_ESQUERDA (code=0, x=0, y=0, time=1765476009208, student=s, exam=s)
[vision] MOTION_CEASED (code=0, x=0, y=0, time=1765476009654, student=s, exam=s)
[vision] MOTION_DETECTED (code=0, x=0, y=0, time=1765476009713, student=s, exam=s)
[vision] MOTION_CEASED (code=0, x=0, y=0, time=1765476009827, student=s, exam=s)
[vision] MOTION_DETECTED (code=0, x=0, y=0, time=1765476009883, student=s, exam=s)
[vision] MOTION_CEASED (code=0, x=0, y=0, time=1765476009993, student=s, exam=s)
[vision] MOTION_DETECTED (code=0, x=0, y=0, time=1765476010107, student=s, exam=s)
[vision] MOTION_CEASED (code=0, x=0, y=0, time=1765476010162, student=s, exam=s)
[vision] MOTION_DETECTED (code=0, x=0, y=0, time=1765476010223, student=s, exam=s)
[vision] MOTION_CEASED (code=0, x=0, y=0, time=1765476010279, student=s, exam=s)
[vision] MOTION_DETECTED (code=0, x=0, y=0, time=1765476010393, student=s, exam=s)
[vision] MOTION_CEASED (code=0, x=0, y=0, time=1765476010512, student=s, exam=s)
[vision] MOTION_DETECTED (code=0, x=0, y=0, time=1765476010624, student=s, exam=s)
[vision] MOTION_CEASED (code=0, x=0, y=0, time=1765476010847, student=s, exam=s)
[vision] MOTION_DETECTED (code=0, x=0, y=0, time=1765476010961, student=s, exam=s)
[vision] MOTION_CEASED (code=0, x=0, y=0, time=1765476011015, student=s, exam=s)
[vision] MOTION_DETECTED (code=0, x=0, y=0, time=1765476011074, student=s, exam=s)
[vision] MOTION_CEASED (code=0, x=0, y=0, time=1765476011190, student=s, exam=s)
[vision] MOTION_DETECTED (code=0, x=0, y=0, time=1765476011798, student=s, exam=s)
[vision] MOTION_CEASED (code=0, x=0, y=0, time=1765476011859, student=s, exam=s)
[vision] MOTION_DETECTED (code=0, x=0, y=0, time=1765476012081, student=s, exam=s)
[vision] MOTION_CEASED (code=0, x=0, y=0, time=1765476012412, student=s, exam=s)
[vision] MOTION_DETECTED (code=0, x=0, y=0, time=1765476012475, student=s, exam=s)
[vision] MOTION_CEASED (code=0, x=0, y=0, time=1765476012963, student=s, exam=s)
[vision] MOTION_DETECTED (code=0, x=0, y=0, time=1765476013024, student=s, exam=s)
[vision] MOTION_CEASED (code=0, x=0, y=0, time=1765476013257, student=s, exam=s)
[vision] MOTION_DETECTED (code=0, x=0, y=0, time=1765476013424, student=s, exam=s)
[vision] MOTION_CEASED (code=0, x=0, y=0, time=1765476013652, student=s, exam=s)
[vision] MOTION_DETECTED (code=0, x=0, y=0, time=1765476014121, student=s, exam=s)
[vision] MOTION_CEASED (code=0, x=0, y=0, time=1765476014232, student=s, exam=s)
[vision] MOTION_DETECTED (code=0, x=0, y=0, time=1765476014461, student=s, exam=s)
[vision] MOTION_CEASED (code=0, x=0, y=0, time=1765476014521, student=s, exam=s)
[vision] NO_FACE_LONG (code=0, x=0, y=0, time=1765476014865, student=s, exam=s)
[vision] MOTION_DETECTED (code=0, x=0, y=0, time=1765476015150, student=s, exam=s)
[vision] OLHANDO_ESQUERDA (code=0, x=0, y=0, time=1765476015141, student=s, exam=s)
[vision] MOTION_CEASED (code=0, x=0, y=0, time=1765476015208, student=s, exam=s)
[vision] NO_FACE_LONG (code=0, x=0, y=0, time=1765476015420, student=s, exam=s)
[vision] OLHANDO_ESQUERDA (code=0, x=0, y=0, time=1765476016142, student=s, exam=s)
[vision] MOTION_DETECTED (code=0, x=0, y=0, time=1765476016264, student=s, exam=s)
[vision] MOTION_CEASED (code=0, x=0, y=0, time=1765476016322, student=s, exam=s)
[vision] MOTION_DETECTED (code=0, x=0, y=0, time=1765476016739, student=s, exam=s)
[vision] MOTION_CEASED (code=0, x=0, y=0, time=1765476016793, student=s, exam=s)
[vision] MOTION_DETECTED (code=0, x=0, y=0, time=1765476017174, student=s, exam=s)
[vision] MOTION_CEASED (code=0, x=0, y=0, time=1765476017228, student=s, exam=s)
[vision] MOTION_DETECTED (code=0, x=0, y=0, time=1765476017283, student=s, exam=s)
[vision] MOTION_CEASED (code=0, x=0, y=0, time=1765476017343, student=s, exam=s)
[vision] MOTION_DETECTED (code=0, x=0, y=0, time=1765476017399, student=s, exam=s)
[vision] MOTION_CEASED (code=0, x=0, y=0, time=1765476017457, student=s, exam=s)
[vision] MOTION_DETECTED (code=0, x=0, y=0, time=1765476017982, student=s, exam=s)
[vision] MOTION_CEASED (code=0, x=0, y=0, time=1765476018042, student=s, exam=s)
[vision] MOTION_DETECTED (code=0, x=0, y=0, time=1765476018099, student=s, exam=s)
[vision] MOTION_CEASED (code=0, x=0, y=0, time=1765476018274, student=s, exam=s)
[vision] MOTION_DETECTED (code=0, x=0, y=0, time=1765476018330, student=s, exam=s)
[vision] MOTION_CEASED (code=0, x=0, y=0, time=1765476018442, student=s, exam=s)
[vision] MOTION_DETECTED (code=0, x=0, y=0, time=1765476018501, student=s, exam=s)
[vision] MOTION_CEASED (code=0, x=0, y=0, time=1765476018558, student=s, exam=s)
[vision] MOTION_DETECTED (code=0, x=0, y=0, time=1765476018781, student=s, exam=s)
[vision] MOTION_CEASED (code=0, x=0, y=0, time=1765476018837, student=s, exam=s)
[vision] NO_FACE_LONG (code=0, x=0, y=0, time=1765476020067, student=s, exam=s)
[vision] OLHANDO_ESQUERDA (code=0, x=0, y=0, time=1765476020125, student=s, exam=s)
[vision] NO_FACE_LONG (code=0, x=0, y=0, time=1765476020551, student=s, exam=s)
[vision] OLHANDO_ESQUERDA (code=0, x=0, y=0, time=1765476020775, student=s, exam=s)
[vision] NO_FACE_LONG (code=0, x=0, y=0, time=1765476021045, student=s, exam=s)
[vision] OLHANDO_ESQUERDA (code=0, x=0, y=0, time=1765476021962, student=s, exam=s)
[vision] MOTION_DETECTED (code=0, x=0, y=0, time=1765476022316, student=s, exam=s)
[vision] NO_FACE_LONG (code=0, x=0, y=0, time=1765476023039, student=s, exam=s)
[vision] MOTION_CEASED (code=0, x=0, y=0, time=1765476023046, student=s, exam=s)
[vision] OLHANDO_ESQUERDA (code=0, x=0, y=0, time=1765476033143, student=s, exam=s)
[vision] NO_FACE_LONG (code=0, x=0, y=0, time=1765476033734, student=s, exam=s)
[vision] MOTION_DETECTED (code=0, x=0, y=0, time=1765476041253, student=s, exam=s)
[vision] MOTION_CEASED (code=0, x=0, y=0, time=1765476041861, student=s, exam=s)
[vision] MOTION_DETECTED (code=0, x=0, y=0, time=1765476042186, student=s, exam=s)
[vision] MOTION_CEASED (code=0, x=0, y=0, time=1765476042445, student=s, exam=s)
[vision] OLHANDO_ESQUERDA (code=0, x=0, y=0, time=1765476045337, student=s, exam=s)
[vision] MOTION_DETECTED (code=0, x=0, y=0, time=1765476045357, student=s, exam=s)
[vision] MOTION_CEASED (code=0, x=0, y=0, time=1765476045464, student=s, exam=s)
[vision] MOTION_DETECTED (code=0, x=0, y=0, time=1765476045628, student=s, exam=s)
[vision] MOTION_CEASED (code=0, x=0, y=0, time=1765476045842, student=s, exam=s)
[vision] NO_FACE_LONG (code=0, x=0, y=0, time=1765476046157, student=s, exam=s)
[vision] OLHANDO_ESQUERDA (code=0, x=0, y=0, time=1765476046336, student=s, exam=s)
[vision] MOTION_DETECTED (code=0, x=0, y=0, time=1765476046352, student=s, exam=s)
[vision] MOTION_CEASED (code=0, x=0, y=0, time=1765476046514, student=s, exam=s)
[vision] NO_FACE_LONG (code=0, x=0, y=0, time=1765476046839, student=s, exam=s)
[vision] OLHANDO_ESQUERDA (code=0, x=0, y=0, time=1765476049343, student=s, exam=s)
[vision] MOTION_DETECTED (code=0, x=0, y=0, time=1765476049365, student=s, exam=s)
[vision] MOTION_CEASED (code=0, x=0, y=0, time=1765476049556, student=s, exam=s)
[vision] MOTION_DETECTED (code=0, x=0, y=0, time=1765476049711, student=s, exam=s)
[vision] MOTION_CEASED (code=0, x=0, y=0, time=1765476050626, student=s, exam=s)
[vision] MOTION_DETECTED (code=0, x=0, y=0, time=1765476050707, student=s, exam=s)
[vision] MOTION_CEASED (code=0, x=0, y=0, time=1765476051575, student=s, exam=s)
[vision] MOTION_DETECTED (code=0, x=0, y=0, time=1765476051658, student=s, exam=s)
[vision] MOTION_CEASED (code=0, x=0, y=0, time=1765476052039, student=s, exam=s)
[vision] MOTION_DETECTED (code=0, x=0, y=0, time=1765476052340, student=s, exam=s)
[vision] MOTION_CEASED (code=0, x=0, y=0, time=1765476052445, student=s, exam=s)
[vision] MOTION_DETECTED (code=0, x=0, y=0, time=1765476052833, student=s, exam=s)
[vision] MOTION_CEASED (code=0, x=0, y=0, time=1765476052931, student=s, exam=s)
[vision] NO_FACE_LONG (code=0, x=0, y=0, time=1765476053924, student=s, exam=s)
[vision] OLHANDO_ESQUERDA (code=0, x=0, y=0, time=1765476057038, student=s, exam=s)
[vision] NO_FACE_LONG (code=0, x=0, y=0, time=1765476057687, student=s, exam=s)
[vision] OLHANDO_ESQUERDA (code=0, x=0, y=0, time=1765476058210, student=s, exam=s)
[vision] MOTION_DETECTED (code=0, x=0, y=0, time=1765476058310, student=s, exam=s)
[vision] MOTION_CEASED (code=0, x=0, y=0, time=1765476058672, student=s, exam=s)
[vision] MOTION_DETECTED (code=0, x=0, y=0, time=1765476058756, student=s, exam=s)
[vision] MOTION_CEASED (code=0, x=0, y=0, time=1765476059335, student=s, exam=s)
[vision] MOTION_DETECTED (code=0, x=0, y=0, time=1765476059427, student=s, exam=s)
[vision] MOTION_CEASED (code=0, x=0, y=0, time=1765476059627, student=s, exam=s)
[vision] MOTION_DETECTED (code=0, x=0, y=0, time=1765476060140, student=s, exam=s)
[vision] MOTION_CEASED (code=0, x=0, y=0, time=1765476060214, student=s, exam=s)
[vision] MOTION_DETECTED (code=0, x=0, y=0, time=1765476060369, student=s, exam=s)
[vision] MOTION_CEASED (code=0, x=0, y=0, time=1765476060450, student=s, exam=s)
[vision] MOTION_DETECTED (code=0, x=0, y=0, time=1765476061026, student=s, exam=s)
[vision] MOTION_CEASED (code=0, x=0, y=0, time=1765476061115, student=s, exam=s)
[vision] MOTION_DETECTED (code=0, x=0, y=0, time=1765476061446, student=s, exam=s)
[vision] MOTION_CEASED (code=0, x=0, y=0, time=1765476061541, student=s, exam=s)
[vision] MOTION_DETECTED (code=0, x=0, y=0, time=1765476061626, student=s, exam=s)
[vision] MOTION_CEASED (code=0, x=0, y=0, time=1765476061703, student=s, exam=s)
[vision] MOTION_DETECTED (code=0, x=0, y=0, time=1765476061944, student=s, exam=s)
[vision] MOTION_CEASED (code=0, x=0, y=0, time=1765476062047, student=s, exam=s)
[vision] MOTION_DETECTED (code=0, x=0, y=0, time=1765476062163, student=s, exam=s)
[vision] MOTION_CEASED (code=0, x=0, y=0, time=1765476063614, student=s, exam=s)
[vision] MOTION_DETECTED (code=0, x=0, y=0, time=1765476063759, student=s, exam=s)
[vision] MOTION_CEASED (code=0, x=0, y=0, time=1765476063880, student=s, exam=s)
[vision] MOTION_DETECTED (code=0, x=0, y=0, time=1765476064127, student=s, exam=s)
[vision] MOTION_CEASED (code=0, x=0, y=0, time=1765476065674, student=s, exam=s)
[vision] MOTION_DETECTED (code=0, x=0, y=0, time=1765476065809, student=s, exam=s)
[vision] MOTION_CEASED (code=0, x=0, y=0, time=1765476065928, student=s, exam=s)
[vision] MOTION_DETECTED (code=0, x=0, y=0, time=1765476066053, student=s, exam=s)
[vision] MOTION_CEASED (code=0, x=0, y=0, time=1765476066150, student=s, exam=s)
[vision] MOTION_DETECTED (code=0, x=0, y=0, time=1765476068838, student=s, exam=s)
[vision] NO_FACE_LONG (code=0, x=0, y=0, time=1765476069564, student=s, exam=s)
[vision] OLHANDO_ESQUERDA (code=0, x=0, y=0, time=1765476071916, student=s, exam=s)
[vision] NO_FACE_LONG (code=0, x=0, y=0, time=1765476073098, student=s, exam=s)
[vision] MOTION_CEASED (code=0, x=0, y=0, time=1765476079342, student=s, exam=s)
[vision] MOTION_DETECTED (code=0, x=0, y=0, time=1765476082977, student=s, exam=s)
[vision] MOTION_CEASED (code=0, x=0, y=0, time=1765476083917, student=s, exam=s)
[vision] MOTION_DETECTED (code=0, x=0, y=0, time=1765476090892, student=s, exam=s)
[vision] MOTION_CEASED (code=0, x=0, y=0, time=1765476092574, student=s, exam=s)
[vision] MOTION_DETECTED (code=0, x=0, y=0, time=1765476093569, student=s, exam=s)
[vision] MOTION_CEASED (code=0, x=0, y=0, time=1765476093997, student=s, exam=s)
[vision] MOTION_DETECTED (code=0, x=0, y=0, time=1765476094793, student=s, exam=s)
[vision] MOTION_CEASED (code=0, x=0, y=0, time=1765476094947, student=s, exam=s)
[vision] MOTION_DETECTED (code=0, x=0, y=0, time=1765476095124, student=s, exam=s)
[vision] MOTION_CEASED (code=0, x=0, y=0, time=1765476096087, student=s, exam=s)
[vision] MOTION_DETECTED (code=0, x=0, y=0, time=1765476100258, student=s, exam=s)
[vision] MOTION_CEASED (code=0, x=0, y=0, time=1765476100725, student=s, exam=s)
[vision] MOTION_DETECTED (code=0, x=0, y=0, time=1765476112923, student=s, exam=s)
[vision] DETECTADO_CENTRO (code=0, x=0, y=0, time=1765476115150, student=s, exam=s)
[vision] NO_FACE_LONG (code=0, x=0, y=0, time=1765476116361, student=s, exam=s)
[vision] DETECTADO_CENTRO (code=0, x=0, y=0, time=1765476117690, student=s, exam=s)
[vision] NO_FACE_LONG (code=0, x=0, y=0, time=1765476119243, student=s, exam=s)
[vision] DETECTADO_CENTRO (code=0, x=0, y=0, time=1765476119887, student=s, exam=s)
[vision] NO_FACE_LONG (code=0, x=0, y=0, time=1765476120821, student=s, exam=s)
[vision] OLHANDO_ESQUERDA (code=0, x=0, y=0, time=1765476122220, student=s, exam=s)
[vision] NO_FACE_LONG (code=0, x=0, y=0, time=1765476127910, student=s, exam=s)
[vision] OLHANDO_ESQUERDA (code=0, x=0, y=0, time=1765476128340, student=s, exam=s)
[vision] DETECTADO_CENTRO (code=0, x=0, y=0, time=1765476129564, student=s, exam=s)
[vision] NO_FACE_LONG (code=0, x=0, y=0, time=1765476131895, student=s, exam=s)
[vision] OLHANDO_ESQUERDA (code=0, x=0, y=0, time=1765476131981, student=s, exam=s)
[vision] DETECTADO_CENTRO (code=0, x=0, y=0, time=1765476132418, student=s, exam=s)
[vision] OLHANDO_ESQUERDA (code=0, x=0, y=0, time=1765476132944, student=s, exam=s)
[vision] DETECTADO_CENTRO (code=0, x=0, y=0, time=1765476133040, student=s, exam=s)
[vision] OLHANDO_ESQUERDA (code=0, x=0, y=0, time=1765476133693, student=s, exam=s)
[vision] DETECTADO_CENTRO (code=0, x=0, y=0, time=1765476133889, student=s, exam=s)
[vision] OLHANDO_ESQUERDA (code=0, x=0, y=0, time=1765476134233, student=s, exam=s)
[vision] DETECTADO_CENTRO (code=0, x=0, y=0, time=1765476134353, student=s, exam=s)
[vision] OLHANDO_ESQUERDA (code=0, x=0, y=0, time=1765476134863, student=s, exam=s)
[vision] DETECTADO_CENTRO (code=0, x=0, y=0, time=1765476134963, student=s, exam=s)
[vision] OLHANDO_ESQUERDA (code=0, x=0, y=0, time=1765476135076, student=s, exam=s)
[vision] DETECTADO_CENTRO (code=0, x=0, y=0, time=1765476135178, student=s, exam=s)
[vision] OLHANDO_ESQUERDA (code=0, x=0, y=0, time=1765476135287, student=s, exam=s)
[vision] DETECTADO_CENTRO (code=0, x=0, y=0, time=1765476135511, student=s, exam=s)
[vision] OLHANDO_ESQUERDA (code=0, x=0, y=0, time=1765476135949, student=s, exam=s)
[vision] DETECTADO_CENTRO (code=0, x=0, y=0, time=1765476136052, student=s, exam=s)
[vision] OLHANDO_ESQUERDA (code=0, x=0, y=0, time=1765476138486, student=s, exam=s)
[vision] DETECTADO_CENTRO (code=0, x=0, y=0, time=1765476138598, student=s, exam=s)
[vision] OLHANDO_PARA_BAIXO (code=0, x=0, y=0, time=1765476144751, student=s, exam=s)
[vision] DETECTADO_CENTRO (code=0, x=0, y=0, time=1765476145068, student=s, exam=s)
[vision] OLHANDO_PARA_BAIXO (code=0, x=0, y=0, time=1765476145180, student=s, exam=s)
[vision] DETECTADO_CENTRO (code=0, x=0, y=0, time=1765476145501, student=s, exam=s)
[vision] OLHANDO_PARA_BAIXO (code=0, x=0, y=0, time=1765476145879, student=s, exam=s)
[vision] DETECTADO_CENTRO (code=0, x=0, y=0, time=1765476145985, student=s, exam=s)
[vision] OLHANDO_PARA_BAIXO (code=0, x=0, y=0, time=1765476148385, student=s, exam=s)
[vision] DETECTADO_CENTRO (code=0, x=0, y=0, time=1765476148503, student=s, exam=s)
[vision] OLHANDO_PARA_BAIXO (code=0, x=0, y=0, time=1765476148620, student=s, exam=s)
[vision] DETECTADO_CENTRO (code=0, x=0, y=0, time=1765476148734, student=s, exam=s)
[vision] OLHANDO_PARA_BAIXO (code=0, x=0, y=0, time=1765476153696, student=s, exam=s)
[vision] DETECTADO_CENTRO (code=0, x=0, y=0, time=1765476153791, student=s, exam=s)
[vision] OLHANDO_ESQUERDA (code=0, x=0, y=0, time=1765476157106, student=s, exam=s)
[vision] DETECTADO_CENTRO (code=0, x=0, y=0, time=1765476158002, student=s, exam=s)
[vision] NO_FACE_LONG (code=0, x=0, y=0, time=1765476158777, student=s, exam=s)
[vision] DETECTADO_CENTRO (code=0, x=0, y=0, time=1765476160614, student=s, exam=s)
[vision] OLHANDO_PARA_BAIXO (code=0, x=0, y=0, time=1765476161754, student=s, exam=s)
[vision] OLHANDO_ESQUERDA (code=0, x=0, y=0, time=1765476161871, student=s, exam=s)
[vision] OLHANDO_PARA_BAIXO (code=0, x=0, y=0, time=1765476162506, student=s, exam=s)
[vision] OLHANDO_ESQUERDA (code=0, x=0, y=0, time=1765476162611, student=s, exam=s)
[vision] OLHANDO_PARA_BAIXO (code=0, x=0, y=0, time=1765476165406, student=s, exam=s)
[vision] MOTION_CEASED (code=0, x=0, y=0, time=1765476167341, student=s, exam=s)
[vision] NO_FACE_LONG (code=0, x=0, y=0, time=1765476167659, student=s, exam=s)
[vision] MOTION_DETECTED (code=0, x=0, y=0, time=1765476167770, student=s, exam=s)
[vision] MOTION_CEASED (code=0, x=0, y=0, time=1765476168536, student=s, exam=s)
[vision] OLHANDO_PARA_BAIXO (code=0, x=0, y=0, time=1765476168745, student=s, exam=s)
[vision] MOTION_DETECTED (code=0, x=0, y=0, time=1765476168761, student=s, exam=s)
[vision] MOTION_CEASED (code=0, x=0, y=0, time=1765476168983, student=s, exam=s)
[vision] DETECTADO_CENTRO (code=0, x=0, y=0, time=1765476169085, student=s, exam=s)
[vision] MOTION_DETECTED (code=0, x=0, y=0, time=1765476169096, student=s, exam=s)
[vision] MOTION_CEASED (code=0, x=0, y=0, time=1765476169405, student=s, exam=s)
[vision] MOTION_DETECTED (code=0, x=0, y=0, time=1765476169513, student=s, exam=s)
[vision] MOTION_CEASED (code=0, x=0, y=0, time=1765476169626, student=s, exam=s)
[vision] MOTION_DETECTED (code=0, x=0, y=0, time=1765476169725, student=s, exam=s)
[vision] MOTION_CEASED (code=0, x=0, y=0, time=1765476170347, student=s, exam=s)
[vision] MOTION_DETECTED (code=0, x=0, y=0, time=1765476170469, student=s, exam=s)
[vision] OLHANDO_PARA_BAIXO (code=0, x=0, y=0, time=1765476170896, student=s, exam=s)
[vision] OLHANDO_ESQUERDA (code=0, x=0, y=0, time=1765476171096, student=s, exam=s)
[vision] OLHANDO_PARA_BAIXO (code=0, x=0, y=0, time=1765476171527, student=s, exam=s)
[vision] DETECTADO_CENTRO (code=0, x=0, y=0, time=1765476171751, student=s, exam=s)
[vision] MOTION_CEASED (code=0, x=0, y=0, time=1765476171970, student=s, exam=s)
[vision] MOTION_DETECTED (code=0, x=0, y=0, time=1765476172055, student=s, exam=s)
[vision] MOTION_CEASED (code=0, x=0, y=0, time=1765476172329, student=s, exam=s)
[vision] MOTION_DETECTED (code=0, x=0, y=0, time=1765476172423, student=s, exam=s)
[vision] OLHANDO_PARA_BAIXO (code=0, x=0, y=0, time=1765476174414, student=s, exam=s)
[vision] DETECTADO_CENTRO (code=0, x=0, y=0, time=1765476174528, student=s, exam=s)
[vision] OLHANDO_ESQUERDA (code=0, x=0, y=0, time=1765476174636, student=s, exam=s)
[vision] DETECTADO_CENTRO (code=0, x=0, y=0, time=1765476191357, student=s, exam=s)
[vision] NO_FACE_LONG (code=0, x=0, y=0, time=1765476192118, student=s, exam=s)
[vision] OLHANDO_PARA_BAIXO (code=0, x=0, y=0, time=1765476196704, student=s, exam=s)
[vision] DETECTADO_CENTRO (code=0, x=0, y=0, time=1765476197334, student=s, exam=s)
[vision] OLHANDO_PARA_BAIXO (code=0, x=0, y=0, time=1765476197513, student=s, exam=s)
[vision] OLHANDO_ESQUERDA (code=0, x=0, y=0, time=1765476199157, student=s, exam=s)
[vision] OLHANDO_PARA_BAIXO (code=0, x=0, y=0, time=1765476201009, student=s, exam=s)
[vision] OLHANDO_ESQUERDA (code=0, x=0, y=0, time=1765476204712, student=s, exam=s)
[vision] NO_FACE_LONG (code=0, x=0, y=0, time=1765476205941, student=s, exam=s)
[vision] OLHANDO_ESQUERDA (code=0, x=0, y=0, time=1765476207024, student=s, exam=s)
[vision] DETECTADO_CENTRO (code=0, x=0, y=0, time=1765476207646, student=s, exam=s)
[vision] OLHANDO_PARA_BAIXO (code=0, x=0, y=0, time=1765476208179, student=s, exam=s)
[vision] NO_FACE_LONG (code=0, x=0, y=0, time=1765476208897, student=s, exam=s)
[vision] OLHANDO_PARA_BAIXO (code=0, x=0, y=0, time=1765476209788, student=s, exam=s)
[vision] DETECTADO_CENTRO (code=0, x=0, y=0, time=1765476210094, student=s, exam=s)
[vision] OLHANDO_PARA_BAIXO (code=0, x=0, y=0, time=1765476210755, student=s, exam=s)
[vision] MOTION_CEASED (code=0, x=0, y=0, time=1765476218454, student=s, exam=s)
[vision] MOTION_DETECTED (code=0, x=0, y=0, time=1765476218669, student=s, exam=s)
[vision] MOTION_CEASED (code=0, x=0, y=0, time=1765476218779, student=s, exam=s)
[vision] MOTION_DETECTED (code=0, x=0, y=0, time=1765476218878, student=s, exam=s)
[vision] MOTION_CEASED (code=0, x=0, y=0, time=1765476226705, student=s, exam=s)
[vision] MOTION_DETECTED (code=0, x=0, y=0, time=1765476226811, student=s, exam=s)
[vision] MOTION_CEASED (code=0, x=0, y=0, time=1765476226933, student=s, exam=s)
[vision] MOTION_DETECTED (code=0, x=0, y=0, time=1765476227145, student=s, exam=s)
[vision] MOTION_CEASED (code=0, x=0, y=0, time=1765476228547, student=s, exam=s)
[vision] MOTION_DETECTED (code=0, x=0, y=0, time=1765476228662, student=s, exam=s)
[vision] DETECTADO_CENTRO (code=0, x=0, y=0, time=1765476229976, student=s, exam=s)
[vision] OLHANDO_ESQUERDA (code=0, x=0, y=0, time=1765476232263, student=s, exam=s)
[vision] DETECTADO_CENTRO (code=0, x=0, y=0, time=1765476232710, student=s, exam=s)
[vision] OLHANDO_ESQUERDA (code=0, x=0, y=0, time=1765476233809, student=s, exam=s)
[vision] NO_FACE_LONG (code=0, x=0, y=0, time=1765476234479, student=s, exam=s)
[vision] OLHANDO_ESQUERDA (code=0, x=0, y=0, time=1765476257679, student=s, exam=s)
[vision] NO_FACE_LONG (code=0, x=0, y=0, time=1765476258670, student=s, exam=s)
[vision] OLHANDO_ESQUERDA (code=0, x=0, y=0, time=1765476263600, student=s, exam=s)
[vision] NO_FACE_LONG (code=0, x=0, y=0, time=1765476269717, student=s, exam=s)
[vision] MOTION_CEASED (code=0, x=0, y=0, time=1765476272425, student=s, exam=s)
[vision] MOTION_DETECTED (code=0, x=0, y=0, time=1765476272861, student=s, exam=s)
[vision] MOTION_CEASED (code=0, x=0, y=0, time=1765476273047, student=s, exam=s)
[vision] MOTION_DETECTED (code=0, x=0, y=0, time=1765476273151, student=s, exam=s)
[vision] MOTION_CEASED (code=0, x=0, y=0, time=1765476273488, student=s, exam=s)
[vision] MOTION_DETECTED (code=0, x=0, y=0, time=1765476273586, student=s, exam=s)
[vision] MOTION_CEASED (code=0, x=0, y=0, time=1765476273839, student=s, exam=s)
[vision] MOTION_DETECTED (code=0, x=0, y=0, time=1765476274719, student=s, exam=s)
[vision] MOTION_CEASED (code=0, x=0, y=0, time=1765476276811, student=s, exam=s)
[vision] MOTION_DETECTED (code=0, x=0, y=0, time=1765476276905, student=s, exam=s)
[vision] MOTION_CEASED (code=0, x=0, y=0, time=1765476277007, student=s, exam=s)
