[mouse] null (code=0, x=719, y=251, time=1762982456446, student=Joao, exam=pppo)
[focus] null (code=0, x=0, y=0, time=1762982456443, student=Joao, exam=pppo)
[focus] null (code=0, x=0, y=0, time=1762982456445, student=Joao, exam=pppo)
[mouse] null (code=0, x=719, y=251, time=1762982457347, student=Joao, exam=pppo)
[mouse] null (code=0, x=637, y=241, time=1762982458036, student=Joao, exam=pppo)
[mouse] null (code=0, x=625, y=256, time=1762982458831, student=Joao, exam=pppo)
[keyboard] s (code=115, x=0, y=0, time=1762982459617, student=Joao, exam=pppo)
[keyboard]   (code=32, x=0, y=0, time=1762982460215, student=Joao, exam=pppo)
[keyboard]   (code=32, x=0, y=0, time=1762982467755, student=Joao, exam=pppo)
[keyboard]   (code=32, x=0, y=0, time=1762982468549, student=Joao, exam=pppo)
[keyboard]   (code=32, x=0, y=0, time=1762982469056, student=Joao, exam=pppo)
[keyboard]   (code=32, x=0, y=0, time=1762982469626, student=Joao, exam=pppo)
[keyboard]   (code=32, x=0, y=0, time=1762982470138, student=Joao, exam=pppo)
[mouse] null (code=0, x=625, y=256, time=1762982479114, student=Joao, exam=pppo)
[mouse] null (code=0, x=625, y=256, time=1762982479872, student=Joao, exam=pppo)
[mouse] null (code=0, x=625, y=256, time=1762982480483, student=Joao, exam=pppo)
[mouse] null (code=0, x=625, y=256, time=1762982480943, student=Joao, exam=pppo)
[mouse] null (code=0, x=625, y=256, time=1762982481235, student=Joao, exam=pppo)
[focus] null (code=0, x=0, y=0, time=1762982483253, student=Joao, exam=pppo)
[focus] null (code=0, x=0, y=0, time=1762982487134, student=Joao, exam=pppo)
[focus] null (code=0, x=0, y=0, time=1762982487147, student=Joao, exam=pppo)
[mouse] null (code=0, x=331, y=263, time=1762982487153, student=Joao, exam=pppo)
[keyboard] ALT (code=65536, x=0, y=0, time=1762982487620, student=Joao, exam=pppo)
[focus] null (code=0, x=0, y=0, time=1762982487703, student=Joao, exam=pppo)
[focus] null (code=0, x=0, y=0, time=1762982489228, student=Joao, exam=pppo)
[focus] null (code=0, x=0, y=0, time=1762982500166, student=Joao, exam=pppo)
[focus] null (code=0, x=0, y=0, time=1762982502981, student=Joao, exam=pppo)
[focus] null (code=0, x=0, y=0, time=1762982503012, student=Joao, exam=pppo)
[mouse] null (code=0, x=593, y=307, time=1762982503017, student=Joao, exam=pppo)
[keyboard] ALT (code=65536, x=0, y=0, time=1762982504872, student=Joao, exam=pppo)
[focus] null (code=0, x=0, y=0, time=1762982504997, student=Joao, exam=pppo)
[focus] null (code=0, x=0, y=0, time=1762982506606, student=Joao, exam=pppo)
[keyboard] ALT (code=65536, x=0, y=0, time=1762982507699, student=Joao, exam=pppo)
[focus] null (code=0, x=0, y=0, time=1762982507753, student=Joao, exam=pppo)
[focus] null (code=0, x=0, y=0, time=1762982509641, student=Joao, exam=pppo)
[keyboard] ALT (code=65536, x=0, y=0, time=1762982510319, student=Joao, exam=pppo)
[focus] null (code=0, x=0, y=0, time=1762982510418, student=Joao, exam=pppo)
[focus] null (code=0, x=0, y=0, time=1762982511296, student=Joao, exam=pppo)
[focus] null (code=0, x=0, y=0, time=1762982550698, student=Joao, exam=pppo)
[mouse] null (code=0, x=566, y=284, time=1762982640623, student=Joao, exam=pppo)
[focus] null (code=0, x=0, y=0, time=1762982640601, student=Joao, exam=pppo)
[focus] null (code=0, x=0, y=0, time=1762982640617, student=Joao, exam=pppo)
[keyboard] a (code=97, x=0, y=0, time=1762982641218, student=Joao, exam=pppo)
[keyboard] a (code=97, x=0, y=0, time=1762982641720, student=Joao, exam=pppo)
[focus] null (code=0, x=0, y=0, time=1762982642025, student=Joao, exam=pppo)
[focus] null (code=0, x=0, y=0, time=1762982642026, student=Joao, exam=pppo)
[mouse] null (code=0, x=566, y=284, time=1762982642027, student=Joao, exam=pppo)
[mouse] null (code=0, x=566, y=284, time=1762982643602, student=Joao, exam=pppo)
[mouse] null (code=0, x=566, y=284, time=1762982644119, student=Joao, exam=pppo)
[mouse] null (code=0, x=566, y=284, time=1762982644574, student=Joao, exam=pppo)
[mouse] null (code=0, x=566, y=284, time=1762982644984, student=Joao, exam=pppo)
[mouse] null (code=0, x=566, y=284, time=1762982645477, student=Joao, exam=pppo)
[mouse] null (code=0, x=566, y=284, time=1762982646000, student=Joao, exam=pppo)
[mouse] null (code=0, x=525, y=219, time=1762982651488, student=Joao, exam=pppo)
[mouse] null (code=0, x=525, y=219, time=1762982652099, student=Joao, exam=pppo)
[mouse] null (code=0, x=525, y=219, time=1762982652364, student=Joao, exam=pppo)
[focus] null (code=0, x=0, y=0, time=1762982653156, student=Joao, exam=pppo)
[mouse] null (code=0, x=147, y=5, time=1762982653157, student=Joao, exam=pppo)
[mouse] null (code=0, x=124, y=12, time=1762982654461, student=Joao, exam=pppo)
[mouse] null (code=0, x=64, y=13, time=1762982655064, student=Joao, exam=pppo)
[mouse] null (code=0, x=193, y=118, time=1762982656007, student=Joao, exam=pppo)
[focus] null (code=0, x=0, y=0, time=1762982656006, student=Joao, exam=pppo)
[mouse] null (code=0, x=171, y=2, time=1762982658111, student=Joao, exam=pppo)
[focus] null (code=0, x=0, y=0, time=1762982658110, student=Joao, exam=pppo)
[mouse] null (code=0, x=81, y=9, time=1762982659029, student=Joao, exam=pppo)
[focus] null (code=0, x=0, y=0, time=1762982660212, student=Joao, exam=pppo)
[mouse] null (code=0, x=753, y=196, time=1762982660214, student=Joao, exam=pppo)
[focus] null (code=0, x=0, y=0, time=1762982661584, student=Joao, exam=pppo)
[mouse] null (code=0, x=244, y=215, time=1762982661585, student=Joao, exam=pppo)
[mouse] null (code=0, x=153, y=198, time=1762982662643, student=Joao, exam=pppo)
[mouse] null (code=0, x=151, y=198, time=1762982663459, student=Joao, exam=pppo)
[mouse] null (code=0, x=151, y=198, time=1762982664075, student=Joao, exam=pppo)
[focus] null (code=0, x=0, y=0, time=1762982664850, student=Joao, exam=pppo)
[mouse] null (code=0, x=9, y=12, time=1762982664851, student=Joao, exam=pppo)
[mouse] null (code=0, x=191, y=205, time=1762982666404, student=Joao, exam=pppo)
[focus] null (code=0, x=0, y=0, time=1762982666403, student=Joao, exam=pppo)
[mouse] null (code=0, x=590, y=241, time=1762982667966, student=Joao, exam=pppo)
[focus] null (code=0, x=0, y=0, time=1762982669010, student=Joao, exam=pppo)
[mouse] null (code=0, x=182, y=72, time=1762982669011, student=Joao, exam=pppo)
[focus] null (code=0, x=0, y=0, time=1762982669711, student=Joao, exam=pppo)
[mouse] null (code=0, x=2, y=4, time=1762982669713, student=Joao, exam=pppo)
[mouse] null (code=0, x=2, y=4, time=1762982675305, student=Joao, exam=pppo)
[keyboard] ALT (code=65536, x=0, y=0, time=1762982682527, student=Joao, exam=pppo)
[focus] null (code=0, x=0, y=0, time=1762982682604, student=Joao, exam=pppo)
[focus] null (code=0, x=0, y=0, time=1762982684520, student=Joao, exam=pppo)
[focus] null (code=0, x=0, y=0, time=1762982684535, student=Joao, exam=pppo)
[mouse] null (code=0, x=2, y=4, time=1762982684548, student=Joao, exam=pppo)
[focus] null (code=0, x=0, y=0, time=1762982688020, student=Joao, exam=pppo)
[focus] null (code=0, x=0, y=0, time=1762982688021, student=Joao, exam=pppo)
[mouse] null (code=0, x=531, y=112, time=1762982688021, student=Joao, exam=pppo)
[focus] null (code=0, x=0, y=0, time=1762982688879, student=Joao, exam=pppo)
[focus] null (code=0, x=0, y=0, time=1762982688880, student=Joao, exam=pppo)
[mouse] null (code=0, x=60, y=270, time=1762982688886, student=Joao, exam=pppo)
[mouse] null (code=0, x=95, y=207, time=1762982689623, student=Joao, exam=pppo)
[focus] null (code=0, x=0, y=0, time=1762982690095, student=Joao, exam=pppo)
[focus] null (code=0, x=0, y=0, time=1762982690096, student=Joao, exam=pppo)
[mouse] null (code=0, x=12, y=14, time=1762982690097, student=Joao, exam=pppo)
[mouse] null (code=0, x=220, y=290, time=1762982690719, student=Joao, exam=pppo)
[focus] null (code=0, x=0, y=0, time=1762982690717, student=Joao, exam=pppo)
[mouse] null (code=0, x=175, y=349, time=1762982691304, student=Joao, exam=pppo)
[keyboard] ALT (code=65536, x=0, y=0, time=1762982692754, student=Joao, exam=pppo)
[focus] null (code=0, x=0, y=0, time=1762982692808, student=Joao, exam=pppo)
[focus] null (code=0, x=0, y=0, time=1762982741149, student=Joao, exam=pppo)
[focus] null (code=0, x=0, y=0, time=1762982741164, student=Joao, exam=pppo)
[mouse] null (code=0, x=227, y=228, time=1762982741170, student=Joao, exam=pppo)
[focus] null (code=0, x=0, y=0, time=1762982742079, student=Joao, exam=pppo)
[focus] null (code=0, x=0, y=0, time=1762982742079, student=Joao, exam=pppo)
[mouse] null (code=0, x=227, y=228, time=1762982742080, student=Joao, exam=pppo)
[mouse] null (code=0, x=227, y=228, time=1762982743253, student=Joao, exam=pppo)
[mouse] null (code=0, x=227, y=228, time=1762982744219, student=Joao, exam=pppo)
[mouse] null (code=0, x=227, y=228, time=1762982747246, student=Joao, exam=pppo)
[mouse] null (code=0, x=227, y=228, time=1762982748205, student=Joao, exam=pppo)
[focus] null (code=0, x=0, y=0, time=1762982756206, student=Joao, exam=pppo)
[focus] null (code=0, x=0, y=0, time=1762982944038, student=Joao, exam=pppo)
[mouse] null (code=0, x=23, y=220, time=1762982944063, student=Joao, exam=pppo)
[focus] null (code=0, x=0, y=0, time=1762982944059, student=Joao, exam=pppo)
[focus] null (code=0, x=0, y=0, time=1762982944746, student=Joao, exam=pppo)
[mouse] null (code=0, x=23, y=220, time=1762982944748, student=Joao, exam=pppo)
[mouse] null (code=0, x=23, y=220, time=1762982945585, student=Joao, exam=pppo)
[mouse] null (code=0, x=23, y=220, time=1762982946125, student=Joao, exam=pppo)
[mouse] null (code=0, x=23, y=220, time=1762982946816, student=Joao, exam=pppo)
[mouse] null (code=0, x=23, y=220, time=1762982947705, student=Joao, exam=pppo)
[mouse] null (code=0, x=23, y=220, time=1762982948509, student=Joao, exam=pppo)
[mouse] null (code=0, x=23, y=220, time=1762982949155, student=Joao, exam=pppo)
[mouse] null (code=0, x=23, y=220, time=1762982950014, student=Joao, exam=pppo)
[focus] null (code=0, x=0, y=0, time=1762982952264, student=Joao, exam=pppo)
[focus] null (code=0, x=0, y=0, time=1762982954435, student=Joao, exam=pppo)
[focus] null (code=0, x=0, y=0, time=1762982954451, student=Joao, exam=pppo)
[mouse] null (code=0, x=734, y=182, time=1762982954459, student=Joao, exam=pppo)
[focus] null (code=0, x=0, y=0, time=1762982955165, student=Joao, exam=pppo)
[focus] null (code=0, x=0, y=0, time=1762982955165, student=Joao, exam=pppo)
[mouse] null (code=0, x=601, y=180, time=1762982955167, student=Joao, exam=pppo)
[mouse] null (code=0, x=601, y=180, time=1762982957209, student=Joao, exam=pppo)
[mouse] null (code=0, x=601, y=180, time=1762982957959, student=Joao, exam=pppo)
[mouse] null (code=0, x=601, y=180, time=1762982958480, student=Joao, exam=pppo)
[mouse] null (code=0, x=601, y=180, time=1762982958952, student=Joao, exam=pppo)
[mouse] null (code=0, x=601, y=180, time=1762982959306, student=Joao, exam=pppo)
[mouse] null (code=0, x=601, y=180, time=1762982960939, student=Joao, exam=pppo)
[focus] null (code=0, x=0, y=0, time=1762982970209, student=Joao, exam=pppo)
[focus] null (code=0, x=0, y=0, time=1762983040554, student=Joao, exam=pppo)
[focus] null (code=0, x=0, y=0, time=1762983040839, student=Joao, exam=pppo)
[focus] null (code=0, x=0, y=0, time=1762983040840, student=Joao, exam=pppo)
[focus] null (code=0, x=0, y=0, time=1762983041283, student=Joao, exam=pppo)
