[mouse] MOUSE (code=0, x=714, y=302, time=1763081425493, student=asdd, exam=asddd)
[focus] FOCUS_LOST (code=0, x=0, y=0, time=1763081425486, student=asdd, exam=asddd)
[mouse] MOUSE (code=0, x=487, y=257, time=1763081425988, student=asdd, exam=asddd)
[mouse] MOUSE (code=0, x=487, y=257, time=1763081426348, student=asdd, exam=asddd)
[keyboard]   (code=32, x=0, y=0, time=1763081427284, student=asdd, exam=asddd)
[mouse] MOUSE (code=0, x=487, y=257, time=1763081427707, student=asdd, exam=asddd)
[mouse] MOUSE (code=0, x=487, y=257, time=1763081427955, student=asdd, exam=asddd)
[keyboard] w (code=119, x=0, y=0, time=1763081428316, student=asdd, exam=asddd)
[keyboard] q (code=113, x=0, y=0, time=1763081428349, student=asdd, exam=asddd)
[keyboard] w (code=119, x=0, y=0, time=1763081428635, student=asdd, exam=asddd)
[keyboard] e (code=101, x=0, y=0, time=1763081428796, student=asdd, exam=asddd)
[keyboard] q (code=113, x=0, y=0, time=1763081428988, student=asdd, exam=asddd)
[mouse] MOUSE (code=0, x=487, y=257, time=1763081429046, student=asdd, exam=asddd)
[keyboard] w (code=119, x=0, y=0, time=1763081429073, student=asdd, exam=asddd)
[mouse] MOUSE (code=0, x=487, y=257, time=1763081429112, student=asdd, exam=asddd)
[keyboard] e (code=101, x=0, y=0, time=1763081429159, student=asdd, exam=asddd)
[keyboard] q (code=113, x=0, y=0, time=1763081429328, student=asdd, exam=asddd)
[keyboard] CAPS_LOCK (code=16777298, x=0, y=0, time=1763081430190, student=asdd, exam=asddd)
[keyboard] A (code=97, x=0, y=0, time=1763081430658, student=asdd, exam=asddd)
[keyboard] S (code=115, x=0, y=0, time=1763081431056, student=asdd, exam=asddd)
[keyboard] D (code=100, x=0, y=0, time=1763081431122, student=asdd, exam=asddd)
[mouse] MOUSE (code=0, x=487, y=257, time=1763081431180, student=asdd, exam=asddd)
[mouse] MOUSE (code=0, x=487, y=257, time=1763081431219, student=asdd, exam=asddd)
[keyboard] A (code=97, x=0, y=0, time=1763081431257, student=asdd, exam=asddd)
[keyboard] D (code=100, x=0, y=0, time=1763081431419, student=asdd, exam=asddd)
[keyboard]   (code=32, x=0, y=0, time=1763081431444, student=asdd, exam=asddd)
[keyboard] A (code=97, x=0, y=0, time=1763081431580, student=asdd, exam=asddd)
[keyboard] S (code=115, x=0, y=0, time=1763081431742, student=asdd, exam=asddd)
[keyboard] D (code=100, x=0, y=0, time=1763081431791, student=asdd, exam=asddd)
[mouse] MOUSE (code=0, x=487, y=257, time=1763081431816, student=asdd, exam=asddd)
[mouse] MOUSE (code=0, x=487, y=257, time=1763081431888, student=asdd, exam=asddd)
[keyboard] A (code=97, x=0, y=0, time=1763081431926, student=asdd, exam=asddd)
[keyboard]   (code=32, x=0, y=0, time=1763081431963, student=asdd, exam=asddd)
[keyboard] S (code=115, x=0, y=0, time=1763081432053, student=asdd, exam=asddd)
[keyboard] D (code=100, x=0, y=0, time=1763081432097, student=asdd, exam=asddd)
[mouse] MOUSE (code=0, x=487, y=257, time=1763081432156, student=asdd, exam=asddd)
[mouse] MOUSE (code=0, x=487, y=257, time=1763081432199, student=asdd, exam=asddd)
[keyboard] A (code=97, x=0, y=0, time=1763081432224, student=asdd, exam=asddd)
[keyboard] S (code=115, x=0, y=0, time=1763081432276, student=asdd, exam=asddd)
[keyboard]   (code=32, x=0, y=0, time=1763081432368, student=asdd, exam=asddd)
[keyboard] D (code=100, x=0, y=0, time=1763081432381, student=asdd, exam=asddd)
[mouse] MOUSE (code=0, x=487, y=257, time=1763081432456, student=asdd, exam=asddd)
[mouse] MOUSE (code=0, x=487, y=257, time=1763081432500, student=asdd, exam=asddd)
[keyboard] A (code=97, x=0, y=0, time=1763081432510, student=asdd, exam=asddd)
[keyboard] S (code=115, x=0, y=0, time=1763081432528, student=asdd, exam=asddd)
[keyboard] D (code=100, x=0, y=0, time=1763081432639, student=asdd, exam=asddd)
[mouse] MOUSE (code=0, x=487, y=257, time=1763081432698, student=asdd, exam=asddd)
[mouse] MOUSE (code=0, x=487, y=257, time=1763081432699, student=asdd, exam=asddd)
[keyboard] A (code=97, x=0, y=0, time=1763081432759, student=asdd, exam=asddd)
[keyboard] S (code=115, x=0, y=0, time=1763081432805, student=asdd, exam=asddd)
[keyboard]   (code=32, x=0, y=0, time=1763081432931, student=asdd, exam=asddd)
[focus] FOCUS_LOST (code=0, x=0, y=0, time=1763081436514, student=asdd, exam=asddd)
[focus] FOCUS_GAINED (code=0, x=0, y=0, time=1763081440162, student=asdd, exam=asddd)
[focus] FOCUS_GAINED (code=0, x=0, y=0, time=1763081440163, student=asdd, exam=asddd)
[focus] FOCUS_GAINED (code=0, x=0, y=0, time=1763081440164, student=asdd, exam=asddd)
[focus] FOCUS_GAINED (code=0, x=0, y=0, time=1763081440164, student=asdd, exam=asddd)
[focus] FOCUS_GAINED (code=0, x=0, y=0, time=1763081440165, student=asdd, exam=asddd)
[focus] FOCUS_GAINED (code=0, x=0, y=0, time=1763081440166, student=asdd, exam=asddd)
[focus] FOCUS_GAINED (code=0, x=0, y=0, time=1763081440165, student=asdd, exam=asddd)
[focus] FOCUS_GAINED (code=0, x=0, y=0, time=1763081440166, student=asdd, exam=asddd)
[focus] FOCUS_GAINED (code=0, x=0, y=0, time=1763081440182, student=asdd, exam=asddd)
[focus] FOCUS_LOST (code=0, x=0, y=0, time=1763081440190, student=asdd, exam=asddd)
[focus] FOCUS_GAINED (code=0, x=0, y=0, time=1763081440166, student=asdd, exam=asddd)
[mouse] MOUSE (code=0, x=282, y=100, time=1763081440200, student=asdd, exam=asddd)
[keyboard]   (code=32, x=0, y=0, time=1763081441083, student=asdd, exam=asddd)
[mouse] MOUSE (code=0, x=273, y=100, time=1763081441571, student=asdd, exam=asddd)
[keyboard] A (code=97, x=0, y=0, time=1763081441573, student=asdd, exam=asddd)
[focus] FOCUS_LOST (code=0, x=0, y=0, time=1763081441569, student=asdd, exam=asddd)
[keyboard] S (code=115, x=0, y=0, time=1763081441874, student=asdd, exam=asddd)
[keyboard] A (code=97, x=0, y=0, time=1763081441927, student=asdd, exam=asddd)
[keyboard] D (code=100, x=0, y=0, time=1763081442065, student=asdd, exam=asddd)
[mouse] MOUSE (code=0, x=273, y=100, time=1763081442186, student=asdd, exam=asddd)
[mouse] MOUSE (code=0, x=273, y=100, time=1763081442215, student=asdd, exam=asddd)
[keyboard] A (code=97, x=0, y=0, time=1763081442228, student=asdd, exam=asddd)
[keyboard] S (code=115, x=0, y=0, time=1763081442266, student=asdd, exam=asddd)
[keyboard] D (code=100, x=0, y=0, time=1763081442394, student=asdd, exam=asddd)
[keyboard] A (code=97, x=0, y=0, time=1763081442545, student=asdd, exam=asddd)
[mouse] MOUSE (code=0, x=273, y=100, time=1763081442645, student=asdd, exam=asddd)
[mouse] MOUSE (code=0, x=273, y=100, time=1763081442648, student=asdd, exam=asddd)
[keyboard] S (code=115, x=0, y=0, time=1763081442685, student=asdd, exam=asddd)
[keyboard] D (code=100, x=0, y=0, time=1763081442706, student=asdd, exam=asddd)
[focus] FOCUS_LOST (code=0, x=0, y=0, time=1763081443633, student=asdd, exam=asddd)
[focus] FOCUS_GAINED (code=0, x=0, y=0, time=1763081445994, student=asdd, exam=asddd)
[focus] FOCUS_GAINED (code=0, x=0, y=0, time=1763081445987, student=asdd, exam=asddd)
[focus] FOCUS_GAINED (code=0, x=0, y=0, time=1763081446000, student=asdd, exam=asddd)
[focus] FOCUS_GAINED (code=0, x=0, y=0, time=1763081445995, student=asdd, exam=asddd)
[focus] FOCUS_GAINED (code=0, x=0, y=0, time=1763081445999, student=asdd, exam=asddd)
[focus] FOCUS_GAINED (code=0, x=0, y=0, time=1763081445997, student=asdd, exam=asddd)
[focus] FOCUS_GAINED (code=0, x=0, y=0, time=1763081446001, student=asdd, exam=asddd)
[focus] FOCUS_GAINED (code=0, x=0, y=0, time=1763081446007, student=asdd, exam=asddd)
[focus] FOCUS_GAINED (code=0, x=0, y=0, time=1763081446036, student=asdd, exam=asddd)
[focus] FOCUS_GAINED (code=0, x=0, y=0, time=1763081446003, student=asdd, exam=asddd)
[focus] FOCUS_LOST (code=0, x=0, y=0, time=1763081446050, student=asdd, exam=asddd)
[mouse] MOUSE (code=0, x=535, y=222, time=1763081446060, student=asdd, exam=asddd)
[keyboard]   (code=32, x=0, y=0, time=1763081446738, student=asdd, exam=asddd)
[focus] FOCUS_LOST (code=0, x=0, y=0, time=1763081447163, student=asdd, exam=asddd)
[mouse] MOUSE (code=0, x=211, y=339, time=1763081447167, student=asdd, exam=asddd)
[keyboard] A (code=97, x=0, y=0, time=1763081447635, student=asdd, exam=asddd)
[keyboard] S (code=115, x=0, y=0, time=1763081447746, student=asdd, exam=asddd)
[mouse] MOUSE (code=0, x=211, y=339, time=1763081447808, student=asdd, exam=asddd)
[mouse] MOUSE (code=0, x=211, y=339, time=1763081447861, student=asdd, exam=asddd)
[keyboard] D (code=100, x=0, y=0, time=1763081447867, student=asdd, exam=asddd)
[keyboard] S (code=115, x=0, y=0, time=1763081448185, student=asdd, exam=asddd)
[keyboard] A (code=97, x=0, y=0, time=1763081448208, student=asdd, exam=asddd)
[keyboard] D (code=100, x=0, y=0, time=1763081448320, student=asdd, exam=asddd)
[keyboard]   (code=32, x=0, y=0, time=1763081448435, student=asdd, exam=asddd)
[keyboard] A (code=97, x=0, y=0, time=1763081448546, student=asdd, exam=asddd)
[mouse] MOUSE (code=0, x=211, y=339, time=1763081448599, student=asdd, exam=asddd)
[keyboard] S (code=115, x=0, y=0, time=1763081448606, student=asdd, exam=asddd)
[mouse] MOUSE (code=0, x=211, y=339, time=1763081448621, student=asdd, exam=asddd)
[keyboard] D (code=100, x=0, y=0, time=1763081448676, student=asdd, exam=asddd)
[focus] FOCUS_LOST (code=0, x=0, y=0, time=1763081478660, student=asdd, exam=asddd)
[focus] FOCUS_GAINED (code=0, x=0, y=0, time=1763081567069, student=asdd, exam=asddd)
[focus] FOCUS_GAINED (code=0, x=0, y=0, time=1763081567071, student=asdd, exam=asddd)
[focus] FOCUS_GAINED (code=0, x=0, y=0, time=1763081567071, student=asdd, exam=asddd)
[focus] FOCUS_GAINED (code=0, x=0, y=0, time=1763081567072, student=asdd, exam=asddd)
[focus] FOCUS_GAINED (code=0, x=0, y=0, time=1763081567074, student=asdd, exam=asddd)
[focus] FOCUS_GAINED (code=0, x=0, y=0, time=1763081567075, student=asdd, exam=asddd)
[focus] FOCUS_GAINED (code=0, x=0, y=0, time=1763081567080, student=asdd, exam=asddd)
[focus] FOCUS_GAINED (code=0, x=0, y=0, time=1763081567077, student=asdd, exam=asddd)
[focus] FOCUS_GAINED (code=0, x=0, y=0, time=1763081567079, student=asdd, exam=asddd)
[focus] FOCUS_GAINED (code=0, x=0, y=0, time=1763081567095, student=asdd, exam=asddd)
[mouse] MOUSE (code=0, x=491, y=295, time=1763081567115, student=asdd, exam=asddd)
[focus] FOCUS_LOST (code=0, x=0, y=0, time=1763081567102, student=asdd, exam=asddd)
[mouse] MOUSE (code=0, x=490, y=295, time=1763081567776, student=asdd, exam=asddd)
[focus] FOCUS_LOST (code=0, x=0, y=0, time=1763081567772, student=asdd, exam=asddd)
[focus] FOCUS_GAINED (code=0, x=0, y=0, time=1763081568319, student=asdd, exam=asddd)
[mouse] MOUSE (code=0, x=210, y=77, time=1763081568324, student=asdd, exam=asddd)
[mouse] MOUSE (code=0, x=473, y=241, time=1763081569074, student=asdd, exam=asddd)
[focus] FOCUS_LOST (code=0, x=0, y=0, time=1763081569070, student=asdd, exam=asddd)
[mouse] MOUSE (code=0, x=473, y=241, time=1763081569330, student=asdd, exam=asddd)
[focus] FOCUS_GAINED (code=0, x=0, y=0, time=1763081569664, student=asdd, exam=asddd)
[mouse] MOUSE (code=0, x=218, y=95, time=1763081569666, student=asdd, exam=asddd)
[mouse] MOUSE (code=0, x=217, y=86, time=1763081569848, student=asdd, exam=asddd)
[focus] FOCUS_LOST (code=0, x=0, y=0, time=1763081570338, student=asdd, exam=asddd)
[focus] FOCUS_GAINED (code=0, x=0, y=0, time=1763081570881, student=asdd, exam=asddd)
[focus] FOCUS_GAINED (code=0, x=0, y=0, time=1763081570883, student=asdd, exam=asddd)
[focus] FOCUS_LOST (code=0, x=0, y=0, time=1763081571445, student=asdd, exam=asddd)
[focus] FOCUS_LOST (code=0, x=0, y=0, time=1763081571794, student=asdd, exam=asddd)
[focus] FOCUS_LOST (code=0, x=0, y=0, time=1763081572175, student=asdd, exam=asddd)
[focus] FOCUS_GAINED (code=0, x=0, y=0, time=1763081572296, student=asdd, exam=asddd)
[focus] FOCUS_LOST (code=0, x=0, y=0, time=1763081572461, student=asdd, exam=asddd)
[focus] FOCUS_GAINED (code=0, x=0, y=0, time=1763081572719, student=asdd, exam=asddd)
[focus] FOCUS_GAINED (code=0, x=0, y=0, time=1763081572720, student=asdd, exam=asddd)
[focus] FOCUS_LOST (code=0, x=0, y=0, time=1763081572958, student=asdd, exam=asddd)
[focus] FOCUS_LOST (code=0, x=0, y=0, time=1763081573164, student=asdd, exam=asddd)
[focus] FOCUS_LOST (code=0, x=0, y=0, time=1763081573318, student=asdd, exam=asddd)
[focus] FOCUS_LOST (code=0, x=0, y=0, time=1763081573419, student=asdd, exam=asddd)
[keyboard] ALT (code=65536, x=0, y=0, time=1763081573561, student=asdd, exam=asddd)
[keyboard] ALT (code=65536, x=0, y=0, time=1763081574244, student=asdd, exam=asddd)
[focus] FOCUS_LOST (code=0, x=0, y=0, time=1763081574772, student=asdd, exam=asddd)
[mouse] MOUSE (code=0, x=217, y=86, time=1763081574774, student=asdd, exam=asddd)
[keyboard] ALT (code=65536, x=0, y=0, time=1763081574984, student=asdd, exam=asddd)
[mouse] MOUSE (code=0, x=217, y=86, time=1763081575319, student=asdd, exam=asddd)
[keyboard] ALT (code=65536, x=0, y=0, time=1763081575516, student=asdd, exam=asddd)
[focus] FOCUS_LOST (code=0, x=0, y=0, time=1763081575684, student=asdd, exam=asddd)
[focus] FOCUS_GAINED (code=0, x=0, y=0, time=1763081576211, student=asdd, exam=asddd)
[focus] FOCUS_GAINED (code=0, x=0, y=0, time=1763081576217, student=asdd, exam=asddd)
[focus] FOCUS_GAINED (code=0, x=0, y=0, time=1763081576220, student=asdd, exam=asddd)
[focus] FOCUS_GAINED (code=0, x=0, y=0, time=1763081576221, student=asdd, exam=asddd)
[focus] FOCUS_GAINED (code=0, x=0, y=0, time=1763081576222, student=asdd, exam=asddd)
[focus] FOCUS_GAINED (code=0, x=0, y=0, time=1763081576223, student=asdd, exam=asddd)
[focus] FOCUS_GAINED (code=0, x=0, y=0, time=1763081576223, student=asdd, exam=asddd)
[focus] FOCUS_GAINED (code=0, x=0, y=0, time=1763081576224, student=asdd, exam=asddd)
[focus] FOCUS_GAINED (code=0, x=0, y=0, time=1763081576224, student=asdd, exam=asddd)
[focus] FOCUS_GAINED (code=0, x=0, y=0, time=1763081576358, student=asdd, exam=asddd)
[focus] FOCUS_GAINED (code=0, x=0, y=0, time=1763081576359, student=asdd, exam=asddd)
[focus] FOCUS_GAINED (code=0, x=0, y=0, time=1763081576361, student=asdd, exam=asddd)
[focus] FOCUS_GAINED (code=0, x=0, y=0, time=1763081576361, student=asdd, exam=asddd)
[keyboard] ALT (code=65536, x=0, y=0, time=1763081576455, student=asdd, exam=asddd)
[focus] FOCUS_LOST (code=0, x=0, y=0, time=1763081576516, student=asdd, exam=asddd)
[focus] FOCUS_GAINED (code=0, x=0, y=0, time=1763081577021, student=asdd, exam=asddd)
[focus] FOCUS_GAINED (code=0, x=0, y=0, time=1763081577011, student=asdd, exam=asddd)
[focus] FOCUS_GAINED (code=0, x=0, y=0, time=1763081577028, student=asdd, exam=asddd)
[focus] FOCUS_GAINED (code=0, x=0, y=0, time=1763081577018, student=asdd, exam=asddd)
[focus] FOCUS_GAINED (code=0, x=0, y=0, time=1763081577020, student=asdd, exam=asddd)
[focus] FOCUS_GAINED (code=0, x=0, y=0, time=1763081577019, student=asdd, exam=asddd)
[focus] FOCUS_GAINED (code=0, x=0, y=0, time=1763081577020, student=asdd, exam=asddd)
[focus] FOCUS_GAINED (code=0, x=0, y=0, time=1763081577021, student=asdd, exam=asddd)
[focus] FOCUS_GAINED (code=0, x=0, y=0, time=1763081577021, student=asdd, exam=asddd)
[focus] FOCUS_GAINED (code=0, x=0, y=0, time=1763081577017, student=asdd, exam=asddd)
[focus] FOCUS_GAINED (code=0, x=0, y=0, time=1763081577030, student=asdd, exam=asddd)
[focus] FOCUS_GAINED (code=0, x=0, y=0, time=1763081577030, student=asdd, exam=asddd)
[focus] FOCUS_GAINED (code=0, x=0, y=0, time=1763081577029, student=asdd, exam=asddd)
[focus] FOCUS_LOST (code=0, x=0, y=0, time=1763081585976, student=asdd, exam=asddd)
[focus] FOCUS_GAINED (code=0, x=0, y=0, time=1763081621777, student=asdd, exam=asddd)
[focus] FOCUS_GAINED (code=0, x=0, y=0, time=1763081621779, student=asdd, exam=asddd)
[focus] FOCUS_GAINED (code=0, x=0, y=0, time=1763081621778, student=asdd, exam=asddd)
[focus] FOCUS_GAINED (code=0, x=0, y=0, time=1763081621770, student=asdd, exam=asddd)
[focus] FOCUS_GAINED (code=0, x=0, y=0, time=1763081621781, student=asdd, exam=asddd)
[focus] FOCUS_GAINED (code=0, x=0, y=0, time=1763081621783, student=asdd, exam=asddd)
[focus] FOCUS_GAINED (code=0, x=0, y=0, time=1763081621786, student=asdd, exam=asddd)
[focus] FOCUS_GAINED (code=0, x=0, y=0, time=1763081621784, student=asdd, exam=asddd)
[focus] FOCUS_GAINED (code=0, x=0, y=0, time=1763081621807, student=asdd, exam=asddd)
[focus] FOCUS_GAINED (code=0, x=0, y=0, time=1763081621780, student=asdd, exam=asddd)
[focus] FOCUS_GAINED (code=0, x=0, y=0, time=1763081621808, student=asdd, exam=asddd)
[focus] FOCUS_GAINED (code=0, x=0, y=0, time=1763081621807, student=asdd, exam=asddd)
[focus] FOCUS_GAINED (code=0, x=0, y=0, time=1763081621808, student=asdd, exam=asddd)
[keyboard] ALT (code=65536, x=0, y=0, time=1763081622426, student=asdd, exam=asddd)
[focus] FOCUS_LOST (code=0, x=0, y=0, time=1763081622500, student=asdd, exam=asddd)
[focus] FOCUS_GAINED (code=0, x=0, y=0, time=1763081686527, student=asdd, exam=asddd)
[focus] FOCUS_GAINED (code=0, x=0, y=0, time=1763081686526, student=asdd, exam=asddd)
[focus] FOCUS_GAINED (code=0, x=0, y=0, time=1763081686521, student=asdd, exam=asddd)
[focus] FOCUS_GAINED (code=0, x=0, y=0, time=1763081686529, student=asdd, exam=asddd)
[focus] FOCUS_GAINED (code=0, x=0, y=0, time=1763081686530, student=asdd, exam=asddd)
[focus] FOCUS_GAINED (code=0, x=0, y=0, time=1763081686531, student=asdd, exam=asddd)
[focus] FOCUS_GAINED (code=0, x=0, y=0, time=1763081686534, student=asdd, exam=asddd)
[focus] FOCUS_GAINED (code=0, x=0, y=0, time=1763081686532, student=asdd, exam=asddd)
[focus] FOCUS_GAINED (code=0, x=0, y=0, time=1763081686535, student=asdd, exam=asddd)
[focus] FOCUS_GAINED (code=0, x=0, y=0, time=1763081686544, student=asdd, exam=asddd)
[focus] FOCUS_GAINED (code=0, x=0, y=0, time=1763081686545, student=asdd, exam=asddd)
[focus] FOCUS_GAINED (code=0, x=0, y=0, time=1763081686546, student=asdd, exam=asddd)
[focus] FOCUS_GAINED (code=0, x=0, y=0, time=1763081686548, student=asdd, exam=asddd)
[keyboard] ALT (code=65536, x=0, y=0, time=1763081686993, student=asdd, exam=asddd)
[focus] FOCUS_LOST (code=0, x=0, y=0, time=1763081687077, student=asdd, exam=asddd)
[focus] FOCUS_GAINED (code=0, x=0, y=0, time=1763084821023, student=asdd, exam=asddd)
[focus] FOCUS_GAINED (code=0, x=0, y=0, time=1763084821021, student=asdd, exam=asddd)
[focus] FOCUS_GAINED (code=0, x=0, y=0, time=1763084821025, student=asdd, exam=asddd)
[focus] FOCUS_GAINED (code=0, x=0, y=0, time=1763084821026, student=asdd, exam=asddd)
[focus] FOCUS_GAINED (code=0, x=0, y=0, time=1763084821026, student=asdd, exam=asddd)
[focus] FOCUS_GAINED (code=0, x=0, y=0, time=1763084821028, student=asdd, exam=asddd)
[focus] FOCUS_GAINED (code=0, x=0, y=0, time=1763084821028, student=asdd, exam=asddd)
[focus] FOCUS_GAINED (code=0, x=0, y=0, time=1763084821030, student=asdd, exam=asddd)
[focus] FOCUS_GAINED (code=0, x=0, y=0, time=1763084821031, student=asdd, exam=asddd)
[focus] FOCUS_GAINED (code=0, x=0, y=0, time=1763084821050, student=asdd, exam=asddd)
[focus] FOCUS_LOST (code=0, x=0, y=0, time=1763084821057, student=asdd, exam=asddd)
[mouse] MOUSE (code=0, x=536, y=220, time=1763084821079, student=asdd, exam=asddd)
[focus] FOCUS_LOST (code=0, x=0, y=0, time=1763084821608, student=asdd, exam=asddd)
[mouse] MOUSE (code=0, x=536, y=220, time=1763084821614, student=asdd, exam=asddd)
[keyboard] s (code=115, x=0, y=0, time=1763084822319, student=asdd, exam=asddd)
[keyboard] a (code=97, x=0, y=0, time=1763084822334, student=asdd, exam=asddd)
[keyboard] d (code=100, x=0, y=0, time=1763084822454, student=asdd, exam=asddd)
[focus] FOCUS_LOST (code=0, x=0, y=0, time=1763084824469, student=asdd, exam=asddd)
