[mouse] MOUSE (code=0, x=62, y=0, time=1763084912852, student=qwe, exam=qwe)
[focus] FOCUS_LOST (code=0, x=0, y=0, time=1763084912848, student=qwe, exam=qwe)
[focus] FOCUS_LOST (code=0, x=0, y=0, time=1763084913836, student=qwe, exam=qwe)
[mouse] MOUSE (code=0, x=184, y=75, time=1763084913839, student=qwe, exam=qwe)
[keyboard]   (code=32, x=0, y=0, time=1763084914113, student=qwe, exam=qwe)
[mouse] MOUSE (code=0, x=184, y=75, time=1763084914712, student=qwe, exam=qwe)
[keyboard] q (code=113, x=0, y=0, time=1763084915069, student=qwe, exam=qwe)
[keyboard] w (code=119, x=0, y=0, time=1763084915137, student=qwe, exam=qwe)
[keyboard] e (code=101, x=0, y=0, time=1763084915362, student=qwe, exam=qwe)
[mouse] MOUSE (code=0, x=184, y=75, time=1763084915593, student=qwe, exam=qwe)
[keyboard] w (code=119, x=0, y=0, time=1763084915850, student=qwe, exam=qwe)
[keyboard] e (code=101, x=0, y=0, time=1763084915866, student=qwe, exam=qwe)
[keyboard] q (code=113, x=0, y=0, time=1763084915877, student=qwe, exam=qwe)
[mouse] MOUSE (code=0, x=184, y=75, time=1763084916090, student=qwe, exam=qwe)
[mouse] MOUSE (code=0, x=184, y=75, time=1763084916109, student=qwe, exam=qwe)
[keyboard] ALT (code=65536, x=0, y=0, time=1763084916829, student=qwe, exam=qwe)
[focus] FOCUS_LOST (code=0, x=0, y=0, time=1763084916922, student=qwe, exam=qwe)
[focus] FOCUS_GAINED (code=0, x=0, y=0, time=1763084923412, student=qwe, exam=qwe)
[mouse] MOUSE (code=0, x=616, y=262, time=1763084923442, student=qwe, exam=qwe)
[focus] FOCUS_LOST (code=0, x=0, y=0, time=1763084924084, student=qwe, exam=qwe)
[mouse] MOUSE (code=0, x=376, y=254, time=1763084924086, student=qwe, exam=qwe)
[keyboard] a (code=97, x=0, y=0, time=1763084924312, student=qwe, exam=qwe)
[keyboard] s (code=115, x=0, y=0, time=1763084924413, student=qwe, exam=qwe)
[keyboard] d (code=100, x=0, y=0, time=1763084924679, student=qwe, exam=qwe)
[mouse] MOUSE (code=0, x=370, y=255, time=1763084924922, student=qwe, exam=qwe)
[keyboard]   (code=32, x=0, y=0, time=1763084925103, student=qwe, exam=qwe)
[focus] FOCUS_LOST (code=0, x=0, y=0, time=1763084926079, student=qwe, exam=qwe)
[focus] FOCUS_GAINED (code=0, x=0, y=0, time=1763084927486, student=qwe, exam=qwe)
[mouse] MOUSE (code=0, x=511, y=260, time=1763084927521, student=qwe, exam=qwe)
[keyboard]   (code=32, x=0, y=0, time=1763084927971, student=qwe, exam=qwe)
[focus] FOCUS_LOST (code=0, x=0, y=0, time=1763084928514, student=qwe, exam=qwe)
[mouse] MOUSE (code=0, x=142, y=331, time=1763084928516, student=qwe, exam=qwe)
[mouse] MOUSE (code=0, x=142, y=331, time=1763084928593, student=qwe, exam=qwe)
[keyboard] ALT (code=65536, x=0, y=0, time=1763084929439, student=qwe, exam=qwe)
[keyboard] ALT (code=65536, x=0, y=0, time=1763084931398, student=qwe, exam=qwe)
[focus] FOCUS_LOST (code=0, x=0, y=0, time=1763084931939, student=qwe, exam=qwe)
[focus] FOCUS_GAINED (code=0, x=0, y=0, time=1763084933982, student=qwe, exam=qwe)
[keyboard]   (code=32, x=0, y=0, time=1763084935045, student=qwe, exam=qwe)
[keyboard]   (code=32, x=0, y=0, time=1763084935973, student=qwe, exam=qwe)
[keyboard]   (code=32, x=0, y=0, time=1763084936423, student=qwe, exam=qwe)
[keyboard]   (code=32, x=0, y=0, time=1763084936703, student=qwe, exam=qwe)
[keyboard]   (code=32, x=0, y=0, time=1763084937225, student=qwe, exam=qwe)
[keyboard]   (code=32, x=0, y=0, time=1763084937508, student=qwe, exam=qwe)
[keyboard]   (code=32, x=0, y=0, time=1763084937719, student=qwe, exam=qwe)
[keyboard]   (code=32, x=0, y=0, time=1763084937914, student=qwe, exam=qwe)
[keyboard] e (code=101, x=0, y=0, time=1763084938387, student=qwe, exam=qwe)
[keyboard] q (code=113, x=0, y=0, time=1763084938781, student=qwe, exam=qwe)
[keyboard] d (code=100, x=0, y=0, time=1763084938962, student=qwe, exam=qwe)
[keyboard] q (code=113, x=0, y=0, time=1763084939073, student=qwe, exam=qwe)
[keyboard] w (code=119, x=0, y=0, time=1763084939093, student=qwe, exam=qwe)
[keyboard] i (code=105, x=0, y=0, time=1763084939346, student=qwe, exam=qwe)
[keyboard] o (code=111, x=0, y=0, time=1763084939373, student=qwe, exam=qwe)
[keyboard] h (code=104, x=0, y=0, time=1763084939425, student=qwe, exam=qwe)
[keyboard] h (code=104, x=0, y=0, time=1763084939693, student=qwe, exam=qwe)
[keyboard] CTRL (code=262144, x=0, y=0, time=1763084940009, student=qwe, exam=qwe)
[keyboard] CTRL (code=262144, x=0, y=0, time=1763084940843, student=qwe, exam=qwe)
[keyboard] CTRL (code=262144, x=0, y=0, time=1763084941292, student=qwe, exam=qwe)
[keyboard] CTRL (code=262144, x=0, y=0, time=1763084941480, student=qwe, exam=qwe)
[keyboard] CTRL (code=262144, x=0, y=0, time=1763084941660, student=qwe, exam=qwe)
[keyboard] CTRL (code=262144, x=0, y=0, time=1763084941833, student=qwe, exam=qwe)
[focus] FOCUS_LOST (code=0, x=0, y=0, time=1763084942122, student=qwe, exam=qwe)
[focus] FOCUS_GAINED (code=0, x=0, y=0, time=1763084942581, student=qwe, exam=qwe)
[focus] FOCUS_LOST (code=0, x=0, y=0, time=1763084943453, student=qwe, exam=qwe)
[focus] FOCUS_LOST (code=0, x=0, y=0, time=1763084944759, student=qwe, exam=qwe)
[focus] FOCUS_LOST (code=0, x=0, y=0, time=1763084945708, student=qwe, exam=qwe)
[mouse] MOUSE (code=0, x=127, y=241, time=1763084945710, student=qwe, exam=qwe)
[focus] FOCUS_LOST (code=0, x=0, y=0, time=1763084946063, student=qwe, exam=qwe)
[focus] FOCUS_LOST (code=0, x=0, y=0, time=1763084946757, student=qwe, exam=qwe)
[focus] FOCUS_GAINED (code=0, x=0, y=0, time=1763084947455, student=qwe, exam=qwe)
[focus] FOCUS_LOST (code=0, x=0, y=0, time=1763084948101, student=qwe, exam=qwe)
[focus] FOCUS_LOST (code=0, x=0, y=0, time=1763084948601, student=qwe, exam=qwe)
[focus] FOCUS_LOST (code=0, x=0, y=0, time=1763084949028, student=qwe, exam=qwe)
[focus] FOCUS_LOST (code=0, x=0, y=0, time=1763084950094, student=qwe, exam=qwe)
[focus] FOCUS_LOST (code=0, x=0, y=0, time=1763084950479, student=qwe, exam=qwe)
[focus] FOCUS_LOST (code=0, x=0, y=0, time=1763084950726, student=qwe, exam=qwe)
[focus] FOCUS_LOST (code=0, x=0, y=0, time=1763084950934, student=qwe, exam=qwe)
[keyboard] TAB (code=9, x=0, y=0, time=1763084951126, student=qwe, exam=qwe)
[keyboard] TAB (code=9, x=0, y=0, time=1763084951327, student=qwe, exam=qwe)
[keyboard] TAB (code=9, x=0, y=0, time=1763084951516, student=qwe, exam=qwe)
[focus] FOCUS_LOST (code=0, x=0, y=0, time=1763084951709, student=qwe, exam=qwe)
[focus] FOCUS_LOST (code=0, x=0, y=0, time=1763084951872, student=qwe, exam=qwe)
[focus] FOCUS_LOST (code=0, x=0, y=0, time=1763084952057, student=qwe, exam=qwe)
[focus] FOCUS_LOST (code=0, x=0, y=0, time=1763084952239, student=qwe, exam=qwe)
[focus] FOCUS_LOST (code=0, x=0, y=0, time=1763084954130, student=qwe, exam=qwe)
[focus] FOCUS_LOST (code=0, x=0, y=0, time=1763084954490, student=qwe, exam=qwe)
[focus] FOCUS_LOST (code=0, x=0, y=0, time=1763084954690, student=qwe, exam=qwe)
[focus] FOCUS_LOST (code=0, x=0, y=0, time=1763084954868, student=qwe, exam=qwe)
[focus] FOCUS_LOST (code=0, x=0, y=0, time=1763084955047, student=qwe, exam=qwe)
[focus] FOCUS_LOST (code=0, x=0, y=0, time=1763084955214, student=qwe, exam=qwe)
[focus] FOCUS_LOST (code=0, x=0, y=0, time=1763084955721, student=qwe, exam=qwe)
[focus] FOCUS_GAINED (code=0, x=0, y=0, time=1763084955840, student=qwe, exam=qwe)
[focus] FOCUS_GAINED (code=0, x=0, y=0, time=1763084955957, student=qwe, exam=qwe)
[focus] FOCUS_LOST (code=0, x=0, y=0, time=1763084956113, student=qwe, exam=qwe)
[focus] FOCUS_LOST (code=0, x=0, y=0, time=1763084956242, student=qwe, exam=qwe)
[focus] FOCUS_LOST (code=0, x=0, y=0, time=1763084956367, student=qwe, exam=qwe)
[keyboard] TAB (code=9, x=0, y=0, time=1763084956443, student=qwe, exam=qwe)
[keyboard] TAB (code=9, x=0, y=0, time=1763084956516, student=qwe, exam=qwe)
[keyboard] TAB (code=9, x=0, y=0, time=1763084956525, student=qwe, exam=qwe)
[focus] FOCUS_LOST (code=0, x=0, y=0, time=1763084956597, student=qwe, exam=qwe)
[focus] FOCUS_LOST (code=0, x=0, y=0, time=1763084956698, student=qwe, exam=qwe)
[focus] FOCUS_LOST (code=0, x=0, y=0, time=1763084956800, student=qwe, exam=qwe)
[focus] FOCUS_LOST (code=0, x=0, y=0, time=1763084956909, student=qwe, exam=qwe)
[focus] FOCUS_LOST (code=0, x=0, y=0, time=1763084957034, student=qwe, exam=qwe)
[focus] FOCUS_LOST (code=0, x=0, y=0, time=1763084959029, student=qwe, exam=qwe)
[focus] FOCUS_GAINED (code=0, x=0, y=0, time=1763084959535, student=qwe, exam=qwe)
[focus] FOCUS_LOST (code=0, x=0, y=0, time=1763084959659, student=qwe, exam=qwe)
[focus] FOCUS_LOST (code=0, x=0, y=0, time=1763084959797, student=qwe, exam=qwe)
[focus] FOCUS_LOST (code=0, x=0, y=0, time=1763084959903, student=qwe, exam=qwe)
[focus] FOCUS_LOST (code=0, x=0, y=0, time=1763084960009, student=qwe, exam=qwe)
[keyboard] TAB (code=9, x=0, y=0, time=1763084960115, student=qwe, exam=qwe)
[keyboard] TAB (code=9, x=0, y=0, time=1763084960194, student=qwe, exam=qwe)
[keyboard] TAB (code=9, x=0, y=0, time=1763084960211, student=qwe, exam=qwe)
[focus] FOCUS_LOST (code=0, x=0, y=0, time=1763084960240, student=qwe, exam=qwe)
[focus] FOCUS_LOST (code=0, x=0, y=0, time=1763084960399, student=qwe, exam=qwe)
[focus] FOCUS_LOST (code=0, x=0, y=0, time=1763084960510, student=qwe, exam=qwe)
[focus] FOCUS_LOST (code=0, x=0, y=0, time=1763084960987, student=qwe, exam=qwe)
[focus] FOCUS_LOST (code=0, x=0, y=0, time=1763084961237, student=qwe, exam=qwe)
[focus] FOCUS_LOST (code=0, x=0, y=0, time=1763084961589, student=qwe, exam=qwe)
[focus] FOCUS_GAINED (code=0, x=0, y=0, time=1763084962572, student=qwe, exam=qwe)
[focus] FOCUS_LOST (code=0, x=0, y=0, time=1763084963077, student=qwe, exam=qwe)
[focus] FOCUS_GAINED (code=0, x=0, y=0, time=1763084963344, student=qwe, exam=qwe)
[focus] FOCUS_LOST (code=0, x=0, y=0, time=1763084963738, student=qwe, exam=qwe)
[focus] FOCUS_LOST (code=0, x=0, y=0, time=1763084964099, student=qwe, exam=qwe)
[focus] FOCUS_GAINED (code=0, x=0, y=0, time=1763084964338, student=qwe, exam=qwe)
[focus] FOCUS_LOST (code=0, x=0, y=0, time=1763084964540, student=qwe, exam=qwe)
[focus] FOCUS_LOST (code=0, x=0, y=0, time=1763084964725, student=qwe, exam=qwe)
[focus] FOCUS_LOST (code=0, x=0, y=0, time=1763084964923, student=qwe, exam=qwe)
[focus] FOCUS_LOST (code=0, x=0, y=0, time=1763084965106, student=qwe, exam=qwe)
[focus] FOCUS_GAINED (code=0, x=0, y=0, time=1763084965279, student=qwe, exam=qwe)
[focus] FOCUS_LOST (code=0, x=0, y=0, time=1763084965465, student=qwe, exam=qwe)
[focus] FOCUS_LOST (code=0, x=0, y=0, time=1763084965653, student=qwe, exam=qwe)
[focus] FOCUS_LOST (code=0, x=0, y=0, time=1763084965807, student=qwe, exam=qwe)
[focus] FOCUS_LOST (code=0, x=0, y=0, time=1763084965978, student=qwe, exam=qwe)
[focus] FOCUS_LOST (code=0, x=0, y=0, time=1763084966152, student=qwe, exam=qwe)
[focus] FOCUS_LOST (code=0, x=0, y=0, time=1763084966330, student=qwe, exam=qwe)
[focus] FOCUS_LOST (code=0, x=0, y=0, time=1763084966550, student=qwe, exam=qwe)
[keyboard] TAB (code=9, x=0, y=0, time=1763084966662, student=qwe, exam=qwe)
[keyboard] TAB (code=9, x=0, y=0, time=1763084966855, student=qwe, exam=qwe)
[keyboard] TAB (code=9, x=0, y=0, time=1763084967044, student=qwe, exam=qwe)
[focus] FOCUS_LOST (code=0, x=0, y=0, time=1763084967240, student=qwe, exam=qwe)
[focus] FOCUS_LOST (code=0, x=0, y=0, time=1763084967632, student=qwe, exam=qwe)
[focus] FOCUS_LOST (code=0, x=0, y=0, time=1763084967888, student=qwe, exam=qwe)
[focus] FOCUS_LOST (code=0, x=0, y=0, time=1763084968407, student=qwe, exam=qwe)
[focus] FOCUS_LOST (code=0, x=0, y=0, time=1763084970180, student=qwe, exam=qwe)
[focus] FOCUS_LOST (code=0, x=0, y=0, time=1763084970611, student=qwe, exam=qwe)
[focus] FOCUS_LOST (code=0, x=0, y=0, time=1763084971023, student=qwe, exam=qwe)
[focus] FOCUS_LOST (code=0, x=0, y=0, time=1763084971439, student=qwe, exam=qwe)
[focus] FOCUS_LOST (code=0, x=0, y=0, time=1763084971806, student=qwe, exam=qwe)
[focus] FOCUS_LOST (code=0, x=0, y=0, time=1763084972160, student=qwe, exam=qwe)
[focus] FOCUS_LOST (code=0, x=0, y=0, time=1763084972476, student=qwe, exam=qwe)
[focus] FOCUS_LOST (code=0, x=0, y=0, time=1763084972806, student=qwe, exam=qwe)
[focus] FOCUS_GAINED (code=0, x=0, y=0, time=1763084973114, student=qwe, exam=qwe)
[focus] FOCUS_LOST (code=0, x=0, y=0, time=1763084973385, student=qwe, exam=qwe)
[focus] FOCUS_GAINED (code=0, x=0, y=0, time=1763084973661, student=qwe, exam=qwe)
[focus] FOCUS_LOST (code=0, x=0, y=0, time=1763084977758, student=qwe, exam=qwe)
[focus] FOCUS_LOST (code=0, x=0, y=0, time=1763084977975, student=qwe, exam=qwe)
[focus] FOCUS_GAINED (code=0, x=0, y=0, time=1763084978200, student=qwe, exam=qwe)
[focus] FOCUS_LOST (code=0, x=0, y=0, time=1763084978400, student=qwe, exam=qwe)
[focus] FOCUS_LOST (code=0, x=0, y=0, time=1763084978592, student=qwe, exam=qwe)
[focus] FOCUS_LOST (code=0, x=0, y=0, time=1763084978763, student=qwe, exam=qwe)
[focus] FOCUS_LOST (code=0, x=0, y=0, time=1763084978937, student=qwe, exam=qwe)
[focus] FOCUS_GAINED (code=0, x=0, y=0, time=1763084979150, student=qwe, exam=qwe)
[focus] FOCUS_LOST (code=0, x=0, y=0, time=1763084979298, student=qwe, exam=qwe)
[focus] FOCUS_LOST (code=0, x=0, y=0, time=1763084979460, student=qwe, exam=qwe)
[focus] FOCUS_LOST (code=0, x=0, y=0, time=1763084979641, student=qwe, exam=qwe)
[focus] FOCUS_LOST (code=0, x=0, y=0, time=1763084980151, student=qwe, exam=qwe)
[focus] FOCUS_LOST (code=0, x=0, y=0, time=1763084980261, student=qwe, exam=qwe)
[keyboard] TAB (code=9, x=0, y=0, time=1763084980309, student=qwe, exam=qwe)
[keyboard] TAB (code=9, x=0, y=0, time=1763084980338, student=qwe, exam=qwe)
[keyboard] TAB (code=9, x=0, y=0, time=1763084980369, student=qwe, exam=qwe)
[focus] FOCUS_LOST (code=0, x=0, y=0, time=1763084980462, student=qwe, exam=qwe)
[focus] FOCUS_LOST (code=0, x=0, y=0, time=1763084980572, student=qwe, exam=qwe)
[focus] FOCUS_LOST (code=0, x=0, y=0, time=1763084980696, student=qwe, exam=qwe)
[focus] FOCUS_GAINED (code=0, x=0, y=0, time=1763084980819, student=qwe, exam=qwe)
[focus] FOCUS_LOST (code=0, x=0, y=0, time=1763084980929, student=qwe, exam=qwe)
[focus] FOCUS_LOST (code=0, x=0, y=0, time=1763084981030, student=qwe, exam=qwe)
[focus] FOCUS_LOST (code=0, x=0, y=0, time=1763084981158, student=qwe, exam=qwe)
[focus] FOCUS_LOST (code=0, x=0, y=0, time=1763084981288, student=qwe, exam=qwe)
[focus] FOCUS_GAINED (code=0, x=0, y=0, time=1763084981396, student=qwe, exam=qwe)
[focus] FOCUS_LOST (code=0, x=0, y=0, time=1763084981511, student=qwe, exam=qwe)
[focus] FOCUS_LOST (code=0, x=0, y=0, time=1763084981623, student=qwe, exam=qwe)
[keyboard] TAB (code=9, x=0, y=0, time=1763084981676, student=qwe, exam=qwe)
[keyboard] TAB (code=9, x=0, y=0, time=1763084981708, student=qwe, exam=qwe)
[keyboard] TAB (code=9, x=0, y=0, time=1763084981742, student=qwe, exam=qwe)
[focus] FOCUS_LOST (code=0, x=0, y=0, time=1763084981848, student=qwe, exam=qwe)
[focus] FOCUS_LOST (code=0, x=0, y=0, time=1763084981976, student=qwe, exam=qwe)
[focus] FOCUS_LOST (code=0, x=0, y=0, time=1763084982078, student=qwe, exam=qwe)
[mouse] MOUSE (code=0, x=140, y=235, time=1763084982167, student=qwe, exam=qwe)
[mouse] MOUSE (code=0, x=228, y=215, time=1763084982574, student=qwe, exam=qwe)
[mouse] MOUSE (code=0, x=228, y=215, time=1763084982614, student=qwe, exam=qwe)
[mouse] MOUSE (code=0, x=238, y=190, time=1763084983156, student=qwe, exam=qwe)
[mouse] MOUSE (code=0, x=241, y=172, time=1763084983269, student=qwe, exam=qwe)
[mouse] MOUSE (code=0, x=241, y=172, time=1763084983804, student=qwe, exam=qwe)
[mouse] MOUSE (code=0, x=241, y=172, time=1763084983844, student=qwe, exam=qwe)
[mouse] MOUSE (code=0, x=277, y=117, time=1763084984443, student=qwe, exam=qwe)
[mouse] MOUSE (code=0, x=277, y=117, time=1763084984474, student=qwe, exam=qwe)
[focus] FOCUS_GAINED (code=0, x=0, y=0, time=1763084984863, student=qwe, exam=qwe)
[mouse] MOUSE (code=0, x=64, y=68, time=1763084984866, student=qwe, exam=qwe)
[mouse] MOUSE (code=0, x=64, y=68, time=1763084984911, student=qwe, exam=qwe)
[focus] FOCUS_LOST (code=0, x=0, y=0, time=1763084985229, student=qwe, exam=qwe)
[mouse] MOUSE (code=0, x=576, y=271, time=1763084985231, student=qwe, exam=qwe)
[mouse] MOUSE (code=0, x=576, y=271, time=1763084985265, student=qwe, exam=qwe)
[focus] FOCUS_GAINED (code=0, x=0, y=0, time=1763084985586, student=qwe, exam=qwe)
[mouse] MOUSE (code=0, x=2, y=11, time=1763084985592, student=qwe, exam=qwe)
[mouse] MOUSE (code=0, x=2, y=11, time=1763084985611, student=qwe, exam=qwe)
[focus] FOCUS_LOST (code=0, x=0, y=0, time=1763084985858, student=qwe, exam=qwe)
[mouse] MOUSE (code=0, x=18, y=4, time=1763084985860, student=qwe, exam=qwe)
[focus] FOCUS_LOST (code=0, x=0, y=0, time=1763084986047, student=qwe, exam=qwe)
[mouse] MOUSE (code=0, x=20, y=5, time=1763084986054, student=qwe, exam=qwe)
[focus] FOCUS_LOST (code=0, x=0, y=0, time=1763084986153, student=qwe, exam=qwe)
[mouse] MOUSE (code=0, x=20, y=6, time=1763084986155, student=qwe, exam=qwe)
[mouse] MOUSE (code=0, x=20, y=6, time=1763084986240, student=qwe, exam=qwe)
[focus] FOCUS_LOST (code=0, x=0, y=0, time=1763084986364, student=qwe, exam=qwe)
[mouse] MOUSE (code=0, x=22, y=14, time=1763084986366, student=qwe, exam=qwe)
[mouse] MOUSE (code=0, x=23, y=13, time=1763084986417, student=qwe, exam=qwe)
[mouse] MOUSE (code=0, x=23, y=13, time=1763084986546, student=qwe, exam=qwe)
[mouse] MOUSE (code=0, x=23, y=13, time=1763084986613, student=qwe, exam=qwe)
[focus] FOCUS_LOST (code=0, x=0, y=0, time=1763084986788, student=qwe, exam=qwe)
[mouse] MOUSE (code=0, x=25, y=11, time=1763084986792, student=qwe, exam=qwe)
[mouse] MOUSE (code=0, x=25, y=11, time=1763084986794, student=qwe, exam=qwe)
[mouse] MOUSE (code=0, x=26, y=11, time=1763084986925, student=qwe, exam=qwe)
[keyboard] CAPS_LOCK (code=16777298, x=0, y=0, time=1763084987703, student=qwe, exam=qwe)
[keyboard] A (code=97, x=0, y=0, time=1763084988041, student=qwe, exam=qwe)
[keyboard] J (code=106, x=0, y=0, time=1763084988361, student=qwe, exam=qwe)
[keyboard] S (code=115, x=0, y=0, time=1763084988606, student=qwe, exam=qwe)
[keyboard] D (code=100, x=0, y=0, time=1763084988717, student=qwe, exam=qwe)
[keyboard] A (code=97, x=0, y=0, time=1763084989239, student=qwe, exam=qwe)
[keyboard] B (code=98, x=0, y=0, time=1763084989359, student=qwe, exam=qwe)
[keyboard] A (code=97, x=0, y=0, time=1763084989457, student=qwe, exam=qwe)
[keyboard] C (code=99, x=0, y=0, time=1763084989711, student=qwe, exam=qwe)
[keyboard] A (code=97, x=0, y=0, time=1763084989824, student=qwe, exam=qwe)
[keyboard] X (code=120, x=0, y=0, time=1763084990043, student=qwe, exam=qwe)
[keyboard] A (code=97, x=0, y=0, time=1763084990121, student=qwe, exam=qwe)
[keyboard] A (code=97, x=0, y=0, time=1763084990544, student=qwe, exam=qwe)
[keyboard] B (code=98, x=0, y=0, time=1763084990844, student=qwe, exam=qwe)
[keyboard] A (code=97, x=0, y=0, time=1763084991007, student=qwe, exam=qwe)
[keyboard] C (code=99, x=0, y=0, time=1763084991238, student=qwe, exam=qwe)
[keyboard] A (code=97, x=0, y=0, time=1763084991331, student=qwe, exam=qwe)
[keyboard] X (code=120, x=0, y=0, time=1763084991617, student=qwe, exam=qwe)
[keyboard] I (code=105, x=0, y=0, time=1763084991773, student=qwe, exam=qwe)
[keyboard] T (code=116, x=0, y=0, time=1763084992617, student=qwe, exam=qwe)
[keyboard] A (code=97, x=0, y=0, time=1763084992738, student=qwe, exam=qwe)
[keyboard] L (code=108, x=0, y=0, time=1763084993031, student=qwe, exam=qwe)
[keyboard] O (code=111, x=0, y=0, time=1763084993235, student=qwe, exam=qwe)
[keyboard] C (code=99, x=0, y=0, time=1763084993339, student=qwe, exam=qwe)
[keyboard] O (code=111, x=0, y=0, time=1763084993425, student=qwe, exam=qwe)
[keyboard] M (code=109, x=0, y=0, time=1763084993674, student=qwe, exam=qwe)
[keyboard] E (code=101, x=0, y=0, time=1763084993828, student=qwe, exam=qwe)
[keyboard] N (code=110, x=0, y=0, time=1763084993980, student=qwe, exam=qwe)
[keyboard] O (code=111, x=0, y=0, time=1763084994058, student=qwe, exam=qwe)
[keyboard] R (code=114, x=0, y=0, time=1763084994128, student=qwe, exam=qwe)
[keyboard] S (code=115, x=0, y=0, time=1763084997244, student=qwe, exam=qwe)
[keyboard] A (code=97, x=0, y=0, time=1763084997343, student=qwe, exam=qwe)
[keyboard] I (code=105, x=0, y=0, time=1763084997373, student=qwe, exam=qwe)
[keyboard] F (code=102, x=0, y=0, time=1763084997687, student=qwe, exam=qwe)
[keyboard] O (code=111, x=0, y=0, time=1763084997755, student=qwe, exam=qwe)
[keyboard] R (code=114, x=0, y=0, time=1763084997914, student=qwe, exam=qwe)
[keyboard] A (code=97, x=0, y=0, time=1763084997943, student=qwe, exam=qwe)
[keyboard] D (code=100, x=0, y=0, time=1763084998263, student=qwe, exam=qwe)
[keyboard] A (code=97, x=0, y=0, time=1763084998332, student=qwe, exam=qwe)
[keyboard] Q (code=113, x=0, y=0, time=1763084998520, student=qwe, exam=qwe)
[keyboard] U (code=117, x=0, y=0, time=1763084998570, student=qwe, exam=qwe)
[keyboard] I (code=105, x=0, y=0, time=1763084998712, student=qwe, exam=qwe)
[keyboard] W (code=119, x=0, y=0, time=1763085002245, student=qwe, exam=qwe)
[keyboard] Í (code=105, x=0, y=0, time=1763085002340, student=qwe, exam=qwe)
[keyboard] H (code=104, x=0, y=0, time=1763085002352, student=qwe, exam=qwe)
[keyboard] Q (code=113, x=0, y=0, time=1763085002392, student=qwe, exam=qwe)
[keyboard] E (code=101, x=0, y=0, time=1763085002403, student=qwe, exam=qwe)
[keyboard] A (code=97, x=0, y=0, time=1763085002460, student=qwe, exam=qwe)
[keyboard] D (code=100, x=0, y=0, time=1763085002548, student=qwe, exam=qwe)
[keyboard] V (code=118, x=0, y=0, time=1763085002600, student=qwe, exam=qwe)
[keyboard] M (code=109, x=0, y=0, time=1763085002641, student=qwe, exam=qwe)
[keyboard] Ç (code=231, x=0, y=0, time=1763085002693, student=qwe, exam=qwe)
[keyboard] L (code=108, x=0, y=0, time=1763085002688, student=qwe, exam=qwe)
[keyboard] J (code=106, x=0, y=0, time=1763085002945, student=qwe, exam=qwe)
[keyboard] O (code=111, x=0, y=0, time=1763085002956, student=qwe, exam=qwe)
[keyboard] W (code=119, x=0, y=0, time=1763085002968, student=qwe, exam=qwe)
[keyboard] V (code=118, x=0, y=0, time=1763085003060, student=qwe, exam=qwe)
[keyboard] A (code=97, x=0, y=0, time=1763085003127, student=qwe, exam=qwe)
[keyboard] D (code=100, x=0, y=0, time=1763085003161, student=qwe, exam=qwe)
[keyboard] K (code=107, x=0, y=0, time=1763085003194, student=qwe, exam=qwe)
[keyboard] L (code=108, x=0, y=0, time=1763085003206, student=qwe, exam=qwe)
[keyboard] V (code=118, x=0, y=0, time=1763085003217, student=qwe, exam=qwe)
[keyboard] M (code=109, x=0, y=0, time=1763085003224, student=qwe, exam=qwe)
[keyboard] S (code=115, x=0, y=0, time=1763085003228, student=qwe, exam=qwe)
[keyboard]   (code=32, x=0, y=0, time=1763085003234, student=qwe, exam=qwe)
[focus] FOCUS_LOST (code=0, x=0, y=0, time=1763085003520, student=qwe, exam=qwe)
[keyboard] , (code=44, x=0, y=0, time=1763085003611, student=qwe, exam=qwe)
[keyboard] X (code=120, x=0, y=0, time=1763085003593, student=qwe, exam=qwe)
[keyboard]   (code=32, x=0, y=0, time=1763085003747, student=qwe, exam=qwe)
[keyboard]   (code=32, x=0, y=0, time=1763085003790, student=qwe, exam=qwe)
[keyboard]   (code=32, x=0, y=0, time=1763085004302, student=qwe, exam=qwe)
[keyboard]   (code=32, x=0, y=0, time=1763085005795, student=qwe, exam=qwe)
[keyboard]   (code=32, x=0, y=0, time=1763085006883, student=qwe, exam=qwe)
[keyboard]   (code=32, x=0, y=0, time=1763085007234, student=qwe, exam=qwe)
[keyboard]   (code=32, x=0, y=0, time=1763085007607, student=qwe, exam=qwe)
[keyboard]   (code=32, x=0, y=0, time=1763085007942, student=qwe, exam=qwe)
[keyboard]   (code=32, x=0, y=0, time=1763085008308, student=qwe, exam=qwe)
[keyboard]   (code=32, x=0, y=0, time=1763085008640, student=qwe, exam=qwe)
[keyboard]   (code=32, x=0, y=0, time=1763085008962, student=qwe, exam=qwe)
[keyboard]   (code=32, x=0, y=0, time=1763085009308, student=qwe, exam=qwe)
[keyboard]   (code=32, x=0, y=0, time=1763085011883, student=qwe, exam=qwe)
[keyboard]   (code=32, x=0, y=0, time=1763085012137, student=qwe, exam=qwe)
[focus] FOCUS_LOST (code=0, x=0, y=0, time=1763085013460, student=qwe, exam=qwe)
[focus] FOCUS_GAINED (code=0, x=0, y=0, time=1763085013610, student=qwe, exam=qwe)
[keyboard] ESC (code=27, x=0, y=0, time=1763085013892, student=qwe, exam=qwe)
[keyboard] ESC (code=27, x=0, y=0, time=1763085014139, student=qwe, exam=qwe)
[keyboard] ESC (code=27, x=0, y=0, time=1763085014323, student=qwe, exam=qwe)
[focus] FOCUS_LOST (code=0, x=0, y=0, time=1763085014473, student=qwe, exam=qwe)
[mouse] MOUSE (code=0, x=35, y=8, time=1763085014479, student=qwe, exam=qwe)
[keyboard] ESC (code=27, x=0, y=0, time=1763085014625, student=qwe, exam=qwe)
[focus] FOCUS_LOST (code=0, x=0, y=0, time=1763085014760, student=qwe, exam=qwe)
[mouse] MOUSE (code=0, x=206, y=40, time=1763085014763, student=qwe, exam=qwe)
[keyboard] ESC (code=27, x=0, y=0, time=1763085014951, student=qwe, exam=qwe)
[mouse] MOUSE (code=0, x=206, y=40, time=1763085015044, student=qwe, exam=qwe)
[keyboard] ESC (code=27, x=0, y=0, time=1763085015179, student=qwe, exam=qwe)
[focus] FOCUS_GAINED (code=0, x=0, y=0, time=1763085015348, student=qwe, exam=qwe)
[mouse] MOUSE (code=0, x=158, y=7, time=1763085015351, student=qwe, exam=qwe)
[keyboard] ESC (code=27, x=0, y=0, time=1763085015471, student=qwe, exam=qwe)
[focus] FOCUS_LOST (code=0, x=0, y=0, time=1763085015622, student=qwe, exam=qwe)
[mouse] MOUSE (code=0, x=64, y=2, time=1763085015626, student=qwe, exam=qwe)
[keyboard] ESC (code=27, x=0, y=0, time=1763085015761, student=qwe, exam=qwe)
[focus] FOCUS_LOST (code=0, x=0, y=0, time=1763085015901, student=qwe, exam=qwe)
[mouse] MOUSE (code=0, x=53, y=9, time=1763085015906, student=qwe, exam=qwe)
[focus] FOCUS_LOST (code=0, x=0, y=0, time=1763085018885, student=qwe, exam=qwe)
[focus] FOCUS_GAINED (code=0, x=0, y=0, time=1763085022844, student=qwe, exam=qwe)
[focus] FOCUS_LOST (code=0, x=0, y=0, time=1763085023985, student=qwe, exam=qwe)
[focus] FOCUS_GAINED (code=0, x=0, y=0, time=1763085070976, student=qwe, exam=qwe)
[mouse] MOUSE (code=0, x=541, y=167, time=1763085071101, student=qwe, exam=qwe)
[keyboard] Q (code=113, x=0, y=0, time=1763085072538, student=qwe, exam=qwe)
[keyboard] W (code=119, x=0, y=0, time=1763085072894, student=qwe, exam=qwe)
[keyboard] E (code=101, x=0, y=0, time=1763085073155, student=qwe, exam=qwe)
[focus] FOCUS_LOST (code=0, x=0, y=0, time=1763085073302, student=qwe, exam=qwe)
[mouse] MOUSE (code=0, x=493, y=180, time=1763085073310, student=qwe, exam=qwe)
[keyboard] A (code=97, x=0, y=0, time=1763085073682, student=qwe, exam=qwe)
[mouse] MOUSE (code=0, x=493, y=180, time=1763085076196, student=qwe, exam=qwe)
[mouse] MOUSE (code=0, x=493, y=180, time=1763085076660, student=qwe, exam=qwe)
[keyboard] S (code=115, x=0, y=0, time=1763085076875, student=qwe, exam=qwe)
[keyboard] A (code=97, x=0, y=0, time=1763085076870, student=qwe, exam=qwe)
[keyboard] F (code=102, x=0, y=0, time=1763085077077, student=qwe, exam=qwe)
[keyboard] Q (code=113, x=0, y=0, time=1763085077196, student=qwe, exam=qwe)
[mouse] MOUSE (code=0, x=493, y=180, time=1763085077637, student=qwe, exam=qwe)
[keyboard] W (code=119, x=0, y=0, time=1763085077895, student=qwe, exam=qwe)
[keyboard] W (code=119, x=0, y=0, time=1763085077927, student=qwe, exam=qwe)
[keyboard] E (code=101, x=0, y=0, time=1763085078072, student=qwe, exam=qwe)
[keyboard] Q (code=113, x=0, y=0, time=1763085078095, student=qwe, exam=qwe)
[mouse] MOUSE (code=0, x=493, y=180, time=1763085078431, student=qwe, exam=qwe)
[keyboard] Q (code=113, x=0, y=0, time=1763085078515, student=qwe, exam=qwe)
[keyboard] W (code=119, x=0, y=0, time=1763085078541, student=qwe, exam=qwe)
[focus] FOCUS_LOST (code=0, x=0, y=0, time=1763085079858, student=qwe, exam=qwe)
[focus] FOCUS_GAINED (code=0, x=0, y=0, time=1763085081465, student=qwe, exam=qwe)
[mouse] MOUSE (code=0, x=435, y=129, time=1763085081576, student=qwe, exam=qwe)
[focus] FOCUS_LOST (code=0, x=0, y=0, time=1763085084242, student=qwe, exam=qwe)
[mouse] MOUSE (code=0, x=435, y=129, time=1763085084244, student=qwe, exam=qwe)
[mouse] MOUSE (code=0, x=435, y=129, time=1763085085648, student=qwe, exam=qwe)
[focus] FOCUS_LOST (code=0, x=0, y=0, time=1763085090856, student=qwe, exam=qwe)
[focus] FOCUS_GAINED (code=0, x=0, y=0, time=1763085092482, student=qwe, exam=qwe)
[mouse] MOUSE (code=0, x=62, y=12, time=1763085092611, student=qwe, exam=qwe)
[focus] FOCUS_LOST (code=0, x=0, y=0, time=1763085093615, student=qwe, exam=qwe)
[mouse] MOUSE (code=0, x=62, y=12, time=1763085093617, student=qwe, exam=qwe)
[focus] FOCUS_LOST (code=0, x=0, y=0, time=1763085098301, student=qwe, exam=qwe)
[focus] FOCUS_GAINED (code=0, x=0, y=0, time=1763085357788, student=qwe, exam=qwe)
[keyboard] ALT (code=65536, x=0, y=0, time=1763085358375, student=qwe, exam=qwe)
[focus] FOCUS_LOST (code=0, x=0, y=0, time=1763085358452, student=qwe, exam=qwe)
[focus] FOCUS_GAINED (code=0, x=0, y=0, time=1763085456203, student=qwe, exam=qwe)
[focus] FOCUS_GAINED (code=0, x=0, y=0, time=1763085456757, student=qwe, exam=qwe)
[focus] FOCUS_GAINED (code=0, x=0, y=0, time=1763085457160, student=qwe, exam=qwe)
